nohup: ignoring input
Namespace(add_edge_rate_1=0, add_edge_rate_2=0, attack='random', base_model='GCN', cl_activation='relu', cl_base_model='GCNConv', cl_lr=0.0005, cl_num_epochs=200, cl_num_layers=2, cl_num_proj_hidden=128, cl_weight_decay=1e-05, clf_weight=1, config='config.yaml', cont_batch_size=0, cont_weight=1, cuda=True, dataset='Citeseer', debug=True, device_id=0, drop_edge_rate_1=0.2, drop_edge_rate_2=0, drop_feat_rate_1=0.3, drop_feat_rate_2=0.2, dropout=0.5, encoder_model='Grace', hidden=128, if_smoothed=True, inv_weight=1, no_cuda=False, noisy_level=0.3, num_hidden=128, num_proj_hidden=128, prob=0.8, seed=10, select_target_ratio=0.1, tau=0.1, test_model='GCN', train_lr=0.01, weight_decay=0.0005)
Not implement Grace
=== training gcn model ===
Epoch 0, training loss: 8.80382251739502
Epoch 10, training loss: 8.80239486694336
Epoch 20, training loss: 8.795502662658691
Epoch 30, training loss: 8.432125091552734
Epoch 40, training loss: 7.564711570739746
Epoch 50, training loss: 7.1024489402771
Epoch 60, training loss: 6.909902095794678
Epoch 70, training loss: 6.734261989593506
Epoch 80, training loss: 6.635875225067139
Epoch 90, training loss: 6.548002243041992
Epoch 100, training loss: 6.423003196716309
Epoch 110, training loss: 6.355412483215332
Epoch 120, training loss: 6.308441162109375
Epoch 130, training loss: 6.26439094543457
Epoch 140, training loss: 6.236693859100342
Epoch 150, training loss: 6.233968734741211
Epoch 160, training loss: 6.144635200500488
Epoch 170, training loss: 6.082901477813721
Epoch 180, training loss: 6.072531700134277
Epoch 190, training loss: 6.013571739196777
random
Perturbation Size:1
1
run_robust_acc.py:14: DeprecationWarning: the imp module is deprecated in favour of importlib; see the module's documentation for alternative uses
  import imp
Accuracy: 0.665
Perturbation Size:2
2
Accuracy: 0.665
Perturbation Size:3
3
Accuracy: 0.665
Perturbation Size:4
4
Accuracy: 0.665
Perturbation Size:5
5
Accuracy: 0.665
