nohup: ignoring input
run_smooth_node.py:14: DeprecationWarning: the imp module is deprecated in favour of importlib; see the module's documentation for alternative uses
  import imp
Namespace(add_edge_rate_1=0, add_edge_rate_2=0, attack='random', base_model='GCN', cl_activation='relu', cl_base_model='GCNConv', cl_lr=0.0005, cl_num_epochs=200, cl_num_layers=2, cl_num_proj_hidden=128, cl_weight_decay=1e-05, clf_weight=1, config='config.yaml', cont_batch_size=0, cont_weight=1, cuda=True, dataset='Citeseer', debug=True, device_id=2, drop_edge_rate_1=0.2, drop_edge_rate_2=0, drop_feat_rate_1=0.3, drop_feat_rate_2=0.2, dropout=0.5, encoder_model='Grace', hidden=128, if_smoothed=True, inv_weight=1, no_cuda=False, noisy_level=0.3, num_hidden=128, num_proj_hidden=128, num_repeat=5, num_sample=20, prob=0.8, seed=10, select_target_ratio=0.1, tau=0.1, test_model='GCN', train_lr=0.01, weight_decay=0.0005)
beta 0.1
seed 265
=== training gcn model ===
Epoch 0, training loss: 8.80273723602295
Epoch 10, training loss: 8.79848861694336
Epoch 20, training loss: 8.701519966125488
Epoch 30, training loss: 7.905055999755859
Epoch 40, training loss: 7.275309085845947
Epoch 50, training loss: 6.866490840911865
Epoch 60, training loss: 6.665577411651611
Epoch 70, training loss: 6.504467964172363
Epoch 80, training loss: 6.3273444175720215
Epoch 90, training loss: 6.230749607086182
Epoch 100, training loss: 6.165314197540283
Epoch 110, training loss: 6.086216926574707
Epoch 120, training loss: 5.923186779022217
Epoch 130, training loss: 5.868236064910889
Epoch 140, training loss: 5.817617416381836
Epoch 150, training loss: 5.795559406280518
Epoch 160, training loss: 5.74347448348999
Epoch 170, training loss: 5.613095760345459
Epoch 180, training loss: 5.565188407897949
Epoch 190, training loss: 5.537411689758301
random
Accuracy: 0.625
Accuracy: 0.631
Accuracy: 0.616
Accuracy: 0.589
Accuracy: 0.598
Accuracy: 0.56
Accuracy: 0.571
Accuracy: 0.59
Accuracy: 0.588
Accuracy: 0.571
Accuracy: 0.565
Accuracy: 0.57
Accuracy: 0.575
Accuracy: 0.571
Accuracy: 0.568
Accuracy: 0.565
Accuracy: 0.559
Accuracy: 0.549
Accuracy: 0.551
Accuracy: 0.549
Accuracy: 0.557
seed 125
=== training gcn model ===
Epoch 0, training loss: 8.802717208862305
Epoch 10, training loss: 8.79643440246582
Epoch 20, training loss: 8.603597640991211
Epoch 30, training loss: 7.864402770996094
Epoch 40, training loss: 7.375103950500488
Epoch 50, training loss: 6.9834442138671875
Epoch 60, training loss: 6.770834445953369
Epoch 70, training loss: 6.619860649108887
Epoch 80, training loss: 6.408690929412842
Epoch 90, training loss: 6.3055100440979
Epoch 100, training loss: 6.185324668884277
Epoch 110, training loss: 6.001521587371826
Epoch 120, training loss: 5.9935736656188965
Epoch 130, training loss: 5.895626068115234
Epoch 140, training loss: 5.842750549316406
Epoch 150, training loss: 5.725953102111816
Epoch 160, training loss: 5.700303077697754
Epoch 170, training loss: 5.605118751525879
Epoch 180, training loss: 5.559037685394287
Epoch 190, training loss: 5.547958850860596
random
Accuracy: 0.607
Accuracy: 0.603
Accuracy: 0.595
Accuracy: 0.606
Accuracy: 0.61
Accuracy: 0.605
Accuracy: 0.599
Accuracy: 0.594
Accuracy: 0.596
Accuracy: 0.601
Accuracy: 0.597
Accuracy: 0.592
Accuracy: 0.577
Accuracy: 0.576
Accuracy: 0.579
Accuracy: 0.581
Accuracy: 0.554
Accuracy: 0.527
Accuracy: 0.537
Accuracy: 0.54
Accuracy: 0.53
seed 996
=== training gcn model ===
Epoch 0, training loss: 8.802730560302734
Epoch 10, training loss: 8.797451972961426
Epoch 20, training loss: 8.592072486877441
Epoch 30, training loss: 8.118407249450684
Epoch 40, training loss: 7.6400370597839355
Epoch 50, training loss: 7.191555500030518
Epoch 60, training loss: 6.812589168548584
Epoch 70, training loss: 6.633723258972168
Epoch 80, training loss: 6.440001010894775
Epoch 90, training loss: 6.369689464569092
Epoch 100, training loss: 6.292334079742432
Epoch 110, training loss: 6.095579147338867
Epoch 120, training loss: 6.02413272857666
Epoch 130, training loss: 5.992514610290527
Epoch 140, training loss: 5.927436351776123
Epoch 150, training loss: 5.815868377685547
Epoch 160, training loss: 5.800906181335449
Epoch 170, training loss: 5.685932636260986
Epoch 180, training loss: 5.67155122756958
Epoch 190, training loss: 5.617512226104736
random
Accuracy: 0.603
Accuracy: 0.611
Accuracy: 0.601
Accuracy: 0.603
Accuracy: 0.599
Accuracy: 0.6
Accuracy: 0.586
Accuracy: 0.577
Accuracy: 0.567
Accuracy: 0.555
Accuracy: 0.561
Accuracy: 0.561
Accuracy: 0.562
Accuracy: 0.563
Accuracy: 0.554
Accuracy: 0.56
Accuracy: 0.585
Accuracy: 0.552
Accuracy: 0.549
Accuracy: 0.538
Accuracy: 0.543
seed 527
=== training gcn model ===
Epoch 0, training loss: 8.802711486816406
Epoch 10, training loss: 8.797301292419434
Epoch 20, training loss: 8.638046264648438
Epoch 30, training loss: 7.770666599273682
Epoch 40, training loss: 7.3529791831970215
Epoch 50, training loss: 6.95591926574707
Epoch 60, training loss: 6.673255443572998
Epoch 70, training loss: 6.436265468597412
Epoch 80, training loss: 6.381189823150635
Epoch 90, training loss: 6.155752658843994
Epoch 100, training loss: 6.031689167022705
Epoch 110, training loss: 5.9682207107543945
Epoch 120, training loss: 5.921019554138184
Epoch 130, training loss: 5.872512340545654
Epoch 140, training loss: 5.790689945220947
Epoch 150, training loss: 5.70920467376709
Epoch 160, training loss: 5.598984241485596
Epoch 170, training loss: 5.67199182510376
Epoch 180, training loss: 5.598968029022217
Epoch 190, training loss: 5.530167579650879
random
Accuracy: 0.651
Accuracy: 0.635
Accuracy: 0.622
Accuracy: 0.621
Accuracy: 0.619
Accuracy: 0.609
Accuracy: 0.604
Accuracy: 0.597
Accuracy: 0.6
Accuracy: 0.59
Accuracy: 0.591
Accuracy: 0.583
Accuracy: 0.581
Accuracy: 0.573
Accuracy: 0.577
Accuracy: 0.566
Accuracy: 0.57
Accuracy: 0.565
Accuracy: 0.567
Accuracy: 0.569
Accuracy: 0.571
seed 320
=== training gcn model ===
Epoch 0, training loss: 8.802740097045898
Epoch 10, training loss: 8.797713279724121
Epoch 20, training loss: 8.636443138122559
Epoch 30, training loss: 8.035744667053223
Epoch 40, training loss: 7.526495456695557
Epoch 50, training loss: 7.142954349517822
Epoch 60, training loss: 6.872781276702881
Epoch 70, training loss: 6.710556983947754
Epoch 80, training loss: 6.5536885261535645
Epoch 90, training loss: 6.349548816680908
Epoch 100, training loss: 6.267945289611816
Epoch 110, training loss: 6.10872220993042
Epoch 120, training loss: 6.008245468139648
Epoch 130, training loss: 5.9279398918151855
Epoch 140, training loss: 5.795050621032715
Epoch 150, training loss: 5.745347023010254
Epoch 160, training loss: 5.6792120933532715
Epoch 170, training loss: 5.5976738929748535
Epoch 180, training loss: 5.5655341148376465
Epoch 190, training loss: 5.492866039276123
random
Accuracy: 0.635
Accuracy: 0.637
Accuracy: 0.631
Accuracy: 0.625
Accuracy: 0.625
Accuracy: 0.609
Accuracy: 0.606
Accuracy: 0.595
Accuracy: 0.598
Accuracy: 0.603
Accuracy: 0.593
Accuracy: 0.585
Accuracy: 0.582
Accuracy: 0.6
Accuracy: 0.583
Accuracy: 0.591
Accuracy: 0.58
Accuracy: 0.573
Accuracy: 0.576
Accuracy: 0.559
Accuracy: 0.56
Beta:0.1 Ptb size:0 Accuracy:0.6242+-0.0178
Beta:0.1 Ptb size:1 Accuracy:0.6234+-0.0138
Beta:0.1 Ptb size:2 Accuracy:0.6130+-0.0133
Beta:0.1 Ptb size:3 Accuracy:0.6088+-0.0130
Beta:0.1 Ptb size:4 Accuracy:0.6102+-0.0107
Beta:0.1 Ptb size:5 Accuracy:0.5966+-0.0186
Beta:0.1 Ptb size:6 Accuracy:0.5932+-0.0131
Beta:0.1 Ptb size:7 Accuracy:0.5906+-0.0072
Beta:0.1 Ptb size:8 Accuracy:0.5898+-0.0121
Beta:0.1 Ptb size:9 Accuracy:0.5840+-0.0184
Beta:0.1 Ptb size:10 Accuracy:0.5814+-0.0152
Beta:0.1 Ptb size:11 Accuracy:0.5782+-0.0112
Beta:0.1 Ptb size:12 Accuracy:0.5754+-0.0072
Beta:0.1 Ptb size:13 Accuracy:0.5766+-0.0125
Beta:0.1 Ptb size:14 Accuracy:0.5722+-0.0103
Beta:0.1 Ptb size:15 Accuracy:0.5726+-0.0116
Beta:0.1 Ptb size:16 Accuracy:0.5696+-0.0118
Beta:0.1 Ptb size:17 Accuracy:0.5532+-0.0157
Beta:0.1 Ptb size:18 Accuracy:0.5560+-0.0138
Beta:0.1 Ptb size:19 Accuracy:0.5510+-0.0117
Beta:0.1 Ptb size:20 Accuracy:0.5522+-0.0142
beta 0.2
seed 265
=== training gcn model ===
Epoch 0, training loss: 8.802727699279785
Epoch 10, training loss: 8.79809856414795
Epoch 20, training loss: 8.689489364624023
Epoch 30, training loss: 7.858621120452881
Epoch 40, training loss: 7.25162935256958
Epoch 50, training loss: 6.827103137969971
Epoch 60, training loss: 6.610113620758057
Epoch 70, training loss: 6.468379497528076
Epoch 80, training loss: 6.297779083251953
Epoch 90, training loss: 6.196256637573242
Epoch 100, training loss: 6.09431791305542
Epoch 110, training loss: 6.02569055557251
Epoch 120, training loss: 5.8909759521484375
Epoch 130, training loss: 5.810174942016602
Epoch 140, training loss: 5.730412483215332
Epoch 150, training loss: 5.753799915313721
Epoch 160, training loss: 5.710925102233887
Epoch 170, training loss: 5.582879066467285
Epoch 180, training loss: 5.536025524139404
Epoch 190, training loss: 5.51438045501709
random
Accuracy: 0.668
Accuracy: 0.66
Accuracy: 0.651
Accuracy: 0.65
Accuracy: 0.638
Accuracy: 0.618
Accuracy: 0.618
Accuracy: 0.611
Accuracy: 0.588
Accuracy: 0.583
Accuracy: 0.583
Accuracy: 0.57
Accuracy: 0.576
Accuracy: 0.583
Accuracy: 0.571
Accuracy: 0.558
Accuracy: 0.577
Accuracy: 0.556
Accuracy: 0.559
Accuracy: 0.559
Accuracy: 0.565
seed 125
=== training gcn model ===
Epoch 0, training loss: 8.802700996398926
Epoch 10, training loss: 8.795680046081543
Epoch 20, training loss: 8.583768844604492
Epoch 30, training loss: 7.796280860900879
Epoch 40, training loss: 7.323257923126221
Epoch 50, training loss: 6.884186267852783
Epoch 60, training loss: 6.654580116271973
Epoch 70, training loss: 6.54697847366333
Epoch 80, training loss: 6.337596416473389
Epoch 90, training loss: 6.222928524017334
Epoch 100, training loss: 6.0938849449157715
Epoch 110, training loss: 5.940640926361084
Epoch 120, training loss: 5.919888496398926
Epoch 130, training loss: 5.81510066986084
Epoch 140, training loss: 5.772119045257568
Epoch 150, training loss: 5.6274003982543945
Epoch 160, training loss: 5.619755744934082
Epoch 170, training loss: 5.556382179260254
Epoch 180, training loss: 5.5077314376831055
Epoch 190, training loss: 5.4739909172058105
random
Accuracy: 0.605
Accuracy: 0.608
Accuracy: 0.609
Accuracy: 0.605
Accuracy: 0.61
Accuracy: 0.609
Accuracy: 0.601
Accuracy: 0.596
Accuracy: 0.597
Accuracy: 0.594
Accuracy: 0.596
Accuracy: 0.574
Accuracy: 0.583
Accuracy: 0.575
Accuracy: 0.58
Accuracy: 0.583
Accuracy: 0.566
Accuracy: 0.559
Accuracy: 0.567
Accuracy: 0.57
Accuracy: 0.567
seed 996
=== training gcn model ===
Epoch 0, training loss: 8.802719116210938
Epoch 10, training loss: 8.796576499938965
Epoch 20, training loss: 8.56100082397461
Epoch 30, training loss: 8.084287643432617
Epoch 40, training loss: 7.603633880615234
Epoch 50, training loss: 7.170942783355713
Epoch 60, training loss: 6.822908401489258
Epoch 70, training loss: 6.65009880065918
Epoch 80, training loss: 6.41779899597168
Epoch 90, training loss: 6.358572006225586
Epoch 100, training loss: 6.276031970977783
Epoch 110, training loss: 6.0737528800964355
Epoch 120, training loss: 5.9905009269714355
Epoch 130, training loss: 5.965461254119873
Epoch 140, training loss: 5.881080150604248
Epoch 150, training loss: 5.805834770202637
Epoch 160, training loss: 5.770322799682617
Epoch 170, training loss: 5.659970760345459
Epoch 180, training loss: 5.653844356536865
Epoch 190, training loss: 5.592697620391846
random
Accuracy: 0.641
Accuracy: 0.638
Accuracy: 0.63
Accuracy: 0.626
Accuracy: 0.624
Accuracy: 0.604
Accuracy: 0.607
Accuracy: 0.608
Accuracy: 0.599
Accuracy: 0.579
Accuracy: 0.574
Accuracy: 0.577
Accuracy: 0.578
Accuracy: 0.596
Accuracy: 0.57
Accuracy: 0.557
Accuracy: 0.571
Accuracy: 0.563
Accuracy: 0.553
Accuracy: 0.558
Accuracy: 0.551
seed 527
=== training gcn model ===
Epoch 0, training loss: 8.802703857421875
Epoch 10, training loss: 8.7965669631958
Epoch 20, training loss: 8.611186981201172
Epoch 30, training loss: 7.7299394607543945
Epoch 40, training loss: 7.370955467224121
Epoch 50, training loss: 6.945995330810547
Epoch 60, training loss: 6.661365509033203
Epoch 70, training loss: 6.432211875915527
Epoch 80, training loss: 6.368631362915039
Epoch 90, training loss: 6.130884647369385
Epoch 100, training loss: 6.011684894561768
Epoch 110, training loss: 5.955446243286133
Epoch 120, training loss: 5.901918888092041
Epoch 130, training loss: 5.862612247467041
Epoch 140, training loss: 5.770035266876221
Epoch 150, training loss: 5.709789276123047
Epoch 160, training loss: 5.579634189605713
Epoch 170, training loss: 5.656051158905029
Epoch 180, training loss: 5.575041770935059
Epoch 190, training loss: 5.5190958976745605
random
Accuracy: 0.657
Accuracy: 0.637
Accuracy: 0.625
Accuracy: 0.621
Accuracy: 0.616
Accuracy: 0.613
Accuracy: 0.603
Accuracy: 0.605
Accuracy: 0.604
Accuracy: 0.604
Accuracy: 0.591
Accuracy: 0.59
Accuracy: 0.583
Accuracy: 0.587
Accuracy: 0.581
Accuracy: 0.569
Accuracy: 0.569
Accuracy: 0.552
Accuracy: 0.56
Accuracy: 0.552
Accuracy: 0.557
seed 320
=== training gcn model ===
Epoch 0, training loss: 8.802726745605469
Epoch 10, training loss: 8.79720401763916
Epoch 20, training loss: 8.624335289001465
Epoch 30, training loss: 7.997377395629883
Epoch 40, training loss: 7.43733024597168
Epoch 50, training loss: 7.028188228607178
Epoch 60, training loss: 6.792667865753174
Epoch 70, training loss: 6.560843467712402
Epoch 80, training loss: 6.434891223907471
Epoch 90, training loss: 6.2575907707214355
Epoch 100, training loss: 6.139339447021484
Epoch 110, training loss: 5.985796928405762
Epoch 120, training loss: 5.876665115356445
Epoch 130, training loss: 5.8158440589904785
Epoch 140, training loss: 5.689785957336426
Epoch 150, training loss: 5.64110803604126
Epoch 160, training loss: 5.592071056365967
Epoch 170, training loss: 5.518550872802734
Epoch 180, training loss: 5.4643378257751465
Epoch 190, training loss: 5.410439491271973
random
Accuracy: 0.635
Accuracy: 0.645
Accuracy: 0.635
Accuracy: 0.627
Accuracy: 0.629
Accuracy: 0.615
Accuracy: 0.618
Accuracy: 0.603
Accuracy: 0.615
Accuracy: 0.596
Accuracy: 0.627
Accuracy: 0.593
Accuracy: 0.598
Accuracy: 0.604
Accuracy: 0.591
Accuracy: 0.586
Accuracy: 0.601
Accuracy: 0.587
Accuracy: 0.583
Accuracy: 0.552
Accuracy: 0.552
Beta:0.2 Ptb size:0 Accuracy:0.6412+-0.0215
Beta:0.2 Ptb size:1 Accuracy:0.6376+-0.0169
Beta:0.2 Ptb size:2 Accuracy:0.6300+-0.0137
Beta:0.2 Ptb size:3 Accuracy:0.6258+-0.0144
Beta:0.2 Ptb size:4 Accuracy:0.6234+-0.0098
Beta:0.2 Ptb size:5 Accuracy:0.6118+-0.0049
Beta:0.2 Ptb size:6 Accuracy:0.6094+-0.0073
Beta:0.2 Ptb size:7 Accuracy:0.6046+-0.0051
Beta:0.2 Ptb size:8 Accuracy:0.6006+-0.0089
Beta:0.2 Ptb size:9 Accuracy:0.5912+-0.0091
Beta:0.2 Ptb size:10 Accuracy:0.5942+-0.0180
Beta:0.2 Ptb size:11 Accuracy:0.5808+-0.0091
Beta:0.2 Ptb size:12 Accuracy:0.5836+-0.0077
Beta:0.2 Ptb size:13 Accuracy:0.5890+-0.0101
Beta:0.2 Ptb size:14 Accuracy:0.5786+-0.0077
Beta:0.2 Ptb size:15 Accuracy:0.5706+-0.0121
Beta:0.2 Ptb size:16 Accuracy:0.5768+-0.0126
Beta:0.2 Ptb size:17 Accuracy:0.5634+-0.0123
Beta:0.2 Ptb size:18 Accuracy:0.5644+-0.0103
Beta:0.2 Ptb size:19 Accuracy:0.5582+-0.0066
Beta:0.2 Ptb size:20 Accuracy:0.5584+-0.0066
beta 0.3
seed 265
=== training gcn model ===
Epoch 0, training loss: 8.802713394165039
Epoch 10, training loss: 8.797345161437988
Epoch 20, training loss: 8.68229866027832
Epoch 30, training loss: 7.8179121017456055
Epoch 40, training loss: 7.1950178146362305
Epoch 50, training loss: 6.763082027435303
Epoch 60, training loss: 6.55564546585083
Epoch 70, training loss: 6.411189079284668
Epoch 80, training loss: 6.250843048095703
Epoch 90, training loss: 6.149689197540283
Epoch 100, training loss: 6.069619178771973
Epoch 110, training loss: 5.997880935668945
Epoch 120, training loss: 5.855690002441406
Epoch 130, training loss: 5.769291877746582
Epoch 140, training loss: 5.690626621246338
Epoch 150, training loss: 5.720077037811279
Epoch 160, training loss: 5.689108848571777
Epoch 170, training loss: 5.563068389892578
Epoch 180, training loss: 5.521709442138672
Epoch 190, training loss: 5.4917097091674805
random
Accuracy: 0.643
Accuracy: 0.648
Accuracy: 0.633
Accuracy: 0.622
Accuracy: 0.634
Accuracy: 0.619
Accuracy: 0.608
Accuracy: 0.601
Accuracy: 0.602
Accuracy: 0.597
Accuracy: 0.604
Accuracy: 0.581
Accuracy: 0.57
Accuracy: 0.576
Accuracy: 0.578
Accuracy: 0.585
Accuracy: 0.591
Accuracy: 0.591
Accuracy: 0.584
Accuracy: 0.577
Accuracy: 0.579
seed 125
=== training gcn model ===
Epoch 0, training loss: 8.802689552307129
Epoch 10, training loss: 8.794629096984863
Epoch 20, training loss: 8.55397891998291
Epoch 30, training loss: 7.775110721588135
Epoch 40, training loss: 7.255172252655029
Epoch 50, training loss: 6.845999717712402
Epoch 60, training loss: 6.623087406158447
Epoch 70, training loss: 6.470356464385986
Epoch 80, training loss: 6.279372215270996
Epoch 90, training loss: 6.182236194610596
Epoch 100, training loss: 6.043534278869629
Epoch 110, training loss: 5.874087333679199
Epoch 120, training loss: 5.894290447235107
Epoch 130, training loss: 5.756322860717773
Epoch 140, training loss: 5.692232131958008
Epoch 150, training loss: 5.59799337387085
Epoch 160, training loss: 5.568749904632568
Epoch 170, training loss: 5.487597942352295
Epoch 180, training loss: 5.456904411315918
Epoch 190, training loss: 5.427419185638428
random
Accuracy: 0.598
Accuracy: 0.593
Accuracy: 0.592
Accuracy: 0.583
Accuracy: 0.584
Accuracy: 0.568
Accuracy: 0.566
Accuracy: 0.569
Accuracy: 0.582
Accuracy: 0.568
Accuracy: 0.573
Accuracy: 0.56
Accuracy: 0.567
Accuracy: 0.57
Accuracy: 0.553
Accuracy: 0.552
Accuracy: 0.564
Accuracy: 0.558
Accuracy: 0.542
Accuracy: 0.535
Accuracy: 0.541
seed 996
=== training gcn model ===
Epoch 0, training loss: 8.802705764770508
Epoch 10, training loss: 8.79571533203125
Epoch 20, training loss: 8.555614471435547
Epoch 30, training loss: 7.992702960968018
Epoch 40, training loss: 7.5428595542907715
Epoch 50, training loss: 7.10308313369751
Epoch 60, training loss: 6.75546932220459
Epoch 70, training loss: 6.623127460479736
Epoch 80, training loss: 6.418384552001953
Epoch 90, training loss: 6.341880798339844
Epoch 100, training loss: 6.2376484870910645
Epoch 110, training loss: 6.034700393676758
Epoch 120, training loss: 5.927918434143066
Epoch 130, training loss: 5.922897815704346
Epoch 140, training loss: 5.844915866851807
Epoch 150, training loss: 5.777583122253418
Epoch 160, training loss: 5.740854263305664
Epoch 170, training loss: 5.622464179992676
Epoch 180, training loss: 5.620305061340332
Epoch 190, training loss: 5.549765110015869
random
Accuracy: 0.64
Accuracy: 0.629
Accuracy: 0.622
Accuracy: 0.601
Accuracy: 0.594
Accuracy: 0.598
Accuracy: 0.582
Accuracy: 0.588
Accuracy: 0.59
Accuracy: 0.583
Accuracy: 0.582
Accuracy: 0.583
Accuracy: 0.564
Accuracy: 0.569
Accuracy: 0.571
Accuracy: 0.561
Accuracy: 0.551
Accuracy: 0.543
Accuracy: 0.544
Accuracy: 0.558
Accuracy: 0.551
seed 527
=== training gcn model ===
Epoch 0, training loss: 8.802692413330078
Epoch 10, training loss: 8.795817375183105
Epoch 20, training loss: 8.602043151855469
Epoch 30, training loss: 7.687283515930176
Epoch 40, training loss: 7.289282321929932
Epoch 50, training loss: 6.888188362121582
Epoch 60, training loss: 6.592658042907715
Epoch 70, training loss: 6.34053897857666
Epoch 80, training loss: 6.2865729331970215
Epoch 90, training loss: 6.0538787841796875
Epoch 100, training loss: 5.941422939300537
Epoch 110, training loss: 5.883088111877441
Epoch 120, training loss: 5.842923641204834
Epoch 130, training loss: 5.8082098960876465
Epoch 140, training loss: 5.7068657875061035
Epoch 150, training loss: 5.645406246185303
Epoch 160, training loss: 5.538272857666016
Epoch 170, training loss: 5.621809959411621
Epoch 180, training loss: 5.510210037231445
Epoch 190, training loss: 5.466824531555176
random
Accuracy: 0.623
Accuracy: 0.623
Accuracy: 0.621
Accuracy: 0.608
Accuracy: 0.614
Accuracy: 0.602
Accuracy: 0.603
Accuracy: 0.599
Accuracy: 0.587
Accuracy: 0.568
Accuracy: 0.581
Accuracy: 0.589
Accuracy: 0.575
Accuracy: 0.546
Accuracy: 0.551
Accuracy: 0.534
Accuracy: 0.529
Accuracy: 0.523
Accuracy: 0.536
Accuracy: 0.532
Accuracy: 0.547
seed 320
=== training gcn model ===
Epoch 0, training loss: 8.802720069885254
Epoch 10, training loss: 8.796573638916016
Epoch 20, training loss: 8.618511199951172
Epoch 30, training loss: 7.992243766784668
Epoch 40, training loss: 7.443976402282715
Epoch 50, training loss: 6.986043453216553
Epoch 60, training loss: 6.68950080871582
Epoch 70, training loss: 6.504833698272705
Epoch 80, training loss: 6.355409145355225
Epoch 90, training loss: 6.220676898956299
Epoch 100, training loss: 6.099850654602051
Epoch 110, training loss: 5.970982074737549
Epoch 120, training loss: 5.850301742553711
Epoch 130, training loss: 5.783722877502441
Epoch 140, training loss: 5.70283317565918
Epoch 150, training loss: 5.62296199798584
Epoch 160, training loss: 5.560816287994385
Epoch 170, training loss: 5.472986698150635
Epoch 180, training loss: 5.429739475250244
Epoch 190, training loss: 5.390136241912842
random
Accuracy: 0.649
Accuracy: 0.656
Accuracy: 0.651
Accuracy: 0.647
Accuracy: 0.648
Accuracy: 0.654
Accuracy: 0.64
Accuracy: 0.638
Accuracy: 0.63
Accuracy: 0.63
Accuracy: 0.639
Accuracy: 0.636
Accuracy: 0.64
Accuracy: 0.629
Accuracy: 0.636
Accuracy: 0.572
Accuracy: 0.607
Accuracy: 0.594
Accuracy: 0.593
Accuracy: 0.613
Accuracy: 0.609
Beta:0.3 Ptb size:0 Accuracy:0.6306+-0.0184
Beta:0.3 Ptb size:1 Accuracy:0.6298+-0.0220
Beta:0.3 Ptb size:2 Accuracy:0.6238+-0.0192
Beta:0.3 Ptb size:3 Accuracy:0.6122+-0.0215
Beta:0.3 Ptb size:4 Accuracy:0.6148+-0.0239
Beta:0.3 Ptb size:5 Accuracy:0.6082+-0.0282
Beta:0.3 Ptb size:6 Accuracy:0.5998+-0.0251
Beta:0.3 Ptb size:7 Accuracy:0.5990+-0.0226
Beta:0.3 Ptb size:8 Accuracy:0.5982+-0.0172
Beta:0.3 Ptb size:9 Accuracy:0.5892+-0.0231
Beta:0.3 Ptb size:10 Accuracy:0.5958+-0.0239
Beta:0.3 Ptb size:11 Accuracy:0.5898+-0.0251
Beta:0.3 Ptb size:12 Accuracy:0.5832+-0.0286
Beta:0.3 Ptb size:13 Accuracy:0.5780+-0.0275
Beta:0.3 Ptb size:14 Accuracy:0.5778+-0.0309
Beta:0.3 Ptb size:15 Accuracy:0.5608+-0.0174
Beta:0.3 Ptb size:16 Accuracy:0.5684+-0.0278
Beta:0.3 Ptb size:17 Accuracy:0.5618+-0.0274
Beta:0.3 Ptb size:18 Accuracy:0.5598+-0.0238
Beta:0.3 Ptb size:19 Accuracy:0.5630+-0.0299
Beta:0.3 Ptb size:20 Accuracy:0.5654+-0.0254
beta 0.4
seed 265
=== training gcn model ===
Epoch 0, training loss: 8.802699089050293
Epoch 10, training loss: 8.796246528625488
Epoch 20, training loss: 8.675410270690918
Epoch 30, training loss: 7.778637886047363
Epoch 40, training loss: 7.21750020980835
Epoch 50, training loss: 6.779339790344238
Epoch 60, training loss: 6.547166347503662
Epoch 70, training loss: 6.380753040313721
Epoch 80, training loss: 6.226810455322266
Epoch 90, training loss: 6.097309589385986
Epoch 100, training loss: 6.0381340980529785
Epoch 110, training loss: 5.994472503662109
Epoch 120, training loss: 5.8482537269592285
Epoch 130, training loss: 5.770637512207031
Epoch 140, training loss: 5.693152904510498
Epoch 150, training loss: 5.694753646850586
Epoch 160, training loss: 5.664036750793457
Epoch 170, training loss: 5.53822660446167
Epoch 180, training loss: 5.492952346801758
Epoch 190, training loss: 5.485576629638672
random
Accuracy: 0.658
Accuracy: 0.649
Accuracy: 0.651
Accuracy: 0.628
Accuracy: 0.624
Accuracy: 0.615
Accuracy: 0.606
Accuracy: 0.573
Accuracy: 0.574
Accuracy: 0.577
Accuracy: 0.566
Accuracy: 0.573
Accuracy: 0.577
Accuracy: 0.58
Accuracy: 0.573
Accuracy: 0.525
Accuracy: 0.532
Accuracy: 0.515
Accuracy: 0.527
Accuracy: 0.524
Accuracy: 0.537
seed 125
=== training gcn model ===
Epoch 0, training loss: 8.802677154541016
Epoch 10, training loss: 8.793233871459961
Epoch 20, training loss: 8.584647178649902
Epoch 30, training loss: 7.661557674407959
Epoch 40, training loss: 7.169941425323486
Epoch 50, training loss: 6.719081878662109
Epoch 60, training loss: 6.490930080413818
Epoch 70, training loss: 6.322735786437988
Epoch 80, training loss: 6.173691272735596
Epoch 90, training loss: 6.0302863121032715
Epoch 100, training loss: 5.924095153808594
Epoch 110, training loss: 5.760890960693359
Epoch 120, training loss: 5.797633647918701
Epoch 130, training loss: 5.689491271972656
Epoch 140, training loss: 5.600367546081543
Epoch 150, training loss: 5.513877868652344
Epoch 160, training loss: 5.504764080047607
Epoch 170, training loss: 5.403829097747803
Epoch 180, training loss: 5.375977039337158
Epoch 190, training loss: 5.362654209136963
random
Accuracy: 0.57
Accuracy: 0.578
Accuracy: 0.574
Accuracy: 0.558
Accuracy: 0.564
Accuracy: 0.552
Accuracy: 0.55
Accuracy: 0.55
Accuracy: 0.549
Accuracy: 0.543
Accuracy: 0.55
Accuracy: 0.542
Accuracy: 0.535
Accuracy: 0.528
Accuracy: 0.529
Accuracy: 0.514
Accuracy: 0.521
Accuracy: 0.51
Accuracy: 0.517
Accuracy: 0.515
Accuracy: 0.509
seed 996
=== training gcn model ===
Epoch 0, training loss: 8.802693367004395
Epoch 10, training loss: 8.794129371643066
Epoch 20, training loss: 8.547896385192871
Epoch 30, training loss: 7.909909725189209
Epoch 40, training loss: 7.521902084350586
Epoch 50, training loss: 7.105669021606445
Epoch 60, training loss: 6.741067409515381
Epoch 70, training loss: 6.581756591796875
Epoch 80, training loss: 6.425614833831787
Epoch 90, training loss: 6.339279651641846
Epoch 100, training loss: 6.26064920425415
Epoch 110, training loss: 6.0073652267456055
Epoch 120, training loss: 5.912475109100342
Epoch 130, training loss: 5.907607555389404
Epoch 140, training loss: 5.815799713134766
Epoch 150, training loss: 5.756040096282959
Epoch 160, training loss: 5.696046829223633
Epoch 170, training loss: 5.5723371505737305
Epoch 180, training loss: 5.597959041595459
Epoch 190, training loss: 5.507180690765381
random
Accuracy: 0.643
Accuracy: 0.654
Accuracy: 0.634
Accuracy: 0.632
Accuracy: 0.633
Accuracy: 0.626
Accuracy: 0.623
Accuracy: 0.606
Accuracy: 0.614
Accuracy: 0.612
Accuracy: 0.61
Accuracy: 0.601
Accuracy: 0.603
Accuracy: 0.593
Accuracy: 0.591
Accuracy: 0.581
Accuracy: 0.556
Accuracy: 0.566
Accuracy: 0.57
Accuracy: 0.572
Accuracy: 0.557
seed 527
=== training gcn model ===
Epoch 0, training loss: 8.802680969238281
Epoch 10, training loss: 8.794690132141113
Epoch 20, training loss: 8.607010841369629
Epoch 30, training loss: 7.6739349365234375
Epoch 40, training loss: 7.233038425445557
Epoch 50, training loss: 6.857720851898193
Epoch 60, training loss: 6.555939674377441
Epoch 70, training loss: 6.301645278930664
Epoch 80, training loss: 6.256667613983154
Epoch 90, training loss: 5.996103286743164
Epoch 100, training loss: 5.914422988891602
Epoch 110, training loss: 5.846230983734131
Epoch 120, training loss: 5.788998126983643
Epoch 130, training loss: 5.740010738372803
Epoch 140, training loss: 5.670424938201904
Epoch 150, training loss: 5.5972208976745605
Epoch 160, training loss: 5.479396820068359
Epoch 170, training loss: 5.5367889404296875
Epoch 180, training loss: 5.454148769378662
Epoch 190, training loss: 5.410033226013184
random
Accuracy: 0.628
Accuracy: 0.616
Accuracy: 0.616
Accuracy: 0.588
Accuracy: 0.59
Accuracy: 0.572
Accuracy: 0.559
Accuracy: 0.537
Accuracy: 0.527
Accuracy: 0.515
Accuracy: 0.519
Accuracy: 0.528
Accuracy: 0.53
Accuracy: 0.52
Accuracy: 0.513
Accuracy: 0.49
Accuracy: 0.488
Accuracy: 0.486
Accuracy: 0.495
Accuracy: 0.49
Accuracy: 0.492
seed 320
=== training gcn model ===
Epoch 0, training loss: 8.802714347839355
Epoch 10, training loss: 8.795638084411621
Epoch 20, training loss: 8.614026069641113
Epoch 30, training loss: 7.9702043533325195
Epoch 40, training loss: 7.396942615509033
Epoch 50, training loss: 6.938104152679443
Epoch 60, training loss: 6.604628086090088
Epoch 70, training loss: 6.4285383224487305
Epoch 80, training loss: 6.276632308959961
Epoch 90, training loss: 6.123594760894775
Epoch 100, training loss: 6.037830829620361
Epoch 110, training loss: 5.90719747543335
Epoch 120, training loss: 5.828857898712158
Epoch 130, training loss: 5.7529096603393555
Epoch 140, training loss: 5.682948589324951
Epoch 150, training loss: 5.570261001586914
Epoch 160, training loss: 5.5313239097595215
Epoch 170, training loss: 5.459934711456299
Epoch 180, training loss: 5.397890567779541
Epoch 190, training loss: 5.350051403045654
random
Accuracy: 0.656
Accuracy: 0.651
Accuracy: 0.648
Accuracy: 0.645
Accuracy: 0.641
Accuracy: 0.642
Accuracy: 0.634
Accuracy: 0.638
Accuracy: 0.633
Accuracy: 0.63
Accuracy: 0.637
Accuracy: 0.62
Accuracy: 0.611
Accuracy: 0.62
Accuracy: 0.589
Accuracy: 0.585
Accuracy: 0.586
Accuracy: 0.579
Accuracy: 0.594
Accuracy: 0.588
Accuracy: 0.606
Beta:0.4 Ptb size:0 Accuracy:0.6310+-0.0323
Beta:0.4 Ptb size:1 Accuracy:0.6296+-0.0292
Beta:0.4 Ptb size:2 Accuracy:0.6246+-0.0282
Beta:0.4 Ptb size:3 Accuracy:0.6102+-0.0323
Beta:0.4 Ptb size:4 Accuracy:0.6104+-0.0290
Beta:0.4 Ptb size:5 Accuracy:0.6014+-0.0339
Beta:0.4 Ptb size:6 Accuracy:0.5944+-0.0339
Beta:0.4 Ptb size:7 Accuracy:0.5808+-0.0370
Beta:0.4 Ptb size:8 Accuracy:0.5794+-0.0394
Beta:0.4 Ptb size:9 Accuracy:0.5754+-0.0425
Beta:0.4 Ptb size:10 Accuracy:0.5764+-0.0422
Beta:0.4 Ptb size:11 Accuracy:0.5728+-0.0346
Beta:0.4 Ptb size:12 Accuracy:0.5712+-0.0336
Beta:0.4 Ptb size:13 Accuracy:0.5682+-0.0384
Beta:0.4 Ptb size:14 Accuracy:0.5590+-0.0320
Beta:0.4 Ptb size:15 Accuracy:0.5390+-0.0377
Beta:0.4 Ptb size:16 Accuracy:0.5366+-0.0330
Beta:0.4 Ptb size:17 Accuracy:0.5312+-0.0354
Beta:0.4 Ptb size:18 Accuracy:0.5406+-0.0362
Beta:0.4 Ptb size:19 Accuracy:0.5378+-0.0366
Beta:0.4 Ptb size:20 Accuracy:0.5402+-0.0398
beta 0.5
seed 265
=== training gcn model ===
Epoch 0, training loss: 8.802687644958496
Epoch 10, training loss: 8.794637680053711
Epoch 20, training loss: 8.678006172180176
Epoch 30, training loss: 7.810049533843994
Epoch 40, training loss: 7.192579746246338
Epoch 50, training loss: 6.779992580413818
Epoch 60, training loss: 6.531856536865234
Epoch 70, training loss: 6.330153942108154
Epoch 80, training loss: 6.194915294647217
Epoch 90, training loss: 6.067317485809326
Epoch 100, training loss: 5.999445915222168
Epoch 110, training loss: 5.941019058227539
Epoch 120, training loss: 5.805453300476074
Epoch 130, training loss: 5.715216636657715
Epoch 140, training loss: 5.651951789855957
Epoch 150, training loss: 5.642615795135498
Epoch 160, training loss: 5.627418518066406
Epoch 170, training loss: 5.491375923156738
Epoch 180, training loss: 5.4565958976745605
Epoch 190, training loss: 5.449355125427246
random
Accuracy: 0.642
Accuracy: 0.65
Accuracy: 0.642
Accuracy: 0.631
Accuracy: 0.618
Accuracy: 0.609
Accuracy: 0.598
Accuracy: 0.583
Accuracy: 0.588
Accuracy: 0.57
Accuracy: 0.577
Accuracy: 0.588
Accuracy: 0.574
Accuracy: 0.581
Accuracy: 0.577
Accuracy: 0.521
Accuracy: 0.524
Accuracy: 0.51
Accuracy: 0.514
Accuracy: 0.518
Accuracy: 0.547
seed 125
=== training gcn model ===
Epoch 0, training loss: 8.802668571472168
Epoch 10, training loss: 8.791097640991211
Epoch 20, training loss: 8.616976737976074
Epoch 30, training loss: 7.622733116149902
Epoch 40, training loss: 7.0898756980896
Epoch 50, training loss: 6.639883518218994
Epoch 60, training loss: 6.38690185546875
Epoch 70, training loss: 6.251513957977295
Epoch 80, training loss: 6.070565223693848
Epoch 90, training loss: 5.974621295928955
Epoch 100, training loss: 5.867828845977783
Epoch 110, training loss: 5.714596271514893
Epoch 120, training loss: 5.756887912750244
Epoch 130, training loss: 5.633419513702393
Epoch 140, training loss: 5.574931621551514
Epoch 150, training loss: 5.506015777587891
Epoch 160, training loss: 5.495471477508545
Epoch 170, training loss: 5.385987758636475
Epoch 180, training loss: 5.359036922454834
Epoch 190, training loss: 5.342650890350342
random
Accuracy: 0.578
Accuracy: 0.567
Accuracy: 0.569
Accuracy: 0.567
Accuracy: 0.563
Accuracy: 0.555
Accuracy: 0.552
Accuracy: 0.536
Accuracy: 0.543
Accuracy: 0.545
Accuracy: 0.547
Accuracy: 0.545
Accuracy: 0.531
Accuracy: 0.518
Accuracy: 0.507
Accuracy: 0.498
Accuracy: 0.493
Accuracy: 0.503
Accuracy: 0.494
Accuracy: 0.489
Accuracy: 0.496
seed 996
=== training gcn model ===
Epoch 0, training loss: 8.80268669128418
Epoch 10, training loss: 8.792525291442871
Epoch 20, training loss: 8.556166648864746
Epoch 30, training loss: 7.857325077056885
Epoch 40, training loss: 7.477651119232178
Epoch 50, training loss: 7.060711860656738
Epoch 60, training loss: 6.698855876922607
Epoch 70, training loss: 6.519659996032715
Epoch 80, training loss: 6.343835830688477
Epoch 90, training loss: 6.281956195831299
Epoch 100, training loss: 6.21227502822876
Epoch 110, training loss: 5.9410223960876465
Epoch 120, training loss: 5.8566789627075195
Epoch 130, training loss: 5.837698936462402
Epoch 140, training loss: 5.74257755279541
Epoch 150, training loss: 5.67683744430542
Epoch 160, training loss: 5.6246337890625
Epoch 170, training loss: 5.501569747924805
Epoch 180, training loss: 5.521243095397949
Epoch 190, training loss: 5.4136881828308105
random
Accuracy: 0.655
Accuracy: 0.645
Accuracy: 0.644
Accuracy: 0.628
Accuracy: 0.623
Accuracy: 0.623
Accuracy: 0.601
Accuracy: 0.601
Accuracy: 0.593
Accuracy: 0.588
Accuracy: 0.578
Accuracy: 0.581
Accuracy: 0.571
Accuracy: 0.584
Accuracy: 0.577
Accuracy: 0.525
Accuracy: 0.525
Accuracy: 0.525
Accuracy: 0.515
Accuracy: 0.536
Accuracy: 0.524
seed 527
=== training gcn model ===
Epoch 0, training loss: 8.80267333984375
Epoch 10, training loss: 8.793198585510254
Epoch 20, training loss: 8.621414184570312
Epoch 30, training loss: 7.671875
Epoch 40, training loss: 7.181009769439697
Epoch 50, training loss: 6.837520122528076
Epoch 60, training loss: 6.53030252456665
Epoch 70, training loss: 6.253974437713623
Epoch 80, training loss: 6.164691925048828
Epoch 90, training loss: 5.916437149047852
Epoch 100, training loss: 5.830019474029541
Epoch 110, training loss: 5.786240100860596
Epoch 120, training loss: 5.685046195983887
Epoch 130, training loss: 5.638618469238281
Epoch 140, training loss: 5.5739359855651855
Epoch 150, training loss: 5.510079860687256
Epoch 160, training loss: 5.39463472366333
Epoch 170, training loss: 5.449510097503662
Epoch 180, training loss: 5.38054084777832
Epoch 190, training loss: 5.332702159881592
random
Accuracy: 0.621
Accuracy: 0.61
Accuracy: 0.591
Accuracy: 0.558
Accuracy: 0.551
Accuracy: 0.53
Accuracy: 0.516
Accuracy: 0.506
Accuracy: 0.51
Accuracy: 0.504
Accuracy: 0.487
Accuracy: 0.494
Accuracy: 0.484
Accuracy: 0.475
Accuracy: 0.478
Accuracy: 0.441
Accuracy: 0.44
Accuracy: 0.438
Accuracy: 0.437
Accuracy: 0.431
Accuracy: 0.433
seed 320
=== training gcn model ===
Epoch 0, training loss: 8.80270767211914
Epoch 10, training loss: 8.794524192810059
Epoch 20, training loss: 8.615878105163574
Epoch 30, training loss: 7.957748889923096
Epoch 40, training loss: 7.356606483459473
Epoch 50, training loss: 6.9440412521362305
Epoch 60, training loss: 6.639681339263916
Epoch 70, training loss: 6.424116611480713
Epoch 80, training loss: 6.272169589996338
Epoch 90, training loss: 6.095121383666992
Epoch 100, training loss: 6.0041399002075195
Epoch 110, training loss: 5.872833251953125
Epoch 120, training loss: 5.785063743591309
Epoch 130, training loss: 5.705456733703613
Epoch 140, training loss: 5.627033710479736
Epoch 150, training loss: 5.535284519195557
Epoch 160, training loss: 5.488077163696289
Epoch 170, training loss: 5.41903018951416
Epoch 180, training loss: 5.368269920349121
Epoch 190, training loss: 5.328406810760498
random
Accuracy: 0.646
Accuracy: 0.647
Accuracy: 0.659
Accuracy: 0.646
Accuracy: 0.651
Accuracy: 0.636
Accuracy: 0.646
Accuracy: 0.609
Accuracy: 0.615
Accuracy: 0.612
Accuracy: 0.6
Accuracy: 0.605
Accuracy: 0.599
Accuracy: 0.59
Accuracy: 0.571
Accuracy: 0.547
Accuracy: 0.534
Accuracy: 0.532
Accuracy: 0.534
Accuracy: 0.539
Accuracy: 0.546
Beta:0.5 Ptb size:0 Accuracy:0.6284+-0.0276
Beta:0.5 Ptb size:1 Accuracy:0.6238+-0.0319
Beta:0.5 Ptb size:2 Accuracy:0.6210+-0.0347
Beta:0.5 Ptb size:3 Accuracy:0.6060+-0.0361
Beta:0.5 Ptb size:4 Accuracy:0.6012+-0.0380
Beta:0.5 Ptb size:5 Accuracy:0.5906+-0.0410
Beta:0.5 Ptb size:6 Accuracy:0.5826+-0.0446
Beta:0.5 Ptb size:7 Accuracy:0.5670+-0.0396
Beta:0.5 Ptb size:8 Accuracy:0.5698+-0.0380
Beta:0.5 Ptb size:9 Accuracy:0.5638+-0.0371
Beta:0.5 Ptb size:10 Accuracy:0.5578+-0.0392
Beta:0.5 Ptb size:11 Accuracy:0.5626+-0.0395
Beta:0.5 Ptb size:12 Accuracy:0.5518+-0.0403
Beta:0.5 Ptb size:13 Accuracy:0.5496+-0.0455
Beta:0.5 Ptb size:14 Accuracy:0.5420+-0.0415
Beta:0.5 Ptb size:15 Accuracy:0.5064+-0.0362
Beta:0.5 Ptb size:16 Accuracy:0.5032+-0.0345
Beta:0.5 Ptb size:17 Accuracy:0.5016+-0.0334
Beta:0.5 Ptb size:18 Accuracy:0.4988+-0.0334
Beta:0.5 Ptb size:19 Accuracy:0.5026+-0.0400
Beta:0.5 Ptb size:20 Accuracy:0.5092+-0.0424
beta 0.6
seed 265
=== training gcn model ===
Epoch 0, training loss: 8.802682876586914
Epoch 10, training loss: 8.792819023132324
Epoch 20, training loss: 8.672310829162598
Epoch 30, training loss: 7.82781457901001
Epoch 40, training loss: 7.208126068115234
Epoch 50, training loss: 6.799376010894775
Epoch 60, training loss: 6.532093048095703
Epoch 70, training loss: 6.326232433319092
Epoch 80, training loss: 6.175137996673584
Epoch 90, training loss: 6.034195899963379
Epoch 100, training loss: 5.969709873199463
Epoch 110, training loss: 5.926707744598389
Epoch 120, training loss: 5.806210041046143
Epoch 130, training loss: 5.721683025360107
Epoch 140, training loss: 5.632335662841797
Epoch 150, training loss: 5.629654407501221
Epoch 160, training loss: 5.5955281257629395
Epoch 170, training loss: 5.465550422668457
Epoch 180, training loss: 5.4150800704956055
Epoch 190, training loss: 5.411819934844971
random
Accuracy: 0.651
Accuracy: 0.64
Accuracy: 0.635
Accuracy: 0.627
Accuracy: 0.633
Accuracy: 0.611
Accuracy: 0.609
Accuracy: 0.592
Accuracy: 0.595
Accuracy: 0.578
Accuracy: 0.586
Accuracy: 0.585
Accuracy: 0.584
Accuracy: 0.58
Accuracy: 0.566
Accuracy: 0.526
Accuracy: 0.532
Accuracy: 0.506
Accuracy: 0.505
Accuracy: 0.504
Accuracy: 0.524
seed 125
=== training gcn model ===
Epoch 0, training loss: 8.802660942077637
Epoch 10, training loss: 8.788848876953125
Epoch 20, training loss: 8.644845008850098
Epoch 30, training loss: 7.646268844604492
Epoch 40, training loss: 7.083084583282471
Epoch 50, training loss: 6.57703971862793
Epoch 60, training loss: 6.321155548095703
Epoch 70, training loss: 6.193809509277344
Epoch 80, training loss: 6.0191264152526855
Epoch 90, training loss: 5.90753698348999
Epoch 100, training loss: 5.821694374084473
Epoch 110, training loss: 5.68090295791626
Epoch 120, training loss: 5.721704006195068
Epoch 130, training loss: 5.6133952140808105
Epoch 140, training loss: 5.5546650886535645
Epoch 150, training loss: 5.4928178787231445
Epoch 160, training loss: 5.4797515869140625
Epoch 170, training loss: 5.376837730407715
Epoch 180, training loss: 5.332975387573242
Epoch 190, training loss: 5.3031535148620605
random
Accuracy: 0.579
Accuracy: 0.593
Accuracy: 0.579
Accuracy: 0.589
Accuracy: 0.584
Accuracy: 0.567
Accuracy: 0.569
Accuracy: 0.563
Accuracy: 0.571
Accuracy: 0.546
Accuracy: 0.523
Accuracy: 0.536
Accuracy: 0.53
Accuracy: 0.522
Accuracy: 0.506
Accuracy: 0.523
Accuracy: 0.512
Accuracy: 0.506
Accuracy: 0.486
Accuracy: 0.47
Accuracy: 0.478
seed 996
=== training gcn model ===
Epoch 0, training loss: 8.802680969238281
Epoch 10, training loss: 8.791069984436035
Epoch 20, training loss: 8.576865196228027
Epoch 30, training loss: 7.822840690612793
Epoch 40, training loss: 7.438811779022217
Epoch 50, training loss: 7.023904800415039
Epoch 60, training loss: 6.6637115478515625
Epoch 70, training loss: 6.4881744384765625
Epoch 80, training loss: 6.349770545959473
Epoch 90, training loss: 6.2169928550720215
Epoch 100, training loss: 6.130012512207031
Epoch 110, training loss: 5.890389919281006
Epoch 120, training loss: 5.782910346984863
Epoch 130, training loss: 5.747434616088867
Epoch 140, training loss: 5.681736469268799
Epoch 150, training loss: 5.607780456542969
Epoch 160, training loss: 5.553092956542969
Epoch 170, training loss: 5.42889404296875
Epoch 180, training loss: 5.459522724151611
Epoch 190, training loss: 5.3506317138671875
random
Accuracy: 0.621
Accuracy: 0.619
Accuracy: 0.612
Accuracy: 0.602
Accuracy: 0.601
Accuracy: 0.585
Accuracy: 0.561
Accuracy: 0.561
Accuracy: 0.565
Accuracy: 0.557
Accuracy: 0.536
Accuracy: 0.533
Accuracy: 0.53
Accuracy: 0.536
Accuracy: 0.533
Accuracy: 0.487
Accuracy: 0.479
Accuracy: 0.457
Accuracy: 0.455
Accuracy: 0.47
Accuracy: 0.474
seed 527
=== training gcn model ===
Epoch 0, training loss: 8.802663803100586
Epoch 10, training loss: 8.791447639465332
Epoch 20, training loss: 8.63865852355957
Epoch 30, training loss: 7.683746337890625
Epoch 40, training loss: 7.117309093475342
Epoch 50, training loss: 6.796321868896484
Epoch 60, training loss: 6.469437599182129
Epoch 70, training loss: 6.222705841064453
Epoch 80, training loss: 6.125123500823975
Epoch 90, training loss: 5.858159065246582
Epoch 100, training loss: 5.729399681091309
Epoch 110, training loss: 5.6958231925964355
Epoch 120, training loss: 5.600132465362549
Epoch 130, training loss: 5.576783180236816
Epoch 140, training loss: 5.492306232452393
Epoch 150, training loss: 5.426059722900391
Epoch 160, training loss: 5.303047180175781
Epoch 170, training loss: 5.369427680969238
Epoch 180, training loss: 5.288570404052734
Epoch 190, training loss: 5.231736660003662
random
Accuracy: 0.621
Accuracy: 0.616
Accuracy: 0.605
Accuracy: 0.589
Accuracy: 0.562
Accuracy: 0.567
Accuracy: 0.552
Accuracy: 0.529
Accuracy: 0.527
Accuracy: 0.516
Accuracy: 0.507
Accuracy: 0.513
Accuracy: 0.504
Accuracy: 0.485
Accuracy: 0.48
Accuracy: 0.458
Accuracy: 0.452
Accuracy: 0.455
Accuracy: 0.454
Accuracy: 0.448
Accuracy: 0.455
seed 320
=== training gcn model ===
Epoch 0, training loss: 8.802701950073242
Epoch 10, training loss: 8.793316841125488
Epoch 20, training loss: 8.640236854553223
Epoch 30, training loss: 7.933754920959473
Epoch 40, training loss: 7.311147689819336
Epoch 50, training loss: 6.928471088409424
Epoch 60, training loss: 6.590612888336182
Epoch 70, training loss: 6.404047966003418
Epoch 80, training loss: 6.231612205505371
Epoch 90, training loss: 6.002158164978027
Epoch 100, training loss: 5.938774108886719
Epoch 110, training loss: 5.772337913513184
Epoch 120, training loss: 5.702939510345459
Epoch 130, training loss: 5.615267753601074
Epoch 140, training loss: 5.5209479331970215
Epoch 150, training loss: 5.437993049621582
Epoch 160, training loss: 5.3911824226379395
Epoch 170, training loss: 5.328224182128906
Epoch 180, training loss: 5.298404216766357
Epoch 190, training loss: 5.241572380065918
random
Accuracy: 0.639
Accuracy: 0.638
Accuracy: 0.636
Accuracy: 0.632
Accuracy: 0.637
Accuracy: 0.625
Accuracy: 0.623
Accuracy: 0.611
Accuracy: 0.61
Accuracy: 0.607
Accuracy: 0.611
Accuracy: 0.599
Accuracy: 0.606
Accuracy: 0.586
Accuracy: 0.587
Accuracy: 0.565
Accuracy: 0.55
Accuracy: 0.548
Accuracy: 0.554
Accuracy: 0.56
Accuracy: 0.56
Beta:0.6 Ptb size:0 Accuracy:0.6222+-0.0244
Beta:0.6 Ptb size:1 Accuracy:0.6212+-0.0171
Beta:0.6 Ptb size:2 Accuracy:0.6134+-0.0211
Beta:0.6 Ptb size:3 Accuracy:0.6078+-0.0184
Beta:0.6 Ptb size:4 Accuracy:0.6034+-0.0286
Beta:0.6 Ptb size:5 Accuracy:0.5910+-0.0234
Beta:0.6 Ptb size:6 Accuracy:0.5828+-0.0280
Beta:0.6 Ptb size:7 Accuracy:0.5712+-0.0282
Beta:0.6 Ptb size:8 Accuracy:0.5736+-0.0284
Beta:0.6 Ptb size:9 Accuracy:0.5608+-0.0306
Beta:0.6 Ptb size:10 Accuracy:0.5526+-0.0394
Beta:0.6 Ptb size:11 Accuracy:0.5532+-0.0330
Beta:0.6 Ptb size:12 Accuracy:0.5508+-0.0380
Beta:0.6 Ptb size:13 Accuracy:0.5418+-0.0376
Beta:0.6 Ptb size:14 Accuracy:0.5344+-0.0388
Beta:0.6 Ptb size:15 Accuracy:0.5118+-0.0365
Beta:0.6 Ptb size:16 Accuracy:0.5050+-0.0355
Beta:0.6 Ptb size:17 Accuracy:0.4944+-0.0349
Beta:0.6 Ptb size:18 Accuracy:0.4908+-0.0370
Beta:0.6 Ptb size:19 Accuracy:0.4904+-0.0391
Beta:0.6 Ptb size:20 Accuracy:0.4982+-0.0383
beta 0.7
seed 265
=== training gcn model ===
Epoch 0, training loss: 8.802675247192383
Epoch 10, training loss: 8.790946960449219
Epoch 20, training loss: 8.663214683532715
Epoch 30, training loss: 7.871048450469971
Epoch 40, training loss: 7.231021881103516
Epoch 50, training loss: 6.819352149963379
Epoch 60, training loss: 6.543473720550537
Epoch 70, training loss: 6.326601028442383
Epoch 80, training loss: 6.149407863616943
Epoch 90, training loss: 6.004897117614746
Epoch 100, training loss: 5.9200615882873535
Epoch 110, training loss: 5.904786586761475
Epoch 120, training loss: 5.781711578369141
Epoch 130, training loss: 5.729234218597412
Epoch 140, training loss: 5.638608932495117
Epoch 150, training loss: 5.630964756011963
Epoch 160, training loss: 5.605843544006348
Epoch 170, training loss: 5.470130920410156
Epoch 180, training loss: 5.431681156158447
Epoch 190, training loss: 5.409541130065918
random
Accuracy: 0.648
Accuracy: 0.641
Accuracy: 0.64
Accuracy: 0.628
Accuracy: 0.614
Accuracy: 0.595
Accuracy: 0.58
Accuracy: 0.567
Accuracy: 0.562
Accuracy: 0.55
Accuracy: 0.546
Accuracy: 0.545
Accuracy: 0.534
Accuracy: 0.533
Accuracy: 0.523
Accuracy: 0.505
Accuracy: 0.499
Accuracy: 0.483
Accuracy: 0.485
Accuracy: 0.486
Accuracy: 0.504
seed 125
=== training gcn model ===
Epoch 0, training loss: 8.802659034729004
Epoch 10, training loss: 8.786622047424316
Epoch 20, training loss: 8.648326873779297
Epoch 30, training loss: 7.670856952667236
Epoch 40, training loss: 7.117903709411621
Epoch 50, training loss: 6.6243205070495605
Epoch 60, training loss: 6.341204643249512
Epoch 70, training loss: 6.189122676849365
Epoch 80, training loss: 5.969836235046387
Epoch 90, training loss: 5.865793228149414
Epoch 100, training loss: 5.776871204376221
Epoch 110, training loss: 5.6589035987854
Epoch 120, training loss: 5.696490287780762
Epoch 130, training loss: 5.589230537414551
Epoch 140, training loss: 5.574180603027344
Epoch 150, training loss: 5.499026775360107
Epoch 160, training loss: 5.507455825805664
Epoch 170, training loss: 5.442271709442139
Epoch 180, training loss: 5.400145530700684
Epoch 190, training loss: 5.368910789489746
random
Accuracy: 0.609
Accuracy: 0.603
Accuracy: 0.571
Accuracy: 0.571
Accuracy: 0.561
Accuracy: 0.553
Accuracy: 0.534
Accuracy: 0.522
Accuracy: 0.522
Accuracy: 0.5
Accuracy: 0.507
Accuracy: 0.504
Accuracy: 0.492
Accuracy: 0.492
Accuracy: 0.48
Accuracy: 0.449
Accuracy: 0.45
Accuracy: 0.45
Accuracy: 0.445
Accuracy: 0.47
Accuracy: 0.452
seed 996
=== training gcn model ===
Epoch 0, training loss: 8.8026762008667
Epoch 10, training loss: 8.789040565490723
Epoch 20, training loss: 8.586771965026855
Epoch 30, training loss: 7.792516708374023
Epoch 40, training loss: 7.441247940063477
Epoch 50, training loss: 7.0308756828308105
Epoch 60, training loss: 6.649218559265137
Epoch 70, training loss: 6.440553188323975
Epoch 80, training loss: 6.291769027709961
Epoch 90, training loss: 6.174762725830078
Epoch 100, training loss: 6.077317237854004
Epoch 110, training loss: 5.849905967712402
Epoch 120, training loss: 5.763313293457031
Epoch 130, training loss: 5.70265531539917
Epoch 140, training loss: 5.655372619628906
Epoch 150, training loss: 5.569720268249512
Epoch 160, training loss: 5.503241062164307
Epoch 170, training loss: 5.383640289306641
Epoch 180, training loss: 5.415383338928223
Epoch 190, training loss: 5.331178188323975
random
Accuracy: 0.63
Accuracy: 0.622
Accuracy: 0.614
Accuracy: 0.595
Accuracy: 0.589
Accuracy: 0.573
Accuracy: 0.555
Accuracy: 0.546
Accuracy: 0.535
Accuracy: 0.531
Accuracy: 0.514
Accuracy: 0.515
Accuracy: 0.499
Accuracy: 0.516
Accuracy: 0.509
Accuracy: 0.456
Accuracy: 0.45
Accuracy: 0.449
Accuracy: 0.431
Accuracy: 0.446
Accuracy: 0.435
seed 527
=== training gcn model ===
Epoch 0, training loss: 8.802659034729004
Epoch 10, training loss: 8.789533615112305
Epoch 20, training loss: 8.638413429260254
Epoch 30, training loss: 7.7581400871276855
Epoch 40, training loss: 7.115668773651123
Epoch 50, training loss: 6.789650917053223
Epoch 60, training loss: 6.496461868286133
Epoch 70, training loss: 6.232150077819824
Epoch 80, training loss: 6.116330623626709
Epoch 90, training loss: 5.827581405639648
Epoch 100, training loss: 5.693089008331299
Epoch 110, training loss: 5.654715061187744
Epoch 120, training loss: 5.554210186004639
Epoch 130, training loss: 5.517819881439209
Epoch 140, training loss: 5.409873008728027
Epoch 150, training loss: 5.358861923217773
Epoch 160, training loss: 5.229913711547852
Epoch 170, training loss: 5.296084880828857
Epoch 180, training loss: 5.240416526794434
Epoch 190, training loss: 5.164100170135498
random
Accuracy: 0.625
Accuracy: 0.623
Accuracy: 0.597
Accuracy: 0.589
Accuracy: 0.568
Accuracy: 0.554
Accuracy: 0.544
Accuracy: 0.519
Accuracy: 0.515
Accuracy: 0.508
Accuracy: 0.493
Accuracy: 0.497
Accuracy: 0.489
Accuracy: 0.491
Accuracy: 0.473
Accuracy: 0.435
Accuracy: 0.439
Accuracy: 0.428
Accuracy: 0.432
Accuracy: 0.422
Accuracy: 0.428
seed 320
=== training gcn model ===
Epoch 0, training loss: 8.802695274353027
Epoch 10, training loss: 8.791720390319824
Epoch 20, training loss: 8.636773109436035
Epoch 30, training loss: 7.910209655761719
Epoch 40, training loss: 7.291356086730957
Epoch 50, training loss: 6.858983039855957
Epoch 60, training loss: 6.530932426452637
Epoch 70, training loss: 6.312565803527832
Epoch 80, training loss: 6.181450366973877
Epoch 90, training loss: 5.969650745391846
Epoch 100, training loss: 5.896268367767334
Epoch 110, training loss: 5.762479782104492
Epoch 120, training loss: 5.674823760986328
Epoch 130, training loss: 5.594408988952637
Epoch 140, training loss: 5.499663829803467
Epoch 150, training loss: 5.431926727294922
Epoch 160, training loss: 5.3744635581970215
Epoch 170, training loss: 5.325209617614746
Epoch 180, training loss: 5.276005268096924
Epoch 190, training loss: 5.220762729644775
random
Accuracy: 0.625
Accuracy: 0.631
Accuracy: 0.616
Accuracy: 0.62
Accuracy: 0.616
Accuracy: 0.61
Accuracy: 0.606
Accuracy: 0.595
Accuracy: 0.603
Accuracy: 0.589
Accuracy: 0.584
Accuracy: 0.576
Accuracy: 0.571
Accuracy: 0.564
Accuracy: 0.555
Accuracy: 0.541
Accuracy: 0.534
Accuracy: 0.534
Accuracy: 0.531
Accuracy: 0.541
Accuracy: 0.543
Beta:0.7 Ptb size:0 Accuracy:0.6274+-0.0125
Beta:0.7 Ptb size:1 Accuracy:0.6240+-0.0125
Beta:0.7 Ptb size:2 Accuracy:0.6076+-0.0229
Beta:0.7 Ptb size:3 Accuracy:0.6006+-0.0208
Beta:0.7 Ptb size:4 Accuracy:0.5896+-0.0227
Beta:0.7 Ptb size:5 Accuracy:0.5770+-0.0225
Beta:0.7 Ptb size:6 Accuracy:0.5638+-0.0261
Beta:0.7 Ptb size:7 Accuracy:0.5498+-0.0285
Beta:0.7 Ptb size:8 Accuracy:0.5474+-0.0321
Beta:0.7 Ptb size:9 Accuracy:0.5356+-0.0320
Beta:0.7 Ptb size:10 Accuracy:0.5288+-0.0326
Beta:0.7 Ptb size:11 Accuracy:0.5274+-0.0293
Beta:0.7 Ptb size:12 Accuracy:0.5170+-0.0314
Beta:0.7 Ptb size:13 Accuracy:0.5192+-0.0274
Beta:0.7 Ptb size:14 Accuracy:0.5080+-0.0298
Beta:0.7 Ptb size:15 Accuracy:0.4772+-0.0397
Beta:0.7 Ptb size:16 Accuracy:0.4744+-0.0363
Beta:0.7 Ptb size:17 Accuracy:0.4688+-0.0370
Beta:0.7 Ptb size:18 Accuracy:0.4648+-0.0385
Beta:0.7 Ptb size:19 Accuracy:0.4730+-0.0403
Beta:0.7 Ptb size:20 Accuracy:0.4724+-0.0442
beta 0.8
seed 265
=== training gcn model ===
Epoch 0, training loss: 8.8026762008667
Epoch 10, training loss: 8.789322853088379
Epoch 20, training loss: 8.6438570022583
Epoch 30, training loss: 7.998678684234619
Epoch 40, training loss: 7.274684429168701
Epoch 50, training loss: 6.859254837036133
Epoch 60, training loss: 6.611387729644775
Epoch 70, training loss: 6.395176410675049
Epoch 80, training loss: 6.183722019195557
Epoch 90, training loss: 6.0037922859191895
Epoch 100, training loss: 5.9182939529418945
Epoch 110, training loss: 5.92362642288208
Epoch 120, training loss: 5.754223823547363
Epoch 130, training loss: 5.714961051940918
Epoch 140, training loss: 5.640477657318115
Epoch 150, training loss: 5.624070644378662
Epoch 160, training loss: 5.626737594604492
Epoch 170, training loss: 5.520050525665283
Epoch 180, training loss: 5.518359661102295
Epoch 190, training loss: 5.488533973693848
random
Accuracy: 0.651
Accuracy: 0.658
Accuracy: 0.65
Accuracy: 0.626
Accuracy: 0.613
Accuracy: 0.591
Accuracy: 0.574
Accuracy: 0.566
Accuracy: 0.554
Accuracy: 0.541
Accuracy: 0.539
Accuracy: 0.543
Accuracy: 0.542
Accuracy: 0.536
Accuracy: 0.535
Accuracy: 0.512
Accuracy: 0.502
Accuracy: 0.488
Accuracy: 0.482
Accuracy: 0.478
Accuracy: 0.487
seed 125
=== training gcn model ===
Epoch 0, training loss: 8.802652359008789
Epoch 10, training loss: 8.784685134887695
Epoch 20, training loss: 8.630083084106445
Epoch 30, training loss: 7.720436096191406
Epoch 40, training loss: 7.12921142578125
Epoch 50, training loss: 6.6626362800598145
Epoch 60, training loss: 6.34348201751709
Epoch 70, training loss: 6.192446708679199
Epoch 80, training loss: 5.930098533630371
Epoch 90, training loss: 5.844727039337158
Epoch 100, training loss: 5.753821849822998
Epoch 110, training loss: 5.616681098937988
Epoch 120, training loss: 5.66912317276001
Epoch 130, training loss: 5.548309326171875
Epoch 140, training loss: 5.555123329162598
Epoch 150, training loss: 5.479345321655273
Epoch 160, training loss: 5.475947380065918
Epoch 170, training loss: 5.4145121574401855
Epoch 180, training loss: 5.3821940422058105
Epoch 190, training loss: 5.355712890625
random
Accuracy: 0.584
Accuracy: 0.574
Accuracy: 0.566
Accuracy: 0.564
Accuracy: 0.537
Accuracy: 0.525
Accuracy: 0.515
Accuracy: 0.503
Accuracy: 0.509
Accuracy: 0.494
Accuracy: 0.48
Accuracy: 0.488
Accuracy: 0.483
Accuracy: 0.497
Accuracy: 0.482
Accuracy: 0.452
Accuracy: 0.453
Accuracy: 0.452
Accuracy: 0.434
Accuracy: 0.432
Accuracy: 0.436
seed 996
=== training gcn model ===
Epoch 0, training loss: 8.80267333984375
Epoch 10, training loss: 8.786934852600098
Epoch 20, training loss: 8.58292293548584
Epoch 30, training loss: 7.759044170379639
Epoch 40, training loss: 7.432386875152588
Epoch 50, training loss: 7.079851150512695
Epoch 60, training loss: 6.6548871994018555
Epoch 70, training loss: 6.486598968505859
Epoch 80, training loss: 6.32982873916626
Epoch 90, training loss: 6.176609516143799
Epoch 100, training loss: 6.069527626037598
Epoch 110, training loss: 5.836957931518555
Epoch 120, training loss: 5.769610404968262
Epoch 130, training loss: 5.709658622741699
Epoch 140, training loss: 5.661489963531494
Epoch 150, training loss: 5.583597183227539
Epoch 160, training loss: 5.512549877166748
Epoch 170, training loss: 5.397299766540527
Epoch 180, training loss: 5.438615322113037
Epoch 190, training loss: 5.341744899749756
random
Accuracy: 0.621
Accuracy: 0.628
Accuracy: 0.618
Accuracy: 0.602
Accuracy: 0.583
Accuracy: 0.573
Accuracy: 0.557
Accuracy: 0.552
Accuracy: 0.534
Accuracy: 0.52
Accuracy: 0.517
Accuracy: 0.529
Accuracy: 0.518
Accuracy: 0.512
Accuracy: 0.509
Accuracy: 0.503
Accuracy: 0.49
Accuracy: 0.488
Accuracy: 0.485
Accuracy: 0.478
Accuracy: 0.46
seed 527
=== training gcn model ===
Epoch 0, training loss: 8.802655220031738
Epoch 10, training loss: 8.787293434143066
Epoch 20, training loss: 8.62189769744873
Epoch 30, training loss: 7.7900071144104
Epoch 40, training loss: 7.114422798156738
Epoch 50, training loss: 6.789670944213867
Epoch 60, training loss: 6.518187999725342
Epoch 70, training loss: 6.29802942276001
Epoch 80, training loss: 6.202022552490234
Epoch 90, training loss: 5.884557247161865
Epoch 100, training loss: 5.742496967315674
Epoch 110, training loss: 5.658957004547119
Epoch 120, training loss: 5.552978515625
Epoch 130, training loss: 5.507767200469971
Epoch 140, training loss: 5.391829490661621
Epoch 150, training loss: 5.35222053527832
Epoch 160, training loss: 5.235429286956787
Epoch 170, training loss: 5.260153770446777
Epoch 180, training loss: 5.218732833862305
Epoch 190, training loss: 5.147139072418213
random
Accuracy: 0.632
Accuracy: 0.631
Accuracy: 0.622
Accuracy: 0.62
Accuracy: 0.6
Accuracy: 0.585
Accuracy: 0.572
Accuracy: 0.567
Accuracy: 0.577
Accuracy: 0.563
Accuracy: 0.561
Accuracy: 0.571
Accuracy: 0.565
Accuracy: 0.56
Accuracy: 0.54
Accuracy: 0.486
Accuracy: 0.478
Accuracy: 0.486
Accuracy: 0.477
Accuracy: 0.468
Accuracy: 0.502
seed 320
=== training gcn model ===
Epoch 0, training loss: 8.802691459655762
Epoch 10, training loss: 8.790287971496582
Epoch 20, training loss: 8.61970329284668
Epoch 30, training loss: 7.9189558029174805
Epoch 40, training loss: 7.297234535217285
Epoch 50, training loss: 6.87876033782959
Epoch 60, training loss: 6.526787281036377
Epoch 70, training loss: 6.319336414337158
Epoch 80, training loss: 6.154737949371338
Epoch 90, training loss: 5.9273905754089355
Epoch 100, training loss: 5.863533973693848
Epoch 110, training loss: 5.724766254425049
Epoch 120, training loss: 5.648805141448975
Epoch 130, training loss: 5.589076042175293
Epoch 140, training loss: 5.464410781860352
Epoch 150, training loss: 5.424831390380859
Epoch 160, training loss: 5.330947399139404
Epoch 170, training loss: 5.27575159072876
Epoch 180, training loss: 5.232289791107178
Epoch 190, training loss: 5.178670883178711
random
Accuracy: 0.65
Accuracy: 0.641
Accuracy: 0.639
Accuracy: 0.635
Accuracy: 0.628
Accuracy: 0.614
Accuracy: 0.615
Accuracy: 0.602
Accuracy: 0.587
Accuracy: 0.568
Accuracy: 0.545
Accuracy: 0.535
Accuracy: 0.515
Accuracy: 0.5
Accuracy: 0.478
Accuracy: 0.535
Accuracy: 0.522
Accuracy: 0.513
Accuracy: 0.516
Accuracy: 0.517
Accuracy: 0.512
Beta:0.8 Ptb size:0 Accuracy:0.6276+-0.0245
Beta:0.8 Ptb size:1 Accuracy:0.6264+-0.0282
Beta:0.8 Ptb size:2 Accuracy:0.6190+-0.0289
Beta:0.8 Ptb size:3 Accuracy:0.6094+-0.0251
Beta:0.8 Ptb size:4 Accuracy:0.5922+-0.0313
Beta:0.8 Ptb size:5 Accuracy:0.5776+-0.0295
Beta:0.8 Ptb size:6 Accuracy:0.5666+-0.0322
Beta:0.8 Ptb size:7 Accuracy:0.5580+-0.0321
Beta:0.8 Ptb size:8 Accuracy:0.5522+-0.0284
Beta:0.8 Ptb size:9 Accuracy:0.5372+-0.0275
Beta:0.8 Ptb size:10 Accuracy:0.5284+-0.0280
Beta:0.8 Ptb size:11 Accuracy:0.5332+-0.0268
Beta:0.8 Ptb size:12 Accuracy:0.5246+-0.0276
Beta:0.8 Ptb size:13 Accuracy:0.5210+-0.0238
Beta:0.8 Ptb size:14 Accuracy:0.5088+-0.0258
Beta:0.8 Ptb size:15 Accuracy:0.4976+-0.0277
Beta:0.8 Ptb size:16 Accuracy:0.4890+-0.0231
Beta:0.8 Ptb size:17 Accuracy:0.4854+-0.0194
Beta:0.8 Ptb size:18 Accuracy:0.4788+-0.0262
Beta:0.8 Ptb size:19 Accuracy:0.4746+-0.0271
Beta:0.8 Ptb size:20 Accuracy:0.4794+-0.0279
beta 0.9
seed 265
=== training gcn model ===
Epoch 0, training loss: 8.802675247192383
Epoch 10, training loss: 8.787887573242188
Epoch 20, training loss: 8.616556167602539
Epoch 30, training loss: 8.079022407531738
Epoch 40, training loss: 7.296661376953125
Epoch 50, training loss: 6.865058898925781
Epoch 60, training loss: 6.630000591278076
Epoch 70, training loss: 6.418127536773682
Epoch 80, training loss: 6.177780628204346
Epoch 90, training loss: 5.998700141906738
Epoch 100, training loss: 5.889710903167725
Epoch 110, training loss: 5.886958122253418
Epoch 120, training loss: 5.7064971923828125
Epoch 130, training loss: 5.678132057189941
Epoch 140, training loss: 5.603096961975098
Epoch 150, training loss: 5.587559700012207
Epoch 160, training loss: 5.580536842346191
Epoch 170, training loss: 5.491031646728516
Epoch 180, training loss: 5.491015911102295
Epoch 190, training loss: 5.460750102996826
random
Accuracy: 0.64
Accuracy: 0.645
Accuracy: 0.635
Accuracy: 0.633
Accuracy: 0.62
Accuracy: 0.607
Accuracy: 0.585
Accuracy: 0.586
Accuracy: 0.568
Accuracy: 0.544
Accuracy: 0.545
Accuracy: 0.54
Accuracy: 0.523
Accuracy: 0.519
Accuracy: 0.51
Accuracy: 0.495
Accuracy: 0.476
Accuracy: 0.465
Accuracy: 0.466
Accuracy: 0.472
Accuracy: 0.471
seed 125
=== training gcn model ===
Epoch 0, training loss: 8.80264949798584
Epoch 10, training loss: 8.78245735168457
Epoch 20, training loss: 8.61475944519043
Epoch 30, training loss: 7.758661270141602
Epoch 40, training loss: 7.10546875
Epoch 50, training loss: 6.65470027923584
Epoch 60, training loss: 6.381143569946289
Epoch 70, training loss: 6.176970481872559
Epoch 80, training loss: 5.890079498291016
Epoch 90, training loss: 5.809057235717773
Epoch 100, training loss: 5.714944839477539
Epoch 110, training loss: 5.581114292144775
Epoch 120, training loss: 5.624034881591797
Epoch 130, training loss: 5.513333797454834
Epoch 140, training loss: 5.492502212524414
Epoch 150, training loss: 5.424965858459473
Epoch 160, training loss: 5.416916847229004
Epoch 170, training loss: 5.34923791885376
Epoch 180, training loss: 5.312511920928955
Epoch 190, training loss: 5.284658908843994
random
Accuracy: 0.58
Accuracy: 0.578
Accuracy: 0.577
Accuracy: 0.573
Accuracy: 0.555
Accuracy: 0.542
Accuracy: 0.529
Accuracy: 0.527
Accuracy: 0.535
Accuracy: 0.537
Accuracy: 0.503
Accuracy: 0.52
Accuracy: 0.512
Accuracy: 0.509
Accuracy: 0.5
Accuracy: 0.496
Accuracy: 0.486
Accuracy: 0.493
Accuracy: 0.494
Accuracy: 0.484
Accuracy: 0.478
seed 996
=== training gcn model ===
Epoch 0, training loss: 8.802671432495117
Epoch 10, training loss: 8.785379409790039
Epoch 20, training loss: 8.568798065185547
Epoch 30, training loss: 7.751917362213135
Epoch 40, training loss: 7.393380165100098
Epoch 50, training loss: 7.088484287261963
Epoch 60, training loss: 6.695335865020752
Epoch 70, training loss: 6.49946928024292
Epoch 80, training loss: 6.348271369934082
Epoch 90, training loss: 6.198706150054932
Epoch 100, training loss: 6.0775885581970215
Epoch 110, training loss: 5.846660614013672
Epoch 120, training loss: 5.760937690734863
Epoch 130, training loss: 5.71428108215332
Epoch 140, training loss: 5.657476902008057
Epoch 150, training loss: 5.576539993286133
Epoch 160, training loss: 5.528952121734619
Epoch 170, training loss: 5.420048713684082
Epoch 180, training loss: 5.4253010749816895
Epoch 190, training loss: 5.342434883117676
random
Accuracy: 0.62
Accuracy: 0.617
Accuracy: 0.621
Accuracy: 0.599
Accuracy: 0.575
Accuracy: 0.562
Accuracy: 0.55
Accuracy: 0.55
Accuracy: 0.537
Accuracy: 0.521
Accuracy: 0.5
Accuracy: 0.507
Accuracy: 0.503
Accuracy: 0.497
Accuracy: 0.483
Accuracy: 0.48
Accuracy: 0.476
Accuracy: 0.461
Accuracy: 0.457
Accuracy: 0.442
Accuracy: 0.435
seed 527
=== training gcn model ===
Epoch 0, training loss: 8.802656173706055
Epoch 10, training loss: 8.785938262939453
Epoch 20, training loss: 8.604740142822266
Epoch 30, training loss: 7.865457057952881
Epoch 40, training loss: 7.1202239990234375
Epoch 50, training loss: 6.756141662597656
Epoch 60, training loss: 6.521326541900635
Epoch 70, training loss: 6.269522190093994
Epoch 80, training loss: 6.2199835777282715
Epoch 90, training loss: 5.937453746795654
Epoch 100, training loss: 5.8080315589904785
Epoch 110, training loss: 5.705432415008545
Epoch 120, training loss: 5.557316303253174
Epoch 130, training loss: 5.519960880279541
Epoch 140, training loss: 5.400980472564697
Epoch 150, training loss: 5.344562530517578
Epoch 160, training loss: 5.2133026123046875
Epoch 170, training loss: 5.241498947143555
Epoch 180, training loss: 5.187678337097168
Epoch 190, training loss: 5.114487648010254
random
Accuracy: 0.622
Accuracy: 0.623
Accuracy: 0.624
Accuracy: 0.615
Accuracy: 0.612
Accuracy: 0.614
Accuracy: 0.598
Accuracy: 0.594
Accuracy: 0.577
Accuracy: 0.581
Accuracy: 0.578
Accuracy: 0.574
Accuracy: 0.553
Accuracy: 0.55
Accuracy: 0.527
Accuracy: 0.538
Accuracy: 0.535
Accuracy: 0.54
Accuracy: 0.537
Accuracy: 0.537
Accuracy: 0.541
seed 320
=== training gcn model ===
Epoch 0, training loss: 8.802692413330078
Epoch 10, training loss: 8.789220809936523
Epoch 20, training loss: 8.586405754089355
Epoch 30, training loss: 7.910646438598633
Epoch 40, training loss: 7.276974201202393
Epoch 50, training loss: 6.908192157745361
Epoch 60, training loss: 6.514549255371094
Epoch 70, training loss: 6.324209690093994
Epoch 80, training loss: 6.146002292633057
Epoch 90, training loss: 5.933565139770508
Epoch 100, training loss: 5.853525161743164
Epoch 110, training loss: 5.734042644500732
Epoch 120, training loss: 5.660429954528809
Epoch 130, training loss: 5.566659927368164
Epoch 140, training loss: 5.456233501434326
Epoch 150, training loss: 5.429566860198975
Epoch 160, training loss: 5.333804130554199
Epoch 170, training loss: 5.253016471862793
Epoch 180, training loss: 5.219611644744873
Epoch 190, training loss: 5.162935256958008
random
Accuracy: 0.642
Accuracy: 0.643
Accuracy: 0.624
Accuracy: 0.61
Accuracy: 0.591
Accuracy: 0.571
Accuracy: 0.555
Accuracy: 0.536
Accuracy: 0.523
Accuracy: 0.511
Accuracy: 0.494
Accuracy: 0.475
Accuracy: 0.474
Accuracy: 0.468
Accuracy: 0.463
Accuracy: 0.485
Accuracy: 0.467
Accuracy: 0.445
Accuracy: 0.444
Accuracy: 0.439
Accuracy: 0.441
Beta:0.9 Ptb size:0 Accuracy:0.6208+-0.0223
Beta:0.9 Ptb size:1 Accuracy:0.6212+-0.0242
Beta:0.9 Ptb size:2 Accuracy:0.6162+-0.0202
Beta:0.9 Ptb size:3 Accuracy:0.6060+-0.0198
Beta:0.9 Ptb size:4 Accuracy:0.5906+-0.0238
Beta:0.9 Ptb size:5 Accuracy:0.5792+-0.0273
Beta:0.9 Ptb size:6 Accuracy:0.5634+-0.0249
Beta:0.9 Ptb size:7 Accuracy:0.5586+-0.0268
Beta:0.9 Ptb size:8 Accuracy:0.5480+-0.0208
Beta:0.9 Ptb size:9 Accuracy:0.5388+-0.0241
Beta:0.9 Ptb size:10 Accuracy:0.5240+-0.0325
Beta:0.9 Ptb size:11 Accuracy:0.5232+-0.0330
Beta:0.9 Ptb size:12 Accuracy:0.5130+-0.0258
Beta:0.9 Ptb size:13 Accuracy:0.5086+-0.0269
Beta:0.9 Ptb size:14 Accuracy:0.4966+-0.0220
Beta:0.9 Ptb size:15 Accuracy:0.4988+-0.0205
Beta:0.9 Ptb size:16 Accuracy:0.4880+-0.0243
Beta:0.9 Ptb size:17 Accuracy:0.4808+-0.0334
Beta:0.9 Ptb size:18 Accuracy:0.4796+-0.0331
Beta:0.9 Ptb size:19 Accuracy:0.4748+-0.0355
Beta:0.9 Ptb size:20 Accuracy:0.4732+-0.0377
