nohup: ignoring input
run_robust_acc.py:14: DeprecationWarning: the imp module is deprecated in favour of importlib; see the module's documentation for alternative uses
  import imp
Namespace(add_edge_rate_1=0, add_edge_rate_2=0, attack='random', base_model='GCN', cl_activation='relu', cl_base_model='GCNConv', cl_lr=0.0005, cl_num_epochs=200, cl_num_layers=2, cl_num_proj_hidden=128, cl_weight_decay=1e-05, clf_weight=1, config='config.yaml', cont_batch_size=0, cont_weight=1, cuda=True, dataset='Citeseer', debug=True, device_id=0, drop_edge_rate_1=0.2, drop_edge_rate_2=0, drop_feat_rate_1=0.3, drop_feat_rate_2=0.2, dropout=0.5, encoder_model='Grace', hidden=128, if_smoothed=True, inv_weight=1, no_cuda=False, noisy_level=0.3, num_hidden=128, num_proj_hidden=128, num_repeat=5, prob=0.8, seed=10, select_target_ratio=0.1, tau=0.1, test_model='GCN', train_lr=0.01, weight_decay=0.0005)
beta 0.1
seed 265
=== training gcn model ===
Epoch 0, training loss: 8.80273723602295
Epoch 10, training loss: 8.798489570617676
Epoch 20, training loss: 8.701526641845703
Epoch 30, training loss: 7.9050068855285645
Epoch 40, training loss: 7.275834083557129
Epoch 50, training loss: 6.865897178649902
Epoch 60, training loss: 6.6661057472229
Epoch 70, training loss: 6.502702713012695
Epoch 80, training loss: 6.325313091278076
Epoch 90, training loss: 6.232193470001221
Epoch 100, training loss: 6.165860652923584
Epoch 110, training loss: 6.085566520690918
Epoch 120, training loss: 5.922397613525391
Epoch 130, training loss: 5.875236511230469
Epoch 140, training loss: 5.820937156677246
Epoch 150, training loss: 5.797890663146973
Epoch 160, training loss: 5.743581295013428
Epoch 170, training loss: 5.613774299621582
Epoch 180, training loss: 5.568020343780518
Epoch 190, training loss: 5.537189483642578
random
Perturbation Size:0
Ptb size: 0 Accuracy: 0.655
Perturbation Size:1
Ptb size: 1 Accuracy: 0.652
Perturbation Size:2
Ptb size: 2 Accuracy: 0.639
Perturbation Size:3
Ptb size: 3 Accuracy: 0.623
Perturbation Size:4
Ptb size: 4 Accuracy: 0.623
Perturbation Size:5
Ptb size: 5 Accuracy: 0.6
Perturbation Size:6
Ptb size: 6 Accuracy: 0.575
Perturbation Size:7
Ptb size: 7 Accuracy: 0.591
Perturbation Size:8
Ptb size: 8 Accuracy: 0.578
Perturbation Size:9
Ptb size: 9 Accuracy: 0.573
Perturbation Size:10
Ptb size: 10 Accuracy: 0.577
Perturbation Size:11
Ptb size: 11 Accuracy: 0.573
Perturbation Size:12
Ptb size: 12 Accuracy: 0.559
Perturbation Size:13
Ptb size: 13 Accuracy: 0.567
Perturbation Size:14
Ptb size: 14 Accuracy: 0.561
Perturbation Size:15
Ptb size: 15 Accuracy: 0.548
Perturbation Size:16
Ptb size: 16 Accuracy: 0.549
Perturbation Size:17
Ptb size: 17 Accuracy: 0.547
Perturbation Size:18
Ptb size: 18 Accuracy: 0.545
Perturbation Size:19
Ptb size: 19 Accuracy: 0.544
Perturbation Size:20
Ptb size: 20 Accuracy: 0.549
seed 125
=== training gcn model ===
Epoch 0, training loss: 8.802717208862305
Epoch 10, training loss: 8.79643440246582
Epoch 20, training loss: 8.603591918945312
Epoch 30, training loss: 7.864401340484619
Epoch 40, training loss: 7.374889373779297
Epoch 50, training loss: 6.983205795288086
Epoch 60, training loss: 6.772038459777832
Epoch 70, training loss: 6.618907451629639
Epoch 80, training loss: 6.4089436531066895
Epoch 90, training loss: 6.307100772857666
Epoch 100, training loss: 6.184357643127441
Epoch 110, training loss: 6.0011091232299805
Epoch 120, training loss: 5.9962897300720215
Epoch 130, training loss: 5.895663261413574
Epoch 140, training loss: 5.843657493591309
Epoch 150, training loss: 5.727334022521973
Epoch 160, training loss: 5.700660705566406
Epoch 170, training loss: 5.610128402709961
Epoch 180, training loss: 5.556920051574707
Epoch 190, training loss: 5.549213409423828
random
Perturbation Size:0
Ptb size: 0 Accuracy: 0.596
Perturbation Size:1
Ptb size: 1 Accuracy: 0.604
Perturbation Size:2
Ptb size: 2 Accuracy: 0.609
Perturbation Size:3
Ptb size: 3 Accuracy: 0.609
Perturbation Size:4
Ptb size: 4 Accuracy: 0.622
Perturbation Size:5
Ptb size: 5 Accuracy: 0.613
Perturbation Size:6
Ptb size: 6 Accuracy: 0.616
Perturbation Size:7
Ptb size: 7 Accuracy: 0.619
Perturbation Size:8
Ptb size: 8 Accuracy: 0.614
Perturbation Size:9
Ptb size: 9 Accuracy: 0.607
Perturbation Size:10
Ptb size: 10 Accuracy: 0.573
Perturbation Size:11
Ptb size: 11 Accuracy: 0.565
Perturbation Size:12
Ptb size: 12 Accuracy: 0.567
Perturbation Size:13
Ptb size: 13 Accuracy: 0.546
Perturbation Size:14
Ptb size: 14 Accuracy: 0.543
Perturbation Size:15
Ptb size: 15 Accuracy: 0.577
Perturbation Size:16
Ptb size: 16 Accuracy: 0.55
Perturbation Size:17
Ptb size: 17 Accuracy: 0.545
Perturbation Size:18
Ptb size: 18 Accuracy: 0.541
Perturbation Size:19
Ptb size: 19 Accuracy: 0.529
Perturbation Size:20
Ptb size: 20 Accuracy: 0.508
seed 996
=== training gcn model ===
Epoch 0, training loss: 8.802730560302734
Epoch 10, training loss: 8.797452926635742
Epoch 20, training loss: 8.59209156036377
Epoch 30, training loss: 8.11842155456543
Epoch 40, training loss: 7.640430450439453
Epoch 50, training loss: 7.1907196044921875
Epoch 60, training loss: 6.814379692077637
Epoch 70, training loss: 6.633958339691162
Epoch 80, training loss: 6.440928936004639
Epoch 90, training loss: 6.369510173797607
Epoch 100, training loss: 6.295695781707764
Epoch 110, training loss: 6.09529972076416
Epoch 120, training loss: 6.026726245880127
Epoch 130, training loss: 5.991674423217773
Epoch 140, training loss: 5.927633285522461
Epoch 150, training loss: 5.817239761352539
Epoch 160, training loss: 5.802980422973633
Epoch 170, training loss: 5.688999652862549
Epoch 180, training loss: 5.672905921936035
Epoch 190, training loss: 5.616357326507568
random
Perturbation Size:0
Ptb size: 0 Accuracy: 0.643
Perturbation Size:1
Ptb size: 1 Accuracy: 0.65
Perturbation Size:2
Ptb size: 2 Accuracy: 0.643
Perturbation Size:3
Ptb size: 3 Accuracy: 0.628
Perturbation Size:4
Ptb size: 4 Accuracy: 0.629
Perturbation Size:5
Ptb size: 5 Accuracy: 0.629
Perturbation Size:6
Ptb size: 6 Accuracy: 0.633
Perturbation Size:7
Ptb size: 7 Accuracy: 0.618
Perturbation Size:8
Ptb size: 8 Accuracy: 0.618
Perturbation Size:9
Ptb size: 9 Accuracy: 0.61
Perturbation Size:10
Ptb size: 10 Accuracy: 0.615
Perturbation Size:11
Ptb size: 11 Accuracy: 0.614
Perturbation Size:12
Ptb size: 12 Accuracy: 0.585
Perturbation Size:13
Ptb size: 13 Accuracy: 0.572
Perturbation Size:14
Ptb size: 14 Accuracy: 0.57
Perturbation Size:15
Ptb size: 15 Accuracy: 0.577
Perturbation Size:16
Ptb size: 16 Accuracy: 0.573
Perturbation Size:17
Ptb size: 17 Accuracy: 0.577
Perturbation Size:18
Ptb size: 18 Accuracy: 0.579
Perturbation Size:19
Ptb size: 19 Accuracy: 0.576
Perturbation Size:20
Ptb size: 20 Accuracy: 0.57
seed 527
=== training gcn model ===
Epoch 0, training loss: 8.802711486816406
Epoch 10, training loss: 8.797300338745117
Epoch 20, training loss: 8.638031959533691
Epoch 30, training loss: 7.770766735076904
Epoch 40, training loss: 7.353286266326904
Epoch 50, training loss: 6.956211090087891
Epoch 60, training loss: 6.673951148986816
Epoch 70, training loss: 6.434779644012451
Epoch 80, training loss: 6.379769802093506
Epoch 90, training loss: 6.156800746917725
Epoch 100, training loss: 6.032479286193848
Epoch 110, training loss: 5.96754789352417
Epoch 120, training loss: 5.92270565032959
Epoch 130, training loss: 5.874314308166504
Epoch 140, training loss: 5.790005207061768
Epoch 150, training loss: 5.708892822265625
Epoch 160, training loss: 5.599605560302734
Epoch 170, training loss: 5.675182342529297
Epoch 180, training loss: 5.601006507873535
Epoch 190, training loss: 5.533284664154053
random
Perturbation Size:0
Ptb size: 0 Accuracy: 0.651
Perturbation Size:1
Ptb size: 1 Accuracy: 0.644
Perturbation Size:2
Ptb size: 2 Accuracy: 0.645
Perturbation Size:3
Ptb size: 3 Accuracy: 0.641
Perturbation Size:4
Ptb size: 4 Accuracy: 0.627
Perturbation Size:5
Ptb size: 5 Accuracy: 0.622
Perturbation Size:6
Ptb size: 6 Accuracy: 0.612
Perturbation Size:7
Ptb size: 7 Accuracy: 0.608
Perturbation Size:8
Ptb size: 8 Accuracy: 0.605
Perturbation Size:9
Ptb size: 9 Accuracy: 0.596
Perturbation Size:10
Ptb size: 10 Accuracy: 0.599
Perturbation Size:11
Ptb size: 11 Accuracy: 0.591
Perturbation Size:12
Ptb size: 12 Accuracy: 0.586
Perturbation Size:13
Ptb size: 13 Accuracy: 0.584
Perturbation Size:14
Ptb size: 14 Accuracy: 0.577
Perturbation Size:15
Ptb size: 15 Accuracy: 0.569
Perturbation Size:16
Ptb size: 16 Accuracy: 0.56
Perturbation Size:17
Ptb size: 17 Accuracy: 0.543
Perturbation Size:18
Ptb size: 18 Accuracy: 0.544
Perturbation Size:19
Ptb size: 19 Accuracy: 0.554
Perturbation Size:20
Ptb size: 20 Accuracy: 0.543
seed 320
=== training gcn model ===
Epoch 0, training loss: 8.802740097045898
Epoch 10, training loss: 8.797713279724121
Epoch 20, training loss: 8.636459350585938
Epoch 30, training loss: 8.035409927368164
Epoch 40, training loss: 7.526072978973389
Epoch 50, training loss: 7.144317626953125
Epoch 60, training loss: 6.872043609619141
Epoch 70, training loss: 6.712661266326904
Epoch 80, training loss: 6.554769992828369
Epoch 90, training loss: 6.350213527679443
Epoch 100, training loss: 6.270039081573486
Epoch 110, training loss: 6.1100382804870605
Epoch 120, training loss: 6.010220527648926
Epoch 130, training loss: 5.930354595184326
Epoch 140, training loss: 5.7968645095825195
Epoch 150, training loss: 5.747309684753418
Epoch 160, training loss: 5.677327632904053
Epoch 170, training loss: 5.5989766120910645
Epoch 180, training loss: 5.562595367431641
Epoch 190, training loss: 5.492100715637207
random
Perturbation Size:0
Ptb size: 0 Accuracy: 0.655
Perturbation Size:1
Ptb size: 1 Accuracy: 0.664
Perturbation Size:2
Ptb size: 2 Accuracy: 0.673
Perturbation Size:3
Ptb size: 3 Accuracy: 0.653
Perturbation Size:4
Ptb size: 4 Accuracy: 0.654
Perturbation Size:5
Ptb size: 5 Accuracy: 0.639
Perturbation Size:6
Ptb size: 6 Accuracy: 0.637
Perturbation Size:7
Ptb size: 7 Accuracy: 0.638
Perturbation Size:8
Ptb size: 8 Accuracy: 0.637
Perturbation Size:9
Ptb size: 9 Accuracy: 0.622
Perturbation Size:10
Ptb size: 10 Accuracy: 0.58
Perturbation Size:11
Ptb size: 11 Accuracy: 0.596
Perturbation Size:12
Ptb size: 12 Accuracy: 0.598
Perturbation Size:13
Ptb size: 13 Accuracy: 0.576
Perturbation Size:14
Ptb size: 14 Accuracy: 0.579
Perturbation Size:15
Ptb size: 15 Accuracy: 0.567
Perturbation Size:16
Ptb size: 16 Accuracy: 0.563
Perturbation Size:17
Ptb size: 17 Accuracy: 0.554
Perturbation Size:18
Ptb size: 18 Accuracy: 0.552
Perturbation Size:19
Ptb size: 19 Accuracy: 0.55
Perturbation Size:20
Ptb size: 20 Accuracy: 0.555
Beta:0.1 Ptb size:0 Accuracy:0.64+-0.022432119828495942
Beta:0.1 Ptb size:1 Accuracy:0.6428+-0.02045873896407109
Beta:0.1 Ptb size:2 Accuracy:0.6418+-0.020341091416145807
Beta:0.1 Ptb size:3 Accuracy:0.6308+-0.01510496607079938
Beta:0.1 Ptb size:4 Accuracy:0.631+-0.011781341180018523
Beta:0.1 Ptb size:5 Accuracy:0.6205999999999999+-0.013365627557282909
Beta:0.1 Ptb size:6 Accuracy:0.6146+-0.021987269043698923
Beta:0.1 Ptb size:7 Accuracy:0.6148+-0.0153544781741354
Beta:0.1 Ptb size:8 Accuracy:0.6104+-0.01927277873063458
Beta:0.1 Ptb size:9 Accuracy:0.6016+-0.016523922052587892
Beta:0.1 Ptb size:10 Accuracy:0.5888+-0.015854336946085144
Beta:0.1 Ptb size:11 Accuracy:0.5878+-0.017336666346215484
Beta:0.1 Ptb size:12 Accuracy:0.579+-0.01407124727947027
Beta:0.1 Ptb size:13 Accuracy:0.5690000000000001+-0.01277497553813702
Beta:0.1 Ptb size:14 Accuracy:0.5660000000000001+-0.013114877048603965
Beta:0.1 Ptb size:15 Accuracy:0.5676+-0.010613199329137247
Beta:0.1 Ptb size:16 Accuracy:0.5589999999999999+-0.008876936408468821
Beta:0.1 Ptb size:17 Accuracy:0.5532+-0.012464349160706274
Beta:0.1 Ptb size:18 Accuracy:0.5522+-0.013876599006961293
Beta:0.1 Ptb size:19 Accuracy:0.5506+-0.0152787434038274
Beta:0.1 Ptb size:20 Accuracy:0.545+-0.020562101059959793
beta 0.2
seed 265
=== training gcn model ===
Epoch 0, training loss: 8.802727699279785
Epoch 10, training loss: 8.79809856414795
Epoch 20, training loss: 8.689499855041504
Epoch 30, training loss: 7.858579158782959
Epoch 40, training loss: 7.251555442810059
Epoch 50, training loss: 6.825947284698486
Epoch 60, training loss: 6.609135150909424
Epoch 70, training loss: 6.467034339904785
Epoch 80, training loss: 6.297966957092285
Epoch 90, training loss: 6.196537017822266
Epoch 100, training loss: 6.0932159423828125
Epoch 110, training loss: 6.0250372886657715
Epoch 120, training loss: 5.889557838439941
Epoch 130, training loss: 5.810665130615234
Epoch 140, training loss: 5.728010177612305
Epoch 150, training loss: 5.753377914428711
Epoch 160, training loss: 5.709508895874023
Epoch 170, training loss: 5.581518173217773
Epoch 180, training loss: 5.534643173217773
Epoch 190, training loss: 5.513966083526611
random
Perturbation Size:0
Ptb size: 0 Accuracy: 0.676
Perturbation Size:1
Ptb size: 1 Accuracy: 0.668
Perturbation Size:2
Ptb size: 2 Accuracy: 0.668
Perturbation Size:3
Ptb size: 3 Accuracy: 0.658
Perturbation Size:4
Ptb size: 4 Accuracy: 0.662
Perturbation Size:5
Ptb size: 5 Accuracy: 0.638
Perturbation Size:6
Ptb size: 6 Accuracy: 0.637
Perturbation Size:7
Ptb size: 7 Accuracy: 0.624
Perturbation Size:8
Ptb size: 8 Accuracy: 0.612
Perturbation Size:9
Ptb size: 9 Accuracy: 0.607
Perturbation Size:10
Ptb size: 10 Accuracy: 0.608
Perturbation Size:11
Ptb size: 11 Accuracy: 0.6
Perturbation Size:12
Ptb size: 12 Accuracy: 0.591
Perturbation Size:13
Ptb size: 13 Accuracy: 0.597
Perturbation Size:14
Ptb size: 14 Accuracy: 0.587
Perturbation Size:15
Ptb size: 15 Accuracy: 0.552
Perturbation Size:16
Ptb size: 16 Accuracy: 0.549
Perturbation Size:17
Ptb size: 17 Accuracy: 0.547
Perturbation Size:18
Ptb size: 18 Accuracy: 0.543
Perturbation Size:19
Ptb size: 19 Accuracy: 0.551
Perturbation Size:20
Ptb size: 20 Accuracy: 0.555
seed 125
=== training gcn model ===
Epoch 0, training loss: 8.802700996398926
Epoch 10, training loss: 8.795680046081543
Epoch 20, training loss: 8.583769798278809
Epoch 30, training loss: 7.796299934387207
Epoch 40, training loss: 7.32468843460083
Epoch 50, training loss: 6.884115695953369
Epoch 60, training loss: 6.655024528503418
Epoch 70, training loss: 6.54679536819458
Epoch 80, training loss: 6.338279724121094
Epoch 90, training loss: 6.221587181091309
Epoch 100, training loss: 6.094115257263184
Epoch 110, training loss: 5.940384387969971
Epoch 120, training loss: 5.917298793792725
Epoch 130, training loss: 5.813007354736328
Epoch 140, training loss: 5.769320011138916
Epoch 150, training loss: 5.625814437866211
Epoch 160, training loss: 5.618357181549072
Epoch 170, training loss: 5.5562334060668945
Epoch 180, training loss: 5.509053707122803
Epoch 190, training loss: 5.473343372344971
random
Perturbation Size:0
Ptb size: 0 Accuracy: 0.596
Perturbation Size:1
Ptb size: 1 Accuracy: 0.61
Perturbation Size:2
Ptb size: 2 Accuracy: 0.618
Perturbation Size:3
Ptb size: 3 Accuracy: 0.615
Perturbation Size:4
Ptb size: 4 Accuracy: 0.615
Perturbation Size:5
Ptb size: 5 Accuracy: 0.62
Perturbation Size:6
Ptb size: 6 Accuracy: 0.614
Perturbation Size:7
Ptb size: 7 Accuracy: 0.614
Perturbation Size:8
Ptb size: 8 Accuracy: 0.619
Perturbation Size:9
Ptb size: 9 Accuracy: 0.615
Perturbation Size:10
Ptb size: 10 Accuracy: 0.596
Perturbation Size:11
Ptb size: 11 Accuracy: 0.592
Perturbation Size:12
Ptb size: 12 Accuracy: 0.574
Perturbation Size:13
Ptb size: 13 Accuracy: 0.585
Perturbation Size:14
Ptb size: 14 Accuracy: 0.581
Perturbation Size:15
Ptb size: 15 Accuracy: 0.58
Perturbation Size:16
Ptb size: 16 Accuracy: 0.583
Perturbation Size:17
Ptb size: 17 Accuracy: 0.572
Perturbation Size:18
Ptb size: 18 Accuracy: 0.561
Perturbation Size:19
Ptb size: 19 Accuracy: 0.571
Perturbation Size:20
Ptb size: 20 Accuracy: 0.572
seed 996
=== training gcn model ===
Epoch 0, training loss: 8.802719116210938
Epoch 10, training loss: 8.796577453613281
Epoch 20, training loss: 8.561053276062012
Epoch 30, training loss: 8.083952903747559
Epoch 40, training loss: 7.601161479949951
Epoch 50, training loss: 7.169929504394531
Epoch 60, training loss: 6.822494029998779
Epoch 70, training loss: 6.6469316482543945
Epoch 80, training loss: 6.416273593902588
Epoch 90, training loss: 6.356537342071533
Epoch 100, training loss: 6.278766632080078
Epoch 110, training loss: 6.072641849517822
Epoch 120, training loss: 5.992181301116943
Epoch 130, training loss: 5.963978290557861
Epoch 140, training loss: 5.881190776824951
Epoch 150, training loss: 5.807953834533691
Epoch 160, training loss: 5.774428367614746
Epoch 170, training loss: 5.662128925323486
Epoch 180, training loss: 5.653408527374268
Epoch 190, training loss: 5.5944318771362305
random
Perturbation Size:0
Ptb size: 0 Accuracy: 0.646
Perturbation Size:1
Ptb size: 1 Accuracy: 0.642
Perturbation Size:2
Ptb size: 2 Accuracy: 0.642
Perturbation Size:3
Ptb size: 3 Accuracy: 0.63
Perturbation Size:4
Ptb size: 4 Accuracy: 0.631
Perturbation Size:5
Ptb size: 5 Accuracy: 0.63
Perturbation Size:6
Ptb size: 6 Accuracy: 0.622
Perturbation Size:7
Ptb size: 7 Accuracy: 0.609
Perturbation Size:8
Ptb size: 8 Accuracy: 0.616
Perturbation Size:9
Ptb size: 9 Accuracy: 0.591
Perturbation Size:10
Ptb size: 10 Accuracy: 0.589
Perturbation Size:11
Ptb size: 11 Accuracy: 0.589
Perturbation Size:12
Ptb size: 12 Accuracy: 0.574
Perturbation Size:13
Ptb size: 13 Accuracy: 0.582
Perturbation Size:14
Ptb size: 14 Accuracy: 0.582
Perturbation Size:15
Ptb size: 15 Accuracy: 0.56
Perturbation Size:16
Ptb size: 16 Accuracy: 0.562
Perturbation Size:17
Ptb size: 17 Accuracy: 0.564
Perturbation Size:18
Ptb size: 18 Accuracy: 0.543
Perturbation Size:19
Ptb size: 19 Accuracy: 0.553
Perturbation Size:20
Ptb size: 20 Accuracy: 0.548
seed 527
=== training gcn model ===
Epoch 0, training loss: 8.802703857421875
Epoch 10, training loss: 8.7965669631958
Epoch 20, training loss: 8.611186027526855
Epoch 30, training loss: 7.72982120513916
Epoch 40, training loss: 7.370955467224121
Epoch 50, training loss: 6.9461188316345215
Epoch 60, training loss: 6.659830570220947
Epoch 70, training loss: 6.4344587326049805
Epoch 80, training loss: 6.369772911071777
Epoch 90, training loss: 6.1329498291015625
Epoch 100, training loss: 6.0148420333862305
Epoch 110, training loss: 5.956493377685547
Epoch 120, training loss: 5.907089710235596
Epoch 130, training loss: 5.86409854888916
Epoch 140, training loss: 5.772954940795898
Epoch 150, training loss: 5.712283134460449
Epoch 160, training loss: 5.58420991897583
Epoch 170, training loss: 5.662217617034912
Epoch 180, training loss: 5.578568935394287
Epoch 190, training loss: 5.524266719818115
random
Perturbation Size:0
Ptb size: 0 Accuracy: 0.656
Perturbation Size:1
Ptb size: 1 Accuracy: 0.657
Perturbation Size:2
Ptb size: 2 Accuracy: 0.647
Perturbation Size:3
Ptb size: 3 Accuracy: 0.642
Perturbation Size:4
Ptb size: 4 Accuracy: 0.637
Perturbation Size:5
Ptb size: 5 Accuracy: 0.628
Perturbation Size:6
Ptb size: 6 Accuracy: 0.616
Perturbation Size:7
Ptb size: 7 Accuracy: 0.613
Perturbation Size:8
Ptb size: 8 Accuracy: 0.608
Perturbation Size:9
Ptb size: 9 Accuracy: 0.596
Perturbation Size:10
Ptb size: 10 Accuracy: 0.592
Perturbation Size:11
Ptb size: 11 Accuracy: 0.596
Perturbation Size:12
Ptb size: 12 Accuracy: 0.589
Perturbation Size:13
Ptb size: 13 Accuracy: 0.584
Perturbation Size:14
Ptb size: 14 Accuracy: 0.584
Perturbation Size:15
Ptb size: 15 Accuracy: 0.569
Perturbation Size:16
Ptb size: 16 Accuracy: 0.567
Perturbation Size:17
Ptb size: 17 Accuracy: 0.551
Perturbation Size:18
Ptb size: 18 Accuracy: 0.533
Perturbation Size:19
Ptb size: 19 Accuracy: 0.543
Perturbation Size:20
Ptb size: 20 Accuracy: 0.538
seed 320
=== training gcn model ===
Epoch 0, training loss: 8.802726745605469
Epoch 10, training loss: 8.79720401763916
Epoch 20, training loss: 8.624353408813477
Epoch 30, training loss: 7.997200012207031
Epoch 40, training loss: 7.437865257263184
Epoch 50, training loss: 7.027642250061035
Epoch 60, training loss: 6.792145729064941
Epoch 70, training loss: 6.560903549194336
Epoch 80, training loss: 6.436126232147217
Epoch 90, training loss: 6.259724140167236
Epoch 100, training loss: 6.139762878417969
Epoch 110, training loss: 5.982283592224121
Epoch 120, training loss: 5.874736309051514
Epoch 130, training loss: 5.813446521759033
Epoch 140, training loss: 5.685914993286133
Epoch 150, training loss: 5.6414408683776855
Epoch 160, training loss: 5.5942888259887695
Epoch 170, training loss: 5.521445274353027
Epoch 180, training loss: 5.4651079177856445
Epoch 190, training loss: 5.414239883422852
random
Perturbation Size:0
Ptb size: 0 Accuracy: 0.659
Perturbation Size:1
Ptb size: 1 Accuracy: 0.655
Perturbation Size:2
Ptb size: 2 Accuracy: 0.657
Perturbation Size:3
Ptb size: 3 Accuracy: 0.643
Perturbation Size:4
Ptb size: 4 Accuracy: 0.649
Perturbation Size:5
Ptb size: 5 Accuracy: 0.642
Perturbation Size:6
Ptb size: 6 Accuracy: 0.637
Perturbation Size:7
Ptb size: 7 Accuracy: 0.636
Perturbation Size:8
Ptb size: 8 Accuracy: 0.638
Perturbation Size:9
Ptb size: 9 Accuracy: 0.635
Perturbation Size:10
Ptb size: 10 Accuracy: 0.591
Perturbation Size:11
Ptb size: 11 Accuracy: 0.604
Perturbation Size:12
Ptb size: 12 Accuracy: 0.591
Perturbation Size:13
Ptb size: 13 Accuracy: 0.569
Perturbation Size:14
Ptb size: 14 Accuracy: 0.561
Perturbation Size:15
Ptb size: 15 Accuracy: 0.557
Perturbation Size:16
Ptb size: 16 Accuracy: 0.552
Perturbation Size:17
Ptb size: 17 Accuracy: 0.557
Perturbation Size:18
Ptb size: 18 Accuracy: 0.55
Perturbation Size:19
Ptb size: 19 Accuracy: 0.549
Perturbation Size:20
Ptb size: 20 Accuracy: 0.572
Beta:0.2 Ptb size:0 Accuracy:0.6466000000000001+-0.027082097407697233
Beta:0.2 Ptb size:1 Accuracy:0.6464000000000001+-0.019985995096567014
Beta:0.2 Ptb size:2 Accuracy:0.6464000000000001+-0.016764247671756716
Beta:0.2 Ptb size:3 Accuracy:0.6376+-0.014374978260853141
Beta:0.2 Ptb size:4 Accuracy:0.6388+-0.01595493654014332
Beta:0.2 Ptb size:5 Accuracy:0.6315999999999999+-0.007735631842325493
Beta:0.2 Ptb size:6 Accuracy:0.6252+-0.009987992791347027
Beta:0.2 Ptb size:7 Accuracy:0.6192+-0.009744742172063876
Beta:0.2 Ptb size:8 Accuracy:0.6186+-0.010384603988597745
Beta:0.2 Ptb size:9 Accuracy:0.6087999999999999+-0.015548633380461462
Beta:0.2 Ptb size:10 Accuracy:0.5952+-0.006794115100585218
Beta:0.2 Ptb size:11 Accuracy:0.5962+-0.005381449618829489
Beta:0.2 Ptb size:12 Accuracy:0.5837999999999999+-0.008034923770640273
Beta:0.2 Ptb size:13 Accuracy:0.5833999999999999+-0.008912911982062885
Beta:0.2 Ptb size:14 Accuracy:0.579+-0.009230384607371427
Beta:0.2 Ptb size:15 Accuracy:0.5636+-0.009891410415102551
Beta:0.2 Ptb size:16 Accuracy:0.5626+-0.012109500402576448
Beta:0.2 Ptb size:17 Accuracy:0.5582+-0.00897552226892671
Beta:0.2 Ptb size:18 Accuracy:0.546+-0.009252026804976311
Beta:0.2 Ptb size:19 Accuracy:0.5534+-0.009414881836751822
Beta:0.2 Ptb size:20 Accuracy:0.557+-0.01338656042454517
beta 0.3
seed 265
=== training gcn model ===
Epoch 0, training loss: 8.802713394165039
Epoch 10, training loss: 8.797346115112305
Epoch 20, training loss: 8.682290077209473
Epoch 30, training loss: 7.818575382232666
Epoch 40, training loss: 7.196238994598389
Epoch 50, training loss: 6.764434337615967
Epoch 60, training loss: 6.556010723114014
Epoch 70, training loss: 6.4103240966796875
Epoch 80, training loss: 6.2507643699646
Epoch 90, training loss: 6.147284030914307
Epoch 100, training loss: 6.067641735076904
Epoch 110, training loss: 5.994389533996582
Epoch 120, training loss: 5.856055736541748
Epoch 130, training loss: 5.771524906158447
Epoch 140, training loss: 5.689009189605713
Epoch 150, training loss: 5.719882965087891
Epoch 160, training loss: 5.6876630783081055
Epoch 170, training loss: 5.561799049377441
Epoch 180, training loss: 5.520201683044434
Epoch 190, training loss: 5.491044998168945
random
Perturbation Size:0
Ptb size: 0 Accuracy: 0.637
Perturbation Size:1
Ptb size: 1 Accuracy: 0.64
Perturbation Size:2
Ptb size: 2 Accuracy: 0.641
Perturbation Size:3
Ptb size: 3 Accuracy: 0.639
Perturbation Size:4
Ptb size: 4 Accuracy: 0.643
Perturbation Size:5
Ptb size: 5 Accuracy: 0.633
Perturbation Size:6
Ptb size: 6 Accuracy: 0.63
Perturbation Size:7
Ptb size: 7 Accuracy: 0.616
Perturbation Size:8
Ptb size: 8 Accuracy: 0.615
Perturbation Size:9
Ptb size: 9 Accuracy: 0.604
Perturbation Size:10
Ptb size: 10 Accuracy: 0.61
Perturbation Size:11
Ptb size: 11 Accuracy: 0.585
Perturbation Size:12
Ptb size: 12 Accuracy: 0.584
Perturbation Size:13
Ptb size: 13 Accuracy: 0.592
Perturbation Size:14
Ptb size: 14 Accuracy: 0.571
Perturbation Size:15
Ptb size: 15 Accuracy: 0.58
Perturbation Size:16
Ptb size: 16 Accuracy: 0.576
Perturbation Size:17
Ptb size: 17 Accuracy: 0.568
Perturbation Size:18
Ptb size: 18 Accuracy: 0.571
Perturbation Size:19
Ptb size: 19 Accuracy: 0.578
Perturbation Size:20
Ptb size: 20 Accuracy: 0.562
seed 125
=== training gcn model ===
Epoch 0, training loss: 8.802689552307129
Epoch 10, training loss: 8.794625282287598
Epoch 20, training loss: 8.553784370422363
Epoch 30, training loss: 7.7750701904296875
Epoch 40, training loss: 7.255075931549072
Epoch 50, training loss: 6.8447370529174805
Epoch 60, training loss: 6.623719215393066
Epoch 70, training loss: 6.470884799957275
Epoch 80, training loss: 6.279905796051025
Epoch 90, training loss: 6.18392276763916
Epoch 100, training loss: 6.043527603149414
Epoch 110, training loss: 5.873123645782471
Epoch 120, training loss: 5.894189834594727
Epoch 130, training loss: 5.755599498748779
Epoch 140, training loss: 5.690144062042236
Epoch 150, training loss: 5.597508430480957
Epoch 160, training loss: 5.566378116607666
Epoch 170, training loss: 5.488348484039307
Epoch 180, training loss: 5.454449653625488
Epoch 190, training loss: 5.425538063049316
random
Perturbation Size:0
Ptb size: 0 Accuracy: 0.592
Perturbation Size:1
Ptb size: 1 Accuracy: 0.581
Perturbation Size:2
Ptb size: 2 Accuracy: 0.596
Perturbation Size:3
Ptb size: 3 Accuracy: 0.578
Perturbation Size:4
Ptb size: 4 Accuracy: 0.578
Perturbation Size:5
Ptb size: 5 Accuracy: 0.567
Perturbation Size:6
Ptb size: 6 Accuracy: 0.569
Perturbation Size:7
Ptb size: 7 Accuracy: 0.571
Perturbation Size:8
Ptb size: 8 Accuracy: 0.579
Perturbation Size:9
Ptb size: 9 Accuracy: 0.552
Perturbation Size:10
Ptb size: 10 Accuracy: 0.539
Perturbation Size:11
Ptb size: 11 Accuracy: 0.544
Perturbation Size:12
Ptb size: 12 Accuracy: 0.552
Perturbation Size:13
Ptb size: 13 Accuracy: 0.547
Perturbation Size:14
Ptb size: 14 Accuracy: 0.544
Perturbation Size:15
Ptb size: 15 Accuracy: 0.516
Perturbation Size:16
Ptb size: 16 Accuracy: 0.524
Perturbation Size:17
Ptb size: 17 Accuracy: 0.506
Perturbation Size:18
Ptb size: 18 Accuracy: 0.519
Perturbation Size:19
Ptb size: 19 Accuracy: 0.528
Perturbation Size:20
Ptb size: 20 Accuracy: 0.519
seed 996
=== training gcn model ===
Epoch 0, training loss: 8.802705764770508
Epoch 10, training loss: 8.795714378356934
Epoch 20, training loss: 8.555620193481445
Epoch 30, training loss: 7.992697238922119
Epoch 40, training loss: 7.542998313903809
Epoch 50, training loss: 7.103657245635986
Epoch 60, training loss: 6.755594730377197
Epoch 70, training loss: 6.624179363250732
Epoch 80, training loss: 6.420262813568115
Epoch 90, training loss: 6.341410160064697
Epoch 100, training loss: 6.240896224975586
Epoch 110, training loss: 6.035412788391113
Epoch 120, training loss: 5.928732872009277
Epoch 130, training loss: 5.923844814300537
Epoch 140, training loss: 5.844611644744873
Epoch 150, training loss: 5.778117656707764
Epoch 160, training loss: 5.742099761962891
Epoch 170, training loss: 5.620041847229004
Epoch 180, training loss: 5.619036674499512
Epoch 190, training loss: 5.5514750480651855
random
Perturbation Size:0
Ptb size: 0 Accuracy: 0.652
Perturbation Size:1
Ptb size: 1 Accuracy: 0.658
Perturbation Size:2
Ptb size: 2 Accuracy: 0.638
Perturbation Size:3
Ptb size: 3 Accuracy: 0.628
Perturbation Size:4
Ptb size: 4 Accuracy: 0.626
Perturbation Size:5
Ptb size: 5 Accuracy: 0.624
Perturbation Size:6
Ptb size: 6 Accuracy: 0.616
Perturbation Size:7
Ptb size: 7 Accuracy: 0.604
Perturbation Size:8
Ptb size: 8 Accuracy: 0.607
Perturbation Size:9
Ptb size: 9 Accuracy: 0.585
Perturbation Size:10
Ptb size: 10 Accuracy: 0.573
Perturbation Size:11
Ptb size: 11 Accuracy: 0.578
Perturbation Size:12
Ptb size: 12 Accuracy: 0.569
Perturbation Size:13
Ptb size: 13 Accuracy: 0.572
Perturbation Size:14
Ptb size: 14 Accuracy: 0.564
Perturbation Size:15
Ptb size: 15 Accuracy: 0.549
Perturbation Size:16
Ptb size: 16 Accuracy: 0.546
Perturbation Size:17
Ptb size: 17 Accuracy: 0.536
Perturbation Size:18
Ptb size: 18 Accuracy: 0.545
Perturbation Size:19
Ptb size: 19 Accuracy: 0.566
Perturbation Size:20
Ptb size: 20 Accuracy: 0.544
seed 527
=== training gcn model ===
Epoch 0, training loss: 8.802692413330078
Epoch 10, training loss: 8.795817375183105
Epoch 20, training loss: 8.602109909057617
Epoch 30, training loss: 7.687283992767334
Epoch 40, training loss: 7.289644241333008
Epoch 50, training loss: 6.88829231262207
Epoch 60, training loss: 6.591081142425537
Epoch 70, training loss: 6.343268871307373
Epoch 80, training loss: 6.286419868469238
Epoch 90, training loss: 6.053023815155029
Epoch 100, training loss: 5.941464900970459
Epoch 110, training loss: 5.882212162017822
Epoch 120, training loss: 5.842669486999512
Epoch 130, training loss: 5.807588577270508
Epoch 140, training loss: 5.707554817199707
Epoch 150, training loss: 5.644894123077393
Epoch 160, training loss: 5.537299156188965
Epoch 170, training loss: 5.622025966644287
Epoch 180, training loss: 5.511241912841797
Epoch 190, training loss: 5.466806888580322
random
Perturbation Size:0
Ptb size: 0 Accuracy: 0.623
Perturbation Size:1
Ptb size: 1 Accuracy: 0.627
Perturbation Size:2
Ptb size: 2 Accuracy: 0.618
Perturbation Size:3
Ptb size: 3 Accuracy: 0.613
Perturbation Size:4
Ptb size: 4 Accuracy: 0.618
Perturbation Size:5
Ptb size: 5 Accuracy: 0.614
Perturbation Size:6
Ptb size: 6 Accuracy: 0.606
Perturbation Size:7
Ptb size: 7 Accuracy: 0.6
Perturbation Size:8
Ptb size: 8 Accuracy: 0.587
Perturbation Size:9
Ptb size: 9 Accuracy: 0.573
Perturbation Size:10
Ptb size: 10 Accuracy: 0.571
Perturbation Size:11
Ptb size: 11 Accuracy: 0.563
Perturbation Size:12
Ptb size: 12 Accuracy: 0.558
Perturbation Size:13
Ptb size: 13 Accuracy: 0.557
Perturbation Size:14
Ptb size: 14 Accuracy: 0.545
Perturbation Size:15
Ptb size: 15 Accuracy: 0.523
Perturbation Size:16
Ptb size: 16 Accuracy: 0.519
Perturbation Size:17
Ptb size: 17 Accuracy: 0.506
Perturbation Size:18
Ptb size: 18 Accuracy: 0.529
Perturbation Size:19
Ptb size: 19 Accuracy: 0.539
Perturbation Size:20
Ptb size: 20 Accuracy: 0.514
seed 320
=== training gcn model ===
Epoch 0, training loss: 8.802720069885254
Epoch 10, training loss: 8.796573638916016
Epoch 20, training loss: 8.618568420410156
Epoch 30, training loss: 7.992269039154053
Epoch 40, training loss: 7.443493843078613
Epoch 50, training loss: 6.98524808883667
Epoch 60, training loss: 6.689703941345215
Epoch 70, training loss: 6.5052361488342285
Epoch 80, training loss: 6.355910778045654
Epoch 90, training loss: 6.220612049102783
Epoch 100, training loss: 6.09904670715332
Epoch 110, training loss: 5.969831466674805
Epoch 120, training loss: 5.850503444671631
Epoch 130, training loss: 5.783867835998535
Epoch 140, training loss: 5.698054313659668
Epoch 150, training loss: 5.623197078704834
Epoch 160, training loss: 5.558448314666748
Epoch 170, training loss: 5.4733805656433105
Epoch 180, training loss: 5.429097652435303
Epoch 190, training loss: 5.390335559844971
random
Perturbation Size:0
Ptb size: 0 Accuracy: 0.652
Perturbation Size:1
Ptb size: 1 Accuracy: 0.647
Perturbation Size:2
Ptb size: 2 Accuracy: 0.651
Perturbation Size:3
Ptb size: 3 Accuracy: 0.645
Perturbation Size:4
Ptb size: 4 Accuracy: 0.639
Perturbation Size:5
Ptb size: 5 Accuracy: 0.645
Perturbation Size:6
Ptb size: 6 Accuracy: 0.648
Perturbation Size:7
Ptb size: 7 Accuracy: 0.642
Perturbation Size:8
Ptb size: 8 Accuracy: 0.635
Perturbation Size:9
Ptb size: 9 Accuracy: 0.631
Perturbation Size:10
Ptb size: 10 Accuracy: 0.643
Perturbation Size:11
Ptb size: 11 Accuracy: 0.637
Perturbation Size:12
Ptb size: 12 Accuracy: 0.649
Perturbation Size:13
Ptb size: 13 Accuracy: 0.611
Perturbation Size:14
Ptb size: 14 Accuracy: 0.614
Perturbation Size:15
Ptb size: 15 Accuracy: 0.6
Perturbation Size:16
Ptb size: 16 Accuracy: 0.591
Perturbation Size:17
Ptb size: 17 Accuracy: 0.58
Perturbation Size:18
Ptb size: 18 Accuracy: 0.576
Perturbation Size:19
Ptb size: 19 Accuracy: 0.578
Perturbation Size:20
Ptb size: 20 Accuracy: 0.596
Beta:0.3 Ptb size:0 Accuracy:0.6312000000000001+-0.022373198251479397
Beta:0.3 Ptb size:1 Accuracy:0.6306+-0.026762660555333457
Beta:0.3 Ptb size:2 Accuracy:0.6288+-0.019589793260777425
Beta:0.3 Ptb size:3 Accuracy:0.6206+-0.023921538412067084
Beta:0.3 Ptb size:4 Accuracy:0.6208+-0.02319827579799846
Beta:0.3 Ptb size:5 Accuracy:0.6165999999999999+-0.026822378716288404
Beta:0.3 Ptb size:6 Accuracy:0.6138+-0.02647564918939668
Beta:0.3 Ptb size:7 Accuracy:0.6066+-0.02306165648863934
Beta:0.3 Ptb size:8 Accuracy:0.6045999999999999+-0.020015993605114905
Beta:0.3 Ptb size:9 Accuracy:0.5890000000000001+-0.026944387170614953
Beta:0.3 Ptb size:10 Accuracy:0.5871999999999999+-0.03583517824708006
Beta:0.3 Ptb size:11 Accuracy:0.5813999999999999+-0.03115509589136262
Beta:0.3 Ptb size:12 Accuracy:0.5824+-0.03503483980268784
Beta:0.3 Ptb size:13 Accuracy:0.5757999999999999+-0.02323273552554668
Beta:0.3 Ptb size:14 Accuracy:0.5675999999999999+-0.02547626346228974
Beta:0.3 Ptb size:15 Accuracy:0.5536000000000001+-0.03231470253615216
Beta:0.3 Ptb size:16 Accuracy:0.5512+-0.02829416901059295
Beta:0.3 Ptb size:17 Accuracy:0.5391999999999999+-0.03068810844610659
Beta:0.3 Ptb size:18 Accuracy:0.5479999999999999+-0.022467754671973757
Beta:0.3 Ptb size:19 Accuracy:0.5578+-0.020614557962760165
Beta:0.3 Ptb size:20 Accuracy:0.547+-0.030026654825338093
beta 0.4
seed 265
=== training gcn model ===
Epoch 0, training loss: 8.802699089050293
Epoch 10, training loss: 8.796246528625488
Epoch 20, training loss: 8.675415992736816
Epoch 30, training loss: 7.778545379638672
Epoch 40, training loss: 7.216720104217529
Epoch 50, training loss: 6.779648780822754
Epoch 60, training loss: 6.54519510269165
Epoch 70, training loss: 6.380939960479736
Epoch 80, training loss: 6.2260823249816895
Epoch 90, training loss: 6.097650527954102
Epoch 100, training loss: 6.04002046585083
Epoch 110, training loss: 5.995540142059326
Epoch 120, training loss: 5.8503804206848145
Epoch 130, training loss: 5.771295070648193
Epoch 140, training loss: 5.692972660064697
Epoch 150, training loss: 5.694148540496826
Epoch 160, training loss: 5.6640400886535645
Epoch 170, training loss: 5.539462566375732
Epoch 180, training loss: 5.494593143463135
Epoch 190, training loss: 5.488349914550781
random
Perturbation Size:0
Ptb size: 0 Accuracy: 0.662
Perturbation Size:1
Ptb size: 1 Accuracy: 0.66
Perturbation Size:2
Ptb size: 2 Accuracy: 0.662
Perturbation Size:3
Ptb size: 3 Accuracy: 0.655
Perturbation Size:4
Ptb size: 4 Accuracy: 0.65
Perturbation Size:5
Ptb size: 5 Accuracy: 0.634
Perturbation Size:6
Ptb size: 6 Accuracy: 0.621
Perturbation Size:7
Ptb size: 7 Accuracy: 0.604
Perturbation Size:8
Ptb size: 8 Accuracy: 0.593
Perturbation Size:9
Ptb size: 9 Accuracy: 0.591
Perturbation Size:10
Ptb size: 10 Accuracy: 0.581
Perturbation Size:11
Ptb size: 11 Accuracy: 0.586
Perturbation Size:12
Ptb size: 12 Accuracy: 0.59
Perturbation Size:13
Ptb size: 13 Accuracy: 0.593
Perturbation Size:14
Ptb size: 14 Accuracy: 0.583
Perturbation Size:15
Ptb size: 15 Accuracy: 0.519
Perturbation Size:16
Ptb size: 16 Accuracy: 0.525
Perturbation Size:17
Ptb size: 17 Accuracy: 0.501
Perturbation Size:18
Ptb size: 18 Accuracy: 0.514
Perturbation Size:19
Ptb size: 19 Accuracy: 0.506
Perturbation Size:20
Ptb size: 20 Accuracy: 0.529
seed 125
=== training gcn model ===
Epoch 0, training loss: 8.802677154541016
Epoch 10, training loss: 8.793233871459961
Epoch 20, training loss: 8.584672927856445
Epoch 30, training loss: 7.661614418029785
Epoch 40, training loss: 7.170157432556152
Epoch 50, training loss: 6.72028923034668
Epoch 60, training loss: 6.490910530090332
Epoch 70, training loss: 6.324419975280762
Epoch 80, training loss: 6.173593997955322
Epoch 90, training loss: 6.0312066078186035
Epoch 100, training loss: 5.926708221435547
Epoch 110, training loss: 5.760828971862793
Epoch 120, training loss: 5.798225402832031
Epoch 130, training loss: 5.690634250640869
Epoch 140, training loss: 5.600111484527588
Epoch 150, training loss: 5.512172222137451
Epoch 160, training loss: 5.505379676818848
Epoch 170, training loss: 5.4053730964660645
Epoch 180, training loss: 5.3748955726623535
Epoch 190, training loss: 5.363187313079834
random
Perturbation Size:0
Ptb size: 0 Accuracy: 0.568
Perturbation Size:1
Ptb size: 1 Accuracy: 0.57
Perturbation Size:2
Ptb size: 2 Accuracy: 0.573
Perturbation Size:3
Ptb size: 3 Accuracy: 0.558
Perturbation Size:4
Ptb size: 4 Accuracy: 0.566
Perturbation Size:5
Ptb size: 5 Accuracy: 0.557
Perturbation Size:6
Ptb size: 6 Accuracy: 0.55
Perturbation Size:7
Ptb size: 7 Accuracy: 0.558
Perturbation Size:8
Ptb size: 8 Accuracy: 0.548
Perturbation Size:9
Ptb size: 9 Accuracy: 0.545
Perturbation Size:10
Ptb size: 10 Accuracy: 0.519
Perturbation Size:11
Ptb size: 11 Accuracy: 0.53
Perturbation Size:12
Ptb size: 12 Accuracy: 0.516
Perturbation Size:13
Ptb size: 13 Accuracy: 0.516
Perturbation Size:14
Ptb size: 14 Accuracy: 0.502
Perturbation Size:15
Ptb size: 15 Accuracy: 0.489
Perturbation Size:16
Ptb size: 16 Accuracy: 0.492
Perturbation Size:17
Ptb size: 17 Accuracy: 0.498
Perturbation Size:18
Ptb size: 18 Accuracy: 0.506
Perturbation Size:19
Ptb size: 19 Accuracy: 0.485
Perturbation Size:20
Ptb size: 20 Accuracy: 0.477
seed 996
=== training gcn model ===
Epoch 0, training loss: 8.802693367004395
Epoch 10, training loss: 8.794129371643066
Epoch 20, training loss: 8.547916412353516
Epoch 30, training loss: 7.909945011138916
Epoch 40, training loss: 7.522431373596191
Epoch 50, training loss: 7.105531215667725
Epoch 60, training loss: 6.7426676750183105
Epoch 70, training loss: 6.581735610961914
Epoch 80, training loss: 6.425267219543457
Epoch 90, training loss: 6.336516380310059
Epoch 100, training loss: 6.260313510894775
Epoch 110, training loss: 6.005731105804443
Epoch 120, training loss: 5.910233020782471
Epoch 130, training loss: 5.902596950531006
Epoch 140, training loss: 5.811033725738525
Epoch 150, training loss: 5.753116607666016
Epoch 160, training loss: 5.688314437866211
Epoch 170, training loss: 5.568221569061279
Epoch 180, training loss: 5.595579147338867
Epoch 190, training loss: 5.506597518920898
random
Perturbation Size:0
Ptb size: 0 Accuracy: 0.629
Perturbation Size:1
Ptb size: 1 Accuracy: 0.647
Perturbation Size:2
Ptb size: 2 Accuracy: 0.641
Perturbation Size:3
Ptb size: 3 Accuracy: 0.643
Perturbation Size:4
Ptb size: 4 Accuracy: 0.635
Perturbation Size:5
Ptb size: 5 Accuracy: 0.635
Perturbation Size:6
Ptb size: 6 Accuracy: 0.624
Perturbation Size:7
Ptb size: 7 Accuracy: 0.617
Perturbation Size:8
Ptb size: 8 Accuracy: 0.608
Perturbation Size:9
Ptb size: 9 Accuracy: 0.611
Perturbation Size:10
Ptb size: 10 Accuracy: 0.602
Perturbation Size:11
Ptb size: 11 Accuracy: 0.608
Perturbation Size:12
Ptb size: 12 Accuracy: 0.604
Perturbation Size:13
Ptb size: 13 Accuracy: 0.59
Perturbation Size:14
Ptb size: 14 Accuracy: 0.584
Perturbation Size:15
Ptb size: 15 Accuracy: 0.566
Perturbation Size:16
Ptb size: 16 Accuracy: 0.561
Perturbation Size:17
Ptb size: 17 Accuracy: 0.55
Perturbation Size:18
Ptb size: 18 Accuracy: 0.558
Perturbation Size:19
Ptb size: 19 Accuracy: 0.54
Perturbation Size:20
Ptb size: 20 Accuracy: 0.545
seed 527
=== training gcn model ===
Epoch 0, training loss: 8.802680969238281
Epoch 10, training loss: 8.794690132141113
Epoch 20, training loss: 8.607013702392578
Epoch 30, training loss: 7.673913478851318
Epoch 40, training loss: 7.232924938201904
Epoch 50, training loss: 6.858704566955566
Epoch 60, training loss: 6.554486274719238
Epoch 70, training loss: 6.302157878875732
Epoch 80, training loss: 6.25579833984375
Epoch 90, training loss: 5.9952216148376465
Epoch 100, training loss: 5.916462421417236
Epoch 110, training loss: 5.846173286437988
Epoch 120, training loss: 5.788486003875732
Epoch 130, training loss: 5.739394187927246
Epoch 140, training loss: 5.668420314788818
Epoch 150, training loss: 5.596369743347168
Epoch 160, training loss: 5.478626728057861
Epoch 170, training loss: 5.536037921905518
Epoch 180, training loss: 5.453050136566162
Epoch 190, training loss: 5.40608024597168
random
Perturbation Size:0
Ptb size: 0 Accuracy: 0.63
Perturbation Size:1
Ptb size: 1 Accuracy: 0.619
Perturbation Size:2
Ptb size: 2 Accuracy: 0.616
Perturbation Size:3
Ptb size: 3 Accuracy: 0.602
Perturbation Size:4
Ptb size: 4 Accuracy: 0.592
Perturbation Size:5
Ptb size: 5 Accuracy: 0.574
Perturbation Size:6
Ptb size: 6 Accuracy: 0.545
Perturbation Size:7
Ptb size: 7 Accuracy: 0.533
Perturbation Size:8
Ptb size: 8 Accuracy: 0.545
Perturbation Size:9
Ptb size: 9 Accuracy: 0.522
Perturbation Size:10
Ptb size: 10 Accuracy: 0.514
Perturbation Size:11
Ptb size: 11 Accuracy: 0.528
Perturbation Size:12
Ptb size: 12 Accuracy: 0.508
Perturbation Size:13
Ptb size: 13 Accuracy: 0.511
Perturbation Size:14
Ptb size: 14 Accuracy: 0.502
Perturbation Size:15
Ptb size: 15 Accuracy: 0.459
Perturbation Size:16
Ptb size: 16 Accuracy: 0.46
Perturbation Size:17
Ptb size: 17 Accuracy: 0.449
Perturbation Size:18
Ptb size: 18 Accuracy: 0.457
Perturbation Size:19
Ptb size: 19 Accuracy: 0.471
Perturbation Size:20
Ptb size: 20 Accuracy: 0.456
seed 320
=== training gcn model ===
Epoch 0, training loss: 8.802714347839355
Epoch 10, training loss: 8.795639038085938
Epoch 20, training loss: 8.614015579223633
Epoch 30, training loss: 7.97026252746582
Epoch 40, training loss: 7.3974690437316895
Epoch 50, training loss: 6.937873363494873
Epoch 60, training loss: 6.603965759277344
Epoch 70, training loss: 6.426768779754639
Epoch 80, training loss: 6.276432514190674
Epoch 90, training loss: 6.125861167907715
Epoch 100, training loss: 6.038402557373047
Epoch 110, training loss: 5.9086198806762695
Epoch 120, training loss: 5.829375743865967
Epoch 130, training loss: 5.751171112060547
Epoch 140, training loss: 5.681667327880859
Epoch 150, training loss: 5.568925380706787
Epoch 160, training loss: 5.531482696533203
Epoch 170, training loss: 5.460540294647217
Epoch 180, training loss: 5.397444248199463
Epoch 190, training loss: 5.350454330444336
random
Perturbation Size:0
Ptb size: 0 Accuracy: 0.655
Perturbation Size:1
Ptb size: 1 Accuracy: 0.654
Perturbation Size:2
Ptb size: 2 Accuracy: 0.646
Perturbation Size:3
Ptb size: 3 Accuracy: 0.642
Perturbation Size:4
Ptb size: 4 Accuracy: 0.645
Perturbation Size:5
Ptb size: 5 Accuracy: 0.648
Perturbation Size:6
Ptb size: 6 Accuracy: 0.63
Perturbation Size:7
Ptb size: 7 Accuracy: 0.638
Perturbation Size:8
Ptb size: 8 Accuracy: 0.628
Perturbation Size:9
Ptb size: 9 Accuracy: 0.632
Perturbation Size:10
Ptb size: 10 Accuracy: 0.629
Perturbation Size:11
Ptb size: 11 Accuracy: 0.62
Perturbation Size:12
Ptb size: 12 Accuracy: 0.622
Perturbation Size:13
Ptb size: 13 Accuracy: 0.587
Perturbation Size:14
Ptb size: 14 Accuracy: 0.581
Perturbation Size:15
Ptb size: 15 Accuracy: 0.601
Perturbation Size:16
Ptb size: 16 Accuracy: 0.578
Perturbation Size:17
Ptb size: 17 Accuracy: 0.593
Perturbation Size:18
Ptb size: 18 Accuracy: 0.578
Perturbation Size:19
Ptb size: 19 Accuracy: 0.598
Perturbation Size:20
Ptb size: 20 Accuracy: 0.599
Beta:0.4 Ptb size:0 Accuracy:0.6288+-0.03312642449767258
Beta:0.4 Ptb size:1 Accuracy:0.63+-0.03312400941915097
Beta:0.4 Ptb size:2 Accuracy:0.6275999999999999+-0.031039329889673874
Beta:0.4 Ptb size:3 Accuracy:0.62+-0.03579385422108102
Beta:0.4 Ptb size:4 Accuracy:0.6176+-0.032927799805027996
Beta:0.4 Ptb size:5 Accuracy:0.6096+-0.03674016875301473
Beta:0.4 Ptb size:6 Accuracy:0.594+-0.03811036604389938
Beta:0.4 Ptb size:7 Accuracy:0.59+-0.0387349970956498
Beta:0.4 Ptb size:8 Accuracy:0.5844+-0.032891336245278915
Beta:0.4 Ptb size:9 Accuracy:0.5802+-0.0409262751786673
Beta:0.4 Ptb size:10 Accuracy:0.5690000000000001+-0.045514832747138585
Beta:0.4 Ptb size:11 Accuracy:0.5744+-0.038645051429646186
Beta:0.4 Ptb size:12 Accuracy:0.568+-0.04690415759823429
Beta:0.4 Ptb size:13 Accuracy:0.5593999999999999+-0.03755848772248423
Beta:0.4 Ptb size:14 Accuracy:0.5504+-0.03953024158792858
Beta:0.4 Ptb size:15 Accuracy:0.5267999999999999+-0.0512421701335921
Beta:0.4 Ptb size:16 Accuracy:0.5231999999999999+-0.04336542401499147
Beta:0.4 Ptb size:17 Accuracy:0.5182+-0.049191056097628146
Beta:0.4 Ptb size:18 Accuracy:0.5226+-0.04236791238661635
Beta:0.4 Ptb size:19 Accuracy:0.52+-0.045400440526497096
Beta:0.4 Ptb size:20 Accuracy:0.5212+-0.050763766605719865
beta 0.5
seed 265
=== training gcn model ===
Epoch 0, training loss: 8.802687644958496
Epoch 10, training loss: 8.794637680053711
Epoch 20, training loss: 8.677996635437012
Epoch 30, training loss: 7.810087203979492
Epoch 40, training loss: 7.192630767822266
Epoch 50, training loss: 6.779745101928711
Epoch 60, training loss: 6.5315375328063965
Epoch 70, training loss: 6.329252243041992
Epoch 80, training loss: 6.195650577545166
Epoch 90, training loss: 6.067464351654053
Epoch 100, training loss: 5.999385833740234
Epoch 110, training loss: 5.94222354888916
Epoch 120, training loss: 5.806018352508545
Epoch 130, training loss: 5.714696407318115
Epoch 140, training loss: 5.652699947357178
Epoch 150, training loss: 5.642214298248291
Epoch 160, training loss: 5.626675128936768
Epoch 170, training loss: 5.489908218383789
Epoch 180, training loss: 5.456184387207031
Epoch 190, training loss: 5.44813871383667
random
Perturbation Size:0
Ptb size: 0 Accuracy: 0.65
Perturbation Size:1
Ptb size: 1 Accuracy: 0.647
Perturbation Size:2
Ptb size: 2 Accuracy: 0.65
Perturbation Size:3
Ptb size: 3 Accuracy: 0.641
Perturbation Size:4
Ptb size: 4 Accuracy: 0.633
Perturbation Size:5
Ptb size: 5 Accuracy: 0.628
Perturbation Size:6
Ptb size: 6 Accuracy: 0.612
Perturbation Size:7
Ptb size: 7 Accuracy: 0.596
Perturbation Size:8
Ptb size: 8 Accuracy: 0.591
Perturbation Size:9
Ptb size: 9 Accuracy: 0.594
Perturbation Size:10
Ptb size: 10 Accuracy: 0.597
Perturbation Size:11
Ptb size: 11 Accuracy: 0.589
Perturbation Size:12
Ptb size: 12 Accuracy: 0.583
Perturbation Size:13
Ptb size: 13 Accuracy: 0.582
Perturbation Size:14
Ptb size: 14 Accuracy: 0.574
Perturbation Size:15
Ptb size: 15 Accuracy: 0.505
Perturbation Size:16
Ptb size: 16 Accuracy: 0.505
Perturbation Size:17
Ptb size: 17 Accuracy: 0.495
Perturbation Size:18
Ptb size: 18 Accuracy: 0.504
Perturbation Size:19
Ptb size: 19 Accuracy: 0.506
Perturbation Size:20
Ptb size: 20 Accuracy: 0.526
seed 125
=== training gcn model ===
Epoch 0, training loss: 8.802668571472168
Epoch 10, training loss: 8.791097640991211
Epoch 20, training loss: 8.616979598999023
Epoch 30, training loss: 7.622848033905029
Epoch 40, training loss: 7.089391708374023
Epoch 50, training loss: 6.639868259429932
Epoch 60, training loss: 6.386550426483154
Epoch 70, training loss: 6.250556468963623
Epoch 80, training loss: 6.070979118347168
Epoch 90, training loss: 5.9757208824157715
Epoch 100, training loss: 5.86552095413208
Epoch 110, training loss: 5.7144775390625
Epoch 120, training loss: 5.756625175476074
Epoch 130, training loss: 5.6325836181640625
Epoch 140, training loss: 5.572752475738525
Epoch 150, training loss: 5.505705833435059
Epoch 160, training loss: 5.495114803314209
Epoch 170, training loss: 5.383541584014893
Epoch 180, training loss: 5.3584465980529785
Epoch 190, training loss: 5.343425273895264
random
Perturbation Size:0
Ptb size: 0 Accuracy: 0.57
Perturbation Size:1
Ptb size: 1 Accuracy: 0.573
Perturbation Size:2
Ptb size: 2 Accuracy: 0.574
Perturbation Size:3
Ptb size: 3 Accuracy: 0.581
Perturbation Size:4
Ptb size: 4 Accuracy: 0.572
Perturbation Size:5
Ptb size: 5 Accuracy: 0.567
Perturbation Size:6
Ptb size: 6 Accuracy: 0.557
Perturbation Size:7
Ptb size: 7 Accuracy: 0.542
Perturbation Size:8
Ptb size: 8 Accuracy: 0.559
Perturbation Size:9
Ptb size: 9 Accuracy: 0.539
Perturbation Size:10
Ptb size: 10 Accuracy: 0.53
Perturbation Size:11
Ptb size: 11 Accuracy: 0.521
Perturbation Size:12
Ptb size: 12 Accuracy: 0.525
Perturbation Size:13
Ptb size: 13 Accuracy: 0.506
Perturbation Size:14
Ptb size: 14 Accuracy: 0.494
Perturbation Size:15
Ptb size: 15 Accuracy: 0.485
Perturbation Size:16
Ptb size: 16 Accuracy: 0.485
Perturbation Size:17
Ptb size: 17 Accuracy: 0.502
Perturbation Size:18
Ptb size: 18 Accuracy: 0.505
Perturbation Size:19
Ptb size: 19 Accuracy: 0.487
Perturbation Size:20
Ptb size: 20 Accuracy: 0.482
seed 996
=== training gcn model ===
Epoch 0, training loss: 8.80268669128418
Epoch 10, training loss: 8.792525291442871
Epoch 20, training loss: 8.556166648864746
Epoch 30, training loss: 7.857325077056885
Epoch 40, training loss: 7.47767448425293
Epoch 50, training loss: 7.0603227615356445
Epoch 60, training loss: 6.6986894607543945
Epoch 70, training loss: 6.519249439239502
Epoch 80, training loss: 6.343653202056885
Epoch 90, training loss: 6.2806501388549805
Epoch 100, training loss: 6.211947441101074
Epoch 110, training loss: 5.940202236175537
Epoch 120, training loss: 5.8542704582214355
Epoch 130, training loss: 5.837585926055908
Epoch 140, training loss: 5.74337911605835
Epoch 150, training loss: 5.676511764526367
Epoch 160, training loss: 5.623732089996338
Epoch 170, training loss: 5.500994682312012
Epoch 180, training loss: 5.522421836853027
Epoch 190, training loss: 5.416019916534424
random
Perturbation Size:0
Ptb size: 0 Accuracy: 0.651
Perturbation Size:1
Ptb size: 1 Accuracy: 0.646
Perturbation Size:2
Ptb size: 2 Accuracy: 0.636
Perturbation Size:3
Ptb size: 3 Accuracy: 0.629
Perturbation Size:4
Ptb size: 4 Accuracy: 0.618
Perturbation Size:5
Ptb size: 5 Accuracy: 0.608
Perturbation Size:6
Ptb size: 6 Accuracy: 0.591
Perturbation Size:7
Ptb size: 7 Accuracy: 0.593
Perturbation Size:8
Ptb size: 8 Accuracy: 0.585
Perturbation Size:9
Ptb size: 9 Accuracy: 0.572
Perturbation Size:10
Ptb size: 10 Accuracy: 0.559
Perturbation Size:11
Ptb size: 11 Accuracy: 0.567
Perturbation Size:12
Ptb size: 12 Accuracy: 0.558
Perturbation Size:13
Ptb size: 13 Accuracy: 0.567
Perturbation Size:14
Ptb size: 14 Accuracy: 0.571
Perturbation Size:15
Ptb size: 15 Accuracy: 0.524
Perturbation Size:16
Ptb size: 16 Accuracy: 0.527
Perturbation Size:17
Ptb size: 17 Accuracy: 0.52
Perturbation Size:18
Ptb size: 18 Accuracy: 0.514
Perturbation Size:19
Ptb size: 19 Accuracy: 0.503
Perturbation Size:20
Ptb size: 20 Accuracy: 0.496
seed 527
=== training gcn model ===
Epoch 0, training loss: 8.80267333984375
Epoch 10, training loss: 8.793198585510254
Epoch 20, training loss: 8.621447563171387
Epoch 30, training loss: 7.672077178955078
Epoch 40, training loss: 7.181386947631836
Epoch 50, training loss: 6.837422847747803
Epoch 60, training loss: 6.528406620025635
Epoch 70, training loss: 6.253857135772705
Epoch 80, training loss: 6.1639180183410645
Epoch 90, training loss: 5.917576789855957
Epoch 100, training loss: 5.828978538513184
Epoch 110, training loss: 5.787815570831299
Epoch 120, training loss: 5.68358039855957
Epoch 130, training loss: 5.6396965980529785
Epoch 140, training loss: 5.572555065155029
Epoch 150, training loss: 5.509216785430908
Epoch 160, training loss: 5.3972272872924805
Epoch 170, training loss: 5.449978351593018
Epoch 180, training loss: 5.383272647857666
Epoch 190, training loss: 5.334185600280762
random
Perturbation Size:0
Ptb size: 0 Accuracy: 0.619
Perturbation Size:1
Ptb size: 1 Accuracy: 0.607
Perturbation Size:2
Ptb size: 2 Accuracy: 0.605
Perturbation Size:3
Ptb size: 3 Accuracy: 0.57
Perturbation Size:4
Ptb size: 4 Accuracy: 0.548
Perturbation Size:5
Ptb size: 5 Accuracy: 0.535
Perturbation Size:6
Ptb size: 6 Accuracy: 0.513
Perturbation Size:7
Ptb size: 7 Accuracy: 0.502
Perturbation Size:8
Ptb size: 8 Accuracy: 0.499
Perturbation Size:9
Ptb size: 9 Accuracy: 0.484
Perturbation Size:10
Ptb size: 10 Accuracy: 0.489
Perturbation Size:11
Ptb size: 11 Accuracy: 0.483
Perturbation Size:12
Ptb size: 12 Accuracy: 0.476
Perturbation Size:13
Ptb size: 13 Accuracy: 0.475
Perturbation Size:14
Ptb size: 14 Accuracy: 0.467
Perturbation Size:15
Ptb size: 15 Accuracy: 0.419
Perturbation Size:16
Ptb size: 16 Accuracy: 0.419
Perturbation Size:17
Ptb size: 17 Accuracy: 0.412
Perturbation Size:18
Ptb size: 18 Accuracy: 0.415
Perturbation Size:19
Ptb size: 19 Accuracy: 0.427
Perturbation Size:20
Ptb size: 20 Accuracy: 0.415
seed 320
=== training gcn model ===
Epoch 0, training loss: 8.80270767211914
Epoch 10, training loss: 8.794526100158691
Epoch 20, training loss: 8.61584186553955
Epoch 30, training loss: 7.957875728607178
Epoch 40, training loss: 7.357893943786621
Epoch 50, training loss: 6.943890571594238
Epoch 60, training loss: 6.640518665313721
Epoch 70, training loss: 6.423935890197754
Epoch 80, training loss: 6.271775722503662
Epoch 90, training loss: 6.094631195068359
Epoch 100, training loss: 6.003612995147705
Epoch 110, training loss: 5.872636795043945
Epoch 120, training loss: 5.782527446746826
Epoch 130, training loss: 5.70523738861084
Epoch 140, training loss: 5.627061367034912
Epoch 150, training loss: 5.530276775360107
Epoch 160, training loss: 5.487414836883545
Epoch 170, training loss: 5.41807746887207
Epoch 180, training loss: 5.367644309997559
Epoch 190, training loss: 5.325529098510742
random
Perturbation Size:0
Ptb size: 0 Accuracy: 0.643
Perturbation Size:1
Ptb size: 1 Accuracy: 0.654
Perturbation Size:2
Ptb size: 2 Accuracy: 0.656
Perturbation Size:3
Ptb size: 3 Accuracy: 0.648
Perturbation Size:4
Ptb size: 4 Accuracy: 0.645
Perturbation Size:5
Ptb size: 5 Accuracy: 0.637
Perturbation Size:6
Ptb size: 6 Accuracy: 0.634
Perturbation Size:7
Ptb size: 7 Accuracy: 0.628
Perturbation Size:8
Ptb size: 8 Accuracy: 0.638
Perturbation Size:9
Ptb size: 9 Accuracy: 0.629
Perturbation Size:10
Ptb size: 10 Accuracy: 0.602
Perturbation Size:11
Ptb size: 11 Accuracy: 0.605
Perturbation Size:12
Ptb size: 12 Accuracy: 0.603
Perturbation Size:13
Ptb size: 13 Accuracy: 0.581
Perturbation Size:14
Ptb size: 14 Accuracy: 0.566
Perturbation Size:15
Ptb size: 15 Accuracy: 0.562
Perturbation Size:16
Ptb size: 16 Accuracy: 0.535
Perturbation Size:17
Ptb size: 17 Accuracy: 0.54
Perturbation Size:18
Ptb size: 18 Accuracy: 0.52
Perturbation Size:19
Ptb size: 19 Accuracy: 0.541
Perturbation Size:20
Ptb size: 20 Accuracy: 0.568
Beta:0.5 Ptb size:0 Accuracy:0.6266+-0.03057188250664328
Beta:0.5 Ptb size:1 Accuracy:0.6254+-0.030961912085657784
Beta:0.5 Ptb size:2 Accuracy:0.6242+-0.030675071312060573
Beta:0.5 Ptb size:3 Accuracy:0.6138+-0.03204621662536783
Beta:0.5 Ptb size:4 Accuracy:0.6032+-0.037080453071665666
Beta:0.5 Ptb size:5 Accuracy:0.595+-0.03848636122056747
Beta:0.5 Ptb size:6 Accuracy:0.5814+-0.042589200509049234
Beta:0.5 Ptb size:7 Accuracy:0.5721999999999999+-0.0446156923066313
Beta:0.5 Ptb size:8 Accuracy:0.5744+-0.04550868049064925
Beta:0.5 Ptb size:9 Accuracy:0.5636+-0.04942307153546813
Beta:0.5 Ptb size:10 Accuracy:0.5553999999999999+-0.042353748358321244
Beta:0.5 Ptb size:11 Accuracy:0.5529999999999999+-0.044988887516807956
Beta:0.5 Ptb size:12 Accuracy:0.549+-0.04485086398275957
Beta:0.5 Ptb size:13 Accuracy:0.5422+-0.043659592302265016
Beta:0.5 Ptb size:14 Accuracy:0.5344+-0.04490256117416909
Beta:0.5 Ptb size:15 Accuracy:0.499+-0.04738354144637146
Beta:0.5 Ptb size:16 Accuracy:0.49420000000000003+-0.0414651661036104
Beta:0.5 Ptb size:17 Accuracy:0.49379999999999996+-0.04377396486497427
Beta:0.5 Ptb size:18 Accuracy:0.49160000000000004+-0.038753580479744074
Beta:0.5 Ptb size:19 Accuracy:0.4928+-0.03732237934537402
Beta:0.5 Ptb size:20 Accuracy:0.4974+-0.050658069446041856
beta 0.6
seed 265
=== training gcn model ===
Epoch 0, training loss: 8.802682876586914
Epoch 10, training loss: 8.792819023132324
Epoch 20, training loss: 8.67231273651123
Epoch 30, training loss: 7.8278303146362305
Epoch 40, training loss: 7.2079925537109375
Epoch 50, training loss: 6.800027370452881
Epoch 60, training loss: 6.532297611236572
Epoch 70, training loss: 6.326972007751465
Epoch 80, training loss: 6.174726963043213
Epoch 90, training loss: 6.034921646118164
Epoch 100, training loss: 5.972589492797852
Epoch 110, training loss: 5.92867374420166
Epoch 120, training loss: 5.806941986083984
Epoch 130, training loss: 5.722273349761963
Epoch 140, training loss: 5.6332902908325195
Epoch 150, training loss: 5.629789352416992
Epoch 160, training loss: 5.594753742218018
Epoch 170, training loss: 5.466214656829834
Epoch 180, training loss: 5.414117813110352
Epoch 190, training loss: 5.411632061004639
random
Perturbation Size:0
Ptb size: 0 Accuracy: 0.647
Perturbation Size:1
Ptb size: 1 Accuracy: 0.646
Perturbation Size:2
Ptb size: 2 Accuracy: 0.642
Perturbation Size:3
Ptb size: 3 Accuracy: 0.635
Perturbation Size:4
Ptb size: 4 Accuracy: 0.629
Perturbation Size:5
Ptb size: 5 Accuracy: 0.615
Perturbation Size:6
Ptb size: 6 Accuracy: 0.603
Perturbation Size:7
Ptb size: 7 Accuracy: 0.593
Perturbation Size:8
Ptb size: 8 Accuracy: 0.588
Perturbation Size:9
Ptb size: 9 Accuracy: 0.581
Perturbation Size:10
Ptb size: 10 Accuracy: 0.58
Perturbation Size:11
Ptb size: 11 Accuracy: 0.574
Perturbation Size:12
Ptb size: 12 Accuracy: 0.578
Perturbation Size:13
Ptb size: 13 Accuracy: 0.567
Perturbation Size:14
Ptb size: 14 Accuracy: 0.572
Perturbation Size:15
Ptb size: 15 Accuracy: 0.527
Perturbation Size:16
Ptb size: 16 Accuracy: 0.527
Perturbation Size:17
Ptb size: 17 Accuracy: 0.514
Perturbation Size:18
Ptb size: 18 Accuracy: 0.522
Perturbation Size:19
Ptb size: 19 Accuracy: 0.513
Perturbation Size:20
Ptb size: 20 Accuracy: 0.518
seed 125
=== training gcn model ===
Epoch 0, training loss: 8.802660942077637
Epoch 10, training loss: 8.788848876953125
Epoch 20, training loss: 8.644917488098145
Epoch 30, training loss: 7.646549701690674
Epoch 40, training loss: 7.082550525665283
Epoch 50, training loss: 6.576588153839111
Epoch 60, training loss: 6.321160316467285
Epoch 70, training loss: 6.193546772003174
Epoch 80, training loss: 6.01833963394165
Epoch 90, training loss: 5.9066691398620605
Epoch 100, training loss: 5.820990085601807
Epoch 110, training loss: 5.6792755126953125
Epoch 120, training loss: 5.724417686462402
Epoch 130, training loss: 5.61143159866333
Epoch 140, training loss: 5.553315162658691
Epoch 150, training loss: 5.489673614501953
Epoch 160, training loss: 5.476972579956055
Epoch 170, training loss: 5.376327991485596
Epoch 180, training loss: 5.333227157592773
Epoch 190, training loss: 5.303244113922119
random
Perturbation Size:0
Ptb size: 0 Accuracy: 0.587
Perturbation Size:1
Ptb size: 1 Accuracy: 0.586
Perturbation Size:2
Ptb size: 2 Accuracy: 0.592
Perturbation Size:3
Ptb size: 3 Accuracy: 0.591
Perturbation Size:4
Ptb size: 4 Accuracy: 0.585
Perturbation Size:5
Ptb size: 5 Accuracy: 0.57
Perturbation Size:6
Ptb size: 6 Accuracy: 0.571
Perturbation Size:7
Ptb size: 7 Accuracy: 0.56
Perturbation Size:8
Ptb size: 8 Accuracy: 0.562
Perturbation Size:9
Ptb size: 9 Accuracy: 0.554
Perturbation Size:10
Ptb size: 10 Accuracy: 0.507
Perturbation Size:11
Ptb size: 11 Accuracy: 0.52
Perturbation Size:12
Ptb size: 12 Accuracy: 0.504
Perturbation Size:13
Ptb size: 13 Accuracy: 0.503
Perturbation Size:14
Ptb size: 14 Accuracy: 0.493
Perturbation Size:15
Ptb size: 15 Accuracy: 0.518
Perturbation Size:16
Ptb size: 16 Accuracy: 0.505
Perturbation Size:17
Ptb size: 17 Accuracy: 0.49
Perturbation Size:18
Ptb size: 18 Accuracy: 0.489
Perturbation Size:19
Ptb size: 19 Accuracy: 0.452
Perturbation Size:20
Ptb size: 20 Accuracy: 0.472
seed 996
=== training gcn model ===
Epoch 0, training loss: 8.802680969238281
Epoch 10, training loss: 8.791072845458984
Epoch 20, training loss: 8.577038764953613
Epoch 30, training loss: 7.822957992553711
Epoch 40, training loss: 7.439244747161865
Epoch 50, training loss: 7.020942687988281
Epoch 60, training loss: 6.6601972579956055
Epoch 70, training loss: 6.488445281982422
Epoch 80, training loss: 6.355836868286133
Epoch 90, training loss: 6.214878082275391
Epoch 100, training loss: 6.12755823135376
Epoch 110, training loss: 5.887046813964844
Epoch 120, training loss: 5.781846046447754
Epoch 130, training loss: 5.7473039627075195
Epoch 140, training loss: 5.681641101837158
Epoch 150, training loss: 5.607764720916748
Epoch 160, training loss: 5.550323009490967
Epoch 170, training loss: 5.427493572235107
Epoch 180, training loss: 5.460461616516113
Epoch 190, training loss: 5.355131149291992
random
Perturbation Size:0
Ptb size: 0 Accuracy: 0.633
Perturbation Size:1
Ptb size: 1 Accuracy: 0.629
Perturbation Size:2
Ptb size: 2 Accuracy: 0.617
Perturbation Size:3
Ptb size: 3 Accuracy: 0.603
Perturbation Size:4
Ptb size: 4 Accuracy: 0.606
Perturbation Size:5
Ptb size: 5 Accuracy: 0.592
Perturbation Size:6
Ptb size: 6 Accuracy: 0.57
Perturbation Size:7
Ptb size: 7 Accuracy: 0.562
Perturbation Size:8
Ptb size: 8 Accuracy: 0.561
Perturbation Size:9
Ptb size: 9 Accuracy: 0.541
Perturbation Size:10
Ptb size: 10 Accuracy: 0.528
Perturbation Size:11
Ptb size: 11 Accuracy: 0.52
Perturbation Size:12
Ptb size: 12 Accuracy: 0.522
Perturbation Size:13
Ptb size: 13 Accuracy: 0.518
Perturbation Size:14
Ptb size: 14 Accuracy: 0.524
Perturbation Size:15
Ptb size: 15 Accuracy: 0.47
Perturbation Size:16
Ptb size: 16 Accuracy: 0.471
Perturbation Size:17
Ptb size: 17 Accuracy: 0.447
Perturbation Size:18
Ptb size: 18 Accuracy: 0.458
Perturbation Size:19
Ptb size: 19 Accuracy: 0.446
Perturbation Size:20
Ptb size: 20 Accuracy: 0.458
seed 527
=== training gcn model ===
Epoch 0, training loss: 8.802663803100586
Epoch 10, training loss: 8.791447639465332
Epoch 20, training loss: 8.638654708862305
Epoch 30, training loss: 7.683712005615234
Epoch 40, training loss: 7.117161273956299
Epoch 50, training loss: 6.7950119972229
Epoch 60, training loss: 6.469125747680664
Epoch 70, training loss: 6.222256183624268
Epoch 80, training loss: 6.1259846687316895
Epoch 90, training loss: 5.857460021972656
Epoch 100, training loss: 5.72962760925293
Epoch 110, training loss: 5.696827411651611
Epoch 120, training loss: 5.598681926727295
Epoch 130, training loss: 5.575915813446045
Epoch 140, training loss: 5.492842674255371
Epoch 150, training loss: 5.426486968994141
Epoch 160, training loss: 5.3032379150390625
Epoch 170, training loss: 5.368832588195801
Epoch 180, training loss: 5.288841724395752
Epoch 190, training loss: 5.233424186706543
random
Perturbation Size:0
Ptb size: 0 Accuracy: 0.627
Perturbation Size:1
Ptb size: 1 Accuracy: 0.619
Perturbation Size:2
Ptb size: 2 Accuracy: 0.61
Perturbation Size:3
Ptb size: 3 Accuracy: 0.596
Perturbation Size:4
Ptb size: 4 Accuracy: 0.577
Perturbation Size:5
Ptb size: 5 Accuracy: 0.573
Perturbation Size:6
Ptb size: 6 Accuracy: 0.548
Perturbation Size:7
Ptb size: 7 Accuracy: 0.537
Perturbation Size:8
Ptb size: 8 Accuracy: 0.513
Perturbation Size:9
Ptb size: 9 Accuracy: 0.508
Perturbation Size:10
Ptb size: 10 Accuracy: 0.5
Perturbation Size:11
Ptb size: 11 Accuracy: 0.497
Perturbation Size:12
Ptb size: 12 Accuracy: 0.489
Perturbation Size:13
Ptb size: 13 Accuracy: 0.478
Perturbation Size:14
Ptb size: 14 Accuracy: 0.472
Perturbation Size:15
Ptb size: 15 Accuracy: 0.441
Perturbation Size:16
Ptb size: 16 Accuracy: 0.446
Perturbation Size:17
Ptb size: 17 Accuracy: 0.441
Perturbation Size:18
Ptb size: 18 Accuracy: 0.436
Perturbation Size:19
Ptb size: 19 Accuracy: 0.439
Perturbation Size:20
Ptb size: 20 Accuracy: 0.441
seed 320
=== training gcn model ===
Epoch 0, training loss: 8.802701950073242
Epoch 10, training loss: 8.793316841125488
Epoch 20, training loss: 8.640244483947754
Epoch 30, training loss: 7.933801651000977
Epoch 40, training loss: 7.310580253601074
Epoch 50, training loss: 6.928714275360107
Epoch 60, training loss: 6.588233947753906
Epoch 70, training loss: 6.404513359069824
Epoch 80, training loss: 6.2303385734558105
Epoch 90, training loss: 6.001919269561768
Epoch 100, training loss: 5.937097549438477
Epoch 110, training loss: 5.772251605987549
Epoch 120, training loss: 5.702216148376465
Epoch 130, training loss: 5.614050388336182
Epoch 140, training loss: 5.520473480224609
Epoch 150, training loss: 5.438187122344971
Epoch 160, training loss: 5.386505126953125
Epoch 170, training loss: 5.326714038848877
Epoch 180, training loss: 5.288642406463623
Epoch 190, training loss: 5.237039089202881
random
Perturbation Size:0
Ptb size: 0 Accuracy: 0.629
Perturbation Size:1
Ptb size: 1 Accuracy: 0.644
Perturbation Size:2
Ptb size: 2 Accuracy: 0.644
Perturbation Size:3
Ptb size: 3 Accuracy: 0.634
Perturbation Size:4
Ptb size: 4 Accuracy: 0.632
Perturbation Size:5
Ptb size: 5 Accuracy: 0.63
Perturbation Size:6
Ptb size: 6 Accuracy: 0.629
Perturbation Size:7
Ptb size: 7 Accuracy: 0.618
Perturbation Size:8
Ptb size: 8 Accuracy: 0.623
Perturbation Size:9
Ptb size: 9 Accuracy: 0.614
Perturbation Size:10
Ptb size: 10 Accuracy: 0.599
Perturbation Size:11
Ptb size: 11 Accuracy: 0.601
Perturbation Size:12
Ptb size: 12 Accuracy: 0.59
Perturbation Size:13
Ptb size: 13 Accuracy: 0.59
Perturbation Size:14
Ptb size: 14 Accuracy: 0.588
Perturbation Size:15
Ptb size: 15 Accuracy: 0.56
Perturbation Size:16
Ptb size: 16 Accuracy: 0.561
Perturbation Size:17
Ptb size: 17 Accuracy: 0.553
Perturbation Size:18
Ptb size: 18 Accuracy: 0.554
Perturbation Size:19
Ptb size: 19 Accuracy: 0.555
Perturbation Size:20
Ptb size: 20 Accuracy: 0.555
Beta:0.6 Ptb size:0 Accuracy:0.6245999999999999+-0.020055921818754697
Beta:0.6 Ptb size:1 Accuracy:0.6248+-0.021793577035447872
Beta:0.6 Ptb size:2 Accuracy:0.621+-0.019738287666360543
Beta:0.6 Ptb size:3 Accuracy:0.6117999999999999+-0.018925115587493796
Beta:0.6 Ptb size:4 Accuracy:0.6058+-0.02230156945149827
Beta:0.6 Ptb size:5 Accuracy:0.596+-0.02340085468524603
Beta:0.6 Ptb size:6 Accuracy:0.5841999999999999+-0.028449253065766067
Beta:0.6 Ptb size:7 Accuracy:0.5740000000000001+-0.02830547650190681
Beta:0.6 Ptb size:8 Accuracy:0.5693999999999999+-0.03612533736866687
Beta:0.6 Ptb size:9 Accuracy:0.5596+-0.035936610858565934
Beta:0.6 Ptb size:10 Accuracy:0.5428000000000001+-0.039685765710138425
Beta:0.6 Ptb size:11 Accuracy:0.5424+-0.03872260321827548
Beta:0.6 Ptb size:12 Accuracy:0.5366+-0.04026710816535003
Beta:0.6 Ptb size:13 Accuracy:0.5311999999999999+-0.04132505293402537
Beta:0.6 Ptb size:14 Accuracy:0.5298+-0.04448999887615192
Beta:0.6 Ptb size:15 Accuracy:0.5032+-0.04238584669438611
Beta:0.6 Ptb size:16 Accuracy:0.502+-0.04052653451752323
Beta:0.6 Ptb size:17 Accuracy:0.48900000000000005+-0.041928510586473275
Beta:0.6 Ptb size:18 Accuracy:0.4918+-0.04253187040326349
Beta:0.6 Ptb size:19 Accuracy:0.48100000000000004+-0.04545327270945406
Beta:0.6 Ptb size:20 Accuracy:0.4888+-0.041834913648769505
beta 0.7
seed 265
=== training gcn model ===
Epoch 0, training loss: 8.802675247192383
Epoch 10, training loss: 8.790946960449219
Epoch 20, training loss: 8.663236618041992
Epoch 30, training loss: 7.8712310791015625
Epoch 40, training loss: 7.231492042541504
Epoch 50, training loss: 6.819756031036377
Epoch 60, training loss: 6.544185161590576
Epoch 70, training loss: 6.326773643493652
Epoch 80, training loss: 6.1490983963012695
Epoch 90, training loss: 6.004494667053223
Epoch 100, training loss: 5.919985294342041
Epoch 110, training loss: 5.9054083824157715
Epoch 120, training loss: 5.781253814697266
Epoch 130, training loss: 5.728842735290527
Epoch 140, training loss: 5.639761924743652
Epoch 150, training loss: 5.633248329162598
Epoch 160, training loss: 5.604196548461914
Epoch 170, training loss: 5.47263240814209
Epoch 180, training loss: 5.430517673492432
Epoch 190, training loss: 5.410096645355225
random
Perturbation Size:0
Ptb size: 0 Accuracy: 0.651
Perturbation Size:1
Ptb size: 1 Accuracy: 0.646
Perturbation Size:2
Ptb size: 2 Accuracy: 0.646
Perturbation Size:3
Ptb size: 3 Accuracy: 0.637
Perturbation Size:4
Ptb size: 4 Accuracy: 0.619
Perturbation Size:5
Ptb size: 5 Accuracy: 0.615
Perturbation Size:6
Ptb size: 6 Accuracy: 0.586
Perturbation Size:7
Ptb size: 7 Accuracy: 0.576
Perturbation Size:8
Ptb size: 8 Accuracy: 0.569
Perturbation Size:9
Ptb size: 9 Accuracy: 0.553
Perturbation Size:10
Ptb size: 10 Accuracy: 0.558
Perturbation Size:11
Ptb size: 11 Accuracy: 0.55
Perturbation Size:12
Ptb size: 12 Accuracy: 0.542
Perturbation Size:13
Ptb size: 13 Accuracy: 0.544
Perturbation Size:14
Ptb size: 14 Accuracy: 0.545
Perturbation Size:15
Ptb size: 15 Accuracy: 0.529
Perturbation Size:16
Ptb size: 16 Accuracy: 0.513
Perturbation Size:17
Ptb size: 17 Accuracy: 0.499
Perturbation Size:18
Ptb size: 18 Accuracy: 0.503
Perturbation Size:19
Ptb size: 19 Accuracy: 0.512
Perturbation Size:20
Ptb size: 20 Accuracy: 0.522
seed 125
=== training gcn model ===
Epoch 0, training loss: 8.802659034729004
Epoch 10, training loss: 8.786622047424316
Epoch 20, training loss: 8.648276329040527
Epoch 30, training loss: 7.670482158660889
Epoch 40, training loss: 7.118106842041016
Epoch 50, training loss: 6.62418270111084
Epoch 60, training loss: 6.3415656089782715
Epoch 70, training loss: 6.190279960632324
Epoch 80, training loss: 5.971264839172363
Epoch 90, training loss: 5.867751121520996
Epoch 100, training loss: 5.777585029602051
Epoch 110, training loss: 5.658294200897217
Epoch 120, training loss: 5.6943840980529785
Epoch 130, training loss: 5.588716506958008
Epoch 140, training loss: 5.574248790740967
Epoch 150, training loss: 5.499392032623291
Epoch 160, training loss: 5.506227970123291
Epoch 170, training loss: 5.441431999206543
Epoch 180, training loss: 5.398754596710205
Epoch 190, training loss: 5.369450092315674
random
Perturbation Size:0
Ptb size: 0 Accuracy: 0.612
Perturbation Size:1
Ptb size: 1 Accuracy: 0.607
Perturbation Size:2
Ptb size: 2 Accuracy: 0.572
Perturbation Size:3
Ptb size: 3 Accuracy: 0.57
Perturbation Size:4
Ptb size: 4 Accuracy: 0.542
Perturbation Size:5
Ptb size: 5 Accuracy: 0.525
Perturbation Size:6
Ptb size: 6 Accuracy: 0.51
Perturbation Size:7
Ptb size: 7 Accuracy: 0.496
Perturbation Size:8
Ptb size: 8 Accuracy: 0.496
Perturbation Size:9
Ptb size: 9 Accuracy: 0.482
Perturbation Size:10
Ptb size: 10 Accuracy: 0.473
Perturbation Size:11
Ptb size: 11 Accuracy: 0.475
Perturbation Size:12
Ptb size: 12 Accuracy: 0.455
Perturbation Size:13
Ptb size: 13 Accuracy: 0.465
Perturbation Size:14
Ptb size: 14 Accuracy: 0.439
Perturbation Size:15
Ptb size: 15 Accuracy: 0.429
Perturbation Size:16
Ptb size: 16 Accuracy: 0.423
Perturbation Size:17
Ptb size: 17 Accuracy: 0.413
Perturbation Size:18
Ptb size: 18 Accuracy: 0.412
Perturbation Size:19
Ptb size: 19 Accuracy: 0.441
Perturbation Size:20
Ptb size: 20 Accuracy: 0.427
seed 996
=== training gcn model ===
Epoch 0, training loss: 8.8026762008667
Epoch 10, training loss: 8.789041519165039
Epoch 20, training loss: 8.58678150177002
Epoch 30, training loss: 7.792724132537842
Epoch 40, training loss: 7.440150260925293
Epoch 50, training loss: 7.029116630554199
Epoch 60, training loss: 6.646488666534424
Epoch 70, training loss: 6.439141273498535
Epoch 80, training loss: 6.291524887084961
Epoch 90, training loss: 6.173471927642822
Epoch 100, training loss: 6.0758490562438965
Epoch 110, training loss: 5.84869909286499
Epoch 120, training loss: 5.7636613845825195
Epoch 130, training loss: 5.70265531539917
Epoch 140, training loss: 5.653252601623535
Epoch 150, training loss: 5.5696702003479
Epoch 160, training loss: 5.507172584533691
Epoch 170, training loss: 5.381397724151611
Epoch 180, training loss: 5.414586067199707
Epoch 190, training loss: 5.326910495758057
random
Perturbation Size:0
Ptb size: 0 Accuracy: 0.63
Perturbation Size:1
Ptb size: 1 Accuracy: 0.631
Perturbation Size:2
Ptb size: 2 Accuracy: 0.605
Perturbation Size:3
Ptb size: 3 Accuracy: 0.577
Perturbation Size:4
Ptb size: 4 Accuracy: 0.573
Perturbation Size:5
Ptb size: 5 Accuracy: 0.56
Perturbation Size:6
Ptb size: 6 Accuracy: 0.541
Perturbation Size:7
Ptb size: 7 Accuracy: 0.536
Perturbation Size:8
Ptb size: 8 Accuracy: 0.515
Perturbation Size:9
Ptb size: 9 Accuracy: 0.507
Perturbation Size:10
Ptb size: 10 Accuracy: 0.487
Perturbation Size:11
Ptb size: 11 Accuracy: 0.491
Perturbation Size:12
Ptb size: 12 Accuracy: 0.47
Perturbation Size:13
Ptb size: 13 Accuracy: 0.476
Perturbation Size:14
Ptb size: 14 Accuracy: 0.484
Perturbation Size:15
Ptb size: 15 Accuracy: 0.439
Perturbation Size:16
Ptb size: 16 Accuracy: 0.446
Perturbation Size:17
Ptb size: 17 Accuracy: 0.433
Perturbation Size:18
Ptb size: 18 Accuracy: 0.431
Perturbation Size:19
Ptb size: 19 Accuracy: 0.437
Perturbation Size:20
Ptb size: 20 Accuracy: 0.425
seed 527
=== training gcn model ===
Epoch 0, training loss: 8.802659034729004
Epoch 10, training loss: 8.789532661437988
Epoch 20, training loss: 8.638372421264648
Epoch 30, training loss: 7.757803440093994
Epoch 40, training loss: 7.114039897918701
Epoch 50, training loss: 6.788149356842041
Epoch 60, training loss: 6.495048999786377
Epoch 70, training loss: 6.232073783874512
Epoch 80, training loss: 6.114223480224609
Epoch 90, training loss: 5.828485488891602
Epoch 100, training loss: 5.692674160003662
Epoch 110, training loss: 5.652383804321289
Epoch 120, training loss: 5.5528178215026855
Epoch 130, training loss: 5.518182277679443
Epoch 140, training loss: 5.4087910652160645
Epoch 150, training loss: 5.35825252532959
Epoch 160, training loss: 5.23030424118042
Epoch 170, training loss: 5.294041156768799
Epoch 180, training loss: 5.239828109741211
Epoch 190, training loss: 5.1668477058410645
random
Perturbation Size:0
Ptb size: 0 Accuracy: 0.633
Perturbation Size:1
Ptb size: 1 Accuracy: 0.625
Perturbation Size:2
Ptb size: 2 Accuracy: 0.594
Perturbation Size:3
Ptb size: 3 Accuracy: 0.579
Perturbation Size:4
Ptb size: 4 Accuracy: 0.567
Perturbation Size:5
Ptb size: 5 Accuracy: 0.542
Perturbation Size:6
Ptb size: 6 Accuracy: 0.525
Perturbation Size:7
Ptb size: 7 Accuracy: 0.513
Perturbation Size:8
Ptb size: 8 Accuracy: 0.514
Perturbation Size:9
Ptb size: 9 Accuracy: 0.502
Perturbation Size:10
Ptb size: 10 Accuracy: 0.498
Perturbation Size:11
Ptb size: 11 Accuracy: 0.5
Perturbation Size:12
Ptb size: 12 Accuracy: 0.491
Perturbation Size:13
Ptb size: 13 Accuracy: 0.491
Perturbation Size:14
Ptb size: 14 Accuracy: 0.478
Perturbation Size:15
Ptb size: 15 Accuracy: 0.432
Perturbation Size:16
Ptb size: 16 Accuracy: 0.437
Perturbation Size:17
Ptb size: 17 Accuracy: 0.422
Perturbation Size:18
Ptb size: 18 Accuracy: 0.421
Perturbation Size:19
Ptb size: 19 Accuracy: 0.421
Perturbation Size:20
Ptb size: 20 Accuracy: 0.42
seed 320
=== training gcn model ===
Epoch 0, training loss: 8.802695274353027
Epoch 10, training loss: 8.791720390319824
Epoch 20, training loss: 8.636773109436035
Epoch 30, training loss: 7.910228729248047
Epoch 40, training loss: 7.292150497436523
Epoch 50, training loss: 6.859102725982666
Epoch 60, training loss: 6.531656265258789
Epoch 70, training loss: 6.313559055328369
Epoch 80, training loss: 6.181657791137695
Epoch 90, training loss: 5.969403266906738
Epoch 100, training loss: 5.8973774909973145
Epoch 110, training loss: 5.761465072631836
Epoch 120, training loss: 5.675511360168457
Epoch 130, training loss: 5.596604347229004
Epoch 140, training loss: 5.499247074127197
Epoch 150, training loss: 5.432770729064941
Epoch 160, training loss: 5.3748650550842285
Epoch 170, training loss: 5.32531213760376
Epoch 180, training loss: 5.277493953704834
Epoch 190, training loss: 5.221486568450928
random
Perturbation Size:0
Ptb size: 0 Accuracy: 0.627
Perturbation Size:1
Ptb size: 1 Accuracy: 0.63
Perturbation Size:2
Ptb size: 2 Accuracy: 0.616
Perturbation Size:3
Ptb size: 3 Accuracy: 0.617
Perturbation Size:4
Ptb size: 4 Accuracy: 0.606
Perturbation Size:5
Ptb size: 5 Accuracy: 0.601
Perturbation Size:6
Ptb size: 6 Accuracy: 0.591
Perturbation Size:7
Ptb size: 7 Accuracy: 0.587
Perturbation Size:8
Ptb size: 8 Accuracy: 0.593
Perturbation Size:9
Ptb size: 9 Accuracy: 0.581
Perturbation Size:10
Ptb size: 10 Accuracy: 0.572
Perturbation Size:11
Ptb size: 11 Accuracy: 0.57
Perturbation Size:12
Ptb size: 12 Accuracy: 0.564
Perturbation Size:13
Ptb size: 13 Accuracy: 0.558
Perturbation Size:14
Ptb size: 14 Accuracy: 0.551
Perturbation Size:15
Ptb size: 15 Accuracy: 0.542
Perturbation Size:16
Ptb size: 16 Accuracy: 0.524
Perturbation Size:17
Ptb size: 17 Accuracy: 0.524
Perturbation Size:18
Ptb size: 18 Accuracy: 0.529
Perturbation Size:19
Ptb size: 19 Accuracy: 0.533
Perturbation Size:20
Ptb size: 20 Accuracy: 0.532
Beta:0.7 Ptb size:0 Accuracy:0.6305999999999999+-0.012499599993599807
Beta:0.7 Ptb size:1 Accuracy:0.6278+-0.012544321424453388
Beta:0.7 Ptb size:2 Accuracy:0.6066+-0.024491631223746632
Beta:0.7 Ptb size:3 Accuracy:0.5959999999999999+-0.026260236099471788
Beta:0.7 Ptb size:4 Accuracy:0.5814+-0.027745990701360794
Beta:0.7 Ptb size:5 Accuracy:0.5686+-0.034308016555901315
Beta:0.7 Ptb size:6 Accuracy:0.5506+-0.032499846153482
Beta:0.7 Ptb size:7 Accuracy:0.5416000000000001+-0.03513744441475502
Beta:0.7 Ptb size:8 Accuracy:0.5374000000000001+-0.03702215552881813
Beta:0.7 Ptb size:9 Accuracy:0.5250000000000001+-0.03639230687933921
Beta:0.7 Ptb size:10 Accuracy:0.5176000000000001+-0.03975223264170203
Beta:0.7 Ptb size:11 Accuracy:0.5172+-0.03640549409086491
Beta:0.7 Ptb size:12 Accuracy:0.5044000000000001+-0.04187887295522648
Beta:0.7 Ptb size:13 Accuracy:0.5067999999999999+-0.037284849469992526
Beta:0.7 Ptb size:14 Accuracy:0.49939999999999996+-0.04262675216340088
Beta:0.7 Ptb size:15 Accuracy:0.4742+-0.05032454669443136
Beta:0.7 Ptb size:16 Accuracy:0.4686+-0.04154323049547303
Beta:0.7 Ptb size:17 Accuracy:0.4582+-0.0446828826285861
Beta:0.7 Ptb size:18 Accuracy:0.45920000000000005+-0.04748220719385317
Beta:0.7 Ptb size:19 Accuracy:0.46880000000000005+-0.04484818836920842
Beta:0.7 Ptb size:20 Accuracy:0.4652+-0.05060988045826626
beta 0.8
seed 265
=== training gcn model ===
Epoch 0, training loss: 8.8026762008667
Epoch 10, training loss: 8.789322853088379
Epoch 20, training loss: 8.643857955932617
Epoch 30, training loss: 7.998654365539551
Epoch 40, training loss: 7.274590015411377
Epoch 50, training loss: 6.859286308288574
Epoch 60, training loss: 6.610984802246094
Epoch 70, training loss: 6.395780563354492
Epoch 80, training loss: 6.185406684875488
Epoch 90, training loss: 6.0040717124938965
Epoch 100, training loss: 5.91886568069458
Epoch 110, training loss: 5.924030780792236
Epoch 120, training loss: 5.756111145019531
Epoch 130, training loss: 5.717281341552734
Epoch 140, training loss: 5.6418962478637695
Epoch 150, training loss: 5.623787879943848
Epoch 160, training loss: 5.629141330718994
Epoch 170, training loss: 5.52075719833374
Epoch 180, training loss: 5.5189032554626465
Epoch 190, training loss: 5.491188049316406
random
Perturbation Size:0
Ptb size: 0 Accuracy: 0.661
Perturbation Size:1
Ptb size: 1 Accuracy: 0.658
Perturbation Size:2
Ptb size: 2 Accuracy: 0.65
Perturbation Size:3
Ptb size: 3 Accuracy: 0.63
Perturbation Size:4
Ptb size: 4 Accuracy: 0.63
Perturbation Size:5
Ptb size: 5 Accuracy: 0.595
Perturbation Size:6
Ptb size: 6 Accuracy: 0.574
Perturbation Size:7
Ptb size: 7 Accuracy: 0.575
Perturbation Size:8
Ptb size: 8 Accuracy: 0.563
Perturbation Size:9
Ptb size: 9 Accuracy: 0.541
Perturbation Size:10
Ptb size: 10 Accuracy: 0.541
Perturbation Size:11
Ptb size: 11 Accuracy: 0.547
Perturbation Size:12
Ptb size: 12 Accuracy: 0.534
Perturbation Size:13
Ptb size: 13 Accuracy: 0.528
Perturbation Size:14
Ptb size: 14 Accuracy: 0.533
Perturbation Size:15
Ptb size: 15 Accuracy: 0.515
Perturbation Size:16
Ptb size: 16 Accuracy: 0.507
Perturbation Size:17
Ptb size: 17 Accuracy: 0.491
Perturbation Size:18
Ptb size: 18 Accuracy: 0.484
Perturbation Size:19
Ptb size: 19 Accuracy: 0.474
Perturbation Size:20
Ptb size: 20 Accuracy: 0.478
seed 125
=== training gcn model ===
Epoch 0, training loss: 8.802652359008789
Epoch 10, training loss: 8.784685134887695
Epoch 20, training loss: 8.630105972290039
Epoch 30, training loss: 7.720400810241699
Epoch 40, training loss: 7.130173206329346
Epoch 50, training loss: 6.662806510925293
Epoch 60, training loss: 6.3431620597839355
Epoch 70, training loss: 6.1932597160339355
Epoch 80, training loss: 5.93062162399292
Epoch 90, training loss: 5.845186233520508
Epoch 100, training loss: 5.756278038024902
Epoch 110, training loss: 5.617090225219727
Epoch 120, training loss: 5.670363903045654
Epoch 130, training loss: 5.549560070037842
Epoch 140, training loss: 5.554522514343262
Epoch 150, training loss: 5.479717254638672
Epoch 160, training loss: 5.476414203643799
Epoch 170, training loss: 5.41373348236084
Epoch 180, training loss: 5.3799920082092285
Epoch 190, training loss: 5.353382587432861
random
Perturbation Size:0
Ptb size: 0 Accuracy: 0.589
Perturbation Size:1
Ptb size: 1 Accuracy: 0.58
Perturbation Size:2
Ptb size: 2 Accuracy: 0.575
Perturbation Size:3
Ptb size: 3 Accuracy: 0.562
Perturbation Size:4
Ptb size: 4 Accuracy: 0.53
Perturbation Size:5
Ptb size: 5 Accuracy: 0.517
Perturbation Size:6
Ptb size: 6 Accuracy: 0.513
Perturbation Size:7
Ptb size: 7 Accuracy: 0.504
Perturbation Size:8
Ptb size: 8 Accuracy: 0.491
Perturbation Size:9
Ptb size: 9 Accuracy: 0.501
Perturbation Size:10
Ptb size: 10 Accuracy: 0.48
Perturbation Size:11
Ptb size: 11 Accuracy: 0.485
Perturbation Size:12
Ptb size: 12 Accuracy: 0.493
Perturbation Size:13
Ptb size: 13 Accuracy: 0.478
Perturbation Size:14
Ptb size: 14 Accuracy: 0.473
Perturbation Size:15
Ptb size: 15 Accuracy: 0.458
Perturbation Size:16
Ptb size: 16 Accuracy: 0.447
Perturbation Size:17
Ptb size: 17 Accuracy: 0.445
Perturbation Size:18
Ptb size: 18 Accuracy: 0.432
Perturbation Size:19
Ptb size: 19 Accuracy: 0.444
Perturbation Size:20
Ptb size: 20 Accuracy: 0.454
seed 996
=== training gcn model ===
Epoch 0, training loss: 8.80267333984375
Epoch 10, training loss: 8.786935806274414
Epoch 20, training loss: 8.582945823669434
Epoch 30, training loss: 7.75908088684082
Epoch 40, training loss: 7.432112693786621
Epoch 50, training loss: 7.078165054321289
Epoch 60, training loss: 6.654725074768066
Epoch 70, training loss: 6.4853692054748535
Epoch 80, training loss: 6.328937530517578
Epoch 90, training loss: 6.181753635406494
Epoch 100, training loss: 6.071642875671387
Epoch 110, training loss: 5.840074062347412
Epoch 120, training loss: 5.767529010772705
Epoch 130, training loss: 5.708770751953125
Epoch 140, training loss: 5.662439346313477
Epoch 150, training loss: 5.579856872558594
Epoch 160, training loss: 5.5123982429504395
Epoch 170, training loss: 5.397728443145752
Epoch 180, training loss: 5.436732292175293
Epoch 190, training loss: 5.340644359588623
random
Perturbation Size:0
Ptb size: 0 Accuracy: 0.623
Perturbation Size:1
Ptb size: 1 Accuracy: 0.629
Perturbation Size:2
Ptb size: 2 Accuracy: 0.618
Perturbation Size:3
Ptb size: 3 Accuracy: 0.598
Perturbation Size:4
Ptb size: 4 Accuracy: 0.584
Perturbation Size:5
Ptb size: 5 Accuracy: 0.573
Perturbation Size:6
Ptb size: 6 Accuracy: 0.566
Perturbation Size:7
Ptb size: 7 Accuracy: 0.568
Perturbation Size:8
Ptb size: 8 Accuracy: 0.542
Perturbation Size:9
Ptb size: 9 Accuracy: 0.528
Perturbation Size:10
Ptb size: 10 Accuracy: 0.524
Perturbation Size:11
Ptb size: 11 Accuracy: 0.519
Perturbation Size:12
Ptb size: 12 Accuracy: 0.507
Perturbation Size:13
Ptb size: 13 Accuracy: 0.506
Perturbation Size:14
Ptb size: 14 Accuracy: 0.505
Perturbation Size:15
Ptb size: 15 Accuracy: 0.501
Perturbation Size:16
Ptb size: 16 Accuracy: 0.494
Perturbation Size:17
Ptb size: 17 Accuracy: 0.484
Perturbation Size:18
Ptb size: 18 Accuracy: 0.484
Perturbation Size:19
Ptb size: 19 Accuracy: 0.457
Perturbation Size:20
Ptb size: 20 Accuracy: 0.466
seed 527
=== training gcn model ===
Epoch 0, training loss: 8.802655220031738
Epoch 10, training loss: 8.78729248046875
Epoch 20, training loss: 8.62189769744873
Epoch 30, training loss: 7.790017604827881
Epoch 40, training loss: 7.114545822143555
Epoch 50, training loss: 6.789144992828369
Epoch 60, training loss: 6.518495082855225
Epoch 70, training loss: 6.296331405639648
Epoch 80, training loss: 6.201651096343994
Epoch 90, training loss: 5.883872985839844
Epoch 100, training loss: 5.741396427154541
Epoch 110, training loss: 5.658278942108154
Epoch 120, training loss: 5.553505897521973
Epoch 130, training loss: 5.508614540100098
Epoch 140, training loss: 5.391657829284668
Epoch 150, training loss: 5.352536678314209
Epoch 160, training loss: 5.236502647399902
Epoch 170, training loss: 5.26090145111084
Epoch 180, training loss: 5.217095375061035
Epoch 190, training loss: 5.148481369018555
random
Perturbation Size:0
Ptb size: 0 Accuracy: 0.633
Perturbation Size:1
Ptb size: 1 Accuracy: 0.631
Perturbation Size:2
Ptb size: 2 Accuracy: 0.626
Perturbation Size:3
Ptb size: 3 Accuracy: 0.623
Perturbation Size:4
Ptb size: 4 Accuracy: 0.596
Perturbation Size:5
Ptb size: 5 Accuracy: 0.58
Perturbation Size:6
Ptb size: 6 Accuracy: 0.569
Perturbation Size:7
Ptb size: 7 Accuracy: 0.562
Perturbation Size:8
Ptb size: 8 Accuracy: 0.573
Perturbation Size:9
Ptb size: 9 Accuracy: 0.554
Perturbation Size:10
Ptb size: 10 Accuracy: 0.561
Perturbation Size:11
Ptb size: 11 Accuracy: 0.568
Perturbation Size:12
Ptb size: 12 Accuracy: 0.556
Perturbation Size:13
Ptb size: 13 Accuracy: 0.558
Perturbation Size:14
Ptb size: 14 Accuracy: 0.545
Perturbation Size:15
Ptb size: 15 Accuracy: 0.509
Perturbation Size:16
Ptb size: 16 Accuracy: 0.492
Perturbation Size:17
Ptb size: 17 Accuracy: 0.503
Perturbation Size:18
Ptb size: 18 Accuracy: 0.472
Perturbation Size:19
Ptb size: 19 Accuracy: 0.47
Perturbation Size:20
Ptb size: 20 Accuracy: 0.518
seed 320
=== training gcn model ===
Epoch 0, training loss: 8.802691459655762
Epoch 10, training loss: 8.790287971496582
Epoch 20, training loss: 8.619714736938477
Epoch 30, training loss: 7.918781757354736
Epoch 40, training loss: 7.297351837158203
Epoch 50, training loss: 6.8783111572265625
Epoch 60, training loss: 6.526965618133545
Epoch 70, training loss: 6.318644046783447
Epoch 80, training loss: 6.1545329093933105
Epoch 90, training loss: 5.927535533905029
Epoch 100, training loss: 5.861912250518799
Epoch 110, training loss: 5.7219343185424805
Epoch 120, training loss: 5.647244930267334
Epoch 130, training loss: 5.588807106018066
Epoch 140, training loss: 5.465631484985352
Epoch 150, training loss: 5.425926685333252
Epoch 160, training loss: 5.33071231842041
Epoch 170, training loss: 5.27915096282959
Epoch 180, training loss: 5.231802463531494
Epoch 190, training loss: 5.179152965545654
random
Perturbation Size:0
Ptb size: 0 Accuracy: 0.652
Perturbation Size:1
Ptb size: 1 Accuracy: 0.642
Perturbation Size:2
Ptb size: 2 Accuracy: 0.643
Perturbation Size:3
Ptb size: 3 Accuracy: 0.639
Perturbation Size:4
Ptb size: 4 Accuracy: 0.615
Perturbation Size:5
Ptb size: 5 Accuracy: 0.607
Perturbation Size:6
Ptb size: 6 Accuracy: 0.593
Perturbation Size:7
Ptb size: 7 Accuracy: 0.597
Perturbation Size:8
Ptb size: 8 Accuracy: 0.567
Perturbation Size:9
Ptb size: 9 Accuracy: 0.554
Perturbation Size:10
Ptb size: 10 Accuracy: 0.534
Perturbation Size:11
Ptb size: 11 Accuracy: 0.532
Perturbation Size:12
Ptb size: 12 Accuracy: 0.494
Perturbation Size:13
Ptb size: 13 Accuracy: 0.494
Perturbation Size:14
Ptb size: 14 Accuracy: 0.476
Perturbation Size:15
Ptb size: 15 Accuracy: 0.543
Perturbation Size:16
Ptb size: 16 Accuracy: 0.525
Perturbation Size:17
Ptb size: 17 Accuracy: 0.524
Perturbation Size:18
Ptb size: 18 Accuracy: 0.523
Perturbation Size:19
Ptb size: 19 Accuracy: 0.521
Perturbation Size:20
Ptb size: 20 Accuracy: 0.513
Beta:0.8 Ptb size:0 Accuracy:0.6316+-0.025184121981915535
Beta:0.8 Ptb size:1 Accuracy:0.628+-0.026115129714401213
Beta:0.8 Ptb size:2 Accuracy:0.6224000000000001+-0.026325652888390085
Beta:0.8 Ptb size:3 Accuracy:0.6104+-0.027774808730214495
Beta:0.8 Ptb size:4 Accuracy:0.591+-0.034327831274346465
Beta:0.8 Ptb size:5 Accuracy:0.5744+-0.03103288578266609
Beta:0.8 Ptb size:6 Accuracy:0.563+-0.026705804612480767
Beta:0.8 Ptb size:7 Accuracy:0.5611999999999999+-0.03095415965585238
Beta:0.8 Ptb size:8 Accuracy:0.5471999999999999+-0.02997599039231229
Beta:0.8 Ptb size:9 Accuracy:0.5356+-0.019805049861083425
Beta:0.8 Ptb size:10 Accuracy:0.5279999999999999+-0.0268849400222504
Beta:0.8 Ptb size:11 Accuracy:0.5302+-0.027866826155843433
Beta:0.8 Ptb size:12 Accuracy:0.5168000000000001+-0.0245552438391477
Beta:0.8 Ptb size:13 Accuracy:0.5128+-0.027874002224294977
Beta:0.8 Ptb size:14 Accuracy:0.5064+-0.02911769221624546
Beta:0.8 Ptb size:15 Accuracy:0.5052000000000001+-0.027512906062428236
Beta:0.8 Ptb size:16 Accuracy:0.493+-0.02583795657554986
Beta:0.8 Ptb size:17 Accuracy:0.4894+-0.02601999231360379
Beta:0.8 Ptb size:18 Accuracy:0.479+-0.02913417237540824
Beta:0.8 Ptb size:19 Accuracy:0.4732+-0.026118192893077426
Beta:0.8 Ptb size:20 Accuracy:0.48579999999999995+-0.025458986625551298
beta 0.9
seed 265
=== training gcn model ===
Epoch 0, training loss: 8.802675247192383
Epoch 10, training loss: 8.787887573242188
Epoch 20, training loss: 8.616557121276855
Epoch 30, training loss: 8.079069137573242
Epoch 40, training loss: 7.296311378479004
Epoch 50, training loss: 6.864993572235107
Epoch 60, training loss: 6.6281561851501465
Epoch 70, training loss: 6.417995452880859
Epoch 80, training loss: 6.174849033355713
Epoch 90, training loss: 5.99922513961792
Epoch 100, training loss: 5.89048433303833
Epoch 110, training loss: 5.887435436248779
Epoch 120, training loss: 5.7057390213012695
Epoch 130, training loss: 5.678514003753662
Epoch 140, training loss: 5.603652477264404
Epoch 150, training loss: 5.585177898406982
Epoch 160, training loss: 5.579751014709473
Epoch 170, training loss: 5.491752624511719
Epoch 180, training loss: 5.491607666015625
Epoch 190, training loss: 5.461706638336182
random
Perturbation Size:0
Ptb size: 0 Accuracy: 0.637
Perturbation Size:1
Ptb size: 1 Accuracy: 0.653
Perturbation Size:2
Ptb size: 2 Accuracy: 0.637
Perturbation Size:3
Ptb size: 3 Accuracy: 0.631
Perturbation Size:4
Ptb size: 4 Accuracy: 0.623
Perturbation Size:5
Ptb size: 5 Accuracy: 0.609
Perturbation Size:6
Ptb size: 6 Accuracy: 0.592
Perturbation Size:7
Ptb size: 7 Accuracy: 0.585
Perturbation Size:8
Ptb size: 8 Accuracy: 0.576
Perturbation Size:9
Ptb size: 9 Accuracy: 0.554
Perturbation Size:10
Ptb size: 10 Accuracy: 0.551
Perturbation Size:11
Ptb size: 11 Accuracy: 0.546
Perturbation Size:12
Ptb size: 12 Accuracy: 0.531
Perturbation Size:13
Ptb size: 13 Accuracy: 0.522
Perturbation Size:14
Ptb size: 14 Accuracy: 0.521
Perturbation Size:15
Ptb size: 15 Accuracy: 0.499
Perturbation Size:16
Ptb size: 16 Accuracy: 0.49
Perturbation Size:17
Ptb size: 17 Accuracy: 0.48
Perturbation Size:18
Ptb size: 18 Accuracy: 0.476
Perturbation Size:19
Ptb size: 19 Accuracy: 0.478
Perturbation Size:20
Ptb size: 20 Accuracy: 0.478
seed 125
=== training gcn model ===
Epoch 0, training loss: 8.80264949798584
Epoch 10, training loss: 8.78245735168457
Epoch 20, training loss: 8.61474895477295
Epoch 30, training loss: 7.75881814956665
Epoch 40, training loss: 7.105154991149902
Epoch 50, training loss: 6.655066013336182
Epoch 60, training loss: 6.382050037384033
Epoch 70, training loss: 6.176765441894531
Epoch 80, training loss: 5.8900628089904785
Epoch 90, training loss: 5.808740615844727
Epoch 100, training loss: 5.717446804046631
Epoch 110, training loss: 5.583116054534912
Epoch 120, training loss: 5.625179290771484
Epoch 130, training loss: 5.514913558959961
Epoch 140, training loss: 5.495306015014648
Epoch 150, training loss: 5.425423622131348
Epoch 160, training loss: 5.4184889793396
Epoch 170, training loss: 5.349318981170654
Epoch 180, training loss: 5.3122029304504395
Epoch 190, training loss: 5.287140369415283
random
Perturbation Size:0
Ptb size: 0 Accuracy: 0.584
Perturbation Size:1
Ptb size: 1 Accuracy: 0.579
Perturbation Size:2
Ptb size: 2 Accuracy: 0.577
Perturbation Size:3
Ptb size: 3 Accuracy: 0.583
Perturbation Size:4
Ptb size: 4 Accuracy: 0.568
Perturbation Size:5
Ptb size: 5 Accuracy: 0.555
Perturbation Size:6
Ptb size: 6 Accuracy: 0.537
Perturbation Size:7
Ptb size: 7 Accuracy: 0.541
Perturbation Size:8
Ptb size: 8 Accuracy: 0.529
Perturbation Size:9
Ptb size: 9 Accuracy: 0.532
Perturbation Size:10
Ptb size: 10 Accuracy: 0.521
Perturbation Size:11
Ptb size: 11 Accuracy: 0.521
Perturbation Size:12
Ptb size: 12 Accuracy: 0.517
Perturbation Size:13
Ptb size: 13 Accuracy: 0.516
Perturbation Size:14
Ptb size: 14 Accuracy: 0.511
Perturbation Size:15
Ptb size: 15 Accuracy: 0.51
Perturbation Size:16
Ptb size: 16 Accuracy: 0.503
Perturbation Size:17
Ptb size: 17 Accuracy: 0.5
Perturbation Size:18
Ptb size: 18 Accuracy: 0.503
Perturbation Size:19
Ptb size: 19 Accuracy: 0.495
Perturbation Size:20
Ptb size: 20 Accuracy: 0.486
seed 996
=== training gcn model ===
Epoch 0, training loss: 8.802671432495117
Epoch 10, training loss: 8.785379409790039
Epoch 20, training loss: 8.568827629089355
Epoch 30, training loss: 7.752016067504883
Epoch 40, training loss: 7.393337249755859
Epoch 50, training loss: 7.088387489318848
Epoch 60, training loss: 6.696384429931641
Epoch 70, training loss: 6.498562335968018
Epoch 80, training loss: 6.349296569824219
Epoch 90, training loss: 6.2027130126953125
Epoch 100, training loss: 6.079787731170654
Epoch 110, training loss: 5.847747802734375
Epoch 120, training loss: 5.76263952255249
Epoch 130, training loss: 5.71671199798584
Epoch 140, training loss: 5.660030841827393
Epoch 150, training loss: 5.576650619506836
Epoch 160, training loss: 5.533205986022949
Epoch 170, training loss: 5.423785209655762
Epoch 180, training loss: 5.431617736816406
Epoch 190, training loss: 5.346522808074951
random
Perturbation Size:0
Ptb size: 0 Accuracy: 0.625
Perturbation Size:1
Ptb size: 1 Accuracy: 0.598
Perturbation Size:2
Ptb size: 2 Accuracy: 0.611
Perturbation Size:3
Ptb size: 3 Accuracy: 0.593
Perturbation Size:4
Ptb size: 4 Accuracy: 0.579
Perturbation Size:5
Ptb size: 5 Accuracy: 0.574
Perturbation Size:6
Ptb size: 6 Accuracy: 0.558
Perturbation Size:7
Ptb size: 7 Accuracy: 0.554
Perturbation Size:8
Ptb size: 8 Accuracy: 0.532
Perturbation Size:9
Ptb size: 9 Accuracy: 0.524
Perturbation Size:10
Ptb size: 10 Accuracy: 0.493
Perturbation Size:11
Ptb size: 11 Accuracy: 0.504
Perturbation Size:12
Ptb size: 12 Accuracy: 0.503
Perturbation Size:13
Ptb size: 13 Accuracy: 0.502
Perturbation Size:14
Ptb size: 14 Accuracy: 0.491
Perturbation Size:15
Ptb size: 15 Accuracy: 0.486
Perturbation Size:16
Ptb size: 16 Accuracy: 0.482
Perturbation Size:17
Ptb size: 17 Accuracy: 0.474
Perturbation Size:18
Ptb size: 18 Accuracy: 0.465
Perturbation Size:19
Ptb size: 19 Accuracy: 0.458
Perturbation Size:20
Ptb size: 20 Accuracy: 0.457
seed 527
=== training gcn model ===
Epoch 0, training loss: 8.802656173706055
Epoch 10, training loss: 8.785938262939453
Epoch 20, training loss: 8.604737281799316
Epoch 30, training loss: 7.865391731262207
Epoch 40, training loss: 7.120139122009277
Epoch 50, training loss: 6.755280017852783
Epoch 60, training loss: 6.520726203918457
Epoch 70, training loss: 6.269516468048096
Epoch 80, training loss: 6.21718692779541
Epoch 90, training loss: 5.9351301193237305
Epoch 100, training loss: 5.8038330078125
Epoch 110, training loss: 5.7047834396362305
Epoch 120, training loss: 5.556462287902832
Epoch 130, training loss: 5.518563270568848
Epoch 140, training loss: 5.398470401763916
Epoch 150, training loss: 5.3413896560668945
Epoch 160, training loss: 5.211644172668457
Epoch 170, training loss: 5.241028785705566
Epoch 180, training loss: 5.187041759490967
Epoch 190, training loss: 5.1124701499938965
random
Perturbation Size:0
Ptb size: 0 Accuracy: 0.629
Perturbation Size:1
Ptb size: 1 Accuracy: 0.625
Perturbation Size:2
Ptb size: 2 Accuracy: 0.624
Perturbation Size:3
Ptb size: 3 Accuracy: 0.612
Perturbation Size:4
Ptb size: 4 Accuracy: 0.613
Perturbation Size:5
Ptb size: 5 Accuracy: 0.608
Perturbation Size:6
Ptb size: 6 Accuracy: 0.59
Perturbation Size:7
Ptb size: 7 Accuracy: 0.595
Perturbation Size:8
Ptb size: 8 Accuracy: 0.554
Perturbation Size:9
Ptb size: 9 Accuracy: 0.541
Perturbation Size:10
Ptb size: 10 Accuracy: 0.52
Perturbation Size:11
Ptb size: 11 Accuracy: 0.573
Perturbation Size:12
Ptb size: 12 Accuracy: 0.553
Perturbation Size:13
Ptb size: 13 Accuracy: 0.546
Perturbation Size:14
Ptb size: 14 Accuracy: 0.522
Perturbation Size:15
Ptb size: 15 Accuracy: 0.538
Perturbation Size:16
Ptb size: 16 Accuracy: 0.516
Perturbation Size:17
Ptb size: 17 Accuracy: 0.532
Perturbation Size:18
Ptb size: 18 Accuracy: 0.52
Perturbation Size:19
Ptb size: 19 Accuracy: 0.538
Perturbation Size:20
Ptb size: 20 Accuracy: 0.525
seed 320
=== training gcn model ===
Epoch 0, training loss: 8.802692413330078
Epoch 10, training loss: 8.789220809936523
Epoch 20, training loss: 8.586363792419434
Epoch 30, training loss: 7.910600185394287
Epoch 40, training loss: 7.276873588562012
Epoch 50, training loss: 6.907822132110596
Epoch 60, training loss: 6.514482498168945
Epoch 70, training loss: 6.321959495544434
Epoch 80, training loss: 6.146196365356445
Epoch 90, training loss: 5.933856964111328
Epoch 100, training loss: 5.852471828460693
Epoch 110, training loss: 5.731230735778809
Epoch 120, training loss: 5.65794563293457
Epoch 130, training loss: 5.563493251800537
Epoch 140, training loss: 5.453985691070557
Epoch 150, training loss: 5.425420761108398
Epoch 160, training loss: 5.330232620239258
Epoch 170, training loss: 5.254167079925537
Epoch 180, training loss: 5.2184576988220215
Epoch 190, training loss: 5.159577369689941
random
Perturbation Size:0
Ptb size: 0 Accuracy: 0.634
Perturbation Size:1
Ptb size: 1 Accuracy: 0.641
Perturbation Size:2
Ptb size: 2 Accuracy: 0.626
Perturbation Size:3
Ptb size: 3 Accuracy: 0.608
Perturbation Size:4
Ptb size: 4 Accuracy: 0.595
Perturbation Size:5
Ptb size: 5 Accuracy: 0.578
Perturbation Size:6
Ptb size: 6 Accuracy: 0.547
Perturbation Size:7
Ptb size: 7 Accuracy: 0.535
Perturbation Size:8
Ptb size: 8 Accuracy: 0.51
Perturbation Size:9
Ptb size: 9 Accuracy: 0.493
Perturbation Size:10
Ptb size: 10 Accuracy: 0.484
Perturbation Size:11
Ptb size: 11 Accuracy: 0.466
Perturbation Size:12
Ptb size: 12 Accuracy: 0.468
Perturbation Size:13
Ptb size: 13 Accuracy: 0.442
Perturbation Size:14
Ptb size: 14 Accuracy: 0.434
Perturbation Size:15
Ptb size: 15 Accuracy: 0.481
Perturbation Size:16
Ptb size: 16 Accuracy: 0.464
Perturbation Size:17
Ptb size: 17 Accuracy: 0.453
Perturbation Size:18
Ptb size: 18 Accuracy: 0.448
Perturbation Size:19
Ptb size: 19 Accuracy: 0.417
Perturbation Size:20
Ptb size: 20 Accuracy: 0.42
Beta:0.9 Ptb size:0 Accuracy:0.6218+-0.019343215865000336
Beta:0.9 Ptb size:1 Accuracy:0.6192+-0.027264629100723182
Beta:0.9 Ptb size:2 Accuracy:0.615+-0.020717142660125715
Beta:0.9 Ptb size:3 Accuracy:0.6054+-0.016499696966914286
Beta:0.9 Ptb size:4 Accuracy:0.5955999999999999+-0.020450916849862767
Beta:0.9 Ptb size:5 Accuracy:0.5848+-0.020855694665965926
Beta:0.9 Ptb size:6 Accuracy:0.5648000000000001+-0.02240892679268685
Beta:0.9 Ptb size:7 Accuracy:0.562+-0.023883048381645056
Beta:0.9 Ptb size:8 Accuracy:0.5401999999999999+-0.02270154179786032
Beta:0.9 Ptb size:9 Accuracy:0.5288+-0.020488045294756663
Beta:0.9 Ptb size:10 Accuracy:0.5138+-0.023642334910071828
Beta:0.9 Ptb size:11 Accuracy:0.522+-0.036436245690246394
Beta:0.9 Ptb size:12 Accuracy:0.5144+-0.028478764018124107
Beta:0.9 Ptb size:13 Accuracy:0.5056+-0.0348344656913236
Beta:0.9 Ptb size:14 Accuracy:0.4958+-0.0328475265431052
Beta:0.9 Ptb size:15 Accuracy:0.5027999999999999+-0.020311573055772927
Beta:0.9 Ptb size:16 Accuracy:0.491+-0.017776388834631177
Beta:0.9 Ptb size:17 Accuracy:0.4878+-0.026701310829245827
Beta:0.9 Ptb size:18 Accuracy:0.4824+-0.025943014474035204
Beta:0.9 Ptb size:19 Accuracy:0.4772+-0.040016996389034505
Beta:0.9 Ptb size:20 Accuracy:0.4732+-0.03453346203322222
