nohup: ignoring input
run_robust_acc.py:14: DeprecationWarning: the imp module is deprecated in favour of importlib; see the module's documentation for alternative uses
  import imp
Namespace(add_edge_rate_1=0, add_edge_rate_2=0, attack='random', base_model='GCN', cl_activation='relu', cl_base_model='GCNConv', cl_lr=0.0005, cl_num_epochs=200, cl_num_layers=2, cl_num_proj_hidden=128, cl_weight_decay=1e-05, clf_weight=1, config='config.yaml', cont_batch_size=0, cont_weight=1, cuda=True, dataset='Citeseer', debug=True, device_id=0, drop_edge_rate_1=0.2, drop_edge_rate_2=0, drop_feat_rate_1=0.3, drop_feat_rate_2=0.2, dropout=0.5, encoder_model='Grace', hidden=128, if_smoothed=True, inv_weight=1, no_cuda=False, noisy_level=0.3, num_hidden=128, num_proj_hidden=128, num_repeat=5, prob=0.8, seed=10, select_target_ratio=0.1, tau=0.1, test_model='GCN', train_lr=0.01, weight_decay=0.0005)
beta 0.5
seed 265
=== training gcn model ===
Epoch 0, training loss: 8.802688598632812
Epoch 10, training loss: 8.794637680053711
Epoch 20, training loss: 8.677999496459961
Epoch 30, training loss: 7.809965133666992
Epoch 40, training loss: 7.192526340484619
Epoch 50, training loss: 6.779862403869629
Epoch 60, training loss: 6.531414031982422
Epoch 70, training loss: 6.329378604888916
Epoch 80, training loss: 6.195438385009766
Epoch 90, training loss: 6.067672252655029
Epoch 100, training loss: 6.000860691070557
Epoch 110, training loss: 5.943045616149902
Epoch 120, training loss: 5.807299613952637
Epoch 130, training loss: 5.717175483703613
Epoch 140, training loss: 5.652933597564697
Epoch 150, training loss: 5.643543720245361
Epoch 160, training loss: 5.626275062561035
Epoch 170, training loss: 5.490420341491699
Epoch 180, training loss: 5.4573516845703125
Epoch 190, training loss: 5.449276447296143
random
Perturbation Size:0
Accuracy: 0.644
Perturbation Size:1
Accuracy: 0.643
Perturbation Size:2
Accuracy: 0.639
Perturbation Size:3
Accuracy: 0.637
Perturbation Size:4
Accuracy: 0.595
Perturbation Size:5
Accuracy: 0.562
Perturbation Size:6
Accuracy: 0.594
Perturbation Size:7
Accuracy: 0.561
Perturbation Size:8
Accuracy: 0.597
Perturbation Size:9
Accuracy: 0.582
Perturbation Size:10
Accuracy: 0.552
Perturbation Size:11
Accuracy: 0.567
Perturbation Size:12
Accuracy: 0.558
Perturbation Size:13
Accuracy: 0.598
Perturbation Size:14
Accuracy: 0.565
Perturbation Size:15
Accuracy: 0.508
Perturbation Size:16
Accuracy: 0.495
Perturbation Size:17
Accuracy: 0.499
Perturbation Size:18
Accuracy: 0.496
Perturbation Size:19
Accuracy: 0.506
Perturbation Size:20
Accuracy: 0.505
seed 125
=== training gcn model ===
Epoch 0, training loss: 8.802668571472168
Epoch 10, training loss: 8.791095733642578
Epoch 20, training loss: 8.61690902709961
Epoch 30, training loss: 7.622687339782715
Epoch 40, training loss: 7.0894575119018555
Epoch 50, training loss: 6.639835357666016
Epoch 60, training loss: 6.386843204498291
Epoch 70, training loss: 6.249359130859375
Epoch 80, training loss: 6.069662570953369
Epoch 90, training loss: 5.974382400512695
Epoch 100, training loss: 5.863365650177002
Epoch 110, training loss: 5.713324069976807
Epoch 120, training loss: 5.754340648651123
Epoch 130, training loss: 5.632691860198975
Epoch 140, training loss: 5.572456359863281
Epoch 150, training loss: 5.507076263427734
Epoch 160, training loss: 5.496932506561279
Epoch 170, training loss: 5.384385108947754
Epoch 180, training loss: 5.358415126800537
Epoch 190, training loss: 5.344035625457764
random
Perturbation Size:0
Accuracy: 0.576
Perturbation Size:1
Accuracy: 0.574
Perturbation Size:2
Accuracy: 0.565
Perturbation Size:3
Accuracy: 0.551
Perturbation Size:4
Accuracy: 0.558
Perturbation Size:5
Accuracy: 0.531
Perturbation Size:6
Accuracy: 0.534
Perturbation Size:7
Accuracy: 0.543
Perturbation Size:8
Accuracy: 0.551
Perturbation Size:9
Accuracy: 0.519
Perturbation Size:10
Accuracy: 0.552
Perturbation Size:11
Accuracy: 0.503
Perturbation Size:12
Accuracy: 0.522
Perturbation Size:13
Accuracy: 0.515
Perturbation Size:14
Accuracy: 0.461
Perturbation Size:15
Accuracy: 0.507
Perturbation Size:16
Accuracy: 0.46
Perturbation Size:17
Accuracy: 0.488
Perturbation Size:18
Accuracy: 0.458
Perturbation Size:19
Accuracy: 0.487
Perturbation Size:20
Accuracy: 0.493
seed 996
=== training gcn model ===
Epoch 0, training loss: 8.80268669128418
Epoch 10, training loss: 8.792525291442871
Epoch 20, training loss: 8.556167602539062
Epoch 30, training loss: 7.857344627380371
Epoch 40, training loss: 7.477543354034424
Epoch 50, training loss: 7.060829162597656
Epoch 60, training loss: 6.6986308097839355
Epoch 70, training loss: 6.5195159912109375
Epoch 80, training loss: 6.343656539916992
Epoch 90, training loss: 6.281365394592285
Epoch 100, training loss: 6.210991382598877
Epoch 110, training loss: 5.942879676818848
Epoch 120, training loss: 5.85605001449585
Epoch 130, training loss: 5.838489055633545
Epoch 140, training loss: 5.743879318237305
Epoch 150, training loss: 5.678335189819336
Epoch 160, training loss: 5.627511501312256
Epoch 170, training loss: 5.503634929656982
Epoch 180, training loss: 5.522870063781738
Epoch 190, training loss: 5.415100574493408
random
Perturbation Size:0
Accuracy: 0.632
Perturbation Size:1
Accuracy: 0.648
Perturbation Size:2
Accuracy: 0.639
Perturbation Size:3
Accuracy: 0.595
Perturbation Size:4
Accuracy: 0.612
Perturbation Size:5
Accuracy: 0.587
Perturbation Size:6
Accuracy: 0.604
Perturbation Size:7
Accuracy: 0.608
Perturbation Size:8
Accuracy: 0.557
Perturbation Size:9
Accuracy: 0.555
Perturbation Size:10
Accuracy: 0.562
Perturbation Size:11
Accuracy: 0.53
Perturbation Size:12
Accuracy: 0.569
Perturbation Size:13
Accuracy: 0.543
Perturbation Size:14
Accuracy: 0.505
Perturbation Size:15
Accuracy: 0.534
Perturbation Size:16
Accuracy: 0.512
Perturbation Size:17
Accuracy: 0.537
Perturbation Size:18
Accuracy: 0.478
Perturbation Size:19
Accuracy: 0.539
Perturbation Size:20
Accuracy: 0.525
seed 527
=== training gcn model ===
Epoch 0, training loss: 8.80267333984375
Epoch 10, training loss: 8.79319953918457
Epoch 20, training loss: 8.621407508850098
Epoch 30, training loss: 7.671912670135498
Epoch 40, training loss: 7.1811909675598145
Epoch 50, training loss: 6.837567329406738
Epoch 60, training loss: 6.528461456298828
Epoch 70, training loss: 6.253380298614502
Epoch 80, training loss: 6.165749549865723
Epoch 90, training loss: 5.91607141494751
Epoch 100, training loss: 5.830238342285156
Epoch 110, training loss: 5.786609649658203
Epoch 120, training loss: 5.685739040374756
Epoch 130, training loss: 5.639847755432129
Epoch 140, training loss: 5.5737080574035645
Epoch 150, training loss: 5.510773658752441
Epoch 160, training loss: 5.395519733428955
Epoch 170, training loss: 5.449184894561768
Epoch 180, training loss: 5.383777618408203
Epoch 190, training loss: 5.334659099578857
random
Perturbation Size:0
Accuracy: 0.631
Perturbation Size:1
Accuracy: 0.604
Perturbation Size:2
Accuracy: 0.571
Perturbation Size:3
Accuracy: 0.563
Perturbation Size:4
Accuracy: 0.531
Perturbation Size:5
Accuracy: 0.526
Perturbation Size:6
Accuracy: 0.522
Perturbation Size:7
Accuracy: 0.493
Perturbation Size:8
Accuracy: 0.549
Perturbation Size:9
Accuracy: 0.512
Perturbation Size:10
Accuracy: 0.512
Perturbation Size:11
Accuracy: 0.487
Perturbation Size:12
Accuracy: 0.481
Perturbation Size:13
Accuracy: 0.455
Perturbation Size:14
Accuracy: 0.484
Perturbation Size:15
Accuracy: 0.44
Perturbation Size:16
Accuracy: 0.439
Perturbation Size:17
Accuracy: 0.444
Perturbation Size:18
Accuracy: 0.429
Perturbation Size:19
Accuracy: 0.454
Perturbation Size:20
Accuracy: 0.437
seed 320
=== training gcn model ===
Epoch 0, training loss: 8.80270767211914
Epoch 10, training loss: 8.794525146484375
Epoch 20, training loss: 8.615840911865234
Epoch 30, training loss: 7.957942485809326
Epoch 40, training loss: 7.357339382171631
Epoch 50, training loss: 6.943755626678467
Epoch 60, training loss: 6.639415740966797
Epoch 70, training loss: 6.422147274017334
Epoch 80, training loss: 6.272469997406006
Epoch 90, training loss: 6.09201717376709
Epoch 100, training loss: 5.997000694274902
Epoch 110, training loss: 5.871210098266602
Epoch 120, training loss: 5.782581329345703
Epoch 130, training loss: 5.703485488891602
Epoch 140, training loss: 5.624405384063721
Epoch 150, training loss: 5.531927108764648
Epoch 160, training loss: 5.488235950469971
Epoch 170, training loss: 5.418288230895996
Epoch 180, training loss: 5.365683555603027
Epoch 190, training loss: 5.324150562286377
random
Perturbation Size:0
Accuracy: 0.662
Perturbation Size:1
Accuracy: 0.643
Perturbation Size:2
Accuracy: 0.64
Perturbation Size:3
Accuracy: 0.599
Perturbation Size:4
Accuracy: 0.638
Perturbation Size:5
Accuracy: 0.603
Perturbation Size:6
Accuracy: 0.609
Perturbation Size:7
Accuracy: 0.6
Perturbation Size:8
Accuracy: 0.579
Perturbation Size:9
Accuracy: 0.566
Perturbation Size:10
Accuracy: 0.578
Perturbation Size:11
Accuracy: 0.542
Perturbation Size:12
Accuracy: 0.571
Perturbation Size:13
Accuracy: 0.587
Perturbation Size:14
Accuracy: 0.589
Perturbation Size:15
Accuracy: 0.55
Perturbation Size:16
Accuracy: 0.523
Perturbation Size:17
Accuracy: 0.503
Perturbation Size:18
Accuracy: 0.517
Perturbation Size:19
Accuracy: 0.562
Perturbation Size:20
Accuracy: 0.53
Beta:0.5 Ptb size:0 Accuracy:0.6289999999999999+-0.028761084819596106
Beta:0.5 Ptb size:1 Accuracy:0.6224000000000001+-0.028931643575849632
Beta:0.5 Ptb size:2 Accuracy:0.6108+-0.0349994285667638
Beta:0.5 Ptb size:3 Accuracy:0.5890000000000001+-0.030199337741082997
Beta:0.5 Ptb size:4 Accuracy:0.5868+-0.0381229589617595
Beta:0.5 Ptb size:5 Accuracy:0.5618000000000001+-0.030208608044727893
Beta:0.5 Ptb size:6 Accuracy:0.5726000000000001+-0.036930204440268115
Beta:0.5 Ptb size:7 Accuracy:0.561+-0.04166053288185353
Beta:0.5 Ptb size:8 Accuracy:0.5666+-0.018564482217395633
Beta:0.5 Ptb size:9 Accuracy:0.5468+-0.02705106282570056
Beta:0.5 Ptb size:10 Accuracy:0.5511999999999999+-0.021784398086704154
Beta:0.5 Ptb size:11 Accuracy:0.5257999999999999+-0.028294169010592972
Beta:0.5 Ptb size:12 Accuracy:0.5401999999999999+-0.03444067362871986
Beta:0.5 Ptb size:13 Accuracy:0.5396000000000001+-0.0518289494394783
Beta:0.5 Ptb size:14 Accuracy:0.5208+-0.04854853241860147
Beta:0.5 Ptb size:15 Accuracy:0.5078+-0.03758936019673654
Beta:0.5 Ptb size:16 Accuracy:0.48580000000000007+-0.03165691077790125
Beta:0.5 Ptb size:17 Accuracy:0.49420000000000003+-0.029969317643216378
Beta:0.5 Ptb size:18 Accuracy:0.4756+-0.030388155587333696
Beta:0.5 Ptb size:19 Accuracy:0.5096+-0.03801368174749719
Beta:0.5 Ptb size:20 Accuracy:0.49800000000000005+-0.03331065895475502
beta 0.6
seed 265
=== training gcn model ===
Epoch 0, training loss: 8.802682876586914
Epoch 10, training loss: 8.792819023132324
Epoch 20, training loss: 8.672311782836914
Epoch 30, training loss: 7.827853679656982
Epoch 40, training loss: 7.207880020141602
Epoch 50, training loss: 6.799473285675049
Epoch 60, training loss: 6.532809257507324
Epoch 70, training loss: 6.327326774597168
Epoch 80, training loss: 6.1756205558776855
Epoch 90, training loss: 6.0352630615234375
Epoch 100, training loss: 5.970699787139893
Epoch 110, training loss: 5.9286651611328125
Epoch 120, training loss: 5.807176113128662
Epoch 130, training loss: 5.723194599151611
Epoch 140, training loss: 5.633127689361572
Epoch 150, training loss: 5.6300811767578125
Epoch 160, training loss: 5.595737934112549
Epoch 170, training loss: 5.467147350311279
Epoch 180, training loss: 5.4143290519714355
Epoch 190, training loss: 5.41060209274292
random
Perturbation Size:0
Accuracy: 0.642
Perturbation Size:1
Accuracy: 0.644
Perturbation Size:2
Accuracy: 0.637
Perturbation Size:3
Accuracy: 0.627
Perturbation Size:4
Accuracy: 0.606
Perturbation Size:5
Accuracy: 0.617
Perturbation Size:6
Accuracy: 0.598
Perturbation Size:7
Accuracy: 0.591
Perturbation Size:8
Accuracy: 0.603
Perturbation Size:9
Accuracy: 0.57
Perturbation Size:10
Accuracy: 0.577
Perturbation Size:11
Accuracy: 0.563
Perturbation Size:12
Accuracy: 0.56
Perturbation Size:13
Accuracy: 0.575
Perturbation Size:14
Accuracy: 0.571
Perturbation Size:15
Accuracy: 0.515
Perturbation Size:16
Accuracy: 0.511
Perturbation Size:17
Accuracy: 0.492
Perturbation Size:18
Accuracy: 0.493
Perturbation Size:19
Accuracy: 0.512
Perturbation Size:20
Accuracy: 0.526
seed 125
=== training gcn model ===
Epoch 0, training loss: 8.802660942077637
Epoch 10, training loss: 8.788848876953125
Epoch 20, training loss: 8.644944190979004
Epoch 30, training loss: 7.6460442543029785
Epoch 40, training loss: 7.082762241363525
Epoch 50, training loss: 6.576284885406494
Epoch 60, training loss: 6.320866584777832
Epoch 70, training loss: 6.193633079528809
Epoch 80, training loss: 6.01775598526001
Epoch 90, training loss: 5.907772541046143
Epoch 100, training loss: 5.820896625518799
Epoch 110, training loss: 5.679409503936768
Epoch 120, training loss: 5.72328519821167
Epoch 130, training loss: 5.613286972045898
Epoch 140, training loss: 5.555449962615967
Epoch 150, training loss: 5.491593360900879
Epoch 160, training loss: 5.479953289031982
Epoch 170, training loss: 5.377427577972412
Epoch 180, training loss: 5.3357391357421875
Epoch 190, training loss: 5.305298805236816
random
Perturbation Size:0
Accuracy: 0.594
Perturbation Size:1
Accuracy: 0.567
Perturbation Size:2
Accuracy: 0.592
Perturbation Size:3
Accuracy: 0.578
Perturbation Size:4
Accuracy: 0.587
Perturbation Size:5
Accuracy: 0.559
Perturbation Size:6
Accuracy: 0.567
Perturbation Size:7
Accuracy: 0.542
Perturbation Size:8
Accuracy: 0.561
Perturbation Size:9
Accuracy: 0.531
Perturbation Size:10
Accuracy: 0.564
Perturbation Size:11
Accuracy: 0.494
Perturbation Size:12
Accuracy: 0.527
Perturbation Size:13
Accuracy: 0.519
Perturbation Size:14
Accuracy: 0.501
Perturbation Size:15
Accuracy: 0.504
Perturbation Size:16
Accuracy: 0.518
Perturbation Size:17
Accuracy: 0.506
Perturbation Size:18
Accuracy: 0.465
Perturbation Size:19
Accuracy: 0.462
Perturbation Size:20
Accuracy: 0.475
seed 996
=== training gcn model ===
Epoch 0, training loss: 8.802680969238281
Epoch 10, training loss: 8.791069984436035
Epoch 20, training loss: 8.57688045501709
Epoch 30, training loss: 7.823062896728516
Epoch 40, training loss: 7.4387526512146
Epoch 50, training loss: 7.0234599113464355
Epoch 60, training loss: 6.662517547607422
Epoch 70, training loss: 6.488138198852539
Epoch 80, training loss: 6.352343559265137
Epoch 90, training loss: 6.213749408721924
Epoch 100, training loss: 6.127816677093506
Epoch 110, training loss: 5.888465881347656
Epoch 120, training loss: 5.782298564910889
Epoch 130, training loss: 5.745319366455078
Epoch 140, training loss: 5.68260383605957
Epoch 150, training loss: 5.60665225982666
Epoch 160, training loss: 5.553358554840088
Epoch 170, training loss: 5.427266597747803
Epoch 180, training loss: 5.459791660308838
Epoch 190, training loss: 5.3507161140441895
random
Perturbation Size:0
Accuracy: 0.644
Perturbation Size:1
Accuracy: 0.613
Perturbation Size:2
Accuracy: 0.611
Perturbation Size:3
Accuracy: 0.609
Perturbation Size:4
Accuracy: 0.574
Perturbation Size:5
Accuracy: 0.564
Perturbation Size:6
Accuracy: 0.595
Perturbation Size:7
Accuracy: 0.584
Perturbation Size:8
Accuracy: 0.528
Perturbation Size:9
Accuracy: 0.523
Perturbation Size:10
Accuracy: 0.541
Perturbation Size:11
Accuracy: 0.545
Perturbation Size:12
Accuracy: 0.502
Perturbation Size:13
Accuracy: 0.491
Perturbation Size:14
Accuracy: 0.47
Perturbation Size:15
Accuracy: 0.479
Perturbation Size:16
Accuracy: 0.456
Perturbation Size:17
Accuracy: 0.449
Perturbation Size:18
Accuracy: 0.46
Perturbation Size:19
Accuracy: 0.492
Perturbation Size:20
Accuracy: 0.455
seed 527
=== training gcn model ===
Epoch 0, training loss: 8.802663803100586
Epoch 10, training loss: 8.791447639465332
Epoch 20, training loss: 8.638631820678711
Epoch 30, training loss: 7.683620929718018
Epoch 40, training loss: 7.117018699645996
Epoch 50, training loss: 6.795419692993164
Epoch 60, training loss: 6.4701619148254395
Epoch 70, training loss: 6.2231364250183105
Epoch 80, training loss: 6.126591682434082
Epoch 90, training loss: 5.858835220336914
Epoch 100, training loss: 5.729486465454102
Epoch 110, training loss: 5.696140289306641
Epoch 120, training loss: 5.599565505981445
Epoch 130, training loss: 5.576566696166992
Epoch 140, training loss: 5.490963935852051
Epoch 150, training loss: 5.425994396209717
Epoch 160, training loss: 5.304131031036377
Epoch 170, training loss: 5.369823932647705
Epoch 180, training loss: 5.289315700531006
Epoch 190, training loss: 5.232704162597656
random
Perturbation Size:0
Accuracy: 0.615
Perturbation Size:1
Accuracy: 0.615
Perturbation Size:2
Accuracy: 0.59
Perturbation Size:3
Accuracy: 0.588
Perturbation Size:4
Accuracy: 0.577
Perturbation Size:5
Accuracy: 0.56
Perturbation Size:6
Accuracy: 0.538
Perturbation Size:7
Accuracy: 0.501
Perturbation Size:8
Accuracy: 0.549
Perturbation Size:9
Accuracy: 0.541
Perturbation Size:10
Accuracy: 0.53
Perturbation Size:11
Accuracy: 0.503
Perturbation Size:12
Accuracy: 0.484
Perturbation Size:13
Accuracy: 0.472
Perturbation Size:14
Accuracy: 0.502
Perturbation Size:15
Accuracy: 0.461
Perturbation Size:16
Accuracy: 0.453
Perturbation Size:17
Accuracy: 0.445
Perturbation Size:18
Accuracy: 0.444
Perturbation Size:19
Accuracy: 0.482
Perturbation Size:20
Accuracy: 0.449
seed 320
=== training gcn model ===
Epoch 0, training loss: 8.802701950073242
Epoch 10, training loss: 8.793316841125488
Epoch 20, training loss: 8.640222549438477
Epoch 30, training loss: 7.9337687492370605
Epoch 40, training loss: 7.310815334320068
Epoch 50, training loss: 6.928188323974609
Epoch 60, training loss: 6.589300155639648
Epoch 70, training loss: 6.404497146606445
Epoch 80, training loss: 6.231564998626709
Epoch 90, training loss: 6.00283670425415
Epoch 100, training loss: 5.93818473815918
Epoch 110, training loss: 5.771522045135498
Epoch 120, training loss: 5.701474666595459
Epoch 130, training loss: 5.614415645599365
Epoch 140, training loss: 5.52083158493042
Epoch 150, training loss: 5.436861515045166
Epoch 160, training loss: 5.387401580810547
Epoch 170, training loss: 5.324761390686035
Epoch 180, training loss: 5.2889862060546875
Epoch 190, training loss: 5.237059593200684
random
Perturbation Size:0
Accuracy: 0.596
Perturbation Size:1
Accuracy: 0.645
Perturbation Size:2
Accuracy: 0.617
Perturbation Size:3
Accuracy: 0.615
Perturbation Size:4
Accuracy: 0.624
Perturbation Size:5
Accuracy: 0.623
Perturbation Size:6
Accuracy: 0.602
Perturbation Size:7
Accuracy: 0.616
Perturbation Size:8
Accuracy: 0.617
Perturbation Size:9
Accuracy: 0.586
Perturbation Size:10
Accuracy: 0.596
Perturbation Size:11
Accuracy: 0.596
Perturbation Size:12
Accuracy: 0.564
Perturbation Size:13
Accuracy: 0.584
Perturbation Size:14
Accuracy: 0.595
Perturbation Size:15
Accuracy: 0.569
Perturbation Size:16
Accuracy: 0.56
Perturbation Size:17
Accuracy: 0.495
Perturbation Size:18
Accuracy: 0.534
Perturbation Size:19
Accuracy: 0.579
Perturbation Size:20
Accuracy: 0.545
Beta:0.6 Ptb size:0 Accuracy:0.6182000000000001+-0.02154437281519239
Beta:0.6 Ptb size:1 Accuracy:0.6168+-0.028400000000000026
Beta:0.6 Ptb size:2 Accuracy:0.6094+-0.017327434893832396
Beta:0.6 Ptb size:3 Accuracy:0.6034+-0.017917589123540047
Beta:0.6 Ptb size:4 Accuracy:0.5936+-0.01887432117984646
Beta:0.6 Ptb size:5 Accuracy:0.5846+-0.029014479144041157
Beta:0.6 Ptb size:6 Accuracy:0.58+-0.02435569748539342
Beta:0.6 Ptb size:7 Accuracy:0.5668+-0.040612313403695664
Beta:0.6 Ptb size:8 Accuracy:0.5716+-0.033380233672040086
Beta:0.6 Ptb size:9 Accuracy:0.5502+-0.02394493683432885
Beta:0.6 Ptb size:10 Accuracy:0.5616+-0.023871321706181222
Beta:0.6 Ptb size:11 Accuracy:0.5402+-0.03788086588239502
Beta:0.6 Ptb size:12 Accuracy:0.5274000000000001+-0.03140445828222484
Beta:0.6 Ptb size:13 Accuracy:0.5282+-0.044566355022595226
Beta:0.6 Ptb size:14 Accuracy:0.5278+-0.04713130594413865
Beta:0.6 Ptb size:15 Accuracy:0.5056+-0.036897696405060285
Beta:0.6 Ptb size:16 Accuracy:0.49960000000000004+-0.040470235976579144
Beta:0.6 Ptb size:17 Accuracy:0.4774+-0.02528715088735779
Beta:0.6 Ptb size:18 Accuracy:0.47919999999999996+-0.0316316297398664
Beta:0.6 Ptb size:19 Accuracy:0.5054000000000001+-0.04017760570267968
Beta:0.6 Ptb size:20 Accuracy:0.49000000000000005+-0.038605699061149
beta 0.7
seed 265
=== training gcn model ===
Epoch 0, training loss: 8.802675247192383
Epoch 10, training loss: 8.790946960449219
Epoch 20, training loss: 8.663215637207031
Epoch 30, training loss: 7.871099948883057
Epoch 40, training loss: 7.231111526489258
Epoch 50, training loss: 6.819576263427734
Epoch 60, training loss: 6.544267177581787
Epoch 70, training loss: 6.324493408203125
Epoch 80, training loss: 6.149529457092285
Epoch 90, training loss: 6.004316806793213
Epoch 100, training loss: 5.920091152191162
Epoch 110, training loss: 5.904110908508301
Epoch 120, training loss: 5.781285285949707
Epoch 130, training loss: 5.727748870849609
Epoch 140, training loss: 5.637546539306641
Epoch 150, training loss: 5.629899978637695
Epoch 160, training loss: 5.604820728302002
Epoch 170, training loss: 5.470171928405762
Epoch 180, training loss: 5.430934906005859
Epoch 190, training loss: 5.409077167510986
random
Perturbation Size:0
Accuracy: 0.647
Perturbation Size:1
Accuracy: 0.632
Perturbation Size:2
Accuracy: 0.635
Perturbation Size:3
Accuracy: 0.627
Perturbation Size:4
Accuracy: 0.604
Perturbation Size:5
Accuracy: 0.594
Perturbation Size:6
Accuracy: 0.589
Perturbation Size:7
Accuracy: 0.547
Perturbation Size:8
Accuracy: 0.561
Perturbation Size:9
Accuracy: 0.552
Perturbation Size:10
Accuracy: 0.539
Perturbation Size:11
Accuracy: 0.534
Perturbation Size:12
Accuracy: 0.549
Perturbation Size:13
Accuracy: 0.552
Perturbation Size:14
Accuracy: 0.533
Perturbation Size:15
Accuracy: 0.503
Perturbation Size:16
Accuracy: 0.507
Perturbation Size:17
Accuracy: 0.48
Perturbation Size:18
Accuracy: 0.472
Perturbation Size:19
Accuracy: 0.491
Perturbation Size:20
Accuracy: 0.469
seed 125
=== training gcn model ===
Epoch 0, training loss: 8.802659034729004
Epoch 10, training loss: 8.786622047424316
Epoch 20, training loss: 8.648276329040527
Epoch 30, training loss: 7.67045783996582
Epoch 40, training loss: 7.1179728507995605
Epoch 50, training loss: 6.6238226890563965
Epoch 60, training loss: 6.3423333168029785
Epoch 70, training loss: 6.190115928649902
Epoch 80, training loss: 5.971236705780029
Epoch 90, training loss: 5.868048191070557
Epoch 100, training loss: 5.777790546417236
Epoch 110, training loss: 5.66014289855957
Epoch 120, training loss: 5.6957011222839355
Epoch 130, training loss: 5.5898213386535645
Epoch 140, training loss: 5.574822425842285
Epoch 150, training loss: 5.499186992645264
Epoch 160, training loss: 5.50644063949585
Epoch 170, training loss: 5.4406938552856445
Epoch 180, training loss: 5.399687767028809
Epoch 190, training loss: 5.369537353515625
random
Perturbation Size:0
Accuracy: 0.591
Perturbation Size:1
Accuracy: 0.576
Perturbation Size:2
Accuracy: 0.566
Perturbation Size:3
Accuracy: 0.582
Perturbation Size:4
Accuracy: 0.553
Perturbation Size:5
Accuracy: 0.531
Perturbation Size:6
Accuracy: 0.524
Perturbation Size:7
Accuracy: 0.544
Perturbation Size:8
Accuracy: 0.484
Perturbation Size:9
Accuracy: 0.489
Perturbation Size:10
Accuracy: 0.494
Perturbation Size:11
Accuracy: 0.488
Perturbation Size:12
Accuracy: 0.492
Perturbation Size:13
Accuracy: 0.482
Perturbation Size:14
Accuracy: 0.476
Perturbation Size:15
Accuracy: 0.425
Perturbation Size:16
Accuracy: 0.42
Perturbation Size:17
Accuracy: 0.446
Perturbation Size:18
Accuracy: 0.45
Perturbation Size:19
Accuracy: 0.457
Perturbation Size:20
Accuracy: 0.401
seed 996
=== training gcn model ===
Epoch 0, training loss: 8.8026762008667
Epoch 10, training loss: 8.789040565490723
Epoch 20, training loss: 8.586692810058594
Epoch 30, training loss: 7.7927565574646
Epoch 40, training loss: 7.441272735595703
Epoch 50, training loss: 7.032098770141602
Epoch 60, training loss: 6.648268699645996
Epoch 70, training loss: 6.439792156219482
Epoch 80, training loss: 6.292331218719482
Epoch 90, training loss: 6.174257278442383
Epoch 100, training loss: 6.076949596405029
Epoch 110, training loss: 5.849677562713623
Epoch 120, training loss: 5.76463508605957
Epoch 130, training loss: 5.704183578491211
Epoch 140, training loss: 5.655457973480225
Epoch 150, training loss: 5.568509578704834
Epoch 160, training loss: 5.5067548751831055
Epoch 170, training loss: 5.382115364074707
Epoch 180, training loss: 5.418941974639893
Epoch 190, training loss: 5.330082893371582
random
Perturbation Size:0
Accuracy: 0.644
Perturbation Size:1
Accuracy: 0.617
Perturbation Size:2
Accuracy: 0.61
Perturbation Size:3
Accuracy: 0.589
Perturbation Size:4
Accuracy: 0.583
Perturbation Size:5
Accuracy: 0.556
Perturbation Size:6
Accuracy: 0.578
Perturbation Size:7
Accuracy: 0.563
Perturbation Size:8
Accuracy: 0.491
Perturbation Size:9
Accuracy: 0.504
Perturbation Size:10
Accuracy: 0.545
Perturbation Size:11
Accuracy: 0.51
Perturbation Size:12
Accuracy: 0.521
Perturbation Size:13
Accuracy: 0.471
Perturbation Size:14
Accuracy: 0.449
Perturbation Size:15
Accuracy: 0.472
Perturbation Size:16
Accuracy: 0.444
Perturbation Size:17
Accuracy: 0.451
Perturbation Size:18
Accuracy: 0.442
Perturbation Size:19
Accuracy: 0.474
Perturbation Size:20
Accuracy: 0.413
seed 527
=== training gcn model ===
Epoch 0, training loss: 8.802659034729004
Epoch 10, training loss: 8.789532661437988
Epoch 20, training loss: 8.638371467590332
Epoch 30, training loss: 7.757630825042725
Epoch 40, training loss: 7.114524841308594
Epoch 50, training loss: 6.788880825042725
Epoch 60, training loss: 6.495364665985107
Epoch 70, training loss: 6.23079776763916
Epoch 80, training loss: 6.115040302276611
Epoch 90, training loss: 5.826490879058838
Epoch 100, training loss: 5.692383289337158
Epoch 110, training loss: 5.652655601501465
Epoch 120, training loss: 5.551702976226807
Epoch 130, training loss: 5.518033027648926
Epoch 140, training loss: 5.408724308013916
Epoch 150, training loss: 5.358469486236572
Epoch 160, training loss: 5.228821754455566
Epoch 170, training loss: 5.292876243591309
Epoch 180, training loss: 5.23801851272583
Epoch 190, training loss: 5.164139270782471
random
Perturbation Size:0
Accuracy: 0.612
Perturbation Size:1
Accuracy: 0.627
Perturbation Size:2
Accuracy: 0.587
Perturbation Size:3
Accuracy: 0.59
Perturbation Size:4
Accuracy: 0.568
Perturbation Size:5
Accuracy: 0.552
Perturbation Size:6
Accuracy: 0.524
Perturbation Size:7
Accuracy: 0.487
Perturbation Size:8
Accuracy: 0.525
Perturbation Size:9
Accuracy: 0.5
Perturbation Size:10
Accuracy: 0.513
Perturbation Size:11
Accuracy: 0.494
Perturbation Size:12
Accuracy: 0.471
Perturbation Size:13
Accuracy: 0.475
Perturbation Size:14
Accuracy: 0.477
Perturbation Size:15
Accuracy: 0.438
Perturbation Size:16
Accuracy: 0.438
Perturbation Size:17
Accuracy: 0.458
Perturbation Size:18
Accuracy: 0.416
Perturbation Size:19
Accuracy: 0.43
Perturbation Size:20
Accuracy: 0.449
seed 320
=== training gcn model ===
Epoch 0, training loss: 8.802695274353027
Epoch 10, training loss: 8.791720390319824
Epoch 20, training loss: 8.636770248413086
Epoch 30, training loss: 7.9101457595825195
Epoch 40, training loss: 7.291342735290527
Epoch 50, training loss: 6.858643531799316
Epoch 60, training loss: 6.529856204986572
Epoch 70, training loss: 6.312689304351807
Epoch 80, training loss: 6.181093692779541
Epoch 90, training loss: 5.9696784019470215
Epoch 100, training loss: 5.897568702697754
Epoch 110, training loss: 5.762619972229004
Epoch 120, training loss: 5.67551851272583
Epoch 130, training loss: 5.595337390899658
Epoch 140, training loss: 5.500380516052246
Epoch 150, training loss: 5.433207988739014
Epoch 160, training loss: 5.374873638153076
Epoch 170, training loss: 5.32350492477417
Epoch 180, training loss: 5.2771196365356445
Epoch 190, training loss: 5.220659255981445
random
Perturbation Size:0
Accuracy: 0.623
Perturbation Size:1
Accuracy: 0.632
Perturbation Size:2
Accuracy: 0.616
Perturbation Size:3
Accuracy: 0.605
Perturbation Size:4
Accuracy: 0.602
Perturbation Size:5
Accuracy: 0.612
Perturbation Size:6
Accuracy: 0.581
Perturbation Size:7
Accuracy: 0.588
Perturbation Size:8
Accuracy: 0.586
Perturbation Size:9
Accuracy: 0.551
Perturbation Size:10
Accuracy: 0.593
Perturbation Size:11
Accuracy: 0.573
Perturbation Size:12
Accuracy: 0.556
Perturbation Size:13
Accuracy: 0.567
Perturbation Size:14
Accuracy: 0.57
Perturbation Size:15
Accuracy: 0.553
Perturbation Size:16
Accuracy: 0.534
Perturbation Size:17
Accuracy: 0.496
Perturbation Size:18
Accuracy: 0.523
Perturbation Size:19
Accuracy: 0.518
Perturbation Size:20
Accuracy: 0.528
Beta:0.7 Ptb size:0 Accuracy:0.6234+-0.020790382391865734
Beta:0.7 Ptb size:1 Accuracy:0.6168+-0.021122499852053517
Beta:0.7 Ptb size:2 Accuracy:0.6028+-0.0239449368343289
Beta:0.7 Ptb size:3 Accuracy:0.5986+-0.016057397049335252
Beta:0.7 Ptb size:4 Accuracy:0.582+-0.019606121493043936
Beta:0.7 Ptb size:5 Accuracy:0.5690000000000001+-0.02958377933936093
Beta:0.7 Ptb size:6 Accuracy:0.5591999999999999+-0.028964806231010734
Beta:0.7 Ptb size:7 Accuracy:0.5458000000000001+-0.033283028708337214
Beta:0.7 Ptb size:8 Accuracy:0.5294+-0.03938832314277926
Beta:0.7 Ptb size:9 Accuracy:0.5192+-0.026828343221302377
Beta:0.7 Ptb size:10 Accuracy:0.5367999999999999+-0.033552347160817224
Beta:0.7 Ptb size:11 Accuracy:0.5197999999999999+-0.030999354831996086
Beta:0.7 Ptb size:12 Accuracy:0.5178+-0.03255395521284629
Beta:0.7 Ptb size:13 Accuracy:0.5094+-0.04133086014106167
Beta:0.7 Ptb size:14 Accuracy:0.501+-0.04402272140611027
Beta:0.7 Ptb size:15 Accuracy:0.4782+-0.04624889187861696
Beta:0.7 Ptb size:16 Accuracy:0.4686+-0.04394360021664134
Beta:0.7 Ptb size:17 Accuracy:0.4662+-0.01889338508579126
Beta:0.7 Ptb size:18 Accuracy:0.4606+-0.035975547250875844
Beta:0.7 Ptb size:19 Accuracy:0.47400000000000003+-0.029832867780352598
Beta:0.7 Ptb size:20 Accuracy:0.45199999999999996+-0.04515750214526929
beta 0.8
seed 265
=== training gcn model ===
Epoch 0, training loss: 8.8026762008667
Epoch 10, training loss: 8.789322853088379
Epoch 20, training loss: 8.6438570022583
Epoch 30, training loss: 7.998599529266357
Epoch 40, training loss: 7.274097442626953
Epoch 50, training loss: 6.858250141143799
Epoch 60, training loss: 6.61042594909668
Epoch 70, training loss: 6.393944263458252
Epoch 80, training loss: 6.184199810028076
Epoch 90, training loss: 6.002552509307861
Epoch 100, training loss: 5.917992115020752
Epoch 110, training loss: 5.922765254974365
Epoch 120, training loss: 5.756484508514404
Epoch 130, training loss: 5.715399742126465
Epoch 140, training loss: 5.641992568969727
Epoch 150, training loss: 5.625517845153809
Epoch 160, training loss: 5.6284871101379395
Epoch 170, training loss: 5.52214241027832
Epoch 180, training loss: 5.519751071929932
Epoch 190, training loss: 5.490786075592041
random
Perturbation Size:0
Accuracy: 0.631
Perturbation Size:1
Accuracy: 0.66
Perturbation Size:2
Accuracy: 0.638
Perturbation Size:3
Accuracy: 0.649
Perturbation Size:4
Accuracy: 0.606
Perturbation Size:5
Accuracy: 0.597
Perturbation Size:6
Accuracy: 0.588
Perturbation Size:7
Accuracy: 0.576
Perturbation Size:8
Accuracy: 0.545
Perturbation Size:9
Accuracy: 0.546
Perturbation Size:10
Accuracy: 0.54
Perturbation Size:11
Accuracy: 0.53
Perturbation Size:12
Accuracy: 0.547
Perturbation Size:13
Accuracy: 0.54
Perturbation Size:14
Accuracy: 0.516
Perturbation Size:15
Accuracy: 0.478
Perturbation Size:16
Accuracy: 0.511
Perturbation Size:17
Accuracy: 0.468
Perturbation Size:18
Accuracy: 0.467
Perturbation Size:19
Accuracy: 0.488
Perturbation Size:20
Accuracy: 0.476
seed 125
=== training gcn model ===
Epoch 0, training loss: 8.802652359008789
Epoch 10, training loss: 8.784685134887695
Epoch 20, training loss: 8.630082130432129
Epoch 30, training loss: 7.720364570617676
Epoch 40, training loss: 7.129349231719971
Epoch 50, training loss: 6.662702560424805
Epoch 60, training loss: 6.343425273895264
Epoch 70, training loss: 6.192622661590576
Epoch 80, training loss: 5.93057918548584
Epoch 90, training loss: 5.844273090362549
Epoch 100, training loss: 5.754512786865234
Epoch 110, training loss: 5.616135597229004
Epoch 120, training loss: 5.671070098876953
Epoch 130, training loss: 5.547849655151367
Epoch 140, training loss: 5.554497241973877
Epoch 150, training loss: 5.479129314422607
Epoch 160, training loss: 5.474837779998779
Epoch 170, training loss: 5.413051605224609
Epoch 180, training loss: 5.380606651306152
Epoch 190, training loss: 5.354705810546875
random
Perturbation Size:0
Accuracy: 0.579
Perturbation Size:1
Accuracy: 0.573
Perturbation Size:2
Accuracy: 0.558
Perturbation Size:3
Accuracy: 0.549
Perturbation Size:4
Accuracy: 0.575
Perturbation Size:5
Accuracy: 0.498
Perturbation Size:6
Accuracy: 0.506
Perturbation Size:7
Accuracy: 0.534
Perturbation Size:8
Accuracy: 0.492
Perturbation Size:9
Accuracy: 0.487
Perturbation Size:10
Accuracy: 0.483
Perturbation Size:11
Accuracy: 0.501
Perturbation Size:12
Accuracy: 0.499
Perturbation Size:13
Accuracy: 0.506
Perturbation Size:14
Accuracy: 0.468
Perturbation Size:15
Accuracy: 0.458
Perturbation Size:16
Accuracy: 0.479
Perturbation Size:17
Accuracy: 0.45
Perturbation Size:18
Accuracy: 0.428
Perturbation Size:19
Accuracy: 0.444
Perturbation Size:20
Accuracy: 0.436
seed 996
=== training gcn model ===
Epoch 0, training loss: 8.80267333984375
Epoch 10, training loss: 8.786935806274414
Epoch 20, training loss: 8.582959175109863
Epoch 30, training loss: 7.759188652038574
Epoch 40, training loss: 7.432639122009277
Epoch 50, training loss: 7.079110622406006
Epoch 60, training loss: 6.6562113761901855
Epoch 70, training loss: 6.485878944396973
Epoch 80, training loss: 6.335939407348633
Epoch 90, training loss: 6.178555965423584
Epoch 100, training loss: 6.0706048011779785
Epoch 110, training loss: 5.838015556335449
Epoch 120, training loss: 5.772289276123047
Epoch 130, training loss: 5.714134693145752
Epoch 140, training loss: 5.6631293296813965
Epoch 150, training loss: 5.583656311035156
Epoch 160, training loss: 5.515861511230469
Epoch 170, training loss: 5.400611877441406
Epoch 180, training loss: 5.4409403800964355
Epoch 190, training loss: 5.344409465789795
random
Perturbation Size:0
Accuracy: 0.621
Perturbation Size:1
Accuracy: 0.617
Perturbation Size:2
Accuracy: 0.608
Perturbation Size:3
Accuracy: 0.614
Perturbation Size:4
Accuracy: 0.58
Perturbation Size:5
Accuracy: 0.575
Perturbation Size:6
Accuracy: 0.581
Perturbation Size:7
Accuracy: 0.567
Perturbation Size:8
Accuracy: 0.539
Perturbation Size:9
Accuracy: 0.508
Perturbation Size:10
Accuracy: 0.524
Perturbation Size:11
Accuracy: 0.518
Perturbation Size:12
Accuracy: 0.496
Perturbation Size:13
Accuracy: 0.479
Perturbation Size:14
Accuracy: 0.464
Perturbation Size:15
Accuracy: 0.484
Perturbation Size:16
Accuracy: 0.469
Perturbation Size:17
Accuracy: 0.463
Perturbation Size:18
Accuracy: 0.475
Perturbation Size:19
Accuracy: 0.471
Perturbation Size:20
Accuracy: 0.485
seed 527
=== training gcn model ===
Epoch 0, training loss: 8.802655220031738
Epoch 10, training loss: 8.78729248046875
Epoch 20, training loss: 8.621875762939453
Epoch 30, training loss: 7.789605140686035
Epoch 40, training loss: 7.114236354827881
Epoch 50, training loss: 6.789270401000977
Epoch 60, training loss: 6.517874717712402
Epoch 70, training loss: 6.295248985290527
Epoch 80, training loss: 6.1999125480651855
Epoch 90, training loss: 5.884755611419678
Epoch 100, training loss: 5.741847038269043
Epoch 110, training loss: 5.65854549407959
Epoch 120, training loss: 5.552553653717041
Epoch 130, training loss: 5.507298469543457
Epoch 140, training loss: 5.393222808837891
Epoch 150, training loss: 5.352522850036621
Epoch 160, training loss: 5.234176158905029
Epoch 170, training loss: 5.261326789855957
Epoch 180, training loss: 5.218114852905273
Epoch 190, training loss: 5.147279739379883
random
Perturbation Size:0
Accuracy: 0.623
Perturbation Size:1
Accuracy: 0.628
Perturbation Size:2
Accuracy: 0.599
Perturbation Size:3
Accuracy: 0.61
Perturbation Size:4
Accuracy: 0.595
Perturbation Size:5
Accuracy: 0.579
Perturbation Size:6
Accuracy: 0.557
Perturbation Size:7
Accuracy: 0.546
Perturbation Size:8
Accuracy: 0.575
Perturbation Size:9
Accuracy: 0.567
Perturbation Size:10
Accuracy: 0.557
Perturbation Size:11
Accuracy: 0.536
Perturbation Size:12
Accuracy: 0.553
Perturbation Size:13
Accuracy: 0.538
Perturbation Size:14
Accuracy: 0.52
Perturbation Size:15
Accuracy: 0.462
Perturbation Size:16
Accuracy: 0.469
Perturbation Size:17
Accuracy: 0.469
Perturbation Size:18
Accuracy: 0.46
Perturbation Size:19
Accuracy: 0.465
Perturbation Size:20
Accuracy: 0.523
seed 320
=== training gcn model ===
Epoch 0, training loss: 8.802691459655762
Epoch 10, training loss: 8.790288925170898
Epoch 20, training loss: 8.619732856750488
Epoch 30, training loss: 7.918923854827881
Epoch 40, training loss: 7.296770095825195
Epoch 50, training loss: 6.879969120025635
Epoch 60, training loss: 6.5247650146484375
Epoch 70, training loss: 6.321013450622559
Epoch 80, training loss: 6.156077861785889
Epoch 90, training loss: 5.925521373748779
Epoch 100, training loss: 5.861835956573486
Epoch 110, training loss: 5.723150253295898
Epoch 120, training loss: 5.648046493530273
Epoch 130, training loss: 5.588675498962402
Epoch 140, training loss: 5.466191291809082
Epoch 150, training loss: 5.424555778503418
Epoch 160, training loss: 5.333094120025635
Epoch 170, training loss: 5.277301788330078
Epoch 180, training loss: 5.231864929199219
Epoch 190, training loss: 5.18011474609375
random
Perturbation Size:0
Accuracy: 0.656
Perturbation Size:1
Accuracy: 0.645
Perturbation Size:2
Accuracy: 0.629
Perturbation Size:3
Accuracy: 0.63
Perturbation Size:4
Accuracy: 0.623
Perturbation Size:5
Accuracy: 0.614
Perturbation Size:6
Accuracy: 0.582
Perturbation Size:7
Accuracy: 0.579
Perturbation Size:8
Accuracy: 0.597
Perturbation Size:9
Accuracy: 0.567
Perturbation Size:10
Accuracy: 0.594
Perturbation Size:11
Accuracy: 0.509
Perturbation Size:12
Accuracy: 0.549
Perturbation Size:13
Accuracy: 0.475
Perturbation Size:14
Accuracy: 0.527
Perturbation Size:15
Accuracy: 0.529
Perturbation Size:16
Accuracy: 0.537
Perturbation Size:17
Accuracy: 0.511
Perturbation Size:18
Accuracy: 0.518
Perturbation Size:19
Accuracy: 0.544
Perturbation Size:20
Accuracy: 0.501
Beta:0.8 Ptb size:0 Accuracy:0.622+-0.024851559307214527
Beta:0.8 Ptb size:1 Accuracy:0.6246+-0.029668838871786025
Beta:0.8 Ptb size:2 Accuracy:0.6064+-0.02796140196771255
Beta:0.8 Ptb size:3 Accuracy:0.6103999999999999+-0.03363688451685143
Beta:0.8 Ptb size:4 Accuracy:0.5958+-0.01747455292704224
Beta:0.8 Ptb size:5 Accuracy:0.5725999999999999+-0.039802512483510376
Beta:0.8 Ptb size:6 Accuracy:0.5628+-0.030314353036144426
Beta:0.8 Ptb size:7 Accuracy:0.5603999999999999+-0.017533967035442913
Beta:0.8 Ptb size:8 Accuracy:0.5496+-0.03561797299117398
Beta:0.8 Ptb size:9 Accuracy:0.5349999999999999+-0.032255232133717456
Beta:0.8 Ptb size:10 Accuracy:0.5396+-0.03663113429857175
Beta:0.8 Ptb size:11 Accuracy:0.5187999999999999+-0.012921300244170488
Beta:0.8 Ptb size:12 Accuracy:0.5288+-0.025646832163056733
Beta:0.8 Ptb size:13 Accuracy:0.5075999999999999+-0.027774808730214533
Beta:0.8 Ptb size:14 Accuracy:0.499+-0.027202941017470884
Beta:0.8 Ptb size:15 Accuracy:0.4822+-0.025317187837514656
Beta:0.8 Ptb size:16 Accuracy:0.493+-0.026862613424609327
Beta:0.8 Ptb size:17 Accuracy:0.47220000000000006+-0.02054653255418052
Beta:0.8 Ptb size:18 Accuracy:0.46959999999999996+-0.028986893590034795
Beta:0.8 Ptb size:19 Accuracy:0.4824+-0.03386207317929605
Beta:0.8 Ptb size:20 Accuracy:0.48419999999999996+-0.028909514004908498
beta 0.9
seed 265
=== training gcn model ===
Epoch 0, training loss: 8.802675247192383
Epoch 10, training loss: 8.787887573242188
Epoch 20, training loss: 8.616557121276855
Epoch 30, training loss: 8.078987121582031
Epoch 40, training loss: 7.296328067779541
Epoch 50, training loss: 6.865144729614258
Epoch 60, training loss: 6.629532814025879
Epoch 70, training loss: 6.417797565460205
Epoch 80, training loss: 6.17664909362793
Epoch 90, training loss: 5.99787712097168
Epoch 100, training loss: 5.888577461242676
Epoch 110, training loss: 5.887820243835449
Epoch 120, training loss: 5.706693172454834
Epoch 130, training loss: 5.677373886108398
Epoch 140, training loss: 5.60315465927124
Epoch 150, training loss: 5.586904048919678
Epoch 160, training loss: 5.58037805557251
Epoch 170, training loss: 5.492000102996826
Epoch 180, training loss: 5.489922523498535
Epoch 190, training loss: 5.463440895080566
random
Perturbation Size:0
Accuracy: 0.633
Perturbation Size:1
Accuracy: 0.641
Perturbation Size:2
Accuracy: 0.628
Perturbation Size:3
Accuracy: 0.636
Perturbation Size:4
Accuracy: 0.611
Perturbation Size:5
Accuracy: 0.605
Perturbation Size:6
Accuracy: 0.592
Perturbation Size:7
Accuracy: 0.586
Perturbation Size:8
Accuracy: 0.564
Perturbation Size:9
Accuracy: 0.556
Perturbation Size:10
Accuracy: 0.557
Perturbation Size:11
Accuracy: 0.488
Perturbation Size:12
Accuracy: 0.523
Perturbation Size:13
Accuracy: 0.535
Perturbation Size:14
Accuracy: 0.521
Perturbation Size:15
Accuracy: 0.493
Perturbation Size:16
Accuracy: 0.522
Perturbation Size:17
Accuracy: 0.484
Perturbation Size:18
Accuracy: 0.456
Perturbation Size:19
Accuracy: 0.456
Perturbation Size:20
Accuracy: 0.485
seed 125
=== training gcn model ===
Epoch 0, training loss: 8.80264949798584
Epoch 10, training loss: 8.782456398010254
Epoch 20, training loss: 8.61474895477295
Epoch 30, training loss: 7.7587151527404785
Epoch 40, training loss: 7.105103492736816
Epoch 50, training loss: 6.653900623321533
Epoch 60, training loss: 6.381762504577637
Epoch 70, training loss: 6.176468372344971
Epoch 80, training loss: 5.891000270843506
Epoch 90, training loss: 5.808923721313477
Epoch 100, training loss: 5.718371868133545
Epoch 110, training loss: 5.584105014801025
Epoch 120, training loss: 5.627564907073975
Epoch 130, training loss: 5.517780780792236
Epoch 140, training loss: 5.5005574226379395
Epoch 150, training loss: 5.431118965148926
Epoch 160, training loss: 5.422425270080566
Epoch 170, training loss: 5.3542375564575195
Epoch 180, training loss: 5.318975448608398
Epoch 190, training loss: 5.29055118560791
random
Perturbation Size:0
Accuracy: 0.596
Perturbation Size:1
Accuracy: 0.591
Perturbation Size:2
Accuracy: 0.586
Perturbation Size:3
Accuracy: 0.59
Perturbation Size:4
Accuracy: 0.599
Perturbation Size:5
Accuracy: 0.58
Perturbation Size:6
Accuracy: 0.573
Perturbation Size:7
Accuracy: 0.552
Perturbation Size:8
Accuracy: 0.542
Perturbation Size:9
Accuracy: 0.547
Perturbation Size:10
Accuracy: 0.537
Perturbation Size:11
Accuracy: 0.539
Perturbation Size:12
Accuracy: 0.531
Perturbation Size:13
Accuracy: 0.512
Perturbation Size:14
Accuracy: 0.512
Perturbation Size:15
Accuracy: 0.518
Perturbation Size:16
Accuracy: 0.545
Perturbation Size:17
Accuracy: 0.51
Perturbation Size:18
Accuracy: 0.489
Perturbation Size:19
Accuracy: 0.491
Perturbation Size:20
Accuracy: 0.486
seed 996
=== training gcn model ===
Epoch 0, training loss: 8.802671432495117
Epoch 10, training loss: 8.785379409790039
Epoch 20, training loss: 8.56879711151123
Epoch 30, training loss: 7.751903533935547
Epoch 40, training loss: 7.393299579620361
Epoch 50, training loss: 7.088518142700195
Epoch 60, training loss: 6.698832988739014
Epoch 70, training loss: 6.4944915771484375
Epoch 80, training loss: 6.349928855895996
Epoch 90, training loss: 6.203714370727539
Epoch 100, training loss: 6.080710411071777
Epoch 110, training loss: 5.848072052001953
Epoch 120, training loss: 5.76306676864624
Epoch 130, training loss: 5.717571258544922
Epoch 140, training loss: 5.658424377441406
Epoch 150, training loss: 5.57983922958374
Epoch 160, training loss: 5.534637451171875
Epoch 170, training loss: 5.42656135559082
Epoch 180, training loss: 5.433638572692871
Epoch 190, training loss: 5.351917266845703
random
Perturbation Size:0
Accuracy: 0.629
Perturbation Size:1
Accuracy: 0.626
Perturbation Size:2
Accuracy: 0.639
Perturbation Size:3
Accuracy: 0.596
Perturbation Size:4
Accuracy: 0.563
Perturbation Size:5
Accuracy: 0.588
Perturbation Size:6
Accuracy: 0.559
Perturbation Size:7
Accuracy: 0.55
Perturbation Size:8
Accuracy: 0.55
Perturbation Size:9
Accuracy: 0.52
Perturbation Size:10
Accuracy: 0.536
Perturbation Size:11
Accuracy: 0.532
Perturbation Size:12
Accuracy: 0.51
Perturbation Size:13
Accuracy: 0.482
Perturbation Size:14
Accuracy: 0.483
Perturbation Size:15
Accuracy: 0.499
Perturbation Size:16
Accuracy: 0.483
Perturbation Size:17
Accuracy: 0.48
Perturbation Size:18
Accuracy: 0.461
Perturbation Size:19
Accuracy: 0.452
Perturbation Size:20
Accuracy: 0.479
seed 527
=== training gcn model ===
Epoch 0, training loss: 8.802656173706055
Epoch 10, training loss: 8.785938262939453
Epoch 20, training loss: 8.604750633239746
Epoch 30, training loss: 7.865630626678467
Epoch 40, training loss: 7.120269775390625
Epoch 50, training loss: 6.756009101867676
Epoch 60, training loss: 6.523340702056885
Epoch 70, training loss: 6.267518997192383
Epoch 80, training loss: 6.221604347229004
Epoch 90, training loss: 5.936697483062744
Epoch 100, training loss: 5.805716037750244
Epoch 110, training loss: 5.704244136810303
Epoch 120, training loss: 5.556246757507324
Epoch 130, training loss: 5.519137382507324
Epoch 140, training loss: 5.399546146392822
Epoch 150, training loss: 5.34234094619751
Epoch 160, training loss: 5.213162422180176
Epoch 170, training loss: 5.240377902984619
Epoch 180, training loss: 5.187558650970459
Epoch 190, training loss: 5.113582611083984
random
Perturbation Size:0
Accuracy: 0.612
Perturbation Size:1
Accuracy: 0.63
Perturbation Size:2
Accuracy: 0.613
Perturbation Size:3
Accuracy: 0.615
Perturbation Size:4
Accuracy: 0.613
Perturbation Size:5
Accuracy: 0.596
Perturbation Size:6
Accuracy: 0.588
Perturbation Size:7
Accuracy: 0.586
Perturbation Size:8
Accuracy: 0.552
Perturbation Size:9
Accuracy: 0.543
Perturbation Size:10
Accuracy: 0.534
Perturbation Size:11
Accuracy: 0.552
Perturbation Size:12
Accuracy: 0.53
Perturbation Size:13
Accuracy: 0.538
Perturbation Size:14
Accuracy: 0.52
Perturbation Size:15
Accuracy: 0.507
Perturbation Size:16
Accuracy: 0.528
Perturbation Size:17
Accuracy: 0.517
Perturbation Size:18
Accuracy: 0.501
Perturbation Size:19
Accuracy: 0.528
Perturbation Size:20
Accuracy: 0.536
seed 320
=== training gcn model ===
Epoch 0, training loss: 8.802692413330078
Epoch 10, training loss: 8.789220809936523
Epoch 20, training loss: 8.586380004882812
Epoch 30, training loss: 7.9106364250183105
Epoch 40, training loss: 7.276850700378418
Epoch 50, training loss: 6.909590244293213
Epoch 60, training loss: 6.515903472900391
Epoch 70, training loss: 6.325747966766357
Epoch 80, training loss: 6.150075912475586
Epoch 90, training loss: 5.937068462371826
Epoch 100, training loss: 5.857703685760498
Epoch 110, training loss: 5.734869956970215
Epoch 120, training loss: 5.6629719734191895
Epoch 130, training loss: 5.566720008850098
Epoch 140, training loss: 5.458682060241699
Epoch 150, training loss: 5.43406343460083
Epoch 160, training loss: 5.33597993850708
Epoch 170, training loss: 5.261504173278809
Epoch 180, training loss: 5.226339340209961
Epoch 190, training loss: 5.1681013107299805
random
Perturbation Size:0
Accuracy: 0.638
Perturbation Size:1
Accuracy: 0.647
Perturbation Size:2
Accuracy: 0.61
Perturbation Size:3
Accuracy: 0.604
Perturbation Size:4
Accuracy: 0.569
Perturbation Size:5
Accuracy: 0.535
Perturbation Size:6
Accuracy: 0.561
Perturbation Size:7
Accuracy: 0.53
Perturbation Size:8
Accuracy: 0.509
Perturbation Size:9
Accuracy: 0.53
Perturbation Size:10
Accuracy: 0.495
Perturbation Size:11
Accuracy: 0.483
Perturbation Size:12
Accuracy: 0.481
Perturbation Size:13
Accuracy: 0.474
Perturbation Size:14
Accuracy: 0.467
Perturbation Size:15
Accuracy: 0.515
Perturbation Size:16
Accuracy: 0.463
Perturbation Size:17
Accuracy: 0.447
Perturbation Size:18
Accuracy: 0.465
Perturbation Size:19
Accuracy: 0.45
Perturbation Size:20
Accuracy: 0.454
Beta:0.9 Ptb size:0 Accuracy:0.6216+-0.015499677415998066
Beta:0.9 Ptb size:1 Accuracy:0.627+-0.019503845774615853
Beta:0.9 Ptb size:2 Accuracy:0.6152+-0.017971087891388227
Beta:0.9 Ptb size:3 Accuracy:0.6082000000000001+-0.01622837022008065
Beta:0.9 Ptb size:4 Accuracy:0.591+-0.021052315787105248
Beta:0.9 Ptb size:5 Accuracy:0.5808000000000001+-0.02435898191632809
Beta:0.9 Ptb size:6 Accuracy:0.5746+-0.013514436725220886
Beta:0.9 Ptb size:7 Accuracy:0.5608000000000001+-0.021967248348393538
Beta:0.9 Ptb size:8 Accuracy:0.5434+-0.0185860162487823
Beta:0.9 Ptb size:9 Accuracy:0.5392000000000001+-0.012734205903785297
Beta:0.9 Ptb size:10 Accuracy:0.5318+-0.020193068117549662
Beta:0.9 Ptb size:11 Accuracy:0.5188+-0.0279814224084481
Beta:0.9 Ptb size:12 Accuracy:0.515+-0.018579558659989764
Beta:0.9 Ptb size:13 Accuracy:0.5082000000000001+-0.026369679558159238
Beta:0.9 Ptb size:14 Accuracy:0.5006+-0.021731083728153095
Beta:0.9 Ptb size:15 Accuracy:0.5064000000000001+-0.009414881836751864
Beta:0.9 Ptb size:16 Accuracy:0.5082000000000001+-0.030380256746775542
Beta:0.9 Ptb size:17 Accuracy:0.48760000000000003+-0.024840289853381343
Beta:0.9 Ptb size:18 Accuracy:0.4744+-0.01747684181996277
Beta:0.9 Ptb size:19 Accuracy:0.47540000000000004+-0.03026284851100438
Beta:0.9 Ptb size:20 Accuracy:0.488+-0.026660832695172904
