nohup: ignoring input
run_gnn.py:14: DeprecationWarning: the imp module is deprecated in favour of importlib; see the module's documentation for alternative uses
  import imp
Namespace(attack='random', cuda=True, dataset='Citeseer', debug=True, device_id=2, dropout=0.5, hidden=32, model='GCN', no_cuda=False, num_hidden=32, num_proj_hidden=32, num_repeat=5, seed=10, select_target_ratio=0.1, test_model='GCN', train_lr=0.01, train_num_epochs=200, weight_decay=0.0005)
=== training gcn model ===
Epoch 0, training loss: 1.7914884090423584
acc_val: 0.2020
Epoch 10, training loss: 1.6767535209655762
acc_val: 0.6660
Epoch 20, training loss: 1.5001696348190308
acc_val: 0.6880
Epoch 30, training loss: 1.31058931350708
acc_val: 0.6900
Epoch 40, training loss: 1.1010407209396362
acc_val: 0.6980
Epoch 50, training loss: 0.9372377991676331
acc_val: 0.7000
Epoch 60, training loss: 0.7811829447746277
acc_val: 0.7000
Epoch 70, training loss: 0.6787517666816711
acc_val: 0.7020
Epoch 80, training loss: 0.6153709888458252
acc_val: 0.7060
Epoch 90, training loss: 0.5425532460212708
acc_val: 0.7160
Epoch 100, training loss: 0.5136708617210388
acc_val: 0.7080
Epoch 110, training loss: 0.4518950879573822
acc_val: 0.7160
Epoch 120, training loss: 0.4226633608341217
acc_val: 0.7220
Epoch 130, training loss: 0.4186394512653351
acc_val: 0.7200
Epoch 140, training loss: 0.3613370656967163
acc_val: 0.7200
Epoch 150, training loss: 0.3776428997516632
acc_val: 0.7100
Epoch 160, training loss: 0.347573459148407
acc_val: 0.7060
Epoch 170, training loss: 0.35685059428215027
acc_val: 0.7220
Epoch 180, training loss: 0.34135356545448303
acc_val: 0.7200
Epoch 190, training loss: 0.31561991572380066
acc_val: 0.7120
=== picking the best model according to the performance on validation ===
random
Perturbation Size:0
Accuracy: 0.717
Perturbation Size:1
Accuracy: 0.723
Perturbation Size:2
Accuracy: 0.71
Perturbation Size:3
Accuracy: 0.68
Perturbation Size:4
Accuracy: 0.643
Perturbation Size:5
Accuracy: 0.623
Perturbation Size:6
Accuracy: 0.599
Perturbation Size:7
Accuracy: 0.5750000000000001
Perturbation Size:8
Accuracy: 0.5650000000000001
Perturbation Size:9
Accuracy: 0.551
Perturbation Size:10
Accuracy: 0.53
=== training gcn model ===
Epoch 0, training loss: 1.7921448945999146
acc_val: 0.2400
Epoch 10, training loss: 1.6824970245361328
acc_val: 0.5560
Epoch 20, training loss: 1.524839162826538
acc_val: 0.6360
Epoch 30, training loss: 1.3385982513427734
acc_val: 0.6800
Epoch 40, training loss: 1.1254141330718994
acc_val: 0.6860
Epoch 50, training loss: 1.0011513233184814
acc_val: 0.6960
Epoch 60, training loss: 0.8056716322898865
acc_val: 0.7000
Epoch 70, training loss: 0.7037971615791321
acc_val: 0.7020
Epoch 80, training loss: 0.6214392185211182
acc_val: 0.7080
Epoch 90, training loss: 0.5933603048324585
acc_val: 0.7060
Epoch 100, training loss: 0.5512253642082214
acc_val: 0.7100
Epoch 110, training loss: 0.5553418397903442
acc_val: 0.7120
Epoch 120, training loss: 0.47067540884017944
acc_val: 0.7100
Epoch 130, training loss: 0.44732558727264404
acc_val: 0.7040
Epoch 140, training loss: 0.41978132724761963
acc_val: 0.7080
Epoch 150, training loss: 0.3732565641403198
acc_val: 0.7080
Epoch 160, training loss: 0.38674676418304443
acc_val: 0.7040
Epoch 170, training loss: 0.3741966187953949
acc_val: 0.7060
Epoch 180, training loss: 0.3590947985649109
acc_val: 0.7040
Epoch 190, training loss: 0.3556209206581116
acc_val: 0.7120
=== picking the best model according to the performance on validation ===
random
Perturbation Size:0
Accuracy: 0.725
Perturbation Size:1
Accuracy: 0.708
Perturbation Size:2
Accuracy: 0.667
Perturbation Size:3
Accuracy: 0.62
Perturbation Size:4
Accuracy: 0.592
Perturbation Size:5
Accuracy: 0.5640000000000001
Perturbation Size:6
Accuracy: 0.534
Perturbation Size:7
Accuracy: 0.507
Perturbation Size:8
Accuracy: 0.48
Perturbation Size:9
Accuracy: 0.46900000000000003
Perturbation Size:10
Accuracy: 0.457
=== training gcn model ===
Epoch 0, training loss: 1.7916827201843262
acc_val: 0.3480
Epoch 10, training loss: 1.6539688110351562
acc_val: 0.6100
Epoch 20, training loss: 1.4584465026855469
acc_val: 0.6880
Epoch 30, training loss: 1.2443997859954834
acc_val: 0.6920
Epoch 40, training loss: 1.0437768697738647
acc_val: 0.6960
Epoch 50, training loss: 0.8671321272850037
acc_val: 0.7040
Epoch 60, training loss: 0.7330476641654968
acc_val: 0.7060
Epoch 70, training loss: 0.6271489262580872
acc_val: 0.7040
Epoch 80, training loss: 0.5896356105804443
acc_val: 0.7080
Epoch 90, training loss: 0.4960060715675354
acc_val: 0.7020
Epoch 100, training loss: 0.4585879147052765
acc_val: 0.6980
Epoch 110, training loss: 0.4232984185218811
acc_val: 0.7140
Epoch 120, training loss: 0.41655829548835754
acc_val: 0.7060
Epoch 130, training loss: 0.3710845410823822
acc_val: 0.7080
Epoch 140, training loss: 0.37203505635261536
acc_val: 0.7040
Epoch 150, training loss: 0.3343729078769684
acc_val: 0.7160
Epoch 160, training loss: 0.3349859118461609
acc_val: 0.7120
Epoch 170, training loss: 0.3111950159072876
acc_val: 0.7120
Epoch 180, training loss: 0.31850773096084595
acc_val: 0.7160
Epoch 190, training loss: 0.3056281805038452
acc_val: 0.7240
=== picking the best model according to the performance on validation ===
random
Perturbation Size:0
Accuracy: 0.708
Perturbation Size:1
Accuracy: 0.7010000000000001
Perturbation Size:2
Accuracy: 0.683
Perturbation Size:3
Accuracy: 0.637
Perturbation Size:4
Accuracy: 0.605
Perturbation Size:5
Accuracy: 0.5660000000000001
Perturbation Size:6
Accuracy: 0.549
Perturbation Size:7
Accuracy: 0.53
Perturbation Size:8
Accuracy: 0.513
Perturbation Size:9
Accuracy: 0.489
Perturbation Size:10
Accuracy: 0.48
=== training gcn model ===
Epoch 0, training loss: 1.7919811010360718
acc_val: 0.2480
Epoch 10, training loss: 1.67512047290802
acc_val: 0.5800
Epoch 20, training loss: 1.4964141845703125
acc_val: 0.6660
Epoch 30, training loss: 1.2552939653396606
acc_val: 0.6960
Epoch 40, training loss: 1.0275670289993286
acc_val: 0.7100
Epoch 50, training loss: 0.8481988310813904
acc_val: 0.7100
Epoch 60, training loss: 0.7188761830329895
acc_val: 0.7160
Epoch 70, training loss: 0.612760603427887
acc_val: 0.7220
Epoch 80, training loss: 0.5725094676017761
acc_val: 0.7180
Epoch 90, training loss: 0.48144784569740295
acc_val: 0.7180
Epoch 100, training loss: 0.46420252323150635
acc_val: 0.7240
Epoch 110, training loss: 0.42597657442092896
acc_val: 0.7260
Epoch 120, training loss: 0.42208752036094666
acc_val: 0.7180
Epoch 130, training loss: 0.3916824162006378
acc_val: 0.7220
Epoch 140, training loss: 0.365494042634964
acc_val: 0.7240
Epoch 150, training loss: 0.352331280708313
acc_val: 0.7180
Epoch 160, training loss: 0.34568655490875244
acc_val: 0.7160
Epoch 170, training loss: 0.3091646730899811
acc_val: 0.7140
Epoch 180, training loss: 0.32410821318626404
acc_val: 0.7220
Epoch 190, training loss: 0.30537906289100647
acc_val: 0.7140
=== picking the best model according to the performance on validation ===
random
Perturbation Size:0
Accuracy: 0.715
Perturbation Size:1
Accuracy: 0.7010000000000001
Perturbation Size:2
Accuracy: 0.658
Perturbation Size:3
Accuracy: 0.621
Perturbation Size:4
Accuracy: 0.593
Perturbation Size:5
Accuracy: 0.5710000000000001
Perturbation Size:6
Accuracy: 0.543
Perturbation Size:7
Accuracy: 0.512
Perturbation Size:8
Accuracy: 0.495
Perturbation Size:9
Accuracy: 0.485
Perturbation Size:10
Accuracy: 0.47100000000000003
=== training gcn model ===
Epoch 0, training loss: 1.7912027835845947
acc_val: 0.3400
Epoch 10, training loss: 1.65080988407135
acc_val: 0.6400
Epoch 20, training loss: 1.4396530389785767
acc_val: 0.6820
Epoch 30, training loss: 1.2123568058013916
acc_val: 0.6960
Epoch 40, training loss: 1.0138458013534546
acc_val: 0.6960
Epoch 50, training loss: 0.8434127569198608
acc_val: 0.7060
Epoch 60, training loss: 0.7037819623947144
acc_val: 0.7060
Epoch 70, training loss: 0.6027752757072449
acc_val: 0.7100
Epoch 80, training loss: 0.5392257571220398
acc_val: 0.7160
Epoch 90, training loss: 0.452078640460968
acc_val: 0.7180
Epoch 100, training loss: 0.4190848171710968
acc_val: 0.7140
Epoch 110, training loss: 0.43262189626693726
acc_val: 0.7160
Epoch 120, training loss: 0.3929230570793152
acc_val: 0.7180
Epoch 130, training loss: 0.38269880414009094
acc_val: 0.7120
Epoch 140, training loss: 0.37158435583114624
acc_val: 0.7140
Epoch 150, training loss: 0.3407290577888489
acc_val: 0.7140
Epoch 160, training loss: 0.33435314893722534
acc_val: 0.7180
Epoch 170, training loss: 0.33999770879745483
acc_val: 0.7220
Epoch 180, training loss: 0.3118668794631958
acc_val: 0.7180
Epoch 190, training loss: 0.29328757524490356
acc_val: 0.7100
=== picking the best model according to the performance on validation ===
random
Perturbation Size:0
Accuracy: 0.723
Perturbation Size:1
Accuracy: 0.711
Perturbation Size:2
Accuracy: 0.662
Perturbation Size:3
Accuracy: 0.609
Perturbation Size:4
Accuracy: 0.562
Perturbation Size:5
Accuracy: 0.537
Perturbation Size:6
Accuracy: 0.502
Perturbation Size:7
Accuracy: 0.486
Perturbation Size:8
Accuracy: 0.46
Perturbation Size:9
Accuracy: 0.448
Perturbation Size:10
Accuracy: 0.437
