nohup: ignoring input
run_robust_acc.py:14: DeprecationWarning: the imp module is deprecated in favour of importlib; see the module's documentation for alternative uses
  import imp
Namespace(add_edge_rate_1=0, add_edge_rate_2=0, attack='nettack', base_model='GCN', cl_activation='relu', cl_base_model='GCNConv', cl_lr=0.0005, cl_num_epochs=200, cl_num_layers=2, cl_num_proj_hidden=128, cl_weight_decay=1e-05, clf_weight=1, config='config.yaml', cont_batch_size=0, cont_weight=1, cuda=True, dataset='Citeseer', debug=True, device_id=0, drop_edge_rate_1=0.2, drop_edge_rate_2=0, drop_feat_rate_1=0.3, drop_feat_rate_2=0.2, dropout=0.5, encoder_model='Grace', hidden=128, if_smoothed=True, inv_weight=1, no_cuda=False, noisy_level=0.3, num_hidden=128, num_proj_hidden=128, prob=0.8, seed=10, select_target_ratio=0.1, tau=0.1, test_model='GCN', train_lr=0.01, weight_decay=0.0005)
beta 0.5
Not implement Grace
=== training gcn model ===
Epoch 0, training loss: 8.803642272949219
Epoch 10, training loss: 8.80244255065918
Epoch 20, training loss: 8.798308372497559
Epoch 30, training loss: 8.533361434936523
Epoch 40, training loss: 8.129698753356934
Epoch 50, training loss: 7.7365336418151855
Epoch 60, training loss: 7.384653568267822
Epoch 70, training loss: 7.05366325378418
Epoch 80, training loss: 6.8358564376831055
Epoch 90, training loss: 6.669370174407959
Epoch 100, training loss: 6.506593704223633
Epoch 110, training loss: 6.438115119934082
Epoch 120, training loss: 6.355064868927002
Epoch 130, training loss: 6.261697769165039
Epoch 140, training loss: 6.127950668334961
Epoch 150, training loss: 6.099217891693115
Epoch 160, training loss: 6.028097629547119
Epoch 170, training loss: 5.931507587432861
Epoch 180, training loss: 5.877010345458984
Epoch 190, training loss: 5.844571590423584
nettack
=== [Evasion] Attacking 100 nodes respectively ===
=== Perturbation Size 1 ===
  0%|          | 0/100 [00:00<?, ?it/s]/home/mfl5681/anaconda3/envs/py38_torch120/lib/python3.8/site-packages/numba/core/ir_utils.py:2147: NumbaPendingDeprecationWarning: 
Encountered the use of a type that is scheduled for deprecation: type 'reflected set' found for argument 'edges_set' of function 'compute_new_a_hat_uv'.

For more information visit https://numba.readthedocs.io/en/stable/reference/deprecation.html#deprecation-of-reflection-for-list-and-set-types

File "../../anaconda3/envs/py38_torch120/lib/python3.8/site-packages/deeprobust/graph/targeted_attack/nettack.py", line 501:
@jit(nopython=True)
def compute_new_a_hat_uv(edge_ixs, node_nb_ixs, edges_set, twohop_ixs, values_before, degs, potential_edges, u):
^

  warnings.warn(NumbaPendingDeprecationWarning(msg, loc=loc))
