nohup: ignoring input
run_robust_acc.py:14: DeprecationWarning: the imp module is deprecated in favour of importlib; see the module's documentation for alternative uses
  import imp
Namespace(add_edge_rate_1=0, add_edge_rate_2=0, attack='random', base_model='GCN', cl_activation='relu', cl_base_model='GCNConv', cl_lr=0.0005, cl_num_epochs=200, cl_num_layers=2, cl_num_proj_hidden=128, cl_weight_decay=1e-05, clf_weight=1, config='config.yaml', cont_batch_size=0, cont_weight=1, cuda=True, dataset='Cora', debug=True, device_id=1, drop_edge_rate_1=0.2, drop_edge_rate_2=0, drop_feat_rate_1=0.3, drop_feat_rate_2=0.2, dropout=0.5, encoder_model='Grace', hidden=128, if_smoothed=True, inv_weight=1, no_cuda=False, noisy_level=0.3, num_hidden=128, num_proj_hidden=128, num_repeat=5, prob=0.8, seed=10, select_target_ratio=0.1, tau=0.1, test_model='GCN', train_lr=0.01, weight_decay=0.0005)
beta 0.5
seed 265
=== training gcn model ===
Epoch 0, training loss: 8.596475601196289
Epoch 10, training loss: 8.585864067077637
Epoch 20, training loss: 8.496614456176758
Epoch 30, training loss: 8.300169944763184
Epoch 40, training loss: 8.029555320739746
Epoch 50, training loss: 7.507031440734863
Epoch 60, training loss: 7.2158708572387695
Epoch 70, training loss: 7.235456943511963
Epoch 80, training loss: 7.017259120941162
Epoch 90, training loss: 6.8396315574646
Epoch 100, training loss: 7.0930352210998535
Epoch 110, training loss: 6.75729513168335
Epoch 120, training loss: 6.578615188598633
Epoch 130, training loss: 6.659935474395752
Epoch 140, training loss: 6.65413236618042
Epoch 150, training loss: 6.580220699310303
Epoch 160, training loss: 6.450389862060547
Epoch 170, training loss: 6.283647060394287
Epoch 180, training loss: 6.236797332763672
Epoch 190, training loss: 6.206758499145508
Epoch 200, training loss: 6.261758804321289
Epoch 210, training loss: 6.253697872161865
Epoch 220, training loss: 6.156222343444824
Epoch 230, training loss: 6.128326892852783
Epoch 240, training loss: 6.061418056488037
Epoch 250, training loss: 6.1566925048828125
Epoch 260, training loss: 5.996242046356201
Epoch 270, training loss: 6.113367557525635
Epoch 280, training loss: 6.078885078430176
Epoch 290, training loss: 5.94445276260376
Epoch 300, training loss: 5.91560173034668
Epoch 310, training loss: 5.96173620223999
Epoch 320, training loss: 5.872583866119385
Epoch 330, training loss: 5.849489212036133
Epoch 340, training loss: 5.876239776611328
Epoch 350, training loss: 5.804449081420898
Epoch 360, training loss: 5.81010103225708
Epoch 370, training loss: 5.759716987609863
Epoch 380, training loss: 5.868348598480225
Epoch 390, training loss: 5.704881191253662
Epoch 400, training loss: 5.693161487579346
Epoch 410, training loss: 5.7011823654174805
Epoch 420, training loss: 5.762614727020264
Epoch 430, training loss: 5.772753715515137
Epoch 440, training loss: 5.577168941497803
Epoch 450, training loss: 5.629650115966797
Epoch 460, training loss: 5.508083820343018
Epoch 470, training loss: 5.545729637145996
Epoch 480, training loss: 5.596057891845703
Epoch 490, training loss: 5.56266450881958
random
Perturbation Size:0
Accuracy: 0.796
Perturbation Size:1
Accuracy: 0.783
Perturbation Size:2
Accuracy: 0.787
Perturbation Size:3
Accuracy: 0.766
Perturbation Size:4
Accuracy: 0.767
Perturbation Size:5
Accuracy: 0.769
Perturbation Size:6
Accuracy: 0.751
Perturbation Size:7
Accuracy: 0.751
Perturbation Size:8
Accuracy: 0.751
Perturbation Size:9
Accuracy: 0.743
Perturbation Size:10
Accuracy: 0.709
Perturbation Size:11
Accuracy: 0.687
Perturbation Size:12
Accuracy: 0.72
Perturbation Size:13
Accuracy: 0.713
Perturbation Size:14
Accuracy: 0.685
Perturbation Size:15
Accuracy: 0.722
Perturbation Size:16
Accuracy: 0.723
Perturbation Size:17
Accuracy: 0.696
Perturbation Size:18
Accuracy: 0.694
Perturbation Size:19
Accuracy: 0.688
Perturbation Size:20
Accuracy: 0.702
seed 125
=== training gcn model ===
Epoch 0, training loss: 8.5964937210083
Epoch 10, training loss: 8.587570190429688
Epoch 20, training loss: 8.527178764343262
Epoch 30, training loss: 8.406578063964844
Epoch 40, training loss: 8.179863929748535
Epoch 50, training loss: 7.882735729217529
Epoch 60, training loss: 7.692275047302246
Epoch 70, training loss: 7.415008544921875
Epoch 80, training loss: 7.264395236968994
Epoch 90, training loss: 7.277600288391113
Epoch 100, training loss: 7.17457389831543
Epoch 110, training loss: 6.91467809677124
Epoch 120, training loss: 6.9139404296875
Epoch 130, training loss: 6.90206241607666
Epoch 140, training loss: 6.739070892333984
Epoch 150, training loss: 6.674713134765625
Epoch 160, training loss: 6.589123725891113
Epoch 170, training loss: 6.539899826049805
Epoch 180, training loss: 6.479345798492432
Epoch 190, training loss: 6.422177791595459
Epoch 200, training loss: 6.263844013214111
Epoch 210, training loss: 6.291213035583496
Epoch 220, training loss: 6.158372402191162
Epoch 230, training loss: 6.14006233215332
Epoch 240, training loss: 6.1648054122924805
Epoch 250, training loss: 6.141937732696533
Epoch 260, training loss: 6.012019157409668
Epoch 270, training loss: 5.990443229675293
Epoch 280, training loss: 5.887571811676025
Epoch 290, training loss: 5.971170425415039
Epoch 300, training loss: 5.94954252243042
Epoch 310, training loss: 5.90654182434082
Epoch 320, training loss: 5.941198348999023
Epoch 330, training loss: 5.707418441772461
Epoch 340, training loss: 5.803464889526367
Epoch 350, training loss: 5.820158958435059
Epoch 360, training loss: 5.756523609161377
Epoch 370, training loss: 5.702001094818115
Epoch 380, training loss: 5.783230304718018
Epoch 390, training loss: 5.650160789489746
Epoch 400, training loss: 5.622640609741211
Epoch 410, training loss: 5.585010051727295
Epoch 420, training loss: 5.647889137268066
Epoch 430, training loss: 5.599264621734619
Epoch 440, training loss: 5.5725297927856445
Epoch 450, training loss: 5.596582412719727
Epoch 460, training loss: 5.556863784790039
Epoch 470, training loss: 5.537154674530029
Epoch 480, training loss: 5.4284257888793945
Epoch 490, training loss: 5.466643333435059
random
Perturbation Size:0
Accuracy: 0.773
Perturbation Size:1
Accuracy: 0.783
Perturbation Size:2
Accuracy: 0.776
Perturbation Size:3
Accuracy: 0.763
Perturbation Size:4
Accuracy: 0.753
Perturbation Size:5
Accuracy: 0.729
Perturbation Size:6
Accuracy: 0.747
Perturbation Size:7
Accuracy: 0.74
Perturbation Size:8
Accuracy: 0.733
Perturbation Size:9
Accuracy: 0.72
Perturbation Size:10
Accuracy: 0.687
Perturbation Size:11
Accuracy: 0.717
Perturbation Size:12
Accuracy: 0.679
Perturbation Size:13
Accuracy: 0.698
Perturbation Size:14
Accuracy: 0.673
Perturbation Size:15
Accuracy: 0.673
Perturbation Size:16
Accuracy: 0.724
Perturbation Size:17
Accuracy: 0.674
Perturbation Size:18
Accuracy: 0.692
Perturbation Size:19
Accuracy: 0.695
Perturbation Size:20
Accuracy: 0.673
seed 996
=== training gcn model ===
Epoch 0, training loss: 8.59654712677002
Epoch 10, training loss: 8.582934379577637
Epoch 20, training loss: 8.523026466369629
Epoch 30, training loss: 8.380754470825195
Epoch 40, training loss: 7.979383945465088
Epoch 50, training loss: 7.821093559265137
Epoch 60, training loss: 7.611344337463379
Epoch 70, training loss: 7.215810298919678
Epoch 80, training loss: 7.410926342010498
Epoch 90, training loss: 7.146595478057861
Epoch 100, training loss: 6.956554412841797
Epoch 110, training loss: 6.807816028594971
Epoch 120, training loss: 6.784407615661621
Epoch 130, training loss: 6.6105475425720215
Epoch 140, training loss: 6.675380229949951
Epoch 150, training loss: 6.397829532623291
Epoch 160, training loss: 6.4610137939453125
Epoch 170, training loss: 6.363914489746094
Epoch 180, training loss: 6.403843879699707
Epoch 190, training loss: 6.234121799468994
Epoch 200, training loss: 6.313014984130859
Epoch 210, training loss: 6.065052509307861
Epoch 220, training loss: 5.969371795654297
Epoch 230, training loss: 6.063199520111084
Epoch 240, training loss: 6.018798351287842
Epoch 250, training loss: 5.991963863372803
Epoch 260, training loss: 5.991106986999512
Epoch 270, training loss: 5.950014114379883
Epoch 280, training loss: 5.951997756958008
Epoch 290, training loss: 5.822607517242432
Epoch 300, training loss: 5.7871527671813965
Epoch 310, training loss: 5.8105573654174805
Epoch 320, training loss: 5.832636833190918
Epoch 330, training loss: 5.7711639404296875
Epoch 340, training loss: 5.752540111541748
Epoch 350, training loss: 5.698539733886719
Epoch 360, training loss: 5.727313041687012
Epoch 370, training loss: 5.776711940765381
Epoch 380, training loss: 5.5639142990112305
Epoch 390, training loss: 5.564667224884033
Epoch 400, training loss: 5.544368743896484
Epoch 410, training loss: 5.592806816101074
Epoch 420, training loss: 5.536168575286865
Epoch 430, training loss: 5.502139091491699
Epoch 440, training loss: 5.497232437133789
Epoch 450, training loss: 5.452034950256348
Epoch 460, training loss: 5.524411201477051
Epoch 470, training loss: 5.455738544464111
Epoch 480, training loss: 5.496372222900391
Epoch 490, training loss: 5.527050971984863
random
Perturbation Size:0
Accuracy: 0.771
Perturbation Size:1
Accuracy: 0.774
Perturbation Size:2
Accuracy: 0.77
Perturbation Size:3
Accuracy: 0.78
Perturbation Size:4
Accuracy: 0.761
Perturbation Size:5
Accuracy: 0.763
Perturbation Size:6
Accuracy: 0.77
Perturbation Size:7
Accuracy: 0.746
Perturbation Size:8
Accuracy: 0.737
Perturbation Size:9
Accuracy: 0.741
Perturbation Size:10
Accuracy: 0.747
Perturbation Size:11
Accuracy: 0.759
Perturbation Size:12
Accuracy: 0.724
Perturbation Size:13
Accuracy: 0.753
Perturbation Size:14
Accuracy: 0.738
Perturbation Size:15
Accuracy: 0.728
Perturbation Size:16
Accuracy: 0.734
Perturbation Size:17
Accuracy: 0.742
Perturbation Size:18
Accuracy: 0.696
Perturbation Size:19
Accuracy: 0.729
Perturbation Size:20
Accuracy: 0.728
seed 527
=== training gcn model ===
Epoch 0, training loss: 8.596327781677246
Epoch 10, training loss: 8.58141040802002
Epoch 20, training loss: 8.52940845489502
Epoch 30, training loss: 8.3834228515625
Epoch 40, training loss: 8.047650337219238
Epoch 50, training loss: 7.682129383087158
Epoch 60, training loss: 7.36538553237915
Epoch 70, training loss: 7.33062744140625
Epoch 80, training loss: 7.131097316741943
Epoch 90, training loss: 6.866311073303223
Epoch 100, training loss: 6.983541011810303
Epoch 110, training loss: 6.803830623626709
Epoch 120, training loss: 6.682074546813965
Epoch 130, training loss: 6.716583251953125
Epoch 140, training loss: 6.561318397521973
Epoch 150, training loss: 6.532797813415527
Epoch 160, training loss: 6.433254718780518
Epoch 170, training loss: 6.432589530944824
Epoch 180, training loss: 6.336969375610352
Epoch 190, training loss: 6.261163234710693
Epoch 200, training loss: 6.3334150314331055
Epoch 210, training loss: 6.118679046630859
Epoch 220, training loss: 6.062983989715576
Epoch 230, training loss: 6.1252899169921875
Epoch 240, training loss: 6.178869247436523
Epoch 250, training loss: 6.088024616241455
Epoch 260, training loss: 5.927529811859131
Epoch 270, training loss: 5.9206013679504395
Epoch 280, training loss: 5.954829692840576
Epoch 290, training loss: 5.859912872314453
Epoch 300, training loss: 5.778801441192627
Epoch 310, training loss: 5.8305277824401855
Epoch 320, training loss: 5.759918212890625
Epoch 330, training loss: 5.768676280975342
Epoch 340, training loss: 5.767138481140137
Epoch 350, training loss: 5.725467205047607
Epoch 360, training loss: 5.730694770812988
Epoch 370, training loss: 5.787694931030273
Epoch 380, training loss: 5.623458385467529
Epoch 390, training loss: 5.606578826904297
Epoch 400, training loss: 5.692727565765381
Epoch 410, training loss: 5.63569974899292
Epoch 420, training loss: 5.586906909942627
Epoch 430, training loss: 5.63674783706665
Epoch 440, training loss: 5.545087814331055
Epoch 450, training loss: 5.562806129455566
Epoch 460, training loss: 5.499022006988525
Epoch 470, training loss: 5.483944892883301
Epoch 480, training loss: 5.474662780761719
Epoch 490, training loss: 5.455455303192139
random
Perturbation Size:0
Accuracy: 0.758
Perturbation Size:1
Accuracy: 0.767
Perturbation Size:2
Accuracy: 0.757
Perturbation Size:3
Accuracy: 0.765
Perturbation Size:4
Accuracy: 0.759
Perturbation Size:5
Accuracy: 0.751
Perturbation Size:6
Accuracy: 0.756
Perturbation Size:7
Accuracy: 0.747
Perturbation Size:8
Accuracy: 0.746
Perturbation Size:9
Accuracy: 0.745
Perturbation Size:10
Accuracy: 0.741
Perturbation Size:11
Accuracy: 0.721
Perturbation Size:12
Accuracy: 0.718
Perturbation Size:13
Accuracy: 0.72
Perturbation Size:14
Accuracy: 0.719
Perturbation Size:15
Accuracy: 0.738
Perturbation Size:16
Accuracy: 0.731
Perturbation Size:17
Accuracy: 0.724
Perturbation Size:18
Accuracy: 0.727
Perturbation Size:19
Accuracy: 0.694
Perturbation Size:20
Accuracy: 0.717
seed 320
=== training gcn model ===
Epoch 0, training loss: 8.596449851989746
Epoch 10, training loss: 8.579726219177246
Epoch 20, training loss: 8.52495002746582
Epoch 30, training loss: 8.412574768066406
Epoch 40, training loss: 8.028850555419922
Epoch 50, training loss: 7.784357070922852
Epoch 60, training loss: 7.5203166007995605
Epoch 70, training loss: 7.262233734130859
Epoch 80, training loss: 7.122928619384766
Epoch 90, training loss: 6.942391872406006
Epoch 100, training loss: 6.786258220672607
Epoch 110, training loss: 6.768187522888184
Epoch 120, training loss: 6.580841064453125
Epoch 130, training loss: 6.78822660446167
Epoch 140, training loss: 6.439249515533447
Epoch 150, training loss: 6.444920063018799
Epoch 160, training loss: 6.328261375427246
Epoch 170, training loss: 6.366561412811279
Epoch 180, training loss: 6.299365997314453
Epoch 190, training loss: 6.327974796295166
Epoch 200, training loss: 6.147658348083496
Epoch 210, training loss: 6.11351203918457
Epoch 220, training loss: 6.110274791717529
Epoch 230, training loss: 5.9937744140625
Epoch 240, training loss: 6.004541397094727
Epoch 250, training loss: 6.130041599273682
Epoch 260, training loss: 5.982428550720215
Epoch 270, training loss: 5.936251640319824
Epoch 280, training loss: 5.925426483154297
Epoch 290, training loss: 5.854568004608154
Epoch 300, training loss: 5.938568115234375
Epoch 310, training loss: 5.767550468444824
Epoch 320, training loss: 5.810766696929932
Epoch 330, training loss: 5.6945271492004395
Epoch 340, training loss: 5.6923089027404785
Epoch 350, training loss: 5.751616954803467
Epoch 360, training loss: 5.746985912322998
Epoch 370, training loss: 5.6439900398254395
Epoch 380, training loss: 5.588674545288086
Epoch 390, training loss: 5.694252014160156
Epoch 400, training loss: 5.697680473327637
Epoch 410, training loss: 5.682772159576416
Epoch 420, training loss: 5.544757843017578
Epoch 430, training loss: 5.555514812469482
Epoch 440, training loss: 5.599625587463379
Epoch 450, training loss: 5.573298931121826
Epoch 460, training loss: 5.54692268371582
Epoch 470, training loss: 5.494839191436768
Epoch 480, training loss: 5.4451375007629395
Epoch 490, training loss: 5.401445388793945
random
Perturbation Size:0
Accuracy: 0.742
Perturbation Size:1
Accuracy: 0.766
Perturbation Size:2
Accuracy: 0.759
Perturbation Size:3
Accuracy: 0.738
Perturbation Size:4
Accuracy: 0.736
Perturbation Size:5
Accuracy: 0.742
Perturbation Size:6
Accuracy: 0.74
Perturbation Size:7
Accuracy: 0.729
Perturbation Size:8
Accuracy: 0.736
Perturbation Size:9
Accuracy: 0.721
Perturbation Size:10
Accuracy: 0.718
Perturbation Size:11
Accuracy: 0.716
Perturbation Size:12
Accuracy: 0.699
Perturbation Size:13
Accuracy: 0.706
Perturbation Size:14
Accuracy: 0.686
Perturbation Size:15
Accuracy: 0.692
Perturbation Size:16
Accuracy: 0.695
Perturbation Size:17
Accuracy: 0.707
Perturbation Size:18
Accuracy: 0.675
Perturbation Size:19
Accuracy: 0.691
Perturbation Size:20
Accuracy: 0.669
Beta:0.5 Ptb size:0 Accuracy:0.768+-0.017854971296532532
Beta:0.5 Ptb size:1 Accuracy:0.7746+-0.007391887445030538
Beta:0.5 Ptb size:2 Accuracy:0.7698+-0.011088733020503299
Beta:0.5 Ptb size:3 Accuracy:0.7624000000000001+-0.013602940858505573
Beta:0.5 Ptb size:4 Accuracy:0.7552+-0.01059056183589899
Beta:0.5 Ptb size:5 Accuracy:0.7508+-0.014372195378577356
Beta:0.5 Ptb size:6 Accuracy:0.7528+-0.010067770358922585
Beta:0.5 Ptb size:7 Accuracy:0.7426+-0.007657675887630665
Beta:0.5 Ptb size:8 Accuracy:0.7406+-0.006770524351924308
Beta:0.5 Ptb size:9 Accuracy:0.7340000000000001+-0.011099549540409297
Beta:0.5 Ptb size:10 Accuracy:0.7203999999999999+-0.021832086478392288
Beta:0.5 Ptb size:11 Accuracy:0.72+-0.022960836221705853
Beta:0.5 Ptb size:12 Accuracy:0.708+-0.016864163187066215
Beta:0.5 Ptb size:13 Accuracy:0.7180000000000001+-0.01896312210581371
Beta:0.5 Ptb size:14 Accuracy:0.7001999999999999+-0.024309668858295837
Beta:0.5 Ptb size:15 Accuracy:0.7106+-0.024261904294593187
Beta:0.5 Ptb size:16 Accuracy:0.7213999999999999+-0.013836184445142395
Beta:0.5 Ptb size:17 Accuracy:0.7086+-0.023286047324524606
Beta:0.5 Ptb size:18 Accuracy:0.6968+-0.01684517735139644
Beta:0.5 Ptb size:19 Accuracy:0.6994+-0.015001333274079355
Beta:0.5 Ptb size:20 Accuracy:0.6978+-0.023421357774475814
beta 0.6
seed 265
=== training gcn model ===
Epoch 0, training loss: 8.59646987915039
Epoch 10, training loss: 8.584183692932129
Epoch 20, training loss: 8.483617782592773
Epoch 30, training loss: 8.290111541748047
Epoch 40, training loss: 7.9163126945495605
Epoch 50, training loss: 7.412529945373535
Epoch 60, training loss: 7.139212608337402
Epoch 70, training loss: 7.186751365661621
Epoch 80, training loss: 6.936585903167725
Epoch 90, training loss: 6.77161979675293
Epoch 100, training loss: 7.031724452972412
Epoch 110, training loss: 6.668599605560303
Epoch 120, training loss: 6.495386600494385
Epoch 130, training loss: 6.589105129241943
Epoch 140, training loss: 6.587770938873291
Epoch 150, training loss: 6.53469181060791
Epoch 160, training loss: 6.386381149291992
Epoch 170, training loss: 6.229856967926025
Epoch 180, training loss: 6.167963027954102
Epoch 190, training loss: 6.130023956298828
Epoch 200, training loss: 6.217134475708008
Epoch 210, training loss: 6.190694808959961
Epoch 220, training loss: 6.067464828491211
Epoch 230, training loss: 6.038678169250488
Epoch 240, training loss: 5.994909286499023
Epoch 250, training loss: 6.098361492156982
Epoch 260, training loss: 5.905412673950195
Epoch 270, training loss: 6.046230316162109
Epoch 280, training loss: 6.009394645690918
Epoch 290, training loss: 5.872247219085693
Epoch 300, training loss: 5.8192548751831055
Epoch 310, training loss: 5.869668483734131
Epoch 320, training loss: 5.788343906402588
Epoch 330, training loss: 5.776618957519531
Epoch 340, training loss: 5.810761451721191
Epoch 350, training loss: 5.706347942352295
Epoch 360, training loss: 5.740010738372803
Epoch 370, training loss: 5.670108318328857
Epoch 380, training loss: 5.776515483856201
Epoch 390, training loss: 5.602148532867432
Epoch 400, training loss: 5.602444648742676
Epoch 410, training loss: 5.627615451812744
Epoch 420, training loss: 5.651634693145752
Epoch 430, training loss: 5.6950201988220215
Epoch 440, training loss: 5.497281551361084
Epoch 450, training loss: 5.5658698081970215
Epoch 460, training loss: 5.443052768707275
Epoch 470, training loss: 5.467514991760254
Epoch 480, training loss: 5.531641006469727
Epoch 490, training loss: 5.474571704864502
random
Perturbation Size:0
Accuracy: 0.78
Perturbation Size:1
Accuracy: 0.782
Perturbation Size:2
Accuracy: 0.773
Perturbation Size:3
Accuracy: 0.763
Perturbation Size:4
Accuracy: 0.756
Perturbation Size:5
Accuracy: 0.751
Perturbation Size:6
Accuracy: 0.756
Perturbation Size:7
Accuracy: 0.745
Perturbation Size:8
Accuracy: 0.734
Perturbation Size:9
Accuracy: 0.727
Perturbation Size:10
Accuracy: 0.708
Perturbation Size:11
Accuracy: 0.705
Perturbation Size:12
Accuracy: 0.694
Perturbation Size:13
Accuracy: 0.713
Perturbation Size:14
Accuracy: 0.705
Perturbation Size:15
Accuracy: 0.671
Perturbation Size:16
Accuracy: 0.686
Perturbation Size:17
Accuracy: 0.708
Perturbation Size:18
Accuracy: 0.681
Perturbation Size:19
Accuracy: 0.688
Perturbation Size:20
Accuracy: 0.701
seed 125
=== training gcn model ===
Epoch 0, training loss: 8.596494674682617
Epoch 10, training loss: 8.585068702697754
Epoch 20, training loss: 8.518712043762207
Epoch 30, training loss: 8.402313232421875
Epoch 40, training loss: 8.172568321228027
Epoch 50, training loss: 7.903690338134766
Epoch 60, training loss: 7.652473449707031
Epoch 70, training loss: 7.3461689949035645
Epoch 80, training loss: 7.197354793548584
Epoch 90, training loss: 7.193981170654297
Epoch 100, training loss: 7.090869426727295
Epoch 110, training loss: 6.827226161956787
Epoch 120, training loss: 6.854184627532959
Epoch 130, training loss: 6.836949825286865
Epoch 140, training loss: 6.6521382331848145
Epoch 150, training loss: 6.590137958526611
Epoch 160, training loss: 6.533687591552734
Epoch 170, training loss: 6.464058876037598
Epoch 180, training loss: 6.407878398895264
Epoch 190, training loss: 6.350479602813721
Epoch 200, training loss: 6.183796405792236
Epoch 210, training loss: 6.18628454208374
Epoch 220, training loss: 6.079599857330322
Epoch 230, training loss: 6.037387847900391
Epoch 240, training loss: 6.0425920486450195
Epoch 250, training loss: 6.064203262329102
Epoch 260, training loss: 5.941650390625
Epoch 270, training loss: 5.915148735046387
Epoch 280, training loss: 5.806918621063232
Epoch 290, training loss: 5.879703521728516
Epoch 300, training loss: 5.862126350402832
Epoch 310, training loss: 5.821813106536865
Epoch 320, training loss: 5.840828895568848
Epoch 330, training loss: 5.624508857727051
Epoch 340, training loss: 5.735163688659668
Epoch 350, training loss: 5.741220474243164
Epoch 360, training loss: 5.675789833068848
Epoch 370, training loss: 5.628952503204346
Epoch 380, training loss: 5.70060920715332
Epoch 390, training loss: 5.592433452606201
Epoch 400, training loss: 5.5295796394348145
Epoch 410, training loss: 5.494774341583252
Epoch 420, training loss: 5.541079521179199
Epoch 430, training loss: 5.523477554321289
Epoch 440, training loss: 5.490123271942139
Epoch 450, training loss: 5.537227630615234
Epoch 460, training loss: 5.493982791900635
Epoch 470, training loss: 5.444919109344482
Epoch 480, training loss: 5.346212863922119
Epoch 490, training loss: 5.387825965881348
random
Perturbation Size:0
Accuracy: 0.752
Perturbation Size:1
Accuracy: 0.762
Perturbation Size:2
Accuracy: 0.758
Perturbation Size:3
Accuracy: 0.759
Perturbation Size:4
Accuracy: 0.748
Perturbation Size:5
Accuracy: 0.716
Perturbation Size:6
Accuracy: 0.74
Perturbation Size:7
Accuracy: 0.731
Perturbation Size:8
Accuracy: 0.721
Perturbation Size:9
Accuracy: 0.71
Perturbation Size:10
Accuracy: 0.694
Perturbation Size:11
Accuracy: 0.702
Perturbation Size:12
Accuracy: 0.672
Perturbation Size:13
Accuracy: 0.681
Perturbation Size:14
Accuracy: 0.671
Perturbation Size:15
Accuracy: 0.673
Perturbation Size:16
Accuracy: 0.699
Perturbation Size:17
Accuracy: 0.721
Perturbation Size:18
Accuracy: 0.689
Perturbation Size:19
Accuracy: 0.683
Perturbation Size:20
Accuracy: 0.667
seed 996
=== training gcn model ===
Epoch 0, training loss: 8.59654712677002
Epoch 10, training loss: 8.579935073852539
Epoch 20, training loss: 8.507543563842773
Epoch 30, training loss: 8.406885147094727
Epoch 40, training loss: 7.953989505767822
Epoch 50, training loss: 7.770391464233398
Epoch 60, training loss: 7.567968368530273
Epoch 70, training loss: 7.1439433097839355
Epoch 80, training loss: 7.297394752502441
Epoch 90, training loss: 7.067358016967773
Epoch 100, training loss: 6.86074161529541
Epoch 110, training loss: 6.697813510894775
Epoch 120, training loss: 6.686151027679443
Epoch 130, training loss: 6.459849834442139
Epoch 140, training loss: 6.5383381843566895
Epoch 150, training loss: 6.277254104614258
Epoch 160, training loss: 6.332228183746338
Epoch 170, training loss: 6.240714073181152
Epoch 180, training loss: 6.271474361419678
Epoch 190, training loss: 6.102332592010498
Epoch 200, training loss: 6.172743797302246
Epoch 210, training loss: 5.975923538208008
Epoch 220, training loss: 5.850640773773193
Epoch 230, training loss: 5.943103313446045
Epoch 240, training loss: 5.883761405944824
Epoch 250, training loss: 5.873335838317871
Epoch 260, training loss: 5.850831985473633
Epoch 270, training loss: 5.822265625
Epoch 280, training loss: 5.858739376068115
Epoch 290, training loss: 5.716311931610107
Epoch 300, training loss: 5.700507640838623
Epoch 310, training loss: 5.6901445388793945
Epoch 320, training loss: 5.729361057281494
Epoch 330, training loss: 5.696425437927246
Epoch 340, training loss: 5.648567199707031
Epoch 350, training loss: 5.585551738739014
Epoch 360, training loss: 5.631364822387695
Epoch 370, training loss: 5.697624683380127
Epoch 380, training loss: 5.498520374298096
Epoch 390, training loss: 5.48965311050415
Epoch 400, training loss: 5.446595668792725
Epoch 410, training loss: 5.520979404449463
Epoch 420, training loss: 5.476548194885254
Epoch 430, training loss: 5.438144207000732
Epoch 440, training loss: 5.42282247543335
Epoch 450, training loss: 5.377625942230225
Epoch 460, training loss: 5.484879970550537
Epoch 470, training loss: 5.388106346130371
Epoch 480, training loss: 5.404232025146484
Epoch 490, training loss: 5.427829265594482
random
Perturbation Size:0
Accuracy: 0.789
Perturbation Size:1
Accuracy: 0.781
Perturbation Size:2
Accuracy: 0.767
Perturbation Size:3
Accuracy: 0.766
Perturbation Size:4
Accuracy: 0.764
Perturbation Size:5
Accuracy: 0.758
Perturbation Size:6
Accuracy: 0.758
Perturbation Size:7
Accuracy: 0.747
Perturbation Size:8
Accuracy: 0.74
Perturbation Size:9
Accuracy: 0.726
Perturbation Size:10
Accuracy: 0.724
Perturbation Size:11
Accuracy: 0.719
Perturbation Size:12
Accuracy: 0.698
Perturbation Size:13
Accuracy: 0.731
Perturbation Size:14
Accuracy: 0.724
Perturbation Size:15
Accuracy: 0.726
Perturbation Size:16
Accuracy: 0.699
Perturbation Size:17
Accuracy: 0.73
Perturbation Size:18
Accuracy: 0.651
Perturbation Size:19
Accuracy: 0.721
Perturbation Size:20
Accuracy: 0.698
seed 527
=== training gcn model ===
Epoch 0, training loss: 8.596320152282715
Epoch 10, training loss: 8.577637672424316
Epoch 20, training loss: 8.50692367553711
Epoch 30, training loss: 8.384448051452637
Epoch 40, training loss: 8.050088882446289
Epoch 50, training loss: 7.686435222625732
Epoch 60, training loss: 7.368716239929199
Epoch 70, training loss: 7.302391052246094
Epoch 80, training loss: 7.07853889465332
Epoch 90, training loss: 6.838644981384277
Epoch 100, training loss: 6.92471170425415
Epoch 110, training loss: 6.760102272033691
Epoch 120, training loss: 6.625966548919678
Epoch 130, training loss: 6.657477378845215
Epoch 140, training loss: 6.483743190765381
Epoch 150, training loss: 6.482962131500244
Epoch 160, training loss: 6.35441255569458
Epoch 170, training loss: 6.3445634841918945
Epoch 180, training loss: 6.283590793609619
Epoch 190, training loss: 6.191054344177246
Epoch 200, training loss: 6.2516069412231445
Epoch 210, training loss: 6.061810493469238
Epoch 220, training loss: 6.013973236083984
Epoch 230, training loss: 6.104819297790527
Epoch 240, training loss: 6.09702730178833
Epoch 250, training loss: 6.0232768058776855
Epoch 260, training loss: 5.881204605102539
Epoch 270, training loss: 5.862313270568848
Epoch 280, training loss: 5.891496658325195
Epoch 290, training loss: 5.802639961242676
Epoch 300, training loss: 5.698754787445068
Epoch 310, training loss: 5.770821571350098
Epoch 320, training loss: 5.705018520355225
Epoch 330, training loss: 5.723807334899902
Epoch 340, training loss: 5.7161784172058105
Epoch 350, training loss: 5.681873321533203
Epoch 360, training loss: 5.667289733886719
Epoch 370, training loss: 5.713156700134277
Epoch 380, training loss: 5.563762187957764
Epoch 390, training loss: 5.538877010345459
Epoch 400, training loss: 5.6122870445251465
Epoch 410, training loss: 5.569985866546631
Epoch 420, training loss: 5.522097110748291
Epoch 430, training loss: 5.569738388061523
Epoch 440, training loss: 5.49839448928833
Epoch 450, training loss: 5.508050441741943
Epoch 460, training loss: 5.416385650634766
Epoch 470, training loss: 5.425698757171631
Epoch 480, training loss: 5.415304660797119
Epoch 490, training loss: 5.393531322479248
random
Perturbation Size:0
Accuracy: 0.769
Perturbation Size:1
Accuracy: 0.784
Perturbation Size:2
Accuracy: 0.767
Perturbation Size:3
Accuracy: 0.773
Perturbation Size:4
Accuracy: 0.763
Perturbation Size:5
Accuracy: 0.764
Perturbation Size:6
Accuracy: 0.744
Perturbation Size:7
Accuracy: 0.753
Perturbation Size:8
Accuracy: 0.748
Perturbation Size:9
Accuracy: 0.751
Perturbation Size:10
Accuracy: 0.722
Perturbation Size:11
Accuracy: 0.735
Perturbation Size:12
Accuracy: 0.727
Perturbation Size:13
Accuracy: 0.732
Perturbation Size:14
Accuracy: 0.737
Perturbation Size:15
Accuracy: 0.739
Perturbation Size:16
Accuracy: 0.7
Perturbation Size:17
Accuracy: 0.712
Perturbation Size:18
Accuracy: 0.723
Perturbation Size:19
Accuracy: 0.711
Perturbation Size:20
Accuracy: 0.678
seed 320
=== training gcn model ===
Epoch 0, training loss: 8.596437454223633
Epoch 10, training loss: 8.577032089233398
Epoch 20, training loss: 8.499556541442871
Epoch 30, training loss: 8.383197784423828
Epoch 40, training loss: 7.9980974197387695
Epoch 50, training loss: 7.78215217590332
Epoch 60, training loss: 7.458930969238281
Epoch 70, training loss: 7.2161149978637695
Epoch 80, training loss: 7.039467811584473
Epoch 90, training loss: 6.883376598358154
Epoch 100, training loss: 6.715160846710205
Epoch 110, training loss: 6.718194484710693
Epoch 120, training loss: 6.521974086761475
Epoch 130, training loss: 6.713220596313477
Epoch 140, training loss: 6.361252784729004
Epoch 150, training loss: 6.381015777587891
Epoch 160, training loss: 6.2537689208984375
Epoch 170, training loss: 6.295858860015869
Epoch 180, training loss: 6.1847734451293945
Epoch 190, training loss: 6.2115302085876465
Epoch 200, training loss: 6.057837009429932
Epoch 210, training loss: 6.029909610748291
Epoch 220, training loss: 5.996140003204346
Epoch 230, training loss: 5.89523983001709
Epoch 240, training loss: 5.920290946960449
Epoch 250, training loss: 6.02897310256958
Epoch 260, training loss: 5.895848274230957
Epoch 270, training loss: 5.857748508453369
Epoch 280, training loss: 5.823472023010254
Epoch 290, training loss: 5.737177848815918
Epoch 300, training loss: 5.801703453063965
Epoch 310, training loss: 5.67694091796875
Epoch 320, training loss: 5.742701530456543
Epoch 330, training loss: 5.603506088256836
Epoch 340, training loss: 5.574600696563721
Epoch 350, training loss: 5.644724369049072
Epoch 360, training loss: 5.671506881713867
Epoch 370, training loss: 5.547585487365723
Epoch 380, training loss: 5.486415863037109
Epoch 390, training loss: 5.584155082702637
Epoch 400, training loss: 5.590816974639893
Epoch 410, training loss: 5.601835250854492
Epoch 420, training loss: 5.438532829284668
Epoch 430, training loss: 5.435706615447998
Epoch 440, training loss: 5.473283767700195
Epoch 450, training loss: 5.446880340576172
Epoch 460, training loss: 5.453160285949707
Epoch 470, training loss: 5.389151573181152
Epoch 480, training loss: 5.333464622497559
Epoch 490, training loss: 5.314401626586914
random
Perturbation Size:0
Accuracy: 0.76
Perturbation Size:1
Accuracy: 0.755
Perturbation Size:2
Accuracy: 0.761
Perturbation Size:3
Accuracy: 0.752
Perturbation Size:4
Accuracy: 0.743
Perturbation Size:5
Accuracy: 0.73
Perturbation Size:6
Accuracy: 0.737
Perturbation Size:7
Accuracy: 0.728
Perturbation Size:8
Accuracy: 0.723
Perturbation Size:9
Accuracy: 0.718
Perturbation Size:10
Accuracy: 0.719
Perturbation Size:11
Accuracy: 0.717
Perturbation Size:12
Accuracy: 0.706
Perturbation Size:13
Accuracy: 0.695
Perturbation Size:14
Accuracy: 0.701
Perturbation Size:15
Accuracy: 0.695
Perturbation Size:16
Accuracy: 0.687
Perturbation Size:17
Accuracy: 0.687
Perturbation Size:18
Accuracy: 0.661
Perturbation Size:19
Accuracy: 0.686
Perturbation Size:20
Accuracy: 0.674
Beta:0.6 Ptb size:0 Accuracy:0.7700000000000001+-0.013311649033835
Beta:0.6 Ptb size:1 Accuracy:0.7727999999999999+-0.011923086848631114
Beta:0.6 Ptb size:2 Accuracy:0.7652+-0.005230678732248813
Beta:0.6 Ptb size:3 Accuracy:0.7626000000000002+-0.007002856560004645
Beta:0.6 Ptb size:4 Accuracy:0.7547999999999999+-0.00823164625090268
Beta:0.6 Ptb size:5 Accuracy:0.7438+-0.018026646942790013
Beta:0.6 Ptb size:6 Accuracy:0.7470000000000001+-0.008485281374238578
Beta:0.6 Ptb size:7 Accuracy:0.7407999999999999+-0.009641576634555168
Beta:0.6 Ptb size:8 Accuracy:0.7332000000000001+-0.010186265262597484
Beta:0.6 Ptb size:9 Accuracy:0.7263999999999999+-0.013749181793837781
Beta:0.6 Ptb size:10 Accuracy:0.7133999999999999+-0.011164228589562302
Beta:0.6 Ptb size:11 Accuracy:0.7156+-0.011723480711802285
Beta:0.6 Ptb size:12 Accuracy:0.6994+-0.017816845961056052
Beta:0.6 Ptb size:13 Accuracy:0.7104+-0.019995999599919965
Beta:0.6 Ptb size:14 Accuracy:0.7076+-0.02246419373135834
Beta:0.6 Ptb size:15 Accuracy:0.7008+-0.027527440854536383
Beta:0.6 Ptb size:16 Accuracy:0.6942+-0.00630555310817373
Beta:0.6 Ptb size:17 Accuracy:0.7116+-0.014458215657542229
Beta:0.6 Ptb size:18 Accuracy:0.6809999999999999+-0.025011997121381548
Beta:0.6 Ptb size:19 Accuracy:0.6978+-0.015276125163142624
Beta:0.6 Ptb size:20 Accuracy:0.6836+-0.013484806264830018
beta 0.7
seed 265
=== training gcn model ===
Epoch 0, training loss: 8.596465110778809
Epoch 10, training loss: 8.582862854003906
Epoch 20, training loss: 8.472944259643555
Epoch 30, training loss: 8.29319953918457
Epoch 40, training loss: 7.883181571960449
Epoch 50, training loss: 7.370076656341553
Epoch 60, training loss: 7.08074426651001
Epoch 70, training loss: 7.1305108070373535
Epoch 80, training loss: 6.8747029304504395
Epoch 90, training loss: 6.739081859588623
Epoch 100, training loss: 6.970903396606445
Epoch 110, training loss: 6.590384483337402
Epoch 120, training loss: 6.406185150146484
Epoch 130, training loss: 6.512582778930664
Epoch 140, training loss: 6.50210428237915
Epoch 150, training loss: 6.4339470863342285
Epoch 160, training loss: 6.287745952606201
Epoch 170, training loss: 6.150453090667725
Epoch 180, training loss: 6.102847576141357
Epoch 190, training loss: 6.059910774230957
Epoch 200, training loss: 6.152203559875488
Epoch 210, training loss: 6.108771800994873
Epoch 220, training loss: 5.979736804962158
Epoch 230, training loss: 5.952386856079102
Epoch 240, training loss: 5.91648006439209
Epoch 250, training loss: 5.984198570251465
Epoch 260, training loss: 5.832402229309082
Epoch 270, training loss: 5.960832118988037
Epoch 280, training loss: 5.918531894683838
Epoch 290, training loss: 5.775740146636963
Epoch 300, training loss: 5.721341133117676
Epoch 310, training loss: 5.7480597496032715
Epoch 320, training loss: 5.707314968109131
Epoch 330, training loss: 5.711625576019287
Epoch 340, training loss: 5.715775966644287
Epoch 350, training loss: 5.626169681549072
Epoch 360, training loss: 5.651209354400635
Epoch 370, training loss: 5.611026287078857
Epoch 380, training loss: 5.673894882202148
Epoch 390, training loss: 5.535985946655273
Epoch 400, training loss: 5.497862339019775
Epoch 410, training loss: 5.541834831237793
Epoch 420, training loss: 5.572192668914795
Epoch 430, training loss: 5.621252536773682
Epoch 440, training loss: 5.421535968780518
Epoch 450, training loss: 5.471264839172363
Epoch 460, training loss: 5.377585411071777
Epoch 470, training loss: 5.417248249053955
Epoch 480, training loss: 5.470366954803467
Epoch 490, training loss: 5.3835835456848145
random
Perturbation Size:0
Accuracy: 0.777
Perturbation Size:1
Accuracy: 0.781
Perturbation Size:2
Accuracy: 0.766
Perturbation Size:3
Accuracy: 0.76
Perturbation Size:4
Accuracy: 0.751
Perturbation Size:5
Accuracy: 0.752
Perturbation Size:6
Accuracy: 0.743
Perturbation Size:7
Accuracy: 0.741
Perturbation Size:8
Accuracy: 0.748
Perturbation Size:9
Accuracy: 0.724
Perturbation Size:10
Accuracy: 0.715
Perturbation Size:11
Accuracy: 0.706
Perturbation Size:12
Accuracy: 0.699
Perturbation Size:13
Accuracy: 0.718
Perturbation Size:14
Accuracy: 0.713
Perturbation Size:15
Accuracy: 0.702
Perturbation Size:16
Accuracy: 0.665
Perturbation Size:17
Accuracy: 0.688
Perturbation Size:18
Accuracy: 0.694
Perturbation Size:19
Accuracy: 0.685
Perturbation Size:20
Accuracy: 0.7
seed 125
=== training gcn model ===
Epoch 0, training loss: 8.596513748168945
Epoch 10, training loss: 8.583197593688965
Epoch 20, training loss: 8.498973846435547
Epoch 30, training loss: 8.394354820251465
Epoch 40, training loss: 8.143519401550293
Epoch 50, training loss: 7.905404567718506
Epoch 60, training loss: 7.663649559020996
Epoch 70, training loss: 7.290378093719482
Epoch 80, training loss: 7.179468154907227
Epoch 90, training loss: 7.17698335647583
Epoch 100, training loss: 7.038589000701904
Epoch 110, training loss: 6.764224052429199
Epoch 120, training loss: 6.789974212646484
Epoch 130, training loss: 6.751562118530273
Epoch 140, training loss: 6.605914115905762
Epoch 150, training loss: 6.541326999664307
Epoch 160, training loss: 6.499537467956543
Epoch 170, training loss: 6.383536338806152
Epoch 180, training loss: 6.331913471221924
Epoch 190, training loss: 6.272289276123047
Epoch 200, training loss: 6.116086959838867
Epoch 210, training loss: 6.0952348709106445
Epoch 220, training loss: 6.011722087860107
Epoch 230, training loss: 5.981670379638672
Epoch 240, training loss: 5.976169109344482
Epoch 250, training loss: 5.965572834014893
Epoch 260, training loss: 5.8883233070373535
Epoch 270, training loss: 5.8338422775268555
Epoch 280, training loss: 5.723474502563477
Epoch 290, training loss: 5.811667442321777
Epoch 300, training loss: 5.773177146911621
Epoch 310, training loss: 5.718785762786865
Epoch 320, training loss: 5.765789031982422
Epoch 330, training loss: 5.5503129959106445
Epoch 340, training loss: 5.666650772094727
Epoch 350, training loss: 5.68991756439209
Epoch 360, training loss: 5.60233211517334
Epoch 370, training loss: 5.548929214477539
Epoch 380, training loss: 5.632052421569824
Epoch 390, training loss: 5.517333507537842
Epoch 400, training loss: 5.467970848083496
Epoch 410, training loss: 5.442874431610107
Epoch 420, training loss: 5.479142189025879
Epoch 430, training loss: 5.440653324127197
Epoch 440, training loss: 5.443065166473389
Epoch 450, training loss: 5.464980125427246
Epoch 460, training loss: 5.412256240844727
Epoch 470, training loss: 5.369364261627197
Epoch 480, training loss: 5.266180038452148
Epoch 490, training loss: 5.31472635269165
random
Perturbation Size:0
Accuracy: 0.765
Perturbation Size:1
Accuracy: 0.744
Perturbation Size:2
Accuracy: 0.747
Perturbation Size:3
Accuracy: 0.741
Perturbation Size:4
Accuracy: 0.728
Perturbation Size:5
Accuracy: 0.727
Perturbation Size:6
Accuracy: 0.728
Perturbation Size:7
Accuracy: 0.711
Perturbation Size:8
Accuracy: 0.714
Perturbation Size:9
Accuracy: 0.698
Perturbation Size:10
Accuracy: 0.691
Perturbation Size:11
Accuracy: 0.683
Perturbation Size:12
Accuracy: 0.673
Perturbation Size:13
Accuracy: 0.676
Perturbation Size:14
Accuracy: 0.659
Perturbation Size:15
Accuracy: 0.649
Perturbation Size:16
Accuracy: 0.699
Perturbation Size:17
Accuracy: 0.713
Perturbation Size:18
Accuracy: 0.701
Perturbation Size:19
Accuracy: 0.673
Perturbation Size:20
Accuracy: 0.665
seed 996
=== training gcn model ===
Epoch 0, training loss: 8.596546173095703
Epoch 10, training loss: 8.577970504760742
Epoch 20, training loss: 8.484861373901367
Epoch 30, training loss: 8.401463508605957
Epoch 40, training loss: 7.955078601837158
Epoch 50, training loss: 7.774239540100098
Epoch 60, training loss: 7.5610480308532715
Epoch 70, training loss: 7.112771987915039
Epoch 80, training loss: 7.251185417175293
Epoch 90, training loss: 6.992034435272217
Epoch 100, training loss: 6.7885284423828125
Epoch 110, training loss: 6.6129536628723145
Epoch 120, training loss: 6.585846424102783
Epoch 130, training loss: 6.3883867263793945
Epoch 140, training loss: 6.440687656402588
Epoch 150, training loss: 6.228249549865723
Epoch 160, training loss: 6.289682865142822
Epoch 170, training loss: 6.1947174072265625
Epoch 180, training loss: 6.205781936645508
Epoch 190, training loss: 6.045747756958008
Epoch 200, training loss: 6.090987682342529
Epoch 210, training loss: 5.923666954040527
Epoch 220, training loss: 5.797896385192871
Epoch 230, training loss: 5.882518291473389
Epoch 240, training loss: 5.836173057556152
Epoch 250, training loss: 5.789278030395508
Epoch 260, training loss: 5.775088310241699
Epoch 270, training loss: 5.750126838684082
Epoch 280, training loss: 5.776717185974121
Epoch 290, training loss: 5.635736465454102
Epoch 300, training loss: 5.6499924659729
Epoch 310, training loss: 5.613678455352783
Epoch 320, training loss: 5.690646648406982
Epoch 330, training loss: 5.624307632446289
Epoch 340, training loss: 5.557145595550537
Epoch 350, training loss: 5.500983238220215
Epoch 360, training loss: 5.5575175285339355
Epoch 370, training loss: 5.62446928024292
Epoch 380, training loss: 5.440097332000732
Epoch 390, training loss: 5.4319682121276855
Epoch 400, training loss: 5.4190826416015625
Epoch 410, training loss: 5.459412097930908
Epoch 420, training loss: 5.409669399261475
Epoch 430, training loss: 5.378122806549072
Epoch 440, training loss: 5.345388889312744
Epoch 450, training loss: 5.285543918609619
Epoch 460, training loss: 5.41866397857666
Epoch 470, training loss: 5.328655242919922
Epoch 480, training loss: 5.317180633544922
Epoch 490, training loss: 5.363500595092773
random
Perturbation Size:0
Accuracy: 0.804
Perturbation Size:1
Accuracy: 0.798
Perturbation Size:2
Accuracy: 0.788
Perturbation Size:3
Accuracy: 0.788
Perturbation Size:4
Accuracy: 0.783
Perturbation Size:5
Accuracy: 0.765
Perturbation Size:6
Accuracy: 0.769
Perturbation Size:7
Accuracy: 0.763
Perturbation Size:8
Accuracy: 0.774
Perturbation Size:9
Accuracy: 0.738
Perturbation Size:10
Accuracy: 0.729
Perturbation Size:11
Accuracy: 0.736
Perturbation Size:12
Accuracy: 0.692
Perturbation Size:13
Accuracy: 0.731
Perturbation Size:14
Accuracy: 0.728
Perturbation Size:15
Accuracy: 0.726
Perturbation Size:16
Accuracy: 0.708
Perturbation Size:17
Accuracy: 0.742
Perturbation Size:18
Accuracy: 0.689
Perturbation Size:19
Accuracy: 0.679
Perturbation Size:20
Accuracy: 0.683
seed 527
=== training gcn model ===
Epoch 0, training loss: 8.596331596374512
Epoch 10, training loss: 8.57529354095459
Epoch 20, training loss: 8.492008209228516
Epoch 30, training loss: 8.360993385314941
Epoch 40, training loss: 8.008719444274902
Epoch 50, training loss: 7.658626556396484
Epoch 60, training loss: 7.350403308868408
Epoch 70, training loss: 7.238720417022705
Epoch 80, training loss: 7.030751705169678
Epoch 90, training loss: 6.75569486618042
Epoch 100, training loss: 6.8521833419799805
Epoch 110, training loss: 6.717526435852051
Epoch 120, training loss: 6.559931755065918
Epoch 130, training loss: 6.637635231018066
Epoch 140, training loss: 6.4252848625183105
Epoch 150, training loss: 6.4204583168029785
Epoch 160, training loss: 6.2556023597717285
Epoch 170, training loss: 6.2655110359191895
Epoch 180, training loss: 6.215374946594238
Epoch 190, training loss: 6.115279197692871
Epoch 200, training loss: 6.1594109535217285
Epoch 210, training loss: 5.981251239776611
Epoch 220, training loss: 5.963301658630371
Epoch 230, training loss: 6.007678031921387
Epoch 240, training loss: 6.051196575164795
Epoch 250, training loss: 5.948005676269531
Epoch 260, training loss: 5.800318241119385
Epoch 270, training loss: 5.785236835479736
Epoch 280, training loss: 5.801084995269775
Epoch 290, training loss: 5.751819133758545
Epoch 300, training loss: 5.618000030517578
Epoch 310, training loss: 5.678829193115234
Epoch 320, training loss: 5.614081382751465
Epoch 330, training loss: 5.639746189117432
Epoch 340, training loss: 5.656683921813965
Epoch 350, training loss: 5.601561069488525
Epoch 360, training loss: 5.5957255363464355
Epoch 370, training loss: 5.656843662261963
Epoch 380, training loss: 5.479917049407959
Epoch 390, training loss: 5.463155269622803
Epoch 400, training loss: 5.50726842880249
Epoch 410, training loss: 5.484803199768066
Epoch 420, training loss: 5.437473297119141
Epoch 430, training loss: 5.490947723388672
Epoch 440, training loss: 5.41402530670166
Epoch 450, training loss: 5.429664134979248
Epoch 460, training loss: 5.347984313964844
Epoch 470, training loss: 5.348745346069336
Epoch 480, training loss: 5.344280242919922
Epoch 490, training loss: 5.344295024871826
random
Perturbation Size:0
Accuracy: 0.787
Perturbation Size:1
Accuracy: 0.784
Perturbation Size:2
Accuracy: 0.778
Perturbation Size:3
Accuracy: 0.773
Perturbation Size:4
Accuracy: 0.776
Perturbation Size:5
Accuracy: 0.76
Perturbation Size:6
Accuracy: 0.771
Perturbation Size:7
Accuracy: 0.762
Perturbation Size:8
Accuracy: 0.732
Perturbation Size:9
Accuracy: 0.748
Perturbation Size:10
Accuracy: 0.75
Perturbation Size:11
Accuracy: 0.725
Perturbation Size:12
Accuracy: 0.741
Perturbation Size:13
Accuracy: 0.72
Perturbation Size:14
Accuracy: 0.739
Perturbation Size:15
Accuracy: 0.708
Perturbation Size:16
Accuracy: 0.709
Perturbation Size:17
Accuracy: 0.67
Perturbation Size:18
Accuracy: 0.721
Perturbation Size:19
Accuracy: 0.691
Perturbation Size:20
Accuracy: 0.663
seed 320
=== training gcn model ===
Epoch 0, training loss: 8.59643840789795
Epoch 10, training loss: 8.574728965759277
Epoch 20, training loss: 8.486398696899414
Epoch 30, training loss: 8.373391151428223
Epoch 40, training loss: 8.003862380981445
Epoch 50, training loss: 7.730724811553955
Epoch 60, training loss: 7.3934102058410645
Epoch 70, training loss: 7.133999347686768
Epoch 80, training loss: 6.985135078430176
Epoch 90, training loss: 6.816721439361572
Epoch 100, training loss: 6.627270221710205
Epoch 110, training loss: 6.626777648925781
Epoch 120, training loss: 6.447925567626953
Epoch 130, training loss: 6.6585001945495605
Epoch 140, training loss: 6.291764736175537
Epoch 150, training loss: 6.307707786560059
Epoch 160, training loss: 6.178073406219482
Epoch 170, training loss: 6.212976455688477
Epoch 180, training loss: 6.1020708084106445
Epoch 190, training loss: 6.140466213226318
Epoch 200, training loss: 5.997665882110596
Epoch 210, training loss: 5.923921585083008
Epoch 220, training loss: 5.897583484649658
Epoch 230, training loss: 5.8126420974731445
Epoch 240, training loss: 5.840332508087158
Epoch 250, training loss: 5.914618015289307
Epoch 260, training loss: 5.802173137664795
Epoch 270, training loss: 5.7814106941223145
Epoch 280, training loss: 5.720594882965088
Epoch 290, training loss: 5.660624980926514
Epoch 300, training loss: 5.71100378036499
Epoch 310, training loss: 5.607919216156006
Epoch 320, training loss: 5.672819137573242
Epoch 330, training loss: 5.525571346282959
Epoch 340, training loss: 5.494732856750488
Epoch 350, training loss: 5.582058429718018
Epoch 360, training loss: 5.599304676055908
Epoch 370, training loss: 5.4700398445129395
Epoch 380, training loss: 5.392744064331055
Epoch 390, training loss: 5.505227565765381
Epoch 400, training loss: 5.50255823135376
Epoch 410, training loss: 5.533794403076172
Epoch 420, training loss: 5.355489730834961
Epoch 430, training loss: 5.3581743240356445
Epoch 440, training loss: 5.40164852142334
Epoch 450, training loss: 5.356986045837402
Epoch 460, training loss: 5.413094997406006
Epoch 470, training loss: 5.339793682098389
Epoch 480, training loss: 5.258680820465088
Epoch 490, training loss: 5.273360729217529
random
Perturbation Size:0
Accuracy: 0.769
Perturbation Size:1
Accuracy: 0.773
Perturbation Size:2
Accuracy: 0.77
Perturbation Size:3
Accuracy: 0.758
Perturbation Size:4
Accuracy: 0.754
Perturbation Size:5
Accuracy: 0.751
Perturbation Size:6
Accuracy: 0.748
Perturbation Size:7
Accuracy: 0.735
Perturbation Size:8
Accuracy: 0.729
Perturbation Size:9
Accuracy: 0.73
Perturbation Size:10
Accuracy: 0.703
Perturbation Size:11
Accuracy: 0.716
Perturbation Size:12
Accuracy: 0.71
Perturbation Size:13
Accuracy: 0.707
Perturbation Size:14
Accuracy: 0.702
Perturbation Size:15
Accuracy: 0.688
Perturbation Size:16
Accuracy: 0.691
Perturbation Size:17
Accuracy: 0.711
Perturbation Size:18
Accuracy: 0.684
Perturbation Size:19
Accuracy: 0.691
Perturbation Size:20
Accuracy: 0.65
Beta:0.7 Ptb size:0 Accuracy:0.7804+-0.013994284547628733
Beta:0.7 Ptb size:1 Accuracy:0.776+-0.0179220534537759
Beta:0.7 Ptb size:2 Accuracy:0.7698+-0.01365869686317111
Beta:0.7 Ptb size:3 Accuracy:0.764+-0.01573531061021677
Beta:0.7 Ptb size:4 Accuracy:0.7584000000000001+-0.019561186058110094
Beta:0.7 Ptb size:5 Accuracy:0.7510000000000001+-0.013069047402163645
Beta:0.7 Ptb size:6 Accuracy:0.7518+-0.016265300489077983
Beta:0.7 Ptb size:7 Accuracy:0.7424+-0.019241621553289127
Beta:0.7 Ptb size:8 Accuracy:0.7394000000000001+-0.020392155354449434
Beta:0.7 Ptb size:9 Accuracy:0.7276+-0.016847551750922167
Beta:0.7 Ptb size:10 Accuracy:0.7175999999999999+-0.020529003872570162
Beta:0.7 Ptb size:11 Accuracy:0.7132+-0.018059900331950873
Beta:0.7 Ptb size:12 Accuracy:0.7030000000000001+-0.022494443758403978
Beta:0.7 Ptb size:13 Accuracy:0.7103999999999999+-0.01881063528964397
Beta:0.7 Ptb size:14 Accuracy:0.7081999999999999+-0.02765067811103372
Beta:0.7 Ptb size:15 Accuracy:0.6946+-0.02585807417423036
Beta:0.7 Ptb size:16 Accuracy:0.6944+-0.016094719630984543
Beta:0.7 Ptb size:17 Accuracy:0.7047999999999999+-0.02442457778550122
Beta:0.7 Ptb size:18 Accuracy:0.6978000000000001+-0.012890306435457601
Beta:0.7 Ptb size:19 Accuracy:0.6838+-0.0069971422738143215
Beta:0.7 Ptb size:20 Accuracy:0.6722+-0.017428711943227454
beta 0.8
seed 265
=== training gcn model ===
Epoch 0, training loss: 8.596476554870605
Epoch 10, training loss: 8.581369400024414
Epoch 20, training loss: 8.458996772766113
Epoch 30, training loss: 8.28434944152832
Epoch 40, training loss: 7.840009689331055
Epoch 50, training loss: 7.329336643218994
Epoch 60, training loss: 7.06604528427124
Epoch 70, training loss: 7.096219539642334
Epoch 80, training loss: 6.817766189575195
Epoch 90, training loss: 6.643980979919434
Epoch 100, training loss: 6.89893913269043
Epoch 110, training loss: 6.52553129196167
Epoch 120, training loss: 6.364571571350098
Epoch 130, training loss: 6.43719482421875
Epoch 140, training loss: 6.44487190246582
Epoch 150, training loss: 6.359690189361572
Epoch 160, training loss: 6.2268147468566895
Epoch 170, training loss: 6.098869323730469
Epoch 180, training loss: 6.053772926330566
Epoch 190, training loss: 5.969336986541748
Epoch 200, training loss: 6.111746311187744
Epoch 210, training loss: 6.071274280548096
Epoch 220, training loss: 5.905520915985107
Epoch 230, training loss: 5.893390655517578
Epoch 240, training loss: 5.828917980194092
Epoch 250, training loss: 5.884108066558838
Epoch 260, training loss: 5.768583297729492
Epoch 270, training loss: 5.884904861450195
Epoch 280, training loss: 5.848557472229004
Epoch 290, training loss: 5.6973652839660645
Epoch 300, training loss: 5.630156993865967
Epoch 310, training loss: 5.677935600280762
Epoch 320, training loss: 5.616030693054199
Epoch 330, training loss: 5.634634017944336
Epoch 340, training loss: 5.619588375091553
Epoch 350, training loss: 5.547678470611572
Epoch 360, training loss: 5.547610759735107
Epoch 370, training loss: 5.5230393409729
Epoch 380, training loss: 5.583476543426514
Epoch 390, training loss: 5.465063571929932
Epoch 400, training loss: 5.4322123527526855
Epoch 410, training loss: 5.449361324310303
Epoch 420, training loss: 5.492639064788818
Epoch 430, training loss: 5.5320329666137695
Epoch 440, training loss: 5.3397345542907715
Epoch 450, training loss: 5.395115852355957
Epoch 460, training loss: 5.285435199737549
Epoch 470, training loss: 5.326592445373535
Epoch 480, training loss: 5.380289554595947
Epoch 490, training loss: 5.3018622398376465
random
Perturbation Size:0
Accuracy: 0.772
Perturbation Size:1
Accuracy: 0.766
Perturbation Size:2
Accuracy: 0.766
Perturbation Size:3
Accuracy: 0.739
Perturbation Size:4
Accuracy: 0.752
Perturbation Size:5
Accuracy: 0.748
Perturbation Size:6
Accuracy: 0.734
Perturbation Size:7
Accuracy: 0.729
Perturbation Size:8
Accuracy: 0.728
Perturbation Size:9
Accuracy: 0.718
Perturbation Size:10
Accuracy: 0.715
Perturbation Size:11
Accuracy: 0.695
Perturbation Size:12
Accuracy: 0.707
Perturbation Size:13
Accuracy: 0.698
Perturbation Size:14
Accuracy: 0.706
Perturbation Size:15
Accuracy: 0.698
Perturbation Size:16
Accuracy: 0.682
Perturbation Size:17
Accuracy: 0.676
Perturbation Size:18
Accuracy: 0.682
Perturbation Size:19
Accuracy: 0.679
Perturbation Size:20
Accuracy: 0.674
seed 125
=== training gcn model ===
Epoch 0, training loss: 8.596539497375488
Epoch 10, training loss: 8.581825256347656
Epoch 20, training loss: 8.486452102661133
Epoch 30, training loss: 8.389394760131836
Epoch 40, training loss: 8.139835357666016
Epoch 50, training loss: 7.921332359313965
Epoch 60, training loss: 7.631574630737305
Epoch 70, training loss: 7.272965431213379
Epoch 80, training loss: 7.101426601409912
Epoch 90, training loss: 7.114241123199463
Epoch 100, training loss: 6.982037544250488
Epoch 110, training loss: 6.692366123199463
Epoch 120, training loss: 6.703901767730713
Epoch 130, training loss: 6.664515495300293
Epoch 140, training loss: 6.528897285461426
Epoch 150, training loss: 6.452645301818848
Epoch 160, training loss: 6.432206153869629
Epoch 170, training loss: 6.301375389099121
Epoch 180, training loss: 6.26471471786499
Epoch 190, training loss: 6.19402551651001
Epoch 200, training loss: 6.045071125030518
Epoch 210, training loss: 6.0219807624816895
Epoch 220, training loss: 5.948467254638672
Epoch 230, training loss: 5.900810241699219
Epoch 240, training loss: 5.901641845703125
Epoch 250, training loss: 5.877078056335449
Epoch 260, training loss: 5.810554027557373
Epoch 270, training loss: 5.748752117156982
Epoch 280, training loss: 5.65281343460083
Epoch 290, training loss: 5.7326531410217285
Epoch 300, training loss: 5.6929097175598145
Epoch 310, training loss: 5.661698341369629
Epoch 320, training loss: 5.683943271636963
Epoch 330, training loss: 5.487797260284424
Epoch 340, training loss: 5.603545188903809
Epoch 350, training loss: 5.637744903564453
Epoch 360, training loss: 5.52536153793335
Epoch 370, training loss: 5.476433277130127
Epoch 380, training loss: 5.559220314025879
Epoch 390, training loss: 5.435173988342285
Epoch 400, training loss: 5.402462482452393
Epoch 410, training loss: 5.373775005340576
Epoch 420, training loss: 5.422510623931885
Epoch 430, training loss: 5.360276222229004
Epoch 440, training loss: 5.366510391235352
Epoch 450, training loss: 5.399159908294678
Epoch 460, training loss: 5.338925361633301
Epoch 470, training loss: 5.332168102264404
Epoch 480, training loss: 5.215264320373535
Epoch 490, training loss: 5.256580352783203
random
Perturbation Size:0
Accuracy: 0.732
Perturbation Size:1
Accuracy: 0.739
Perturbation Size:2
Accuracy: 0.722
Perturbation Size:3
Accuracy: 0.725
Perturbation Size:4
Accuracy: 0.71
Perturbation Size:5
Accuracy: 0.709
Perturbation Size:6
Accuracy: 0.708
Perturbation Size:7
Accuracy: 0.691
Perturbation Size:8
Accuracy: 0.707
Perturbation Size:9
Accuracy: 0.709
Perturbation Size:10
Accuracy: 0.691
Perturbation Size:11
Accuracy: 0.666
Perturbation Size:12
Accuracy: 0.679
Perturbation Size:13
Accuracy: 0.692
Perturbation Size:14
Accuracy: 0.683
Perturbation Size:15
Accuracy: 0.678
Perturbation Size:16
Accuracy: 0.707
Perturbation Size:17
Accuracy: 0.684
Perturbation Size:18
Accuracy: 0.694
Perturbation Size:19
Accuracy: 0.655
Perturbation Size:20
Accuracy: 0.664
seed 996
=== training gcn model ===
Epoch 0, training loss: 8.596565246582031
Epoch 10, training loss: 8.57654857635498
Epoch 20, training loss: 8.473201751708984
Epoch 30, training loss: 8.364399909973145
Epoch 40, training loss: 7.930466175079346
Epoch 50, training loss: 7.7558794021606445
Epoch 60, training loss: 7.559834957122803
Epoch 70, training loss: 7.089953422546387
Epoch 80, training loss: 7.237677574157715
Epoch 90, training loss: 6.9615092277526855
Epoch 100, training loss: 6.763335704803467
Epoch 110, training loss: 6.584033489227295
Epoch 120, training loss: 6.5504069328308105
Epoch 130, training loss: 6.363492488861084
Epoch 140, training loss: 6.381174564361572
Epoch 150, training loss: 6.174283981323242
Epoch 160, training loss: 6.252782344818115
Epoch 170, training loss: 6.13948392868042
Epoch 180, training loss: 6.122617721557617
Epoch 190, training loss: 5.997118949890137
Epoch 200, training loss: 6.021804332733154
Epoch 210, training loss: 5.868887901306152
Epoch 220, training loss: 5.736812591552734
Epoch 230, training loss: 5.801526069641113
Epoch 240, training loss: 5.772478103637695
Epoch 250, training loss: 5.739627838134766
Epoch 260, training loss: 5.701152324676514
Epoch 270, training loss: 5.661487579345703
Epoch 280, training loss: 5.704136848449707
Epoch 290, training loss: 5.569518566131592
Epoch 300, training loss: 5.576230049133301
Epoch 310, training loss: 5.519246578216553
Epoch 320, training loss: 5.611635208129883
Epoch 330, training loss: 5.5553717613220215
Epoch 340, training loss: 5.481237411499023
Epoch 350, training loss: 5.417141914367676
Epoch 360, training loss: 5.4845380783081055
Epoch 370, training loss: 5.552790641784668
Epoch 380, training loss: 5.373652458190918
Epoch 390, training loss: 5.365475177764893
Epoch 400, training loss: 5.340610504150391
Epoch 410, training loss: 5.377935409545898
Epoch 420, training loss: 5.33146858215332
Epoch 430, training loss: 5.302572250366211
Epoch 440, training loss: 5.2824249267578125
Epoch 450, training loss: 5.244172096252441
Epoch 460, training loss: 5.31154203414917
Epoch 470, training loss: 5.272686004638672
Epoch 480, training loss: 5.2436957359313965
Epoch 490, training loss: 5.310178279876709
random
Perturbation Size:0
Accuracy: 0.776
Perturbation Size:1
Accuracy: 0.78
Perturbation Size:2
Accuracy: 0.757
Perturbation Size:3
Accuracy: 0.74
Perturbation Size:4
Accuracy: 0.742
Perturbation Size:5
Accuracy: 0.743
Perturbation Size:6
Accuracy: 0.727
Perturbation Size:7
Accuracy: 0.711
Perturbation Size:8
Accuracy: 0.709
Perturbation Size:9
Accuracy: 0.693
Perturbation Size:10
Accuracy: 0.682
Perturbation Size:11
Accuracy: 0.692
Perturbation Size:12
Accuracy: 0.661
Perturbation Size:13
Accuracy: 0.666
Perturbation Size:14
Accuracy: 0.673
Perturbation Size:15
Accuracy: 0.661
Perturbation Size:16
Accuracy: 0.661
Perturbation Size:17
Accuracy: 0.642
Perturbation Size:18
Accuracy: 0.627
Perturbation Size:19
Accuracy: 0.674
Perturbation Size:20
Accuracy: 0.594
seed 527
=== training gcn model ===
Epoch 0, training loss: 8.59631061553955
Epoch 10, training loss: 8.573028564453125
Epoch 20, training loss: 8.478702545166016
Epoch 30, training loss: 8.343181610107422
Epoch 40, training loss: 7.956605434417725
Epoch 50, training loss: 7.630815029144287
Epoch 60, training loss: 7.302457809448242
Epoch 70, training loss: 7.217804908752441
Epoch 80, training loss: 6.9847846031188965
Epoch 90, training loss: 6.742500305175781
Epoch 100, training loss: 6.8092451095581055
Epoch 110, training loss: 6.671014308929443
Epoch 120, training loss: 6.497284889221191
Epoch 130, training loss: 6.587701320648193
Epoch 140, training loss: 6.375357627868652
Epoch 150, training loss: 6.358363628387451
Epoch 160, training loss: 6.186514854431152
Epoch 170, training loss: 6.198700904846191
Epoch 180, training loss: 6.134146690368652
Epoch 190, training loss: 6.038032531738281
Epoch 200, training loss: 6.060218811035156
Epoch 210, training loss: 5.87406587600708
Epoch 220, training loss: 5.869899749755859
Epoch 230, training loss: 5.9199652671813965
Epoch 240, training loss: 5.980016231536865
Epoch 250, training loss: 5.864767074584961
Epoch 260, training loss: 5.752026557922363
Epoch 270, training loss: 5.7432708740234375
Epoch 280, training loss: 5.701807022094727
Epoch 290, training loss: 5.657453536987305
Epoch 300, training loss: 5.5437517166137695
Epoch 310, training loss: 5.594693183898926
Epoch 320, training loss: 5.553071975708008
Epoch 330, training loss: 5.565073490142822
Epoch 340, training loss: 5.580153942108154
Epoch 350, training loss: 5.523585319519043
Epoch 360, training loss: 5.527110576629639
Epoch 370, training loss: 5.556988716125488
Epoch 380, training loss: 5.4114556312561035
Epoch 390, training loss: 5.4115071296691895
Epoch 400, training loss: 5.431777000427246
Epoch 410, training loss: 5.433328151702881
Epoch 420, training loss: 5.3638458251953125
Epoch 430, training loss: 5.405883312225342
Epoch 440, training loss: 5.3275837898254395
Epoch 450, training loss: 5.353032112121582
Epoch 460, training loss: 5.279129505157471
Epoch 470, training loss: 5.29705286026001
Epoch 480, training loss: 5.271176338195801
Epoch 490, training loss: 5.289995193481445
random
Perturbation Size:0
Accuracy: 0.784
Perturbation Size:1
Accuracy: 0.778
Perturbation Size:2
Accuracy: 0.767
Perturbation Size:3
Accuracy: 0.757
Perturbation Size:4
Accuracy: 0.768
Perturbation Size:5
Accuracy: 0.746
Perturbation Size:6
Accuracy: 0.751
Perturbation Size:7
Accuracy: 0.754
Perturbation Size:8
Accuracy: 0.726
Perturbation Size:9
Accuracy: 0.74
Perturbation Size:10
Accuracy: 0.727
Perturbation Size:11
Accuracy: 0.728
Perturbation Size:12
Accuracy: 0.717
Perturbation Size:13
Accuracy: 0.703
Perturbation Size:14
Accuracy: 0.708
Perturbation Size:15
Accuracy: 0.682
Perturbation Size:16
Accuracy: 0.687
Perturbation Size:17
Accuracy: 0.654
Perturbation Size:18
Accuracy: 0.688
Perturbation Size:19
Accuracy: 0.658
Perturbation Size:20
Accuracy: 0.673
seed 320
=== training gcn model ===
Epoch 0, training loss: 8.596441268920898
Epoch 10, training loss: 8.572811126708984
Epoch 20, training loss: 8.47116756439209
Epoch 30, training loss: 8.353803634643555
Epoch 40, training loss: 8.036545753479004
Epoch 50, training loss: 7.704226016998291
Epoch 60, training loss: 7.367612361907959
Epoch 70, training loss: 7.088836669921875
Epoch 80, training loss: 6.938505172729492
Epoch 90, training loss: 6.7471604347229
Epoch 100, training loss: 6.575994491577148
Epoch 110, training loss: 6.548745632171631
Epoch 120, training loss: 6.38461971282959
Epoch 130, training loss: 6.609862327575684
Epoch 140, training loss: 6.243835926055908
Epoch 150, training loss: 6.228271007537842
Epoch 160, training loss: 6.103222846984863
Epoch 170, training loss: 6.131196022033691
Epoch 180, training loss: 6.049010276794434
Epoch 190, training loss: 6.08936882019043
Epoch 200, training loss: 5.951624870300293
Epoch 210, training loss: 5.868989944458008
Epoch 220, training loss: 5.837997913360596
Epoch 230, training loss: 5.752068996429443
Epoch 240, training loss: 5.77736234664917
Epoch 250, training loss: 5.818756103515625
Epoch 260, training loss: 5.751848220825195
Epoch 270, training loss: 5.739112854003906
Epoch 280, training loss: 5.640796661376953
Epoch 290, training loss: 5.588015079498291
Epoch 300, training loss: 5.647098064422607
Epoch 310, training loss: 5.533477306365967
Epoch 320, training loss: 5.599465847015381
Epoch 330, training loss: 5.468380451202393
Epoch 340, training loss: 5.461624622344971
Epoch 350, training loss: 5.524783134460449
Epoch 360, training loss: 5.520320415496826
Epoch 370, training loss: 5.403501033782959
Epoch 380, training loss: 5.3519158363342285
Epoch 390, training loss: 5.4728875160217285
Epoch 400, training loss: 5.414884090423584
Epoch 410, training loss: 5.488630771636963
Epoch 420, training loss: 5.322089672088623
Epoch 430, training loss: 5.299606800079346
Epoch 440, training loss: 5.343596458435059
Epoch 450, training loss: 5.31224250793457
Epoch 460, training loss: 5.351977348327637
Epoch 470, training loss: 5.301729679107666
Epoch 480, training loss: 5.190896034240723
Epoch 490, training loss: 5.237975120544434
random
Perturbation Size:0
Accuracy: 0.773
Perturbation Size:1
Accuracy: 0.774
Perturbation Size:2
Accuracy: 0.77
Perturbation Size:3
Accuracy: 0.76
Perturbation Size:4
Accuracy: 0.759
Perturbation Size:5
Accuracy: 0.741
Perturbation Size:6
Accuracy: 0.753
Perturbation Size:7
Accuracy: 0.735
Perturbation Size:8
Accuracy: 0.726
Perturbation Size:9
Accuracy: 0.732
Perturbation Size:10
Accuracy: 0.706
Perturbation Size:11
Accuracy: 0.717
Perturbation Size:12
Accuracy: 0.706
Perturbation Size:13
Accuracy: 0.714
Perturbation Size:14
Accuracy: 0.695
Perturbation Size:15
Accuracy: 0.708
Perturbation Size:16
Accuracy: 0.708
Perturbation Size:17
Accuracy: 0.723
Perturbation Size:18
Accuracy: 0.696
Perturbation Size:19
Accuracy: 0.698
Perturbation Size:20
Accuracy: 0.674
Beta:0.8 Ptb size:0 Accuracy:0.7674000000000001+-0.01819450466487067
Beta:0.8 Ptb size:1 Accuracy:0.7674000000000001+-0.014987995196156168
Beta:0.8 Ptb size:2 Accuracy:0.7564+-0.017738094598913394
Beta:0.8 Ptb size:3 Accuracy:0.7442+-0.012859237924542818
Beta:0.8 Ptb size:4 Accuracy:0.7461999999999999+-0.020003999600079998
Beta:0.8 Ptb size:5 Accuracy:0.7373999999999999+-0.01440277750991108
Beta:0.8 Ptb size:6 Accuracy:0.7346+-0.016572265988693293
Beta:0.8 Ptb size:7 Accuracy:0.724+-0.021466252583998
Beta:0.8 Ptb size:8 Accuracy:0.7192000000000001+-0.009195651146058128
Beta:0.8 Ptb size:9 Accuracy:0.7184000000000001+-0.01664451861725056
Beta:0.8 Ptb size:10 Accuracy:0.7041999999999999+-0.01616663230236896
Beta:0.8 Ptb size:11 Accuracy:0.6996+-0.02152765663048348
Beta:0.8 Ptb size:12 Accuracy:0.6940000000000001+-0.020765355763867822
Beta:0.8 Ptb size:13 Accuracy:0.6946+-0.016019987515600603
Beta:0.8 Ptb size:14 Accuracy:0.6930000000000001+-0.013401492454200727
Beta:0.8 Ptb size:15 Accuracy:0.6853999999999999+-0.01631686244349688
Beta:0.8 Ptb size:16 Accuracy:0.6890000000000001+-0.017447062790051482
Beta:0.8 Ptb size:17 Accuracy:0.6758+-0.027974273895849368
Beta:0.8 Ptb size:18 Accuracy:0.6773999999999999+-0.025671774383552046
Beta:0.8 Ptb size:19 Accuracy:0.6728+-0.015561490931141507
Beta:0.8 Ptb size:20 Accuracy:0.6557999999999999+-0.031128122333349977
beta 0.9
seed 265
=== training gcn model ===
Epoch 0, training loss: 8.5964994430542
Epoch 10, training loss: 8.580233573913574
Epoch 20, training loss: 8.44560718536377
Epoch 30, training loss: 8.283729553222656
Epoch 40, training loss: 7.795527458190918
Epoch 50, training loss: 7.299254894256592
Epoch 60, training loss: 7.027665138244629
Epoch 70, training loss: 7.093446731567383
Epoch 80, training loss: 6.745330333709717
Epoch 90, training loss: 6.606381893157959
Epoch 100, training loss: 6.877039432525635
Epoch 110, training loss: 6.472200870513916
Epoch 120, training loss: 6.303128719329834
Epoch 130, training loss: 6.361303329467773
Epoch 140, training loss: 6.360837459564209
Epoch 150, training loss: 6.310030937194824
Epoch 160, training loss: 6.139887809753418
Epoch 170, training loss: 6.048949718475342
Epoch 180, training loss: 5.9988322257995605
Epoch 190, training loss: 5.911797046661377
Epoch 200, training loss: 6.056746482849121
Epoch 210, training loss: 6.016000747680664
Epoch 220, training loss: 5.821801662445068
Epoch 230, training loss: 5.838045597076416
Epoch 240, training loss: 5.768919467926025
Epoch 250, training loss: 5.844508647918701
Epoch 260, training loss: 5.71954345703125
Epoch 270, training loss: 5.8140153884887695
Epoch 280, training loss: 5.787896633148193
Epoch 290, training loss: 5.631917953491211
Epoch 300, training loss: 5.576241970062256
Epoch 310, training loss: 5.605862617492676
Epoch 320, training loss: 5.553323745727539
Epoch 330, training loss: 5.570743083953857
Epoch 340, training loss: 5.549351692199707
Epoch 350, training loss: 5.469408988952637
Epoch 360, training loss: 5.505184173583984
Epoch 370, training loss: 5.478165149688721
Epoch 380, training loss: 5.5239129066467285
Epoch 390, training loss: 5.403787612915039
Epoch 400, training loss: 5.355011940002441
Epoch 410, training loss: 5.398193836212158
Epoch 420, training loss: 5.428110122680664
Epoch 430, training loss: 5.456440448760986
Epoch 440, training loss: 5.285650253295898
Epoch 450, training loss: 5.360039710998535
Epoch 460, training loss: 5.229393482208252
Epoch 470, training loss: 5.2720136642456055
Epoch 480, training loss: 5.309382915496826
Epoch 490, training loss: 5.247720241546631
random
Perturbation Size:0
Accuracy: 0.781
Perturbation Size:1
Accuracy: 0.772
Perturbation Size:2
Accuracy: 0.765
Perturbation Size:3
Accuracy: 0.774
Perturbation Size:4
Accuracy: 0.772
Perturbation Size:5
Accuracy: 0.765
Perturbation Size:6
Accuracy: 0.757
Perturbation Size:7
Accuracy: 0.755
Perturbation Size:8
Accuracy: 0.75
Perturbation Size:9
Accuracy: 0.74
Perturbation Size:10
Accuracy: 0.72
Perturbation Size:11
Accuracy: 0.715
Perturbation Size:12
Accuracy: 0.71
Perturbation Size:13
Accuracy: 0.727
Perturbation Size:14
Accuracy: 0.718
Perturbation Size:15
Accuracy: 0.703
Perturbation Size:16
Accuracy: 0.666
Perturbation Size:17
Accuracy: 0.702
Perturbation Size:18
Accuracy: 0.686
Perturbation Size:19
Accuracy: 0.668
Perturbation Size:20
Accuracy: 0.693
seed 125
=== training gcn model ===
Epoch 0, training loss: 8.59655475616455
Epoch 10, training loss: 8.580765724182129
Epoch 20, training loss: 8.47636890411377
Epoch 30, training loss: 8.38521957397461
Epoch 40, training loss: 8.135565757751465
Epoch 50, training loss: 7.923048973083496
Epoch 60, training loss: 7.61794900894165
Epoch 70, training loss: 7.244781017303467
Epoch 80, training loss: 7.099532127380371
Epoch 90, training loss: 7.105968475341797
Epoch 100, training loss: 6.94828987121582
Epoch 110, training loss: 6.6675028800964355
Epoch 120, training loss: 6.669370651245117
Epoch 130, training loss: 6.620891571044922
Epoch 140, training loss: 6.475531101226807
Epoch 150, training loss: 6.400337219238281
Epoch 160, training loss: 6.401356220245361
Epoch 170, training loss: 6.257496356964111
Epoch 180, training loss: 6.232798099517822
Epoch 190, training loss: 6.128113269805908
Epoch 200, training loss: 5.98095703125
Epoch 210, training loss: 6.006609916687012
Epoch 220, training loss: 5.907092094421387
Epoch 230, training loss: 5.900306224822998
Epoch 240, training loss: 5.865575313568115
Epoch 250, training loss: 5.829594135284424
Epoch 260, training loss: 5.790927410125732
Epoch 270, training loss: 5.745891094207764
Epoch 280, training loss: 5.632347106933594
Epoch 290, training loss: 5.699715614318848
Epoch 300, training loss: 5.657120704650879
Epoch 310, training loss: 5.631690979003906
Epoch 320, training loss: 5.669979572296143
Epoch 330, training loss: 5.487549781799316
Epoch 340, training loss: 5.561052322387695
Epoch 350, training loss: 5.5982985496521
Epoch 360, training loss: 5.499853610992432
Epoch 370, training loss: 5.452798843383789
Epoch 380, training loss: 5.534453868865967
Epoch 390, training loss: 5.402562618255615
Epoch 400, training loss: 5.358337879180908
Epoch 410, training loss: 5.353425979614258
Epoch 420, training loss: 5.3815813064575195
Epoch 430, training loss: 5.3292694091796875
Epoch 440, training loss: 5.358999729156494
Epoch 450, training loss: 5.370349884033203
Epoch 460, training loss: 5.310429573059082
Epoch 470, training loss: 5.304758071899414
Epoch 480, training loss: 5.185755729675293
Epoch 490, training loss: 5.2246527671813965
random
Perturbation Size:0
Accuracy: 0.743
Perturbation Size:1
Accuracy: 0.747
Perturbation Size:2
Accuracy: 0.737
Perturbation Size:3
Accuracy: 0.727
Perturbation Size:4
Accuracy: 0.734
Perturbation Size:5
Accuracy: 0.716
Perturbation Size:6
Accuracy: 0.702
Perturbation Size:7
Accuracy: 0.707
Perturbation Size:8
Accuracy: 0.676
Perturbation Size:9
Accuracy: 0.68
Perturbation Size:10
Accuracy: 0.681
Perturbation Size:11
Accuracy: 0.669
Perturbation Size:12
Accuracy: 0.669
Perturbation Size:13
Accuracy: 0.657
Perturbation Size:14
Accuracy: 0.653
Perturbation Size:15
Accuracy: 0.656
Perturbation Size:16
Accuracy: 0.671
Perturbation Size:17
Accuracy: 0.66
Perturbation Size:18
Accuracy: 0.661
Perturbation Size:19
Accuracy: 0.638
Perturbation Size:20
Accuracy: 0.637
seed 996
=== training gcn model ===
Epoch 0, training loss: 8.596578598022461
Epoch 10, training loss: 8.575614929199219
Epoch 20, training loss: 8.463232040405273
Epoch 30, training loss: 8.337040901184082
Epoch 40, training loss: 7.915649890899658
Epoch 50, training loss: 7.771574974060059
Epoch 60, training loss: 7.5504045486450195
Epoch 70, training loss: 7.08289098739624
Epoch 80, training loss: 7.235212326049805
Epoch 90, training loss: 6.936215877532959
Epoch 100, training loss: 6.767921447753906
Epoch 110, training loss: 6.570732116699219
Epoch 120, training loss: 6.555110931396484
Epoch 130, training loss: 6.332337856292725
Epoch 140, training loss: 6.337217807769775
Epoch 150, training loss: 6.132256984710693
Epoch 160, training loss: 6.211622714996338
Epoch 170, training loss: 6.11260461807251
Epoch 180, training loss: 6.061422824859619
Epoch 190, training loss: 5.976356029510498
Epoch 200, training loss: 5.972579479217529
Epoch 210, training loss: 5.834592342376709
Epoch 220, training loss: 5.685719013214111
Epoch 230, training loss: 5.745287895202637
Epoch 240, training loss: 5.718435287475586
Epoch 250, training loss: 5.696579933166504
Epoch 260, training loss: 5.650740146636963
Epoch 270, training loss: 5.603593349456787
Epoch 280, training loss: 5.664862155914307
Epoch 290, training loss: 5.530033111572266
Epoch 300, training loss: 5.518116474151611
Epoch 310, training loss: 5.476970672607422
Epoch 320, training loss: 5.536199569702148
Epoch 330, training loss: 5.494431972503662
Epoch 340, training loss: 5.4576005935668945
Epoch 350, training loss: 5.377988815307617
Epoch 360, training loss: 5.4316086769104
Epoch 370, training loss: 5.512758731842041
Epoch 380, training loss: 5.3308539390563965
Epoch 390, training loss: 5.334050178527832
Epoch 400, training loss: 5.2862677574157715
Epoch 410, training loss: 5.323902130126953
Epoch 420, training loss: 5.29128360748291
Epoch 430, training loss: 5.258031845092773
Epoch 440, training loss: 5.24777364730835
Epoch 450, training loss: 5.213114261627197
Epoch 460, training loss: 5.268152713775635
Epoch 470, training loss: 5.239278793334961
Epoch 480, training loss: 5.2047648429870605
Epoch 490, training loss: 5.250115394592285
random
Perturbation Size:0
Accuracy: 0.792
Perturbation Size:1
Accuracy: 0.793
Perturbation Size:2
Accuracy: 0.787
Perturbation Size:3
Accuracy: 0.779
Perturbation Size:4
Accuracy: 0.779
Perturbation Size:5
Accuracy: 0.753
Perturbation Size:6
Accuracy: 0.758
Perturbation Size:7
Accuracy: 0.75
Perturbation Size:8
Accuracy: 0.745
Perturbation Size:9
Accuracy: 0.74
Perturbation Size:10
Accuracy: 0.732
Perturbation Size:11
Accuracy: 0.727
Perturbation Size:12
Accuracy: 0.712
Perturbation Size:13
Accuracy: 0.703
Perturbation Size:14
Accuracy: 0.699
Perturbation Size:15
Accuracy: 0.711
Perturbation Size:16
Accuracy: 0.682
Perturbation Size:17
Accuracy: 0.692
Perturbation Size:18
Accuracy: 0.675
Perturbation Size:19
Accuracy: 0.683
Perturbation Size:20
Accuracy: 0.665
seed 527
=== training gcn model ===
Epoch 0, training loss: 8.596338272094727
Epoch 10, training loss: 8.57187557220459
Epoch 20, training loss: 8.468092918395996
Epoch 30, training loss: 8.324976921081543
Epoch 40, training loss: 7.90592622756958
Epoch 50, training loss: 7.622697830200195
Epoch 60, training loss: 7.3121747970581055
Epoch 70, training loss: 7.184412002563477
Epoch 80, training loss: 6.9498748779296875
Epoch 90, training loss: 6.711909770965576
Epoch 100, training loss: 6.774727821350098
Epoch 110, training loss: 6.655380725860596
Epoch 120, training loss: 6.470082759857178
Epoch 130, training loss: 6.561656951904297
Epoch 140, training loss: 6.31524658203125
Epoch 150, training loss: 6.286702632904053
Epoch 160, training loss: 6.1319990158081055
Epoch 170, training loss: 6.141194820404053
Epoch 180, training loss: 6.0948615074157715
Epoch 190, training loss: 5.981088161468506
Epoch 200, training loss: 6.003838539123535
Epoch 210, training loss: 5.846215724945068
Epoch 220, training loss: 5.862544536590576
Epoch 230, training loss: 5.83048677444458
Epoch 240, training loss: 5.918755531311035
Epoch 250, training loss: 5.822354793548584
Epoch 260, training loss: 5.691502571105957
Epoch 270, training loss: 5.698612213134766
Epoch 280, training loss: 5.651679515838623
Epoch 290, training loss: 5.595679759979248
Epoch 300, training loss: 5.498489856719971
Epoch 310, training loss: 5.5272417068481445
Epoch 320, training loss: 5.516626834869385
Epoch 330, training loss: 5.495411396026611
Epoch 340, training loss: 5.525379180908203
Epoch 350, training loss: 5.481287002563477
Epoch 360, training loss: 5.452596187591553
Epoch 370, training loss: 5.491971969604492
Epoch 380, training loss: 5.343990802764893
Epoch 390, training loss: 5.36629581451416
Epoch 400, training loss: 5.362524032592773
Epoch 410, training loss: 5.368645191192627
Epoch 420, training loss: 5.2809367179870605
Epoch 430, training loss: 5.357367992401123
Epoch 440, training loss: 5.272121429443359
Epoch 450, training loss: 5.273332595825195
Epoch 460, training loss: 5.214818477630615
Epoch 470, training loss: 5.223880290985107
Epoch 480, training loss: 5.209074974060059
Epoch 490, training loss: 5.231597423553467
random
Perturbation Size:0
Accuracy: 0.792
Perturbation Size:1
Accuracy: 0.791
Perturbation Size:2
Accuracy: 0.785
Perturbation Size:3
Accuracy: 0.781
Perturbation Size:4
Accuracy: 0.758
Perturbation Size:5
Accuracy: 0.75
Perturbation Size:6
Accuracy: 0.752
Perturbation Size:7
Accuracy: 0.74
Perturbation Size:8
Accuracy: 0.722
Perturbation Size:9
Accuracy: 0.723
Perturbation Size:10
Accuracy: 0.711
Perturbation Size:11
Accuracy: 0.715
Perturbation Size:12
Accuracy: 0.706
Perturbation Size:13
Accuracy: 0.695
Perturbation Size:14
Accuracy: 0.682
Perturbation Size:15
Accuracy: 0.683
Perturbation Size:16
Accuracy: 0.629
Perturbation Size:17
Accuracy: 0.623
Perturbation Size:18
Accuracy: 0.647
Perturbation Size:19
Accuracy: 0.646
Perturbation Size:20
Accuracy: 0.656
seed 320
=== training gcn model ===
Epoch 0, training loss: 8.596458435058594
Epoch 10, training loss: 8.571883201599121
Epoch 20, training loss: 8.45712947845459
Epoch 30, training loss: 8.346457481384277
Epoch 40, training loss: 8.053910255432129
Epoch 50, training loss: 7.683925151824951
Epoch 60, training loss: 7.3057098388671875
Epoch 70, training loss: 7.076596736907959
Epoch 80, training loss: 6.895468711853027
Epoch 90, training loss: 6.730825424194336
Epoch 100, training loss: 6.552124977111816
Epoch 110, training loss: 6.491843223571777
Epoch 120, training loss: 6.336802959442139
Epoch 130, training loss: 6.580583095550537
Epoch 140, training loss: 6.201085090637207
Epoch 150, training loss: 6.176431655883789
Epoch 160, training loss: 6.042816638946533
Epoch 170, training loss: 6.0848307609558105
Epoch 180, training loss: 5.975707054138184
Epoch 190, training loss: 6.052502155303955
Epoch 200, training loss: 5.916746616363525
Epoch 210, training loss: 5.850344181060791
Epoch 220, training loss: 5.798603534698486
Epoch 230, training loss: 5.734657287597656
Epoch 240, training loss: 5.755105018615723
Epoch 250, training loss: 5.762199878692627
Epoch 260, training loss: 5.724203109741211
Epoch 270, training loss: 5.6905293464660645
Epoch 280, training loss: 5.5886006355285645
Epoch 290, training loss: 5.5769267082214355
Epoch 300, training loss: 5.602028846740723
Epoch 310, training loss: 5.504890441894531
Epoch 320, training loss: 5.563985824584961
Epoch 330, training loss: 5.422886848449707
Epoch 340, training loss: 5.4196648597717285
Epoch 350, training loss: 5.506451606750488
Epoch 360, training loss: 5.52587366104126
Epoch 370, training loss: 5.388467788696289
Epoch 380, training loss: 5.318703651428223
Epoch 390, training loss: 5.456295967102051
Epoch 400, training loss: 5.385060787200928
Epoch 410, training loss: 5.463774681091309
Epoch 420, training loss: 5.315180778503418
Epoch 430, training loss: 5.2972917556762695
Epoch 440, training loss: 5.319964408874512
Epoch 450, training loss: 5.314009189605713
Epoch 460, training loss: 5.32521390914917
Epoch 470, training loss: 5.273324012756348
Epoch 480, training loss: 5.186161994934082
Epoch 490, training loss: 5.237350940704346
random
Perturbation Size:0
Accuracy: 0.759
Perturbation Size:1
Accuracy: 0.764
Perturbation Size:2
Accuracy: 0.75
Perturbation Size:3
Accuracy: 0.751
Perturbation Size:4
Accuracy: 0.744
Perturbation Size:5
Accuracy: 0.741
Perturbation Size:6
Accuracy: 0.73
Perturbation Size:7
Accuracy: 0.721
Perturbation Size:8
Accuracy: 0.723
Perturbation Size:9
Accuracy: 0.714
Perturbation Size:10
Accuracy: 0.701
Perturbation Size:11
Accuracy: 0.694
Perturbation Size:12
Accuracy: 0.68
Perturbation Size:13
Accuracy: 0.661
Perturbation Size:14
Accuracy: 0.667
Perturbation Size:15
Accuracy: 0.67
Perturbation Size:16
Accuracy: 0.666
Perturbation Size:17
Accuracy: 0.665
Perturbation Size:18
Accuracy: 0.664
Perturbation Size:19
Accuracy: 0.663
Perturbation Size:20
Accuracy: 0.628
Beta:0.9 Ptb size:0 Accuracy:0.7733999999999999+-0.019396906969926946
Beta:0.9 Ptb size:1 Accuracy:0.7734+-0.017211623979160144
Beta:0.9 Ptb size:2 Accuracy:0.7648+-0.019456618411224515
Beta:0.9 Ptb size:3 Accuracy:0.7624+-0.020684293558156652
Beta:0.9 Ptb size:4 Accuracy:0.7574+-0.01677617358040863
Beta:0.9 Ptb size:5 Accuracy:0.745+-0.01640731544159496
Beta:0.9 Ptb size:6 Accuracy:0.7398+-0.021451340284467095
Beta:0.9 Ptb size:7 Accuracy:0.7346+-0.01805103875127414
Beta:0.9 Ptb size:8 Accuracy:0.7232000000000001+-0.026164097538420836
Beta:0.9 Ptb size:9 Accuracy:0.7194+-0.02210520300743694
Beta:0.9 Ptb size:10 Accuracy:0.709+-0.017332051234634615
Beta:0.9 Ptb size:11 Accuracy:0.704+-0.020474374227311545
Beta:0.9 Ptb size:12 Accuracy:0.6954+-0.01752255689104757
Beta:0.9 Ptb size:13 Accuracy:0.6885999999999999+-0.026393938698117767
Beta:0.9 Ptb size:14 Accuracy:0.6838+-0.022955609336282032
Beta:0.9 Ptb size:15 Accuracy:0.6846+-0.020343057783922227
Beta:0.9 Ptb size:16 Accuracy:0.6628000000000001+-0.017881834357805704
Beta:0.9 Ptb size:17 Accuracy:0.6684000000000001+-0.027673814337745326
Beta:0.9 Ptb size:18 Accuracy:0.6666000000000001+-0.01318483977907962
Beta:0.9 Ptb size:19 Accuracy:0.6596+-0.016007498243011006
Beta:0.9 Ptb size:20 Accuracy:0.6558+-0.022780693580310485
