nohup: ignoring input
Namespace(add_edge_rate_1=0, add_edge_rate_2=0, attack='random', base_model='GCN', cl_activation='relu', cl_base_model='GCNConv', cl_lr=0.0005, cl_num_epochs=200, cl_num_layers=2, cl_num_proj_hidden=128, cl_weight_decay=1e-05, clf_weight=1, config='config.yaml', cont_batch_size=0, cont_weight=1, cuda=True, dataset='Cora', debug=True, device_id=0, drop_edge_rate_1=0.2, drop_edge_rate_2=0, drop_feat_rate_1=0.3, drop_feat_rate_2=0.2, dropout=0.5, encoder_model='Grace', hidden=128, if_smoothed=True, inv_weight=1, no_cuda=False, noisy_level=0.3, num_hidden=128, num_proj_hidden=128, prob=0.8, seed=10, select_target_ratio=0.1, tau=0.1, test_model='GCN', train_lr=0.01, weight_decay=0.0005)
Not implement Grace
=== training gcn model ===
Epoch 0, training loss: 8.598710060119629
Epoch 10, training loss: 8.59688949584961
Epoch 20, training loss: 8.594133377075195
Epoch 30, training loss: 8.523758888244629
Epoch 40, training loss: 8.263668060302734
Epoch 50, training loss: 8.14791488647461
Epoch 60, training loss: 7.9916205406188965
Epoch 70, training loss: 7.805299758911133
Epoch 80, training loss: 7.621154308319092
Epoch 90, training loss: 7.404098987579346
Epoch 100, training loss: 7.2426862716674805
Epoch 110, training loss: 7.081270217895508
Epoch 120, training loss: 7.137656211853027
Epoch 130, training loss: 7.004714488983154
Epoch 140, training loss: 6.773313522338867
Epoch 150, training loss: 6.731594562530518
Epoch 160, training loss: 6.772659778594971
Epoch 170, training loss: 6.706640243530273
Epoch 180, training loss: 6.666816234588623
Epoch 190, training loss: 6.548311710357666
Epoch 200, training loss: 6.583261489868164
Epoch 210, training loss: 6.3616042137146
Epoch 220, training loss: 6.374969005584717
Epoch 230, training loss: 6.348137855529785
Epoch 240, training loss: 6.256520748138428
Epoch 250, training loss: 6.337491512298584
Epoch 260, training loss: 6.235596656799316
Epoch 270, training loss: 6.245300769805908
Epoch 280, training loss: 6.225732803344727
Epoch 290, training loss: 6.135209560394287
Epoch 300, training loss: 6.125793933868408
Epoch 310, training loss: 6.0035858154296875
Epoch 320, training loss: 6.033798694610596
Epoch 330, training loss: 6.090058326721191
Epoch 340, training loss: 6.127805709838867
Epoch 350, training loss: 5.984915256500244
Epoch 360, training loss: 6.006126403808594
Epoch 370, training loss: 5.938317775726318
Epoch 380, training loss: 5.905005931854248
Epoch 390, training loss: 5.894398212432861
Epoch 400, training loss: 5.86914587020874
Epoch 410, training loss: 5.913421154022217
Epoch 420, training loss: 5.942677021026611
Epoch 430, training loss: 5.829339504241943
Epoch 440, training loss: 5.832525253295898
Epoch 450, training loss: 5.803110599517822
Epoch 460, training loss: 5.850871562957764
Epoch 470, training loss: 5.737330436706543
Epoch 480, training loss: 5.696888446807861
Epoch 490, training loss: 5.731627464294434
random
Perturbation Size:1
1
run_robust_acc.py:14: DeprecationWarning: the imp module is deprecated in favour of importlib; see the module's documentation for alternative uses
  import imp
Accuracy: 0.76
Perturbation Size:2
2
Accuracy: 0.765
Perturbation Size:3
3
Accuracy: 0.784
Perturbation Size:4
4
Accuracy: 0.774
Perturbation Size:5
5
Accuracy: 0.766
