nohup: ignoring input
run_robust_acc.py:14: DeprecationWarning: the imp module is deprecated in favour of importlib; see the module's documentation for alternative uses
  import imp
Namespace(add_edge_rate_1=0, add_edge_rate_2=0, attack='random', base_model='GCN', cl_activation='relu', cl_base_model='GCNConv', cl_lr=0.0005, cl_num_epochs=200, cl_num_layers=2, cl_num_proj_hidden=128, cl_weight_decay=1e-05, clf_weight=1, config='config.yaml', cont_batch_size=0, cont_weight=1, cuda=True, dataset='Cora', debug=True, device_id=1, drop_edge_rate_1=0.2, drop_edge_rate_2=0, drop_feat_rate_1=0.3, drop_feat_rate_2=0.2, dropout=0.5, encoder_model='Grace', hidden=128, if_smoothed=True, inv_weight=1, no_cuda=False, noisy_level=0.3, num_hidden=128, num_proj_hidden=128, num_repeat=5, prob=0.8, seed=10, select_target_ratio=0.1, tau=0.1, test_model='GCN', train_lr=0.01, weight_decay=0.0005)
beta 0.5
seed 265
=== training gcn model ===
Epoch 0, training loss: 8.598699569702148
Epoch 10, training loss: 8.596657752990723
Epoch 20, training loss: 8.59450626373291
Epoch 30, training loss: 8.574137687683105
Epoch 40, training loss: 8.303815841674805
Epoch 50, training loss: 7.946241855621338
Epoch 60, training loss: 7.611016273498535
Epoch 70, training loss: 7.482673645019531
Epoch 80, training loss: 7.357011318206787
Epoch 90, training loss: 7.190262794494629
Epoch 100, training loss: 7.453792572021484
Epoch 110, training loss: 7.107907295227051
Epoch 120, training loss: 6.954502582550049
Epoch 130, training loss: 6.997712135314941
Epoch 140, training loss: 6.986700057983398
Epoch 150, training loss: 6.954155445098877
Epoch 160, training loss: 6.8663249015808105
Epoch 170, training loss: 6.707139492034912
Epoch 180, training loss: 6.57802677154541
Epoch 190, training loss: 6.55340051651001
Epoch 200, training loss: 6.5362958908081055
Epoch 210, training loss: 6.544415473937988
Epoch 220, training loss: 6.485396385192871
Epoch 230, training loss: 6.484369277954102
Epoch 240, training loss: 6.37751579284668
Epoch 250, training loss: 6.4572577476501465
Epoch 260, training loss: 6.323353290557861
Epoch 270, training loss: 6.3903045654296875
Epoch 280, training loss: 6.38608455657959
Epoch 290, training loss: 6.28708553314209
Epoch 300, training loss: 6.186288356781006
Epoch 310, training loss: 6.234939098358154
Epoch 320, training loss: 6.137833118438721
Epoch 330, training loss: 6.1821417808532715
Epoch 340, training loss: 6.174190044403076
Epoch 350, training loss: 6.102287769317627
Epoch 360, training loss: 6.1032586097717285
Epoch 370, training loss: 6.085369110107422
Epoch 380, training loss: 6.174694061279297
Epoch 390, training loss: 5.963469505310059
Epoch 400, training loss: 6.008972644805908
Epoch 410, training loss: 5.998166561126709
Epoch 420, training loss: 6.023402214050293
Epoch 430, training loss: 6.025085926055908
Epoch 440, training loss: 5.812351226806641
Epoch 450, training loss: 5.870713233947754
Epoch 460, training loss: 5.855551719665527
Epoch 470, training loss: 5.809017658233643
Epoch 480, training loss: 5.849416255950928
Epoch 490, training loss: 5.826726913452148
random
Perturbation Size:0
Accuracy: 0.764
Perturbation Size:1
Accuracy: 0.764
Perturbation Size:2
Accuracy: 0.764
Perturbation Size:3
Accuracy: 0.764
Perturbation Size:4
Accuracy: 0.764
Perturbation Size:5
Accuracy: 0.764
Perturbation Size:6
Accuracy: 0.764
Perturbation Size:7
Accuracy: 0.764
Perturbation Size:8
Accuracy: 0.764
Perturbation Size:9
Accuracy: 0.764
Perturbation Size:10
Accuracy: 0.764
Perturbation Size:11
Accuracy: 0.764
Perturbation Size:12
Accuracy: 0.764
Perturbation Size:13
Accuracy: 0.764
Perturbation Size:14
Accuracy: 0.764
Perturbation Size:15
Accuracy: 0.764
Perturbation Size:16
Accuracy: 0.764
Perturbation Size:17
Accuracy: 0.764
Perturbation Size:18
Accuracy: 0.764
Perturbation Size:19
Accuracy: 0.764
Perturbation Size:20
Accuracy: 0.764
seed 125
=== training gcn model ===
Epoch 0, training loss: 8.598645210266113
Epoch 10, training loss: 8.596911430358887
Epoch 20, training loss: 8.5955171585083
Epoch 30, training loss: 8.580052375793457
Epoch 40, training loss: 8.45135498046875
Epoch 50, training loss: 8.172964096069336
Epoch 60, training loss: 7.877964019775391
Epoch 70, training loss: 7.667141914367676
Epoch 80, training loss: 7.4759440422058105
Epoch 90, training loss: 7.531147480010986
Epoch 100, training loss: 7.4497175216674805
Epoch 110, training loss: 7.202626705169678
Epoch 120, training loss: 7.275688171386719
Epoch 130, training loss: 7.279035568237305
Epoch 140, training loss: 7.061473369598389
Epoch 150, training loss: 6.9833903312683105
Epoch 160, training loss: 6.918476581573486
Epoch 170, training loss: 6.925437927246094
Epoch 180, training loss: 6.816851615905762
Epoch 190, training loss: 6.7703776359558105
Epoch 200, training loss: 6.674892425537109
Epoch 210, training loss: 6.583596229553223
Epoch 220, training loss: 6.519092559814453
Epoch 230, training loss: 6.588082313537598
Epoch 240, training loss: 6.560266971588135
Epoch 250, training loss: 6.534554481506348
Epoch 260, training loss: 6.416423797607422
Epoch 270, training loss: 6.373164176940918
Epoch 280, training loss: 6.240098476409912
Epoch 290, training loss: 6.4213995933532715
Epoch 300, training loss: 6.359386920928955
Epoch 310, training loss: 6.324571132659912
Epoch 320, training loss: 6.335188865661621
Epoch 330, training loss: 6.12129545211792
Epoch 340, training loss: 6.242271900177002
Epoch 350, training loss: 6.144941329956055
Epoch 360, training loss: 6.138402938842773
Epoch 370, training loss: 6.070126533508301
Epoch 380, training loss: 6.1879425048828125
Epoch 390, training loss: 5.915716171264648
Epoch 400, training loss: 5.9958062171936035
Epoch 410, training loss: 6.012723922729492
Epoch 420, training loss: 5.95520544052124
Epoch 430, training loss: 6.007567882537842
Epoch 440, training loss: 5.941974639892578
Epoch 450, training loss: 5.892381191253662
Epoch 460, training loss: 5.902878761291504
Epoch 470, training loss: 5.864469528198242
Epoch 480, training loss: 5.770456314086914
Epoch 490, training loss: 5.770229339599609
random
Perturbation Size:0
Accuracy: 0.782
Perturbation Size:1
Accuracy: 0.782
Perturbation Size:2
Accuracy: 0.782
Perturbation Size:3
Accuracy: 0.782
Perturbation Size:4
Accuracy: 0.782
Perturbation Size:5
Accuracy: 0.782
Perturbation Size:6
Accuracy: 0.782
Perturbation Size:7
Accuracy: 0.782
Perturbation Size:8
Accuracy: 0.782
Perturbation Size:9
Accuracy: 0.782
Perturbation Size:10
Accuracy: 0.782
Perturbation Size:11
Accuracy: 0.782
Perturbation Size:12
Accuracy: 0.782
Perturbation Size:13
Accuracy: 0.782
Perturbation Size:14
Accuracy: 0.782
Perturbation Size:15
Accuracy: 0.782
Perturbation Size:16
Accuracy: 0.782
Perturbation Size:17
Accuracy: 0.782
Perturbation Size:18
Accuracy: 0.782
Perturbation Size:19
Accuracy: 0.782
Perturbation Size:20
Accuracy: 0.782
seed 996
=== training gcn model ===
Epoch 0, training loss: 8.599111557006836
Epoch 10, training loss: 8.596476554870605
Epoch 20, training loss: 8.594225883483887
Epoch 30, training loss: 8.561068534851074
Epoch 40, training loss: 8.276617050170898
Epoch 50, training loss: 8.042076110839844
Epoch 60, training loss: 7.817936420440674
Epoch 70, training loss: 7.488073348999023
Epoch 80, training loss: 7.6280412673950195
Epoch 90, training loss: 7.373117446899414
Epoch 100, training loss: 7.207608222961426
Epoch 110, training loss: 7.161917209625244
Epoch 120, training loss: 7.075459003448486
Epoch 130, training loss: 6.942242622375488
Epoch 140, training loss: 6.9460062980651855
Epoch 150, training loss: 6.8079142570495605
Epoch 160, training loss: 6.873814105987549
Epoch 170, training loss: 6.8039774894714355
Epoch 180, training loss: 6.900839328765869
Epoch 190, training loss: 6.725354194641113
Epoch 200, training loss: 6.706514835357666
Epoch 210, training loss: 6.514749050140381
Epoch 220, training loss: 6.498149394989014
Epoch 230, training loss: 6.546619415283203
Epoch 240, training loss: 6.503655910491943
Epoch 250, training loss: 6.469991207122803
Epoch 260, training loss: 6.477138042449951
Epoch 270, training loss: 6.493227481842041
Epoch 280, training loss: 6.48260498046875
Epoch 290, training loss: 6.366692066192627
Epoch 300, training loss: 6.291191577911377
Epoch 310, training loss: 6.284121990203857
Epoch 320, training loss: 6.358086585998535
Epoch 330, training loss: 6.334928512573242
Epoch 340, training loss: 6.250568389892578
Epoch 350, training loss: 6.276395320892334
Epoch 360, training loss: 6.3103742599487305
Epoch 370, training loss: 6.226644515991211
Epoch 380, training loss: 6.06046724319458
Epoch 390, training loss: 6.115912437438965
Epoch 400, training loss: 6.101923942565918
Epoch 410, training loss: 6.062297821044922
Epoch 420, training loss: 6.025290012359619
Epoch 430, training loss: 6.031001567840576
Epoch 440, training loss: 5.963948726654053
Epoch 450, training loss: 5.923649787902832
Epoch 460, training loss: 5.951368808746338
Epoch 470, training loss: 5.969627857208252
Epoch 480, training loss: 6.036755084991455
Epoch 490, training loss: 5.946578025817871
random
Perturbation Size:0
Accuracy: 0.776
Perturbation Size:1
Accuracy: 0.776
Perturbation Size:2
Accuracy: 0.776
Perturbation Size:3
Accuracy: 0.776
Perturbation Size:4
Accuracy: 0.776
Perturbation Size:5
Accuracy: 0.776
Perturbation Size:6
Accuracy: 0.776
Perturbation Size:7
Accuracy: 0.776
Perturbation Size:8
Accuracy: 0.776
Perturbation Size:9
Accuracy: 0.776
Perturbation Size:10
Accuracy: 0.776
Perturbation Size:11
Accuracy: 0.776
Perturbation Size:12
Accuracy: 0.776
Perturbation Size:13
Accuracy: 0.776
Perturbation Size:14
Accuracy: 0.776
Perturbation Size:15
Accuracy: 0.776
Perturbation Size:16
Accuracy: 0.776
Perturbation Size:17
Accuracy: 0.776
Perturbation Size:18
Accuracy: 0.776
Perturbation Size:19
Accuracy: 0.776
Perturbation Size:20
Accuracy: 0.776
seed 527
=== training gcn model ===
Epoch 0, training loss: 8.598921775817871
Epoch 10, training loss: 8.59670352935791
Epoch 20, training loss: 8.594289779663086
Epoch 30, training loss: 8.54835319519043
Epoch 40, training loss: 8.273250579833984
Epoch 50, training loss: 7.950679779052734
Epoch 60, training loss: 7.7460503578186035
Epoch 70, training loss: 7.655455112457275
Epoch 80, training loss: 7.487693786621094
Epoch 90, training loss: 7.252302169799805
Epoch 100, training loss: 7.260446548461914
Epoch 110, training loss: 7.139986038208008
Epoch 120, training loss: 7.026423931121826
Epoch 130, training loss: 7.034389972686768
Epoch 140, training loss: 6.935573577880859
Epoch 150, training loss: 6.904445171356201
Epoch 160, training loss: 6.715497016906738
Epoch 170, training loss: 6.807562351226807
Epoch 180, training loss: 6.716314792633057
Epoch 190, training loss: 6.558204650878906
Epoch 200, training loss: 6.63657808303833
Epoch 210, training loss: 6.412417888641357
Epoch 220, training loss: 6.337244033813477
Epoch 230, training loss: 6.367883205413818
Epoch 240, training loss: 6.4823479652404785
Epoch 250, training loss: 6.327560901641846
Epoch 260, training loss: 6.220097064971924
Epoch 270, training loss: 6.153334617614746
Epoch 280, training loss: 6.231873035430908
Epoch 290, training loss: 6.144964694976807
Epoch 300, training loss: 6.054338455200195
Epoch 310, training loss: 6.05487060546875
Epoch 320, training loss: 6.078044891357422
Epoch 330, training loss: 6.0744781494140625
Epoch 340, training loss: 6.006081581115723
Epoch 350, training loss: 5.976263046264648
Epoch 360, training loss: 5.952632427215576
Epoch 370, training loss: 5.988312721252441
Epoch 380, training loss: 5.888735771179199
Epoch 390, training loss: 5.908114910125732
Epoch 400, training loss: 5.908360004425049
Epoch 410, training loss: 5.866006851196289
Epoch 420, training loss: 5.836880683898926
Epoch 430, training loss: 5.894157409667969
Epoch 440, training loss: 5.816153526306152
Epoch 450, training loss: 5.778000831604004
Epoch 460, training loss: 5.766757011413574
Epoch 470, training loss: 5.67507791519165
Epoch 480, training loss: 5.660709857940674
Epoch 490, training loss: 5.7407660484313965
random
Perturbation Size:0
Accuracy: 0.763
Perturbation Size:1
Accuracy: 0.763
Perturbation Size:2
Accuracy: 0.763
Perturbation Size:3
Accuracy: 0.763
Perturbation Size:4
Accuracy: 0.763
Perturbation Size:5
Accuracy: 0.763
Perturbation Size:6
Accuracy: 0.763
Perturbation Size:7
Accuracy: 0.763
Perturbation Size:8
Accuracy: 0.763
Perturbation Size:9
Accuracy: 0.763
Perturbation Size:10
Accuracy: 0.763
Perturbation Size:11
Accuracy: 0.763
Perturbation Size:12
Accuracy: 0.763
Perturbation Size:13
Accuracy: 0.763
Perturbation Size:14
Accuracy: 0.763
Perturbation Size:15
Accuracy: 0.763
Perturbation Size:16
Accuracy: 0.763
Perturbation Size:17
Accuracy: 0.763
Perturbation Size:18
Accuracy: 0.763
Perturbation Size:19
Accuracy: 0.763
Perturbation Size:20
Accuracy: 0.763
seed 320
=== training gcn model ===
Epoch 0, training loss: 8.599130630493164
Epoch 10, training loss: 8.596579551696777
Epoch 20, training loss: 8.593145370483398
Epoch 30, training loss: 8.57086181640625
Epoch 40, training loss: 8.386003494262695
Epoch 50, training loss: 8.122248649597168
Epoch 60, training loss: 7.798491954803467
Epoch 70, training loss: 7.554450988769531
Epoch 80, training loss: 7.47649621963501
Epoch 90, training loss: 7.325020790100098
Epoch 100, training loss: 7.252644062042236
Epoch 110, training loss: 7.148706436157227
Epoch 120, training loss: 6.961268424987793
Epoch 130, training loss: 7.2017083168029785
Epoch 140, training loss: 6.852199077606201
Epoch 150, training loss: 6.825523853302002
Epoch 160, training loss: 6.693722724914551
Epoch 170, training loss: 6.705591678619385
Epoch 180, training loss: 6.620265483856201
Epoch 190, training loss: 6.621739864349365
Epoch 200, training loss: 6.470113754272461
Epoch 210, training loss: 6.413971424102783
Epoch 220, training loss: 6.4229207038879395
Epoch 230, training loss: 6.292023658752441
Epoch 240, training loss: 6.239017009735107
Epoch 250, training loss: 6.430080413818359
Epoch 260, training loss: 6.230661869049072
Epoch 270, training loss: 6.218891143798828
Epoch 280, training loss: 6.19921875
Epoch 290, training loss: 6.144226551055908
Epoch 300, training loss: 6.167173862457275
Epoch 310, training loss: 6.033016204833984
Epoch 320, training loss: 6.021039962768555
Epoch 330, training loss: 5.991826057434082
Epoch 340, training loss: 5.941610336303711
Epoch 350, training loss: 5.984469890594482
Epoch 360, training loss: 6.002523422241211
Epoch 370, training loss: 5.93738317489624
Epoch 380, training loss: 5.788410186767578
Epoch 390, training loss: 5.965544700622559
Epoch 400, training loss: 5.925873279571533
Epoch 410, training loss: 5.953339576721191
Epoch 420, training loss: 5.757453918457031
Epoch 430, training loss: 5.76718282699585
Epoch 440, training loss: 5.824552059173584
Epoch 450, training loss: 5.8538737297058105
Epoch 460, training loss: 5.778786659240723
Epoch 470, training loss: 5.714901924133301
Epoch 480, training loss: 5.738254547119141
Epoch 490, training loss: 5.660388946533203
random
Perturbation Size:0
Accuracy: 0.774
Perturbation Size:1
Accuracy: 0.774
Perturbation Size:2
Accuracy: 0.774
Perturbation Size:3
Accuracy: 0.774
Perturbation Size:4
Accuracy: 0.774
Perturbation Size:5
Accuracy: 0.774
Perturbation Size:6
Accuracy: 0.774
Perturbation Size:7
Accuracy: 0.774
Perturbation Size:8
Accuracy: 0.774
Perturbation Size:9
Accuracy: 0.774
Perturbation Size:10
Accuracy: 0.774
Perturbation Size:11
Accuracy: 0.774
Perturbation Size:12
Accuracy: 0.774
Perturbation Size:13
Accuracy: 0.774
Perturbation Size:14
Accuracy: 0.774
Perturbation Size:15
Accuracy: 0.774
Perturbation Size:16
Accuracy: 0.774
Perturbation Size:17
Accuracy: 0.774
Perturbation Size:18
Accuracy: 0.774
Perturbation Size:19
Accuracy: 0.774
Perturbation Size:20
Accuracy: 0.774
Beta:0.5 Ptb size:0 Accuracy:0.7718+-0.007277362159464108
Beta:0.5 Ptb size:1 Accuracy:0.7718+-0.007277362159464108
Beta:0.5 Ptb size:2 Accuracy:0.7718+-0.007277362159464108
Beta:0.5 Ptb size:3 Accuracy:0.7718+-0.007277362159464108
Beta:0.5 Ptb size:4 Accuracy:0.7718+-0.007277362159464108
Beta:0.5 Ptb size:5 Accuracy:0.7718+-0.007277362159464108
Beta:0.5 Ptb size:6 Accuracy:0.7718+-0.007277362159464108
Beta:0.5 Ptb size:7 Accuracy:0.7718+-0.007277362159464108
Beta:0.5 Ptb size:8 Accuracy:0.7718+-0.007277362159464108
Beta:0.5 Ptb size:9 Accuracy:0.7718+-0.007277362159464108
Beta:0.5 Ptb size:10 Accuracy:0.7718+-0.007277362159464108
Beta:0.5 Ptb size:11 Accuracy:0.7718+-0.007277362159464108
Beta:0.5 Ptb size:12 Accuracy:0.7718+-0.007277362159464108
Beta:0.5 Ptb size:13 Accuracy:0.7718+-0.007277362159464108
Beta:0.5 Ptb size:14 Accuracy:0.7718+-0.007277362159464108
Beta:0.5 Ptb size:15 Accuracy:0.7718+-0.007277362159464108
Beta:0.5 Ptb size:16 Accuracy:0.7718+-0.007277362159464108
Beta:0.5 Ptb size:17 Accuracy:0.7718+-0.007277362159464108
Beta:0.5 Ptb size:18 Accuracy:0.7718+-0.007277362159464108
Beta:0.5 Ptb size:19 Accuracy:0.7718+-0.007277362159464108
Beta:0.5 Ptb size:20 Accuracy:0.7718+-0.007277362159464108
beta 0.6
seed 265
=== training gcn model ===
Epoch 0, training loss: 8.598655700683594
Epoch 10, training loss: 8.596651077270508
Epoch 20, training loss: 8.594488143920898
Epoch 30, training loss: 8.573909759521484
Epoch 40, training loss: 8.301126480102539
Epoch 50, training loss: 7.939657688140869
Epoch 60, training loss: 7.605408668518066
Epoch 70, training loss: 7.479931831359863
Epoch 80, training loss: 7.352899551391602
Epoch 90, training loss: 7.191120624542236
Epoch 100, training loss: 7.461991786956787
Epoch 110, training loss: 7.107776641845703
Epoch 120, training loss: 6.958515644073486
Epoch 130, training loss: 7.00203800201416
Epoch 140, training loss: 6.997246265411377
Epoch 150, training loss: 6.95763635635376
Epoch 160, training loss: 6.873183727264404
Epoch 170, training loss: 6.717621803283691
Epoch 180, training loss: 6.583302021026611
Epoch 190, training loss: 6.558538913726807
Epoch 200, training loss: 6.543417930603027
Epoch 210, training loss: 6.549590110778809
Epoch 220, training loss: 6.486696720123291
Epoch 230, training loss: 6.487347602844238
Epoch 240, training loss: 6.383266925811768
Epoch 250, training loss: 6.467266082763672
Epoch 260, training loss: 6.327897548675537
Epoch 270, training loss: 6.395805358886719
Epoch 280, training loss: 6.393899440765381
Epoch 290, training loss: 6.292234420776367
Epoch 300, training loss: 6.1854166984558105
Epoch 310, training loss: 6.230556488037109
Epoch 320, training loss: 6.139623165130615
Epoch 330, training loss: 6.183481216430664
Epoch 340, training loss: 6.17814826965332
Epoch 350, training loss: 6.107061862945557
Epoch 360, training loss: 6.108921051025391
Epoch 370, training loss: 6.0876569747924805
Epoch 380, training loss: 6.172489166259766
Epoch 390, training loss: 5.9689106941223145
Epoch 400, training loss: 6.011307716369629
Epoch 410, training loss: 5.99918794631958
Epoch 420, training loss: 6.028792381286621
Epoch 430, training loss: 6.028983116149902
Epoch 440, training loss: 5.820227146148682
Epoch 450, training loss: 5.8707146644592285
Epoch 460, training loss: 5.858974933624268
Epoch 470, training loss: 5.810330390930176
Epoch 480, training loss: 5.850819110870361
Epoch 490, training loss: 5.832694053649902
random
Perturbation Size:0
Accuracy: 0.764
Perturbation Size:1
Accuracy: 0.764
Perturbation Size:2
Accuracy: 0.764
Perturbation Size:3
Accuracy: 0.764
Perturbation Size:4
Accuracy: 0.764
Perturbation Size:5
Accuracy: 0.764
Perturbation Size:6
Accuracy: 0.764
Perturbation Size:7
Accuracy: 0.764
Perturbation Size:8
Accuracy: 0.764
Perturbation Size:9
Accuracy: 0.764
Perturbation Size:10
Accuracy: 0.764
Perturbation Size:11
Accuracy: 0.764
Perturbation Size:12
Accuracy: 0.764
Perturbation Size:13
Accuracy: 0.764
Perturbation Size:14
Accuracy: 0.764
Perturbation Size:15
Accuracy: 0.764
Perturbation Size:16
Accuracy: 0.764
Perturbation Size:17
Accuracy: 0.764
Perturbation Size:18
Accuracy: 0.764
Perturbation Size:19
Accuracy: 0.764
Perturbation Size:20
Accuracy: 0.764
seed 125
=== training gcn model ===
Epoch 0, training loss: 8.598591804504395
Epoch 10, training loss: 8.59689998626709
Epoch 20, training loss: 8.595504760742188
Epoch 30, training loss: 8.579927444458008
Epoch 40, training loss: 8.450023651123047
Epoch 50, training loss: 8.171015739440918
Epoch 60, training loss: 7.875906944274902
Epoch 70, training loss: 7.668727874755859
Epoch 80, training loss: 7.478430271148682
Epoch 90, training loss: 7.533658981323242
Epoch 100, training loss: 7.450343132019043
Epoch 110, training loss: 7.20316219329834
Epoch 120, training loss: 7.276707649230957
Epoch 130, training loss: 7.283178329467773
Epoch 140, training loss: 7.063196659088135
Epoch 150, training loss: 6.983780384063721
Epoch 160, training loss: 6.919719696044922
Epoch 170, training loss: 6.922247886657715
Epoch 180, training loss: 6.8148674964904785
Epoch 190, training loss: 6.7668352127075195
Epoch 200, training loss: 6.6744513511657715
Epoch 210, training loss: 6.58653450012207
Epoch 220, training loss: 6.517041206359863
Epoch 230, training loss: 6.5917792320251465
Epoch 240, training loss: 6.5629167556762695
Epoch 250, training loss: 6.532038688659668
Epoch 260, training loss: 6.419188976287842
Epoch 270, training loss: 6.374866962432861
Epoch 280, training loss: 6.239139556884766
Epoch 290, training loss: 6.423529624938965
Epoch 300, training loss: 6.364140033721924
Epoch 310, training loss: 6.319870948791504
Epoch 320, training loss: 6.333995819091797
Epoch 330, training loss: 6.128401279449463
Epoch 340, training loss: 6.24420166015625
Epoch 350, training loss: 6.144047737121582
Epoch 360, training loss: 6.13946533203125
Epoch 370, training loss: 6.072065830230713
Epoch 380, training loss: 6.1889777183532715
Epoch 390, training loss: 5.917245388031006
Epoch 400, training loss: 5.995009422302246
Epoch 410, training loss: 6.014420986175537
Epoch 420, training loss: 5.953440189361572
Epoch 430, training loss: 6.0025482177734375
Epoch 440, training loss: 5.9401164054870605
Epoch 450, training loss: 5.899998188018799
Epoch 460, training loss: 5.903743267059326
Epoch 470, training loss: 5.858906269073486
Epoch 480, training loss: 5.772987365722656
Epoch 490, training loss: 5.770909309387207
random
Perturbation Size:0
Accuracy: 0.78
Perturbation Size:1
Accuracy: 0.78
Perturbation Size:2
Accuracy: 0.78
Perturbation Size:3
Accuracy: 0.78
Perturbation Size:4
Accuracy: 0.78
Perturbation Size:5
Accuracy: 0.78
Perturbation Size:6
Accuracy: 0.78
Perturbation Size:7
Accuracy: 0.78
Perturbation Size:8
Accuracy: 0.78
Perturbation Size:9
Accuracy: 0.78
Perturbation Size:10
Accuracy: 0.78
Perturbation Size:11
Accuracy: 0.78
Perturbation Size:12
Accuracy: 0.78
Perturbation Size:13
Accuracy: 0.78
Perturbation Size:14
Accuracy: 0.78
Perturbation Size:15
Accuracy: 0.78
Perturbation Size:16
Accuracy: 0.78
Perturbation Size:17
Accuracy: 0.78
Perturbation Size:18
Accuracy: 0.78
Perturbation Size:19
Accuracy: 0.78
Perturbation Size:20
Accuracy: 0.78
seed 996
=== training gcn model ===
Epoch 0, training loss: 8.599067687988281
Epoch 10, training loss: 8.596461296081543
Epoch 20, training loss: 8.594237327575684
Epoch 30, training loss: 8.560698509216309
Epoch 40, training loss: 8.276817321777344
Epoch 50, training loss: 8.041565895080566
Epoch 60, training loss: 7.817446231842041
Epoch 70, training loss: 7.486271858215332
Epoch 80, training loss: 7.625148296356201
Epoch 90, training loss: 7.371516227722168
Epoch 100, training loss: 7.20644998550415
Epoch 110, training loss: 7.16131591796875
Epoch 120, training loss: 7.073978424072266
Epoch 130, training loss: 6.943362236022949
Epoch 140, training loss: 6.945600986480713
Epoch 150, training loss: 6.8068671226501465
Epoch 160, training loss: 6.87479305267334
Epoch 170, training loss: 6.802688121795654
Epoch 180, training loss: 6.904064655303955
Epoch 190, training loss: 6.723520755767822
Epoch 200, training loss: 6.70749568939209
Epoch 210, training loss: 6.5156941413879395
Epoch 220, training loss: 6.496593952178955
Epoch 230, training loss: 6.547177791595459
Epoch 240, training loss: 6.5080437660217285
Epoch 250, training loss: 6.4750657081604
Epoch 260, training loss: 6.47876501083374
Epoch 270, training loss: 6.495683193206787
Epoch 280, training loss: 6.484405040740967
Epoch 290, training loss: 6.367860317230225
Epoch 300, training loss: 6.2963409423828125
Epoch 310, training loss: 6.292999744415283
Epoch 320, training loss: 6.362815856933594
Epoch 330, training loss: 6.341612815856934
Epoch 340, training loss: 6.25953483581543
Epoch 350, training loss: 6.284579277038574
Epoch 360, training loss: 6.320208549499512
Epoch 370, training loss: 6.231060981750488
Epoch 380, training loss: 6.074445724487305
Epoch 390, training loss: 6.1248779296875
Epoch 400, training loss: 6.1071577072143555
Epoch 410, training loss: 6.073153972625732
Epoch 420, training loss: 6.023998737335205
Epoch 430, training loss: 6.038656711578369
Epoch 440, training loss: 5.974817752838135
Epoch 450, training loss: 5.928422451019287
Epoch 460, training loss: 5.959033489227295
Epoch 470, training loss: 5.9745073318481445
Epoch 480, training loss: 6.041954040527344
Epoch 490, training loss: 5.9554009437561035
random
Perturbation Size:0
Accuracy: 0.77
Perturbation Size:1
Accuracy: 0.77
Perturbation Size:2
Accuracy: 0.77
Perturbation Size:3
Accuracy: 0.77
Perturbation Size:4
Accuracy: 0.77
Perturbation Size:5
Accuracy: 0.77
Perturbation Size:6
Accuracy: 0.77
Perturbation Size:7
Accuracy: 0.77
Perturbation Size:8
Accuracy: 0.77
Perturbation Size:9
Accuracy: 0.77
Perturbation Size:10
Accuracy: 0.77
Perturbation Size:11
Accuracy: 0.77
Perturbation Size:12
Accuracy: 0.77
Perturbation Size:13
Accuracy: 0.77
Perturbation Size:14
Accuracy: 0.77
Perturbation Size:15
Accuracy: 0.77
Perturbation Size:16
Accuracy: 0.77
Perturbation Size:17
Accuracy: 0.77
Perturbation Size:18
Accuracy: 0.77
Perturbation Size:19
Accuracy: 0.77
Perturbation Size:20
Accuracy: 0.77
seed 527
=== training gcn model ===
Epoch 0, training loss: 8.598864555358887
Epoch 10, training loss: 8.59669017791748
Epoch 20, training loss: 8.594315528869629
Epoch 30, training loss: 8.548154830932617
Epoch 40, training loss: 8.272103309631348
Epoch 50, training loss: 7.950998783111572
Epoch 60, training loss: 7.746286869049072
Epoch 70, training loss: 7.656186580657959
Epoch 80, training loss: 7.488319396972656
Epoch 90, training loss: 7.252727508544922
Epoch 100, training loss: 7.258596420288086
Epoch 110, training loss: 7.140819549560547
Epoch 120, training loss: 7.0273661613464355
Epoch 130, training loss: 7.034584999084473
Epoch 140, training loss: 6.932775497436523
Epoch 150, training loss: 6.900749683380127
Epoch 160, training loss: 6.708681106567383
Epoch 170, training loss: 6.80247688293457
Epoch 180, training loss: 6.711694717407227
Epoch 190, training loss: 6.552700519561768
Epoch 200, training loss: 6.631043910980225
Epoch 210, training loss: 6.410806655883789
Epoch 220, training loss: 6.332818508148193
Epoch 230, training loss: 6.36483097076416
Epoch 240, training loss: 6.478212356567383
Epoch 250, training loss: 6.3189826011657715
Epoch 260, training loss: 6.217240810394287
Epoch 270, training loss: 6.1568427085876465
Epoch 280, training loss: 6.233543872833252
Epoch 290, training loss: 6.143834590911865
Epoch 300, training loss: 6.04703426361084
Epoch 310, training loss: 6.050817012786865
Epoch 320, training loss: 6.075179100036621
Epoch 330, training loss: 6.073714256286621
Epoch 340, training loss: 6.008446216583252
Epoch 350, training loss: 5.976716041564941
Epoch 360, training loss: 5.956179141998291
Epoch 370, training loss: 5.983479976654053
Epoch 380, training loss: 5.886068820953369
Epoch 390, training loss: 5.903954029083252
Epoch 400, training loss: 5.901722431182861
Epoch 410, training loss: 5.859961986541748
Epoch 420, training loss: 5.831872940063477
Epoch 430, training loss: 5.895275592803955
Epoch 440, training loss: 5.818267822265625
Epoch 450, training loss: 5.775407314300537
Epoch 460, training loss: 5.766869068145752
Epoch 470, training loss: 5.668743133544922
Epoch 480, training loss: 5.660412788391113
Epoch 490, training loss: 5.739598751068115
random
Perturbation Size:0
Accuracy: 0.762
Perturbation Size:1
Accuracy: 0.762
Perturbation Size:2
Accuracy: 0.762
Perturbation Size:3
Accuracy: 0.762
Perturbation Size:4
Accuracy: 0.762
Perturbation Size:5
Accuracy: 0.762
Perturbation Size:6
Accuracy: 0.762
Perturbation Size:7
Accuracy: 0.762
Perturbation Size:8
Accuracy: 0.762
Perturbation Size:9
Accuracy: 0.762
Perturbation Size:10
Accuracy: 0.762
Perturbation Size:11
Accuracy: 0.762
Perturbation Size:12
Accuracy: 0.762
Perturbation Size:13
Accuracy: 0.762
Perturbation Size:14
Accuracy: 0.762
Perturbation Size:15
Accuracy: 0.762
Perturbation Size:16
Accuracy: 0.762
Perturbation Size:17
Accuracy: 0.762
Perturbation Size:18
Accuracy: 0.762
Perturbation Size:19
Accuracy: 0.762
Perturbation Size:20
Accuracy: 0.762
seed 320
=== training gcn model ===
Epoch 0, training loss: 8.599080085754395
Epoch 10, training loss: 8.59656810760498
Epoch 20, training loss: 8.593138694763184
Epoch 30, training loss: 8.57076644897461
Epoch 40, training loss: 8.385754585266113
Epoch 50, training loss: 8.123556137084961
Epoch 60, training loss: 7.799181938171387
Epoch 70, training loss: 7.554059028625488
Epoch 80, training loss: 7.4769368171691895
Epoch 90, training loss: 7.325204372406006
Epoch 100, training loss: 7.252568244934082
Epoch 110, training loss: 7.150999069213867
Epoch 120, training loss: 6.963813781738281
Epoch 130, training loss: 7.20096492767334
Epoch 140, training loss: 6.855991363525391
Epoch 150, training loss: 6.827320098876953
Epoch 160, training loss: 6.6967997550964355
Epoch 170, training loss: 6.709174633026123
Epoch 180, training loss: 6.621490478515625
Epoch 190, training loss: 6.628349304199219
Epoch 200, training loss: 6.474175930023193
Epoch 210, training loss: 6.418042182922363
Epoch 220, training loss: 6.430830001831055
Epoch 230, training loss: 6.295656204223633
Epoch 240, training loss: 6.240193843841553
Epoch 250, training loss: 6.433858871459961
Epoch 260, training loss: 6.235657215118408
Epoch 270, training loss: 6.22253942489624
Epoch 280, training loss: 6.204989910125732
Epoch 290, training loss: 6.148637771606445
Epoch 300, training loss: 6.168257236480713
Epoch 310, training loss: 6.037806510925293
Epoch 320, training loss: 6.021738052368164
Epoch 330, training loss: 5.99569034576416
Epoch 340, training loss: 5.946529388427734
Epoch 350, training loss: 5.987396717071533
Epoch 360, training loss: 6.006218433380127
Epoch 370, training loss: 5.933665752410889
Epoch 380, training loss: 5.7931013107299805
Epoch 390, training loss: 5.965620517730713
Epoch 400, training loss: 5.926406383514404
Epoch 410, training loss: 5.9547600746154785
Epoch 420, training loss: 5.761938571929932
Epoch 430, training loss: 5.769320487976074
Epoch 440, training loss: 5.8267436027526855
Epoch 450, training loss: 5.855036735534668
Epoch 460, training loss: 5.781553745269775
Epoch 470, training loss: 5.709751129150391
Epoch 480, training loss: 5.7380547523498535
Epoch 490, training loss: 5.659404754638672
random
Perturbation Size:0
Accuracy: 0.771
Perturbation Size:1
Accuracy: 0.771
Perturbation Size:2
Accuracy: 0.771
Perturbation Size:3
Accuracy: 0.771
Perturbation Size:4
Accuracy: 0.771
Perturbation Size:5
Accuracy: 0.771
Perturbation Size:6
Accuracy: 0.771
Perturbation Size:7
Accuracy: 0.771
Perturbation Size:8
Accuracy: 0.771
Perturbation Size:9
Accuracy: 0.771
Perturbation Size:10
Accuracy: 0.771
Perturbation Size:11
Accuracy: 0.771
Perturbation Size:12
Accuracy: 0.771
Perturbation Size:13
Accuracy: 0.771
Perturbation Size:14
Accuracy: 0.771
Perturbation Size:15
Accuracy: 0.771
Perturbation Size:16
Accuracy: 0.771
Perturbation Size:17
Accuracy: 0.771
Perturbation Size:18
Accuracy: 0.771
Perturbation Size:19
Accuracy: 0.771
Perturbation Size:20
Accuracy: 0.771
Beta:0.6 Ptb size:0 Accuracy:0.7694+-0.006311893535223805
Beta:0.6 Ptb size:1 Accuracy:0.7694+-0.006311893535223805
Beta:0.6 Ptb size:2 Accuracy:0.7694+-0.006311893535223805
Beta:0.6 Ptb size:3 Accuracy:0.7694+-0.006311893535223805
Beta:0.6 Ptb size:4 Accuracy:0.7694+-0.006311893535223805
Beta:0.6 Ptb size:5 Accuracy:0.7694+-0.006311893535223805
Beta:0.6 Ptb size:6 Accuracy:0.7694+-0.006311893535223805
Beta:0.6 Ptb size:7 Accuracy:0.7694+-0.006311893535223805
Beta:0.6 Ptb size:8 Accuracy:0.7694+-0.006311893535223805
Beta:0.6 Ptb size:9 Accuracy:0.7694+-0.006311893535223805
Beta:0.6 Ptb size:10 Accuracy:0.7694+-0.006311893535223805
Beta:0.6 Ptb size:11 Accuracy:0.7694+-0.006311893535223805
Beta:0.6 Ptb size:12 Accuracy:0.7694+-0.006311893535223805
Beta:0.6 Ptb size:13 Accuracy:0.7694+-0.006311893535223805
Beta:0.6 Ptb size:14 Accuracy:0.7694+-0.006311893535223805
Beta:0.6 Ptb size:15 Accuracy:0.7694+-0.006311893535223805
Beta:0.6 Ptb size:16 Accuracy:0.7694+-0.006311893535223805
Beta:0.6 Ptb size:17 Accuracy:0.7694+-0.006311893535223805
Beta:0.6 Ptb size:18 Accuracy:0.7694+-0.006311893535223805
Beta:0.6 Ptb size:19 Accuracy:0.7694+-0.006311893535223805
Beta:0.6 Ptb size:20 Accuracy:0.7694+-0.006311893535223805
beta 0.7
seed 265
=== training gcn model ===
Epoch 0, training loss: 8.598590850830078
Epoch 10, training loss: 8.596638679504395
Epoch 20, training loss: 8.594474792480469
Epoch 30, training loss: 8.57364273071289
Epoch 40, training loss: 8.298558235168457
Epoch 50, training loss: 7.935023307800293
Epoch 60, training loss: 7.6015729904174805
Epoch 70, training loss: 7.476036071777344
Epoch 80, training loss: 7.349286079406738
Epoch 90, training loss: 7.190262317657471
Epoch 100, training loss: 7.4660234451293945
Epoch 110, training loss: 7.1041741371154785
Epoch 120, training loss: 6.957840442657471
Epoch 130, training loss: 7.002277374267578
Epoch 140, training loss: 6.998292446136475
Epoch 150, training loss: 6.957026958465576
Epoch 160, training loss: 6.8690185546875
Epoch 170, training loss: 6.714425086975098
Epoch 180, training loss: 6.581035614013672
Epoch 190, training loss: 6.557530403137207
Epoch 200, training loss: 6.542520523071289
Epoch 210, training loss: 6.548943519592285
Epoch 220, training loss: 6.488738536834717
Epoch 230, training loss: 6.485638618469238
Epoch 240, training loss: 6.380230903625488
Epoch 250, training loss: 6.461748123168945
Epoch 260, training loss: 6.32898473739624
Epoch 270, training loss: 6.393032550811768
Epoch 280, training loss: 6.3934478759765625
Epoch 290, training loss: 6.288028240203857
Epoch 300, training loss: 6.185596466064453
Epoch 310, training loss: 6.229948043823242
Epoch 320, training loss: 6.139983177185059
Epoch 330, training loss: 6.18438720703125
Epoch 340, training loss: 6.177630424499512
Epoch 350, training loss: 6.104853630065918
Epoch 360, training loss: 6.1045989990234375
Epoch 370, training loss: 6.085394859313965
Epoch 380, training loss: 6.176082611083984
Epoch 390, training loss: 5.969865798950195
Epoch 400, training loss: 6.011342525482178
Epoch 410, training loss: 6.001172065734863
Epoch 420, training loss: 6.034341335296631
Epoch 430, training loss: 6.0278096199035645
Epoch 440, training loss: 5.820137023925781
Epoch 450, training loss: 5.871504306793213
Epoch 460, training loss: 5.859856128692627
Epoch 470, training loss: 5.814431190490723
Epoch 480, training loss: 5.853525638580322
Epoch 490, training loss: 5.831081867218018
random
Perturbation Size:0
Accuracy: 0.76
Perturbation Size:1
Accuracy: 0.76
Perturbation Size:2
Accuracy: 0.76
Perturbation Size:3
Accuracy: 0.76
Perturbation Size:4
Accuracy: 0.76
Perturbation Size:5
Accuracy: 0.76
Perturbation Size:6
Accuracy: 0.76
Perturbation Size:7
Accuracy: 0.76
Perturbation Size:8
Accuracy: 0.76
Perturbation Size:9
Accuracy: 0.76
Perturbation Size:10
Accuracy: 0.76
Perturbation Size:11
Accuracy: 0.76
Perturbation Size:12
Accuracy: 0.76
Perturbation Size:13
Accuracy: 0.76
Perturbation Size:14
Accuracy: 0.76
Perturbation Size:15
Accuracy: 0.76
Perturbation Size:16
Accuracy: 0.76
Perturbation Size:17
Accuracy: 0.76
Perturbation Size:18
Accuracy: 0.76
Perturbation Size:19
Accuracy: 0.76
Perturbation Size:20
Accuracy: 0.76
seed 125
=== training gcn model ===
Epoch 0, training loss: 8.598511695861816
Epoch 10, training loss: 8.596894264221191
Epoch 20, training loss: 8.595518112182617
Epoch 30, training loss: 8.579876899719238
Epoch 40, training loss: 8.44782543182373
Epoch 50, training loss: 8.167720794677734
Epoch 60, training loss: 7.870390892028809
Epoch 70, training loss: 7.665521621704102
Epoch 80, training loss: 7.4778923988342285
Epoch 90, training loss: 7.534080505371094
Epoch 100, training loss: 7.450385570526123
Epoch 110, training loss: 7.200770854949951
Epoch 120, training loss: 7.276628017425537
Epoch 130, training loss: 7.280361175537109
Epoch 140, training loss: 7.058440685272217
Epoch 150, training loss: 6.977787017822266
Epoch 160, training loss: 6.913455009460449
Epoch 170, training loss: 6.922249794006348
Epoch 180, training loss: 6.810568332672119
Epoch 190, training loss: 6.763078689575195
Epoch 200, training loss: 6.671286106109619
Epoch 210, training loss: 6.5813140869140625
Epoch 220, training loss: 6.513772010803223
Epoch 230, training loss: 6.5892839431762695
Epoch 240, training loss: 6.562673091888428
Epoch 250, training loss: 6.526837348937988
Epoch 260, training loss: 6.415005683898926
Epoch 270, training loss: 6.3707194328308105
Epoch 280, training loss: 6.22902250289917
Epoch 290, training loss: 6.413209915161133
Epoch 300, training loss: 6.354604721069336
Epoch 310, training loss: 6.317233562469482
Epoch 320, training loss: 6.323103427886963
Epoch 330, training loss: 6.120132923126221
Epoch 340, training loss: 6.233981132507324
Epoch 350, training loss: 6.1380391120910645
Epoch 360, training loss: 6.1333112716674805
Epoch 370, training loss: 6.063057899475098
Epoch 380, training loss: 6.1739325523376465
Epoch 390, training loss: 5.910246849060059
Epoch 400, training loss: 5.99517822265625
Epoch 410, training loss: 6.009692668914795
Epoch 420, training loss: 5.945345401763916
Epoch 430, training loss: 6.000249862670898
Epoch 440, training loss: 5.9270124435424805
Epoch 450, training loss: 5.888120651245117
Epoch 460, training loss: 5.890301704406738
Epoch 470, training loss: 5.850774765014648
Epoch 480, training loss: 5.766169548034668
Epoch 490, training loss: 5.763617515563965
random
Perturbation Size:0
Accuracy: 0.779
Perturbation Size:1
Accuracy: 0.779
Perturbation Size:2
Accuracy: 0.779
Perturbation Size:3
Accuracy: 0.779
Perturbation Size:4
Accuracy: 0.779
Perturbation Size:5
Accuracy: 0.779
Perturbation Size:6
Accuracy: 0.779
Perturbation Size:7
Accuracy: 0.779
Perturbation Size:8
Accuracy: 0.779
Perturbation Size:9
Accuracy: 0.779
Perturbation Size:10
Accuracy: 0.779
Perturbation Size:11
Accuracy: 0.779
Perturbation Size:12
Accuracy: 0.779
Perturbation Size:13
Accuracy: 0.779
Perturbation Size:14
Accuracy: 0.779
Perturbation Size:15
Accuracy: 0.779
Perturbation Size:16
Accuracy: 0.779
Perturbation Size:17
Accuracy: 0.779
Perturbation Size:18
Accuracy: 0.779
Perturbation Size:19
Accuracy: 0.779
Perturbation Size:20
Accuracy: 0.779
seed 996
=== training gcn model ===
Epoch 0, training loss: 8.599002838134766
Epoch 10, training loss: 8.596444129943848
Epoch 20, training loss: 8.59417724609375
Epoch 30, training loss: 8.55939769744873
Epoch 40, training loss: 8.276522636413574
Epoch 50, training loss: 8.040748596191406
Epoch 60, training loss: 7.814969539642334
Epoch 70, training loss: 7.483673572540283
Epoch 80, training loss: 7.622311592102051
Epoch 90, training loss: 7.371611595153809
Epoch 100, training loss: 7.201440811157227
Epoch 110, training loss: 7.155646324157715
Epoch 120, training loss: 7.073146343231201
Epoch 130, training loss: 6.940305709838867
Epoch 140, training loss: 6.945611000061035
Epoch 150, training loss: 6.801809787750244
Epoch 160, training loss: 6.872799873352051
Epoch 170, training loss: 6.798051357269287
Epoch 180, training loss: 6.901423454284668
Epoch 190, training loss: 6.722562313079834
Epoch 200, training loss: 6.708796501159668
Epoch 210, training loss: 6.511506080627441
Epoch 220, training loss: 6.495721340179443
Epoch 230, training loss: 6.548343181610107
Epoch 240, training loss: 6.510798454284668
Epoch 250, training loss: 6.475290775299072
Epoch 260, training loss: 6.481820106506348
Epoch 270, training loss: 6.49318265914917
Epoch 280, training loss: 6.487020969390869
Epoch 290, training loss: 6.37382698059082
Epoch 300, training loss: 6.300431251525879
Epoch 310, training loss: 6.29424524307251
Epoch 320, training loss: 6.369723796844482
Epoch 330, training loss: 6.348452568054199
Epoch 340, training loss: 6.264793872833252
Epoch 350, training loss: 6.28934383392334
Epoch 360, training loss: 6.327571868896484
Epoch 370, training loss: 6.238340377807617
Epoch 380, training loss: 6.087057590484619
Epoch 390, training loss: 6.131310939788818
Epoch 400, training loss: 6.1110429763793945
Epoch 410, training loss: 6.074275016784668
Epoch 420, training loss: 6.031914234161377
Epoch 430, training loss: 6.046621799468994
Epoch 440, training loss: 5.984338760375977
Epoch 450, training loss: 5.934788227081299
Epoch 460, training loss: 5.969836235046387
Epoch 470, training loss: 5.985626220703125
Epoch 480, training loss: 6.048869609832764
Epoch 490, training loss: 5.95961332321167
random
Perturbation Size:0
Accuracy: 0.765
Perturbation Size:1
Accuracy: 0.765
Perturbation Size:2
Accuracy: 0.765
Perturbation Size:3
Accuracy: 0.765
Perturbation Size:4
Accuracy: 0.765
Perturbation Size:5
Accuracy: 0.765
Perturbation Size:6
Accuracy: 0.765
Perturbation Size:7
Accuracy: 0.765
Perturbation Size:8
Accuracy: 0.765
Perturbation Size:9
Accuracy: 0.765
Perturbation Size:10
Accuracy: 0.765
Perturbation Size:11
Accuracy: 0.765
Perturbation Size:12
Accuracy: 0.765
Perturbation Size:13
Accuracy: 0.765
Perturbation Size:14
Accuracy: 0.765
Perturbation Size:15
Accuracy: 0.765
Perturbation Size:16
Accuracy: 0.765
Perturbation Size:17
Accuracy: 0.765
Perturbation Size:18
Accuracy: 0.765
Perturbation Size:19
Accuracy: 0.765
Perturbation Size:20
Accuracy: 0.765
seed 527
=== training gcn model ===
Epoch 0, training loss: 8.598784446716309
Epoch 10, training loss: 8.59667682647705
Epoch 20, training loss: 8.594289779663086
Epoch 30, training loss: 8.546985626220703
Epoch 40, training loss: 8.270587921142578
Epoch 50, training loss: 7.948783874511719
Epoch 60, training loss: 7.748225688934326
Epoch 70, training loss: 7.653221130371094
Epoch 80, training loss: 7.488497257232666
Epoch 90, training loss: 7.253557205200195
Epoch 100, training loss: 7.257842540740967
Epoch 110, training loss: 7.140805244445801
Epoch 120, training loss: 7.026895046234131
Epoch 130, training loss: 7.036388874053955
Epoch 140, training loss: 6.934666633605957
Epoch 150, training loss: 6.904440402984619
Epoch 160, training loss: 6.712004661560059
Epoch 170, training loss: 6.804171085357666
Epoch 180, training loss: 6.71727180480957
Epoch 190, training loss: 6.556100845336914
Epoch 200, training loss: 6.631714820861816
Epoch 210, training loss: 6.412441730499268
Epoch 220, training loss: 6.334898948669434
Epoch 230, training loss: 6.36420202255249
Epoch 240, training loss: 6.482374668121338
Epoch 250, training loss: 6.31913948059082
Epoch 260, training loss: 6.219411373138428
Epoch 270, training loss: 6.159046649932861
Epoch 280, training loss: 6.234862327575684
Epoch 290, training loss: 6.147830009460449
Epoch 300, training loss: 6.050871849060059
Epoch 310, training loss: 6.048711776733398
Epoch 320, training loss: 6.0777201652526855
Epoch 330, training loss: 6.0728654861450195
Epoch 340, training loss: 6.006558418273926
Epoch 350, training loss: 5.983539581298828
Epoch 360, training loss: 5.9546637535095215
Epoch 370, training loss: 5.985958099365234
Epoch 380, training loss: 5.885369777679443
Epoch 390, training loss: 5.905461311340332
Epoch 400, training loss: 5.912660121917725
Epoch 410, training loss: 5.856717586517334
Epoch 420, training loss: 5.831112861633301
Epoch 430, training loss: 5.89530086517334
Epoch 440, training loss: 5.816171646118164
Epoch 450, training loss: 5.77698278427124
Epoch 460, training loss: 5.76869010925293
Epoch 470, training loss: 5.668578147888184
Epoch 480, training loss: 5.667384624481201
Epoch 490, training loss: 5.741133689880371
random
Perturbation Size:0
Accuracy: 0.751
Perturbation Size:1
Accuracy: 0.751
Perturbation Size:2
Accuracy: 0.751
Perturbation Size:3
Accuracy: 0.751
Perturbation Size:4
Accuracy: 0.751
Perturbation Size:5
Accuracy: 0.751
Perturbation Size:6
Accuracy: 0.751
Perturbation Size:7
Accuracy: 0.751
Perturbation Size:8
Accuracy: 0.751
Perturbation Size:9
Accuracy: 0.751
Perturbation Size:10
Accuracy: 0.751
Perturbation Size:11
Accuracy: 0.751
Perturbation Size:12
Accuracy: 0.751
Perturbation Size:13
Accuracy: 0.751
Perturbation Size:14
Accuracy: 0.751
Perturbation Size:15
Accuracy: 0.751
Perturbation Size:16
Accuracy: 0.751
Perturbation Size:17
Accuracy: 0.751
Perturbation Size:18
Accuracy: 0.751
Perturbation Size:19
Accuracy: 0.751
Perturbation Size:20
Accuracy: 0.751
seed 320
=== training gcn model ===
Epoch 0, training loss: 8.599003791809082
Epoch 10, training loss: 8.596548080444336
Epoch 20, training loss: 8.593132019042969
Epoch 30, training loss: 8.570594787597656
Epoch 40, training loss: 8.384263038635254
Epoch 50, training loss: 8.12398910522461
Epoch 60, training loss: 7.79856538772583
Epoch 70, training loss: 7.553528308868408
Epoch 80, training loss: 7.477834701538086
Epoch 90, training loss: 7.327504634857178
Epoch 100, training loss: 7.257311820983887
Epoch 110, training loss: 7.160676956176758
Epoch 120, training loss: 6.967973232269287
Epoch 130, training loss: 7.208358287811279
Epoch 140, training loss: 6.861180782318115
Epoch 150, training loss: 6.833796501159668
Epoch 160, training loss: 6.705914497375488
Epoch 170, training loss: 6.714224815368652
Epoch 180, training loss: 6.62589693069458
Epoch 190, training loss: 6.635252952575684
Epoch 200, training loss: 6.475274085998535
Epoch 210, training loss: 6.419534206390381
Epoch 220, training loss: 6.431304454803467
Epoch 230, training loss: 6.29573392868042
Epoch 240, training loss: 6.246240615844727
Epoch 250, training loss: 6.43898344039917
Epoch 260, training loss: 6.236841678619385
Epoch 270, training loss: 6.224738121032715
Epoch 280, training loss: 6.206371307373047
Epoch 290, training loss: 6.146098613739014
Epoch 300, training loss: 6.1694488525390625
Epoch 310, training loss: 6.036484718322754
Epoch 320, training loss: 6.022184371948242
Epoch 330, training loss: 5.997692584991455
Epoch 340, training loss: 5.9499735832214355
Epoch 350, training loss: 5.985280990600586
Epoch 360, training loss: 6.005663871765137
Epoch 370, training loss: 5.933785915374756
Epoch 380, training loss: 5.793153285980225
Epoch 390, training loss: 5.967212677001953
Epoch 400, training loss: 5.928585529327393
Epoch 410, training loss: 5.956143856048584
Epoch 420, training loss: 5.758956432342529
Epoch 430, training loss: 5.771269798278809
Epoch 440, training loss: 5.828335762023926
Epoch 450, training loss: 5.856513023376465
Epoch 460, training loss: 5.779856204986572
Epoch 470, training loss: 5.709757328033447
Epoch 480, training loss: 5.742040157318115
Epoch 490, training loss: 5.6573944091796875
random
Perturbation Size:0
Accuracy: 0.773
Perturbation Size:1
Accuracy: 0.773
Perturbation Size:2
Accuracy: 0.773
Perturbation Size:3
Accuracy: 0.773
Perturbation Size:4
Accuracy: 0.773
Perturbation Size:5
Accuracy: 0.773
Perturbation Size:6
Accuracy: 0.773
Perturbation Size:7
Accuracy: 0.773
Perturbation Size:8
Accuracy: 0.773
Perturbation Size:9
Accuracy: 0.773
Perturbation Size:10
Accuracy: 0.773
Perturbation Size:11
Accuracy: 0.773
Perturbation Size:12
Accuracy: 0.773
Perturbation Size:13
Accuracy: 0.773
Perturbation Size:14
Accuracy: 0.773
Perturbation Size:15
Accuracy: 0.773
Perturbation Size:16
Accuracy: 0.773
Perturbation Size:17
Accuracy: 0.773
Perturbation Size:18
Accuracy: 0.773
Perturbation Size:19
Accuracy: 0.773
Perturbation Size:20
Accuracy: 0.773
Beta:0.7 Ptb size:0 Accuracy:0.7656000000000001+-0.009789790600416343
Beta:0.7 Ptb size:1 Accuracy:0.7656000000000001+-0.009789790600416343
Beta:0.7 Ptb size:2 Accuracy:0.7656000000000001+-0.009789790600416343
Beta:0.7 Ptb size:3 Accuracy:0.7656000000000001+-0.009789790600416343
Beta:0.7 Ptb size:4 Accuracy:0.7656000000000001+-0.009789790600416343
Beta:0.7 Ptb size:5 Accuracy:0.7656000000000001+-0.009789790600416343
Beta:0.7 Ptb size:6 Accuracy:0.7656000000000001+-0.009789790600416343
Beta:0.7 Ptb size:7 Accuracy:0.7656000000000001+-0.009789790600416343
Beta:0.7 Ptb size:8 Accuracy:0.7656000000000001+-0.009789790600416343
Beta:0.7 Ptb size:9 Accuracy:0.7656000000000001+-0.009789790600416343
Beta:0.7 Ptb size:10 Accuracy:0.7656000000000001+-0.009789790600416343
Beta:0.7 Ptb size:11 Accuracy:0.7656000000000001+-0.009789790600416343
Beta:0.7 Ptb size:12 Accuracy:0.7656000000000001+-0.009789790600416343
Beta:0.7 Ptb size:13 Accuracy:0.7656000000000001+-0.009789790600416343
Beta:0.7 Ptb size:14 Accuracy:0.7656000000000001+-0.009789790600416343
Beta:0.7 Ptb size:15 Accuracy:0.7656000000000001+-0.009789790600416343
Beta:0.7 Ptb size:16 Accuracy:0.7656000000000001+-0.009789790600416343
Beta:0.7 Ptb size:17 Accuracy:0.7656000000000001+-0.009789790600416343
Beta:0.7 Ptb size:18 Accuracy:0.7656000000000001+-0.009789790600416343
Beta:0.7 Ptb size:19 Accuracy:0.7656000000000001+-0.009789790600416343
Beta:0.7 Ptb size:20 Accuracy:0.7656000000000001+-0.009789790600416343
beta 0.8
seed 265
=== training gcn model ===
Epoch 0, training loss: 8.598489761352539
Epoch 10, training loss: 8.596631050109863
Epoch 20, training loss: 8.59444522857666
Epoch 30, training loss: 8.572833061218262
Epoch 40, training loss: 8.29310131072998
Epoch 50, training loss: 7.9358649253845215
Epoch 60, training loss: 7.603607654571533
Epoch 70, training loss: 7.479348659515381
Epoch 80, training loss: 7.352489948272705
Epoch 90, training loss: 7.188972473144531
Epoch 100, training loss: 7.464092254638672
Epoch 110, training loss: 7.106248378753662
Epoch 120, training loss: 6.952704906463623
Epoch 130, training loss: 6.993846893310547
Epoch 140, training loss: 6.981287956237793
Epoch 150, training loss: 6.953794002532959
Epoch 160, training loss: 6.863091945648193
Epoch 170, training loss: 6.702555179595947
Epoch 180, training loss: 6.573519229888916
Epoch 190, training loss: 6.552153587341309
Epoch 200, training loss: 6.536263942718506
Epoch 210, training loss: 6.543454647064209
Epoch 220, training loss: 6.482467174530029
Epoch 230, training loss: 6.481899738311768
Epoch 240, training loss: 6.378656387329102
Epoch 250, training loss: 6.458436965942383
Epoch 260, training loss: 6.326326847076416
Epoch 270, training loss: 6.389343738555908
Epoch 280, training loss: 6.3893561363220215
Epoch 290, training loss: 6.286169528961182
Epoch 300, training loss: 6.185794830322266
Epoch 310, training loss: 6.2274394035339355
Epoch 320, training loss: 6.134951591491699
Epoch 330, training loss: 6.1815266609191895
Epoch 340, training loss: 6.173009872436523
Epoch 350, training loss: 6.1002326011657715
Epoch 360, training loss: 6.096063613891602
Epoch 370, training loss: 6.080477714538574
Epoch 380, training loss: 6.175997734069824
Epoch 390, training loss: 5.965903282165527
Epoch 400, training loss: 6.009415149688721
Epoch 410, training loss: 5.993104457855225
Epoch 420, training loss: 6.030990123748779
Epoch 430, training loss: 6.029653072357178
Epoch 440, training loss: 5.8141961097717285
Epoch 450, training loss: 5.871488571166992
Epoch 460, training loss: 5.853856563568115
Epoch 470, training loss: 5.813440322875977
Epoch 480, training loss: 5.849294185638428
Epoch 490, training loss: 5.825387477874756
random
Perturbation Size:0
Accuracy: 0.766
Perturbation Size:1
Accuracy: 0.766
Perturbation Size:2
Accuracy: 0.766
Perturbation Size:3
Accuracy: 0.766
Perturbation Size:4
Accuracy: 0.766
Perturbation Size:5
Accuracy: 0.766
Perturbation Size:6
Accuracy: 0.766
Perturbation Size:7
Accuracy: 0.766
Perturbation Size:8
Accuracy: 0.766
Perturbation Size:9
Accuracy: 0.766
Perturbation Size:10
Accuracy: 0.766
Perturbation Size:11
Accuracy: 0.766
Perturbation Size:12
Accuracy: 0.766
Perturbation Size:13
Accuracy: 0.766
Perturbation Size:14
Accuracy: 0.766
Perturbation Size:15
Accuracy: 0.766
Perturbation Size:16
Accuracy: 0.766
Perturbation Size:17
Accuracy: 0.766
Perturbation Size:18
Accuracy: 0.766
Perturbation Size:19
Accuracy: 0.766
Perturbation Size:20
Accuracy: 0.766
seed 125
=== training gcn model ===
Epoch 0, training loss: 8.598383903503418
Epoch 10, training loss: 8.5968656539917
Epoch 20, training loss: 8.59549331665039
Epoch 30, training loss: 8.578975677490234
Epoch 40, training loss: 8.44516372680664
Epoch 50, training loss: 8.160513877868652
Epoch 60, training loss: 7.860551834106445
Epoch 70, training loss: 7.65945291519165
Epoch 80, training loss: 7.475210666656494
Epoch 90, training loss: 7.537251949310303
Epoch 100, training loss: 7.4481401443481445
Epoch 110, training loss: 7.199658393859863
Epoch 120, training loss: 7.270287036895752
Epoch 130, training loss: 7.274933338165283
Epoch 140, training loss: 7.051084041595459
Epoch 150, training loss: 6.970358848571777
Epoch 160, training loss: 6.909173011779785
Epoch 170, training loss: 6.909626483917236
Epoch 180, training loss: 6.806662082672119
Epoch 190, training loss: 6.756146430969238
Epoch 200, training loss: 6.670407772064209
Epoch 210, training loss: 6.580159664154053
Epoch 220, training loss: 6.50627326965332
Epoch 230, training loss: 6.588194847106934
Epoch 240, training loss: 6.562600612640381
Epoch 250, training loss: 6.525116920471191
Epoch 260, training loss: 6.418529510498047
Epoch 270, training loss: 6.370262622833252
Epoch 280, training loss: 6.2352495193481445
Epoch 290, training loss: 6.420232772827148
Epoch 300, training loss: 6.363807678222656
Epoch 310, training loss: 6.317772388458252
Epoch 320, training loss: 6.331747531890869
Epoch 330, training loss: 6.117884635925293
Epoch 340, training loss: 6.241654872894287
Epoch 350, training loss: 6.141839504241943
Epoch 360, training loss: 6.140745162963867
Epoch 370, training loss: 6.066582202911377
Epoch 380, training loss: 6.187929153442383
Epoch 390, training loss: 5.918015480041504
Epoch 400, training loss: 5.999156951904297
Epoch 410, training loss: 6.01113748550415
Epoch 420, training loss: 5.953058242797852
Epoch 430, training loss: 6.004337310791016
Epoch 440, training loss: 5.943497180938721
Epoch 450, training loss: 5.895863056182861
Epoch 460, training loss: 5.898697853088379
Epoch 470, training loss: 5.855776786804199
Epoch 480, training loss: 5.779875755310059
Epoch 490, training loss: 5.776465892791748
random
Perturbation Size:0
Accuracy: 0.782
Perturbation Size:1
Accuracy: 0.782
Perturbation Size:2
Accuracy: 0.782
Perturbation Size:3
Accuracy: 0.782
Perturbation Size:4
Accuracy: 0.782
Perturbation Size:5
Accuracy: 0.782
Perturbation Size:6
Accuracy: 0.782
Perturbation Size:7
Accuracy: 0.782
Perturbation Size:8
Accuracy: 0.782
Perturbation Size:9
Accuracy: 0.782
Perturbation Size:10
Accuracy: 0.782
Perturbation Size:11
Accuracy: 0.782
Perturbation Size:12
Accuracy: 0.782
Perturbation Size:13
Accuracy: 0.782
Perturbation Size:14
Accuracy: 0.782
Perturbation Size:15
Accuracy: 0.782
Perturbation Size:16
Accuracy: 0.782
Perturbation Size:17
Accuracy: 0.782
Perturbation Size:18
Accuracy: 0.782
Perturbation Size:19
Accuracy: 0.782
Perturbation Size:20
Accuracy: 0.782
seed 996
=== training gcn model ===
Epoch 0, training loss: 8.598886489868164
Epoch 10, training loss: 8.596414566040039
Epoch 20, training loss: 8.594051361083984
Epoch 30, training loss: 8.557051658630371
Epoch 40, training loss: 8.278489112854004
Epoch 50, training loss: 8.040865898132324
Epoch 60, training loss: 7.81089448928833
Epoch 70, training loss: 7.483363628387451
Epoch 80, training loss: 7.620680809020996
Epoch 90, training loss: 7.368943691253662
Epoch 100, training loss: 7.204355239868164
Epoch 110, training loss: 7.157588481903076
Epoch 120, training loss: 7.076889991760254
Epoch 130, training loss: 6.943780422210693
Epoch 140, training loss: 6.944543361663818
Epoch 150, training loss: 6.803137302398682
Epoch 160, training loss: 6.874181270599365
Epoch 170, training loss: 6.802536487579346
Epoch 180, training loss: 6.902309894561768
Epoch 190, training loss: 6.7243828773498535
Epoch 200, training loss: 6.709139823913574
Epoch 210, training loss: 6.515092372894287
Epoch 220, training loss: 6.4990153312683105
Epoch 230, training loss: 6.5515456199646
Epoch 240, training loss: 6.509512901306152
Epoch 250, training loss: 6.478030204772949
Epoch 260, training loss: 6.481334209442139
Epoch 270, training loss: 6.500385761260986
Epoch 280, training loss: 6.493040084838867
Epoch 290, training loss: 6.376016616821289
Epoch 300, training loss: 6.304579734802246
Epoch 310, training loss: 6.2992024421691895
Epoch 320, training loss: 6.374584197998047
Epoch 330, training loss: 6.358315944671631
Epoch 340, training loss: 6.272725582122803
Epoch 350, training loss: 6.292800426483154
Epoch 360, training loss: 6.331664562225342
Epoch 370, training loss: 6.238990783691406
Epoch 380, training loss: 6.089558124542236
Epoch 390, training loss: 6.134049892425537
Epoch 400, training loss: 6.115311622619629
Epoch 410, training loss: 6.075946807861328
Epoch 420, training loss: 6.035740852355957
Epoch 430, training loss: 6.048130035400391
Epoch 440, training loss: 5.98884391784668
Epoch 450, training loss: 5.937586307525635
Epoch 460, training loss: 5.976158618927002
Epoch 470, training loss: 5.987832069396973
Epoch 480, training loss: 6.050848960876465
Epoch 490, training loss: 5.963512420654297
random
Perturbation Size:0
Accuracy: 0.774
Perturbation Size:1
Accuracy: 0.774
Perturbation Size:2
Accuracy: 0.774
Perturbation Size:3
Accuracy: 0.774
Perturbation Size:4
Accuracy: 0.774
Perturbation Size:5
Accuracy: 0.774
Perturbation Size:6
Accuracy: 0.774
Perturbation Size:7
Accuracy: 0.774
Perturbation Size:8
Accuracy: 0.774
Perturbation Size:9
Accuracy: 0.774
Perturbation Size:10
Accuracy: 0.774
Perturbation Size:11
Accuracy: 0.774
Perturbation Size:12
Accuracy: 0.774
Perturbation Size:13
Accuracy: 0.774
Perturbation Size:14
Accuracy: 0.774
Perturbation Size:15
Accuracy: 0.774
Perturbation Size:16
Accuracy: 0.774
Perturbation Size:17
Accuracy: 0.774
Perturbation Size:18
Accuracy: 0.774
Perturbation Size:19
Accuracy: 0.774
Perturbation Size:20
Accuracy: 0.774
seed 527
=== training gcn model ===
Epoch 0, training loss: 8.598661422729492
Epoch 10, training loss: 8.596641540527344
Epoch 20, training loss: 8.594191551208496
Epoch 30, training loss: 8.543083190917969
Epoch 40, training loss: 8.267938613891602
Epoch 50, training loss: 7.951753616333008
Epoch 60, training loss: 7.750478744506836
Epoch 70, training loss: 7.66222620010376
Epoch 80, training loss: 7.492536544799805
Epoch 90, training loss: 7.259345531463623
Epoch 100, training loss: 7.256211280822754
Epoch 110, training loss: 7.144879341125488
Epoch 120, training loss: 7.029705047607422
Epoch 130, training loss: 7.038209915161133
Epoch 140, training loss: 6.931268215179443
Epoch 150, training loss: 6.900102615356445
Epoch 160, training loss: 6.704653739929199
Epoch 170, training loss: 6.788284778594971
Epoch 180, training loss: 6.70340633392334
Epoch 190, training loss: 6.5429182052612305
Epoch 200, training loss: 6.614048480987549
Epoch 210, training loss: 6.401465892791748
Epoch 220, training loss: 6.334352016448975
Epoch 230, training loss: 6.35791015625
Epoch 240, training loss: 6.473715782165527
Epoch 250, training loss: 6.311403751373291
Epoch 260, training loss: 6.212942600250244
Epoch 270, training loss: 6.155508518218994
Epoch 280, training loss: 6.230512619018555
Epoch 290, training loss: 6.145505428314209
Epoch 300, training loss: 6.043674468994141
Epoch 310, training loss: 6.046770095825195
Epoch 320, training loss: 6.0733113288879395
Epoch 330, training loss: 6.069177150726318
Epoch 340, training loss: 6.001833438873291
Epoch 350, training loss: 5.976811408996582
Epoch 360, training loss: 5.954292297363281
Epoch 370, training loss: 5.978954315185547
Epoch 380, training loss: 5.8793416023254395
Epoch 390, training loss: 5.899899482727051
Epoch 400, training loss: 5.901828765869141
Epoch 410, training loss: 5.858296871185303
Epoch 420, training loss: 5.823813438415527
Epoch 430, training loss: 5.892218589782715
Epoch 440, training loss: 5.816620349884033
Epoch 450, training loss: 5.769966125488281
Epoch 460, training loss: 5.7588324546813965
Epoch 470, training loss: 5.662510395050049
Epoch 480, training loss: 5.660083293914795
Epoch 490, training loss: 5.734430313110352
random
Perturbation Size:0
Accuracy: 0.759
Perturbation Size:1
Accuracy: 0.759
Perturbation Size:2
Accuracy: 0.759
Perturbation Size:3
Accuracy: 0.759
Perturbation Size:4
Accuracy: 0.759
Perturbation Size:5
Accuracy: 0.759
Perturbation Size:6
Accuracy: 0.759
Perturbation Size:7
Accuracy: 0.759
Perturbation Size:8
Accuracy: 0.759
Perturbation Size:9
Accuracy: 0.759
Perturbation Size:10
Accuracy: 0.759
Perturbation Size:11
Accuracy: 0.759
Perturbation Size:12
Accuracy: 0.759
Perturbation Size:13
Accuracy: 0.759
Perturbation Size:14
Accuracy: 0.759
Perturbation Size:15
Accuracy: 0.759
Perturbation Size:16
Accuracy: 0.759
Perturbation Size:17
Accuracy: 0.759
Perturbation Size:18
Accuracy: 0.759
Perturbation Size:19
Accuracy: 0.759
Perturbation Size:20
Accuracy: 0.759
seed 320
=== training gcn model ===
Epoch 0, training loss: 8.598881721496582
Epoch 10, training loss: 8.596490859985352
Epoch 20, training loss: 8.592996597290039
Epoch 30, training loss: 8.569369316101074
Epoch 40, training loss: 8.381245613098145
Epoch 50, training loss: 8.121767044067383
Epoch 60, training loss: 7.7962212562561035
Epoch 70, training loss: 7.551277160644531
Epoch 80, training loss: 7.477982997894287
Epoch 90, training loss: 7.323172569274902
Epoch 100, training loss: 7.255127906799316
Epoch 110, training loss: 7.1554436683654785
Epoch 120, training loss: 6.967104911804199
Epoch 130, training loss: 7.206051826477051
Epoch 140, training loss: 6.861372470855713
Epoch 150, training loss: 6.835451126098633
Epoch 160, training loss: 6.7068610191345215
Epoch 170, training loss: 6.715664386749268
Epoch 180, training loss: 6.630392074584961
Epoch 190, training loss: 6.641759395599365
Epoch 200, training loss: 6.476504802703857
Epoch 210, training loss: 6.426241397857666
Epoch 220, training loss: 6.435378074645996
Epoch 230, training loss: 6.301154613494873
Epoch 240, training loss: 6.251622676849365
Epoch 250, training loss: 6.445623397827148
Epoch 260, training loss: 6.242337226867676
Epoch 270, training loss: 6.229761600494385
Epoch 280, training loss: 6.210422515869141
Epoch 290, training loss: 6.1474289894104
Epoch 300, training loss: 6.178986549377441
Epoch 310, training loss: 6.040637016296387
Epoch 320, training loss: 6.026975631713867
Epoch 330, training loss: 6.001295566558838
Epoch 340, training loss: 5.952696323394775
Epoch 350, training loss: 5.992784023284912
Epoch 360, training loss: 6.007846832275391
Epoch 370, training loss: 5.935534477233887
Epoch 380, training loss: 5.793642997741699
Epoch 390, training loss: 5.971667289733887
Epoch 400, training loss: 5.929794788360596
Epoch 410, training loss: 5.961649417877197
Epoch 420, training loss: 5.765771865844727
Epoch 430, training loss: 5.770578384399414
Epoch 440, training loss: 5.833711624145508
Epoch 450, training loss: 5.855762958526611
Epoch 460, training loss: 5.784992218017578
Epoch 470, training loss: 5.706271171569824
Epoch 480, training loss: 5.746511936187744
Epoch 490, training loss: 5.655722141265869
random
Perturbation Size:0
Accuracy: 0.769
Perturbation Size:1
Accuracy: 0.769
Perturbation Size:2
Accuracy: 0.769
Perturbation Size:3
Accuracy: 0.769
Perturbation Size:4
Accuracy: 0.769
Perturbation Size:5
Accuracy: 0.769
Perturbation Size:6
Accuracy: 0.769
Perturbation Size:7
Accuracy: 0.769
Perturbation Size:8
Accuracy: 0.769
Perturbation Size:9
Accuracy: 0.769
Perturbation Size:10
Accuracy: 0.769
Perturbation Size:11
Accuracy: 0.769
Perturbation Size:12
Accuracy: 0.769
Perturbation Size:13
Accuracy: 0.769
Perturbation Size:14
Accuracy: 0.769
Perturbation Size:15
Accuracy: 0.769
Perturbation Size:16
Accuracy: 0.769
Perturbation Size:17
Accuracy: 0.769
Perturbation Size:18
Accuracy: 0.769
Perturbation Size:19
Accuracy: 0.769
Perturbation Size:20
Accuracy: 0.769
Beta:0.8 Ptb size:0 Accuracy:0.77+-0.007720103626247521
Beta:0.8 Ptb size:1 Accuracy:0.77+-0.007720103626247521
Beta:0.8 Ptb size:2 Accuracy:0.77+-0.007720103626247521
Beta:0.8 Ptb size:3 Accuracy:0.77+-0.007720103626247521
Beta:0.8 Ptb size:4 Accuracy:0.77+-0.007720103626247521
Beta:0.8 Ptb size:5 Accuracy:0.77+-0.007720103626247521
Beta:0.8 Ptb size:6 Accuracy:0.77+-0.007720103626247521
Beta:0.8 Ptb size:7 Accuracy:0.77+-0.007720103626247521
Beta:0.8 Ptb size:8 Accuracy:0.77+-0.007720103626247521
Beta:0.8 Ptb size:9 Accuracy:0.77+-0.007720103626247521
Beta:0.8 Ptb size:10 Accuracy:0.77+-0.007720103626247521
Beta:0.8 Ptb size:11 Accuracy:0.77+-0.007720103626247521
Beta:0.8 Ptb size:12 Accuracy:0.77+-0.007720103626247521
Beta:0.8 Ptb size:13 Accuracy:0.77+-0.007720103626247521
Beta:0.8 Ptb size:14 Accuracy:0.77+-0.007720103626247521
Beta:0.8 Ptb size:15 Accuracy:0.77+-0.007720103626247521
Beta:0.8 Ptb size:16 Accuracy:0.77+-0.007720103626247521
Beta:0.8 Ptb size:17 Accuracy:0.77+-0.007720103626247521
Beta:0.8 Ptb size:18 Accuracy:0.77+-0.007720103626247521
Beta:0.8 Ptb size:19 Accuracy:0.77+-0.007720103626247521
Beta:0.8 Ptb size:20 Accuracy:0.77+-0.007720103626247521
beta 0.9
seed 265
=== training gcn model ===
Epoch 0, training loss: 8.598297119140625
Epoch 10, training loss: 8.596586227416992
Epoch 20, training loss: 8.594144821166992
Epoch 30, training loss: 8.56804370880127
Epoch 40, training loss: 8.280839920043945
Epoch 50, training loss: 7.930667400360107
Epoch 60, training loss: 7.594684600830078
Epoch 70, training loss: 7.4705400466918945
Epoch 80, training loss: 7.35108757019043
Epoch 90, training loss: 7.187680244445801
Epoch 100, training loss: 7.467123508453369
Epoch 110, training loss: 7.106054306030273
Epoch 120, training loss: 6.955230712890625
Epoch 130, training loss: 6.99322509765625
Epoch 140, training loss: 6.983481407165527
Epoch 150, training loss: 6.961201190948486
Epoch 160, training loss: 6.869493007659912
Epoch 170, training loss: 6.711658477783203
Epoch 180, training loss: 6.577910423278809
Epoch 190, training loss: 6.556525230407715
Epoch 200, training loss: 6.543233871459961
Epoch 210, training loss: 6.552524566650391
Epoch 220, training loss: 6.484282493591309
Epoch 230, training loss: 6.488152503967285
Epoch 240, training loss: 6.382412910461426
Epoch 250, training loss: 6.458098411560059
Epoch 260, training loss: 6.330583095550537
Epoch 270, training loss: 6.393321514129639
Epoch 280, training loss: 6.395596981048584
Epoch 290, training loss: 6.296635627746582
Epoch 300, training loss: 6.193041801452637
Epoch 310, training loss: 6.233570575714111
Epoch 320, training loss: 6.141353130340576
Epoch 330, training loss: 6.183792591094971
Epoch 340, training loss: 6.181072235107422
Epoch 350, training loss: 6.10632848739624
Epoch 360, training loss: 6.099782943725586
Epoch 370, training loss: 6.093319892883301
Epoch 380, training loss: 6.184899806976318
Epoch 390, training loss: 5.977262496948242
Epoch 400, training loss: 6.022289752960205
Epoch 410, training loss: 6.0007476806640625
Epoch 420, training loss: 6.04076623916626
Epoch 430, training loss: 6.040984630584717
Epoch 440, training loss: 5.818794250488281
Epoch 450, training loss: 5.882071018218994
Epoch 460, training loss: 5.865509033203125
Epoch 470, training loss: 5.826938629150391
Epoch 480, training loss: 5.853641510009766
Epoch 490, training loss: 5.84006404876709
random
Perturbation Size:0
Accuracy: 0.753
Perturbation Size:1
Accuracy: 0.753
Perturbation Size:2
Accuracy: 0.753
Perturbation Size:3
Accuracy: 0.753
Perturbation Size:4
Accuracy: 0.753
Perturbation Size:5
Accuracy: 0.753
Perturbation Size:6
Accuracy: 0.753
Perturbation Size:7
Accuracy: 0.753
Perturbation Size:8
Accuracy: 0.753
Perturbation Size:9
Accuracy: 0.753
Perturbation Size:10
Accuracy: 0.753
Perturbation Size:11
Accuracy: 0.753
Perturbation Size:12
Accuracy: 0.753
Perturbation Size:13
Accuracy: 0.753
Perturbation Size:14
Accuracy: 0.753
Perturbation Size:15
Accuracy: 0.753
Perturbation Size:16
Accuracy: 0.753
Perturbation Size:17
Accuracy: 0.753
Perturbation Size:18
Accuracy: 0.753
Perturbation Size:19
Accuracy: 0.753
Perturbation Size:20
Accuracy: 0.753
seed 125
=== training gcn model ===
Epoch 0, training loss: 8.598149299621582
Epoch 10, training loss: 8.596822738647461
Epoch 20, training loss: 8.595233917236328
Epoch 30, training loss: 8.574377059936523
Epoch 40, training loss: 8.424245834350586
Epoch 50, training loss: 8.128082275390625
Epoch 60, training loss: 7.840700626373291
Epoch 70, training loss: 7.6339874267578125
Epoch 80, training loss: 7.443695545196533
Epoch 90, training loss: 7.5012593269348145
Epoch 100, training loss: 7.436384201049805
Epoch 110, training loss: 7.189362049102783
Epoch 120, training loss: 7.266700267791748
Epoch 130, training loss: 7.264650344848633
Epoch 140, training loss: 7.0305705070495605
Epoch 150, training loss: 6.9539570808410645
Epoch 160, training loss: 6.886395454406738
Epoch 170, training loss: 6.894089698791504
Epoch 180, training loss: 6.798496246337891
Epoch 190, training loss: 6.747034072875977
Epoch 200, training loss: 6.660909175872803
Epoch 210, training loss: 6.570286273956299
Epoch 220, training loss: 6.494186878204346
Epoch 230, training loss: 6.576356410980225
Epoch 240, training loss: 6.556024551391602
Epoch 250, training loss: 6.510540008544922
Epoch 260, training loss: 6.400145053863525
Epoch 270, training loss: 6.368227481842041
Epoch 280, training loss: 6.228338718414307
Epoch 290, training loss: 6.4072113037109375
Epoch 300, training loss: 6.3587212562561035
Epoch 310, training loss: 6.316945552825928
Epoch 320, training loss: 6.323666095733643
Epoch 330, training loss: 6.111323833465576
Epoch 340, training loss: 6.231319904327393
Epoch 350, training loss: 6.1371750831604
Epoch 360, training loss: 6.1473164558410645
Epoch 370, training loss: 6.058379650115967
Epoch 380, training loss: 6.177003860473633
Epoch 390, training loss: 5.909860610961914
Epoch 400, training loss: 5.993169784545898
Epoch 410, training loss: 6.007911682128906
Epoch 420, training loss: 5.9534077644348145
Epoch 430, training loss: 6.006874084472656
Epoch 440, training loss: 5.941295146942139
Epoch 450, training loss: 5.89678430557251
Epoch 460, training loss: 5.897049903869629
Epoch 470, training loss: 5.8620381355285645
Epoch 480, training loss: 5.778491973876953
Epoch 490, training loss: 5.770905017852783
random
Perturbation Size:0
Accuracy: 0.787
Perturbation Size:1
Accuracy: 0.787
Perturbation Size:2
Accuracy: 0.787
Perturbation Size:3
Accuracy: 0.787
Perturbation Size:4
Accuracy: 0.787
Perturbation Size:5
Accuracy: 0.787
Perturbation Size:6
Accuracy: 0.787
Perturbation Size:7
Accuracy: 0.787
Perturbation Size:8
Accuracy: 0.787
Perturbation Size:9
Accuracy: 0.787
Perturbation Size:10
Accuracy: 0.787
Perturbation Size:11
Accuracy: 0.787
Perturbation Size:12
Accuracy: 0.787
Perturbation Size:13
Accuracy: 0.787
Perturbation Size:14
Accuracy: 0.787
Perturbation Size:15
Accuracy: 0.787
Perturbation Size:16
Accuracy: 0.787
Perturbation Size:17
Accuracy: 0.787
Perturbation Size:18
Accuracy: 0.787
Perturbation Size:19
Accuracy: 0.787
Perturbation Size:20
Accuracy: 0.787
seed 996
=== training gcn model ===
Epoch 0, training loss: 8.598678588867188
Epoch 10, training loss: 8.59636402130127
Epoch 20, training loss: 8.593718528747559
Epoch 30, training loss: 8.549755096435547
Epoch 40, training loss: 8.27249526977539
Epoch 50, training loss: 8.034408569335938
Epoch 60, training loss: 7.800404071807861
Epoch 70, training loss: 7.471778392791748
Epoch 80, training loss: 7.614830493927002
Epoch 90, training loss: 7.3683905601501465
Epoch 100, training loss: 7.198850631713867
Epoch 110, training loss: 7.15032434463501
Epoch 120, training loss: 7.072668075561523
Epoch 130, training loss: 6.94152307510376
Epoch 140, training loss: 6.943603038787842
Epoch 150, training loss: 6.800321578979492
Epoch 160, training loss: 6.871824264526367
Epoch 170, training loss: 6.795907497406006
Epoch 180, training loss: 6.8980913162231445
Epoch 190, training loss: 6.722677707672119
Epoch 200, training loss: 6.711922645568848
Epoch 210, training loss: 6.514841556549072
Epoch 220, training loss: 6.499276638031006
Epoch 230, training loss: 6.5520453453063965
Epoch 240, training loss: 6.510494709014893
Epoch 250, training loss: 6.479825496673584
Epoch 260, training loss: 6.485315322875977
Epoch 270, training loss: 6.497559070587158
Epoch 280, training loss: 6.491106033325195
Epoch 290, training loss: 6.3698272705078125
Epoch 300, training loss: 6.301902770996094
Epoch 310, training loss: 6.294240951538086
Epoch 320, training loss: 6.373185157775879
Epoch 330, training loss: 6.357161521911621
Epoch 340, training loss: 6.276374816894531
Epoch 350, training loss: 6.291930198669434
Epoch 360, training loss: 6.323958873748779
Epoch 370, training loss: 6.236250877380371
Epoch 380, training loss: 6.087000370025635
Epoch 390, training loss: 6.130056381225586
Epoch 400, training loss: 6.113243579864502
Epoch 410, training loss: 6.073343753814697
Epoch 420, training loss: 6.03791618347168
Epoch 430, training loss: 6.046074867248535
Epoch 440, training loss: 5.987615585327148
Epoch 450, training loss: 5.931952953338623
Epoch 460, training loss: 5.982890605926514
Epoch 470, training loss: 5.990342617034912
Epoch 480, training loss: 6.051177024841309
Epoch 490, training loss: 5.968427658081055
random
Perturbation Size:0
Accuracy: 0.78
Perturbation Size:1
Accuracy: 0.78
Perturbation Size:2
Accuracy: 0.78
Perturbation Size:3
Accuracy: 0.78
Perturbation Size:4
Accuracy: 0.78
Perturbation Size:5
Accuracy: 0.78
Perturbation Size:6
Accuracy: 0.78
Perturbation Size:7
Accuracy: 0.78
Perturbation Size:8
Accuracy: 0.78
Perturbation Size:9
Accuracy: 0.78
Perturbation Size:10
Accuracy: 0.78
Perturbation Size:11
Accuracy: 0.78
Perturbation Size:12
Accuracy: 0.78
Perturbation Size:13
Accuracy: 0.78
Perturbation Size:14
Accuracy: 0.78
Perturbation Size:15
Accuracy: 0.78
Perturbation Size:16
Accuracy: 0.78
Perturbation Size:17
Accuracy: 0.78
Perturbation Size:18
Accuracy: 0.78
Perturbation Size:19
Accuracy: 0.78
Perturbation Size:20
Accuracy: 0.78
seed 527
=== training gcn model ===
Epoch 0, training loss: 8.598419189453125
Epoch 10, training loss: 8.596542358398438
Epoch 20, training loss: 8.593729972839355
Epoch 30, training loss: 8.527832984924316
Epoch 40, training loss: 8.246938705444336
Epoch 50, training loss: 7.930426597595215
Epoch 60, training loss: 7.736303329467773
Epoch 70, training loss: 7.659394264221191
Epoch 80, training loss: 7.490968227386475
Epoch 90, training loss: 7.259556293487549
Epoch 100, training loss: 7.255739688873291
Epoch 110, training loss: 7.146232604980469
Epoch 120, training loss: 7.032205581665039
Epoch 130, training loss: 7.037312030792236
Epoch 140, training loss: 6.9293742179870605
Epoch 150, training loss: 6.895430564880371
Epoch 160, training loss: 6.700550079345703
Epoch 170, training loss: 6.774738311767578
Epoch 180, training loss: 6.685714244842529
Epoch 190, training loss: 6.532478332519531
Epoch 200, training loss: 6.597172737121582
Epoch 210, training loss: 6.392853736877441
Epoch 220, training loss: 6.336874961853027
Epoch 230, training loss: 6.353916645050049
Epoch 240, training loss: 6.470540523529053
Epoch 250, training loss: 6.307343006134033
Epoch 260, training loss: 6.213271141052246
Epoch 270, training loss: 6.1502180099487305
Epoch 280, training loss: 6.227527618408203
Epoch 290, training loss: 6.145025253295898
Epoch 300, training loss: 6.045847415924072
Epoch 310, training loss: 6.041394233703613
Epoch 320, training loss: 6.076169013977051
Epoch 330, training loss: 6.065079212188721
Epoch 340, training loss: 6.002594470977783
Epoch 350, training loss: 5.976458549499512
Epoch 360, training loss: 5.949471950531006
Epoch 370, training loss: 5.9790191650390625
Epoch 380, training loss: 5.878013610839844
Epoch 390, training loss: 5.897711277008057
Epoch 400, training loss: 5.903548240661621
Epoch 410, training loss: 5.857513904571533
Epoch 420, training loss: 5.821570873260498
Epoch 430, training loss: 5.8948845863342285
Epoch 440, training loss: 5.819899082183838
Epoch 450, training loss: 5.7712907791137695
Epoch 460, training loss: 5.762136459350586
Epoch 470, training loss: 5.665188789367676
Epoch 480, training loss: 5.663111209869385
Epoch 490, training loss: 5.736286163330078
random
Perturbation Size:0
Accuracy: 0.758
Perturbation Size:1
Accuracy: 0.758
Perturbation Size:2
Accuracy: 0.758
Perturbation Size:3
Accuracy: 0.758
Perturbation Size:4
Accuracy: 0.758
Perturbation Size:5
Accuracy: 0.758
Perturbation Size:6
Accuracy: 0.758
Perturbation Size:7
Accuracy: 0.758
Perturbation Size:8
Accuracy: 0.758
Perturbation Size:9
Accuracy: 0.758
Perturbation Size:10
Accuracy: 0.758
Perturbation Size:11
Accuracy: 0.758
Perturbation Size:12
Accuracy: 0.758
Perturbation Size:13
Accuracy: 0.758
Perturbation Size:14
Accuracy: 0.758
Perturbation Size:15
Accuracy: 0.758
Perturbation Size:16
Accuracy: 0.758
Perturbation Size:17
Accuracy: 0.758
Perturbation Size:18
Accuracy: 0.758
Perturbation Size:19
Accuracy: 0.758
Perturbation Size:20
Accuracy: 0.758
seed 320
=== training gcn model ===
Epoch 0, training loss: 8.598618507385254
Epoch 10, training loss: 8.596355438232422
Epoch 20, training loss: 8.592425346374512
Epoch 30, training loss: 8.563699722290039
Epoch 40, training loss: 8.365480422973633
Epoch 50, training loss: 8.114502906799316
Epoch 60, training loss: 7.786245822906494
Epoch 70, training loss: 7.547179222106934
Epoch 80, training loss: 7.479363441467285
Epoch 90, training loss: 7.331109523773193
Epoch 100, training loss: 7.263068199157715
Epoch 110, training loss: 7.156213760375977
Epoch 120, training loss: 6.974695682525635
Epoch 130, training loss: 7.207896709442139
Epoch 140, training loss: 6.867725372314453
Epoch 150, training loss: 6.841324806213379
Epoch 160, training loss: 6.719946384429932
Epoch 170, training loss: 6.729249477386475
Epoch 180, training loss: 6.639420986175537
Epoch 190, training loss: 6.653825759887695
Epoch 200, training loss: 6.485620975494385
Epoch 210, training loss: 6.442415237426758
Epoch 220, training loss: 6.459240913391113
Epoch 230, training loss: 6.318960666656494
Epoch 240, training loss: 6.269093990325928
Epoch 250, training loss: 6.451898097991943
Epoch 260, training loss: 6.255817413330078
Epoch 270, training loss: 6.250144004821777
Epoch 280, training loss: 6.226663112640381
Epoch 290, training loss: 6.157463550567627
Epoch 300, training loss: 6.1961822509765625
Epoch 310, training loss: 6.055051803588867
Epoch 320, training loss: 6.036587715148926
Epoch 330, training loss: 6.014425277709961
Epoch 340, training loss: 5.968132495880127
Epoch 350, training loss: 6.001281261444092
Epoch 360, training loss: 6.029644966125488
Epoch 370, training loss: 5.94230318069458
Epoch 380, training loss: 5.805858612060547
Epoch 390, training loss: 5.978603839874268
Epoch 400, training loss: 5.945379257202148
Epoch 410, training loss: 5.973604679107666
Epoch 420, training loss: 5.775025367736816
Epoch 430, training loss: 5.777663707733154
Epoch 440, training loss: 5.855720520019531
Epoch 450, training loss: 5.863643646240234
Epoch 460, training loss: 5.7990546226501465
Epoch 470, training loss: 5.71640157699585
Epoch 480, training loss: 5.751811504364014
Epoch 490, training loss: 5.672556400299072
random
Perturbation Size:0
Accuracy: 0.769
Perturbation Size:1
Accuracy: 0.769
Perturbation Size:2
Accuracy: 0.769
Perturbation Size:3
Accuracy: 0.769
Perturbation Size:4
Accuracy: 0.769
Perturbation Size:5
Accuracy: 0.769
Perturbation Size:6
Accuracy: 0.769
Perturbation Size:7
Accuracy: 0.769
Perturbation Size:8
Accuracy: 0.769
Perturbation Size:9
Accuracy: 0.769
Perturbation Size:10
Accuracy: 0.769
Perturbation Size:11
Accuracy: 0.769
Perturbation Size:12
Accuracy: 0.769
Perturbation Size:13
Accuracy: 0.769
Perturbation Size:14
Accuracy: 0.769
Perturbation Size:15
Accuracy: 0.769
Perturbation Size:16
Accuracy: 0.769
Perturbation Size:17
Accuracy: 0.769
Perturbation Size:18
Accuracy: 0.769
Perturbation Size:19
Accuracy: 0.769
Perturbation Size:20
Accuracy: 0.769
Beta:0.9 Ptb size:0 Accuracy:0.7694000000000001+-0.012815615474880646
Beta:0.9 Ptb size:1 Accuracy:0.7694000000000001+-0.012815615474880646
Beta:0.9 Ptb size:2 Accuracy:0.7694000000000001+-0.012815615474880646
Beta:0.9 Ptb size:3 Accuracy:0.7694000000000001+-0.012815615474880646
Beta:0.9 Ptb size:4 Accuracy:0.7694000000000001+-0.012815615474880646
Beta:0.9 Ptb size:5 Accuracy:0.7694000000000001+-0.012815615474880646
Beta:0.9 Ptb size:6 Accuracy:0.7694000000000001+-0.012815615474880646
Beta:0.9 Ptb size:7 Accuracy:0.7694000000000001+-0.012815615474880646
Beta:0.9 Ptb size:8 Accuracy:0.7694000000000001+-0.012815615474880646
Beta:0.9 Ptb size:9 Accuracy:0.7694000000000001+-0.012815615474880646
Beta:0.9 Ptb size:10 Accuracy:0.7694000000000001+-0.012815615474880646
Beta:0.9 Ptb size:11 Accuracy:0.7694000000000001+-0.012815615474880646
Beta:0.9 Ptb size:12 Accuracy:0.7694000000000001+-0.012815615474880646
Beta:0.9 Ptb size:13 Accuracy:0.7694000000000001+-0.012815615474880646
Beta:0.9 Ptb size:14 Accuracy:0.7694000000000001+-0.012815615474880646
Beta:0.9 Ptb size:15 Accuracy:0.7694000000000001+-0.012815615474880646
Beta:0.9 Ptb size:16 Accuracy:0.7694000000000001+-0.012815615474880646
Beta:0.9 Ptb size:17 Accuracy:0.7694000000000001+-0.012815615474880646
Beta:0.9 Ptb size:18 Accuracy:0.7694000000000001+-0.012815615474880646
Beta:0.9 Ptb size:19 Accuracy:0.7694000000000001+-0.012815615474880646
Beta:0.9 Ptb size:20 Accuracy:0.7694000000000001+-0.012815615474880646
