nohup: ignoring input
run_gnn.py:14: DeprecationWarning: the imp module is deprecated in favour of importlib; see the module's documentation for alternative uses
  import imp
Namespace(attack='random', cuda=True, dataset='Cora', debug=True, device_id=0, dropout=0.5, hidden=32, model='GNNGuard', no_cuda=False, num_hidden=32, num_proj_hidden=32, num_repeat=5, seed=10, select_target_ratio=0.1, test_model='GCN', train_lr=0.01, train_num_epochs=200, weight_decay=0.0005)
=== training gcn model ===
=== picking the best model according to the performance on validation ===
random
Perturbation Size:0
Accuracy: 0.774
Perturbation Size:1
Accuracy: 0.762
Perturbation Size:2
Accuracy: 0.76
Perturbation Size:3
Accuracy: 0.764
Perturbation Size:4
Accuracy: 0.77
Perturbation Size:5
Accuracy: 0.752
Perturbation Size:6
Accuracy: 0.751
Perturbation Size:7
Accuracy: 0.754
Perturbation Size:8
Accuracy: 0.747
Perturbation Size:9
Accuracy: 0.743
Perturbation Size:10
Accuracy: 0.723
=== training gcn model ===
=== picking the best model according to the performance on validation ===
random
Perturbation Size:0
Accuracy: 0.769
Perturbation Size:1
Accuracy: 0.762
Perturbation Size:2
Accuracy: 0.756
Perturbation Size:3
Accuracy: 0.755
Perturbation Size:4
Accuracy: 0.76
Perturbation Size:5
Accuracy: 0.752
Perturbation Size:6
Accuracy: 0.75
Perturbation Size:7
Accuracy: 0.746
Perturbation Size:8
Accuracy: 0.741
Perturbation Size:9
Accuracy: 0.727
Perturbation Size:10
Accuracy: 0.704
=== training gcn model ===
=== picking the best model according to the performance on validation ===
random
Perturbation Size:0
Accuracy: 0.771
Perturbation Size:1
Accuracy: 0.76
Perturbation Size:2
Accuracy: 0.759
Perturbation Size:3
Accuracy: 0.757
Perturbation Size:4
Accuracy: 0.766
Perturbation Size:5
Accuracy: 0.749
Perturbation Size:6
Accuracy: 0.758
Perturbation Size:7
Accuracy: 0.757
Perturbation Size:8
Accuracy: 0.75
Perturbation Size:9
Accuracy: 0.748
Perturbation Size:10
Accuracy: 0.736
=== training gcn model ===
=== picking the best model according to the performance on validation ===
random
Perturbation Size:0
Accuracy: 0.771
Perturbation Size:1
Accuracy: 0.766
Perturbation Size:2
Accuracy: 0.754
Perturbation Size:3
Accuracy: 0.756
Perturbation Size:4
Accuracy: 0.754
Perturbation Size:5
Accuracy: 0.732
Perturbation Size:6
Accuracy: 0.748
Perturbation Size:7
Accuracy: 0.747
Perturbation Size:8
Accuracy: 0.746
Perturbation Size:9
Accuracy: 0.744
Perturbation Size:10
Accuracy: 0.721
=== training gcn model ===
=== picking the best model according to the performance on validation ===
random
Perturbation Size:0
Accuracy: 0.775
Perturbation Size:1
Accuracy: 0.758
Perturbation Size:2
Accuracy: 0.75
Perturbation Size:3
Accuracy: 0.749
Perturbation Size:4
Accuracy: 0.751
Perturbation Size:5
Accuracy: 0.735
Perturbation Size:6
Accuracy: 0.747
Perturbation Size:7
Accuracy: 0.744
Perturbation Size:8
Accuracy: 0.735
Perturbation Size:9
Accuracy: 0.732
Perturbation Size:10
Accuracy: 0.713
