nohup: ignoring input
Namespace(attack='random', cuda=True, dataset='Cora', debug=True, device_id=1, dropout=0.5, hidden=128, no_cuda=False, num_repeat=5, seed=10, select_target_ratio=0.1, train_lr=0.01, weight_decay=0.0005)
seed 265
Perturbation Size:0
Epoch: 10, Loss: 1.7474, Acc: 0.4330
Epoch: 20, Loss: 0.9716, Acc: 0.6310
Epoch: 30, Loss: 0.8696, Acc: 0.6800
Epoch: 40, Loss: 0.8448, Acc: 0.6960
Epoch: 50, Loss: 0.8346, Acc: 0.7020
Epoch: 60, Loss: 0.8299, Acc: 0.7070
Epoch: 70, Loss: 0.8271, Acc: 0.7080
Epoch: 80, Loss: 0.8254, Acc: 0.7030
Epoch: 90, Loss: 0.8249, Acc: 0.7050
Epoch: 100, Loss: 0.8249, Acc: 0.6970
Best Acc: 0.6970
Perturbation Size:1
Epoch: 10, Loss: 1.7651, Acc: 0.3420
Epoch: 20, Loss: 1.0512, Acc: 0.5850
Epoch: 30, Loss: 0.9734, Acc: 0.6550
Epoch: 40, Loss: 0.9529, Acc: 0.6850
Epoch: 50, Loss: 0.9454, Acc: 0.7120
Epoch: 60, Loss: 0.9414, Acc: 0.7070
Epoch: 70, Loss: 0.9407, Acc: 0.7040
Epoch: 80, Loss: 0.9388, Acc: 0.6970
Epoch: 90, Loss: 0.9406, Acc: 0.7070
Epoch: 100, Loss: 0.9421, Acc: 0.6930
Best Acc: 0.6930
Perturbation Size:2
Epoch: 10, Loss: 1.7402, Acc: 0.2670
Epoch: 20, Loss: 1.0721, Acc: 0.5280
Epoch: 30, Loss: 0.9982, Acc: 0.6370
Epoch: 40, Loss: 0.9777, Acc: 0.6640
Epoch: 50, Loss: 0.9723, Acc: 0.6650
Epoch: 60, Loss: 0.9684, Acc: 0.6710
Epoch: 70, Loss: 0.9678, Acc: 0.6710
Epoch: 80, Loss: 0.9662, Acc: 0.6770
Epoch: 90, Loss: 0.9662, Acc: 0.6810
Epoch: 100, Loss: 0.9670, Acc: 0.6860
Best Acc: 0.6860
Perturbation Size:3
Epoch: 10, Loss: 1.7281, Acc: 0.2700
Epoch: 20, Loss: 1.0763, Acc: 0.5400
Epoch: 30, Loss: 1.0061, Acc: 0.6520
Epoch: 40, Loss: 0.9883, Acc: 0.6610
Epoch: 50, Loss: 0.9816, Acc: 0.6730
Epoch: 60, Loss: 0.9799, Acc: 0.6730
Epoch: 70, Loss: 0.9794, Acc: 0.6770
Epoch: 80, Loss: 0.9781, Acc: 0.6800
Epoch: 90, Loss: 0.9755, Acc: 0.7030
Epoch: 100, Loss: 0.9764, Acc: 0.6730
Best Acc: 0.6730
Perturbation Size:4
Epoch: 10, Loss: 1.7277, Acc: 0.2550
Epoch: 20, Loss: 1.0814, Acc: 0.4670
Epoch: 30, Loss: 1.0106, Acc: 0.6020
Epoch: 40, Loss: 0.9923, Acc: 0.6380
Epoch: 50, Loss: 0.9841, Acc: 0.6610
Epoch: 60, Loss: 0.9836, Acc: 0.6760
Epoch: 70, Loss: 0.9816, Acc: 0.6800
Epoch: 80, Loss: 0.9804, Acc: 0.6750
Epoch: 90, Loss: 0.9804, Acc: 0.6990
Epoch: 100, Loss: 0.9819, Acc: 0.6690
Best Acc: 0.6690
Perturbation Size:5
Epoch: 10, Loss: 1.6885, Acc: 0.2330
Epoch: 20, Loss: 1.0732, Acc: 0.4510
Epoch: 30, Loss: 1.0069, Acc: 0.5750
Epoch: 40, Loss: 0.9923, Acc: 0.6300
Epoch: 50, Loss: 0.9850, Acc: 0.6490
Epoch: 60, Loss: 0.9816, Acc: 0.6620
Epoch: 70, Loss: 0.9820, Acc: 0.6660
Epoch: 80, Loss: 0.9816, Acc: 0.6710
Epoch: 90, Loss: 0.9809, Acc: 0.6650
Epoch: 100, Loss: 0.9808, Acc: 0.6660
Best Acc: 0.6660
Perturbation Size:6
Epoch: 10, Loss: 1.6971, Acc: 0.2480
Epoch: 20, Loss: 1.0757, Acc: 0.4710
Epoch: 30, Loss: 1.0111, Acc: 0.6100
Epoch: 40, Loss: 0.9914, Acc: 0.6670
Epoch: 50, Loss: 0.9885, Acc: 0.6570
Epoch: 60, Loss: 0.9847, Acc: 0.6790
Epoch: 70, Loss: 0.9814, Acc: 0.6790
Epoch: 80, Loss: 0.9838, Acc: 0.6420
Epoch: 90, Loss: 0.9827, Acc: 0.6630
Epoch: 100, Loss: 0.9827, Acc: 0.6700
Best Acc: 0.6700
Perturbation Size:7
Epoch: 10, Loss: 1.6828, Acc: 0.2160
Epoch: 20, Loss: 1.0758, Acc: 0.3930
Epoch: 30, Loss: 1.0121, Acc: 0.5370
Epoch: 40, Loss: 0.9929, Acc: 0.6240
Epoch: 50, Loss: 0.9857, Acc: 0.6220
Epoch: 60, Loss: 0.9852, Acc: 0.6440
Epoch: 70, Loss: 0.9835, Acc: 0.6330
Epoch: 80, Loss: 0.9849, Acc: 0.6440
Epoch: 90, Loss: 0.9859, Acc: 0.6270
Epoch: 100, Loss: 0.9847, Acc: 0.6480
Best Acc: 0.6480
Perturbation Size:8
Epoch: 10, Loss: 1.6722, Acc: 0.1870
Epoch: 20, Loss: 1.0750, Acc: 0.3600
Epoch: 30, Loss: 1.0124, Acc: 0.5020
Epoch: 40, Loss: 0.9955, Acc: 0.5600
Epoch: 50, Loss: 0.9896, Acc: 0.6110
Epoch: 60, Loss: 0.9869, Acc: 0.5920
Epoch: 70, Loss: 0.9860, Acc: 0.6000
Epoch: 80, Loss: 0.9842, Acc: 0.6240
Epoch: 90, Loss: 0.9845, Acc: 0.6290
Epoch: 100, Loss: 0.9828, Acc: 0.6160
Best Acc: 0.6160
Perturbation Size:9
Epoch: 10, Loss: 1.6695, Acc: 0.2070
Epoch: 20, Loss: 1.0732, Acc: 0.3730
Epoch: 30, Loss: 1.0110, Acc: 0.5420
Epoch: 40, Loss: 0.9953, Acc: 0.6390
Epoch: 50, Loss: 0.9886, Acc: 0.6240
Epoch: 60, Loss: 0.9869, Acc: 0.6150
Epoch: 70, Loss: 0.9842, Acc: 0.6280
Epoch: 80, Loss: 0.9834, Acc: 0.6130
Epoch: 90, Loss: 0.9836, Acc: 0.6320
Epoch: 100, Loss: 0.9857, Acc: 0.6460
Best Acc: 0.6460
Perturbation Size:10
Epoch: 10, Loss: 1.6585, Acc: 0.1990
Epoch: 20, Loss: 1.0698, Acc: 0.3580
Epoch: 30, Loss: 1.0125, Acc: 0.5350
Epoch: 40, Loss: 0.9980, Acc: 0.5850
Epoch: 50, Loss: 0.9914, Acc: 0.6410
Epoch: 60, Loss: 0.9893, Acc: 0.6410
Epoch: 70, Loss: 0.9874, Acc: 0.6120
Epoch: 80, Loss: 0.9888, Acc: 0.6100
Epoch: 90, Loss: 0.9873, Acc: 0.5990
Epoch: 100, Loss: 0.9871, Acc: 0.6150
Best Acc: 0.6150
Perturbation Size:11
Epoch: 10, Loss: 1.6618, Acc: 0.1920
Epoch: 20, Loss: 1.0717, Acc: 0.3430
Epoch: 30, Loss: 1.0140, Acc: 0.4870
Epoch: 40, Loss: 0.9988, Acc: 0.5690
Epoch: 50, Loss: 0.9937, Acc: 0.5510
Epoch: 60, Loss: 0.9903, Acc: 0.5730
Epoch: 70, Loss: 0.9882, Acc: 0.5760
Epoch: 80, Loss: 0.9912, Acc: 0.5700
Epoch: 90, Loss: 0.9912, Acc: 0.5660
Epoch: 100, Loss: 0.9885, Acc: 0.5650
Best Acc: 0.5650
Perturbation Size:12
Epoch: 10, Loss: 1.6617, Acc: 0.1900
Epoch: 20, Loss: 1.0744, Acc: 0.3390
Epoch: 30, Loss: 1.0170, Acc: 0.4840
Epoch: 40, Loss: 1.0012, Acc: 0.5430
Epoch: 50, Loss: 0.9962, Acc: 0.5720
Epoch: 60, Loss: 0.9950, Acc: 0.5700
Epoch: 70, Loss: 0.9933, Acc: 0.5700
Epoch: 80, Loss: 0.9930, Acc: 0.5580
Epoch: 90, Loss: 0.9913, Acc: 0.5940
Epoch: 100, Loss: 0.9910, Acc: 0.5360
Best Acc: 0.5360
Perturbation Size:13
Epoch: 10, Loss: 1.6516, Acc: 0.1730
Epoch: 20, Loss: 1.0722, Acc: 0.3130
Epoch: 30, Loss: 1.0146, Acc: 0.4430
Epoch: 40, Loss: 1.0011, Acc: 0.4910
Epoch: 50, Loss: 0.9962, Acc: 0.5160
Epoch: 60, Loss: 0.9925, Acc: 0.5420
Epoch: 70, Loss: 0.9901, Acc: 0.5650
Epoch: 80, Loss: 0.9912, Acc: 0.5600
Epoch: 90, Loss: 0.9897, Acc: 0.5720
Epoch: 100, Loss: 0.9912, Acc: 0.5650
Best Acc: 0.5650
Perturbation Size:14
Epoch: 10, Loss: 1.6547, Acc: 0.1860
Epoch: 20, Loss: 1.0704, Acc: 0.3250
Epoch: 30, Loss: 1.0127, Acc: 0.4680
Epoch: 40, Loss: 1.0007, Acc: 0.5270
Epoch: 50, Loss: 0.9925, Acc: 0.5260
Epoch: 60, Loss: 0.9926, Acc: 0.5440
Epoch: 70, Loss: 0.9919, Acc: 0.5510
Epoch: 80, Loss: 0.9917, Acc: 0.5320
Epoch: 90, Loss: 0.9901, Acc: 0.5920
Epoch: 100, Loss: 0.9890, Acc: 0.5820
Best Acc: 0.5820
Perturbation Size:15
Epoch: 10, Loss: 1.6452, Acc: 0.1650
Epoch: 20, Loss: 1.0713, Acc: 0.2920
Epoch: 30, Loss: 1.0148, Acc: 0.4550
Epoch: 40, Loss: 1.0023, Acc: 0.5280
Epoch: 50, Loss: 0.9956, Acc: 0.5320
Epoch: 60, Loss: 0.9930, Acc: 0.5450
Epoch: 70, Loss: 0.9929, Acc: 0.5360
Epoch: 80, Loss: 0.9930, Acc: 0.5820
Epoch: 90, Loss: 0.9927, Acc: 0.5700
Epoch: 100, Loss: 0.9925, Acc: 0.5480
Best Acc: 0.5480
Perturbation Size:16
Epoch: 10, Loss: 1.6443, Acc: 0.1680
Epoch: 20, Loss: 1.0696, Acc: 0.2740
Epoch: 30, Loss: 1.0122, Acc: 0.4260
Epoch: 40, Loss: 1.0005, Acc: 0.5040
Epoch: 50, Loss: 0.9962, Acc: 0.5320
Epoch: 60, Loss: 0.9935, Acc: 0.5470
Epoch: 70, Loss: 0.9923, Acc: 0.5590
Epoch: 80, Loss: 0.9912, Acc: 0.5370
Epoch: 90, Loss: 0.9911, Acc: 0.5920
Epoch: 100, Loss: 0.9928, Acc: 0.5540
Best Acc: 0.5540
Perturbation Size:17
Epoch: 10, Loss: 1.6321, Acc: 0.1640
Epoch: 20, Loss: 1.0669, Acc: 0.2970
Epoch: 30, Loss: 1.0131, Acc: 0.5120
Epoch: 40, Loss: 0.9991, Acc: 0.5560
Epoch: 50, Loss: 0.9931, Acc: 0.5590
Epoch: 60, Loss: 0.9905, Acc: 0.5820
Epoch: 70, Loss: 0.9922, Acc: 0.5660
Epoch: 80, Loss: 0.9920, Acc: 0.5340
Epoch: 90, Loss: 0.9906, Acc: 0.5860
Epoch: 100, Loss: 0.9908, Acc: 0.6030
Best Acc: 0.6030
Perturbation Size:18
Epoch: 10, Loss: 1.6353, Acc: 0.1810
Epoch: 20, Loss: 1.0686, Acc: 0.2680
Epoch: 30, Loss: 1.0135, Acc: 0.4200
Epoch: 40, Loss: 0.9997, Acc: 0.4620
Epoch: 50, Loss: 0.9969, Acc: 0.5190
Epoch: 60, Loss: 0.9930, Acc: 0.5560
Epoch: 70, Loss: 0.9924, Acc: 0.5160
Epoch: 80, Loss: 0.9921, Acc: 0.5290
Epoch: 90, Loss: 0.9920, Acc: 0.5190
Epoch: 100, Loss: 0.9946, Acc: 0.5050
Best Acc: 0.5050
Perturbation Size:19
Epoch: 10, Loss: 1.6319, Acc: 0.1830
Epoch: 20, Loss: 1.0660, Acc: 0.2660
Epoch: 30, Loss: 1.0134, Acc: 0.4030
Epoch: 40, Loss: 0.9997, Acc: 0.4810
Epoch: 50, Loss: 0.9960, Acc: 0.5410
Epoch: 60, Loss: 0.9945, Acc: 0.5380
Epoch: 70, Loss: 0.9921, Acc: 0.5300
Epoch: 80, Loss: 0.9916, Acc: 0.5530
Epoch: 90, Loss: 0.9914, Acc: 0.5320
Epoch: 100, Loss: 0.9917, Acc: 0.5260
Best Acc: 0.5260
Perturbation Size:20
Epoch: 10, Loss: 1.6335, Acc: 0.1490
Epoch: 20, Loss: 1.0674, Acc: 0.2490
Epoch: 30, Loss: 1.0136, Acc: 0.3870
Epoch: 40, Loss: 1.0000, Acc: 0.4490
Epoch: 50, Loss: 0.9963, Acc: 0.5070
Epoch: 60, Loss: 0.9949, Acc: 0.5100
Epoch: 70, Loss: 0.9937, Acc: 0.4970
Epoch: 80, Loss: 0.9928, Acc: 0.4970
Epoch: 90, Loss: 0.9914, Acc: 0.5100
Epoch: 100, Loss: 0.9935, Acc: 0.5330
Best Acc: 0.5330
seed 125
Perturbation Size:0
Epoch: 10, Loss: 1.7167, Acc: 0.4130
Epoch: 20, Loss: 0.9650, Acc: 0.6230
Epoch: 30, Loss: 0.8670, Acc: 0.6910
Epoch: 40, Loss: 0.8424, Acc: 0.7180
Epoch: 50, Loss: 0.8340, Acc: 0.7070
Epoch: 60, Loss: 0.8294, Acc: 0.6990
Epoch: 70, Loss: 0.8267, Acc: 0.7160
Epoch: 80, Loss: 0.8261, Acc: 0.7350
Epoch: 90, Loss: 0.8251, Acc: 0.7130
Epoch: 100, Loss: 0.8233, Acc: 0.7090
Best Acc: 0.7090
Perturbation Size:1
Epoch: 10, Loss: 1.7582, Acc: 0.3150
Epoch: 20, Loss: 1.0496, Acc: 0.6150
Epoch: 30, Loss: 0.9724, Acc: 0.6930
Epoch: 40, Loss: 0.9520, Acc: 0.7070
Epoch: 50, Loss: 0.9449, Acc: 0.7200
Epoch: 60, Loss: 0.9417, Acc: 0.7160
Epoch: 70, Loss: 0.9400, Acc: 0.7170
Epoch: 80, Loss: 0.9385, Acc: 0.7170
Epoch: 90, Loss: 0.9396, Acc: 0.7120
Epoch: 100, Loss: 0.9397, Acc: 0.7060
Best Acc: 0.7060
Perturbation Size:2
Epoch: 10, Loss: 1.7296, Acc: 0.2900
Epoch: 20, Loss: 1.0703, Acc: 0.5700
Epoch: 30, Loss: 0.9982, Acc: 0.6480
Epoch: 40, Loss: 0.9786, Acc: 0.6610
Epoch: 50, Loss: 0.9715, Acc: 0.6740
Epoch: 60, Loss: 0.9695, Acc: 0.6670
Epoch: 70, Loss: 0.9676, Acc: 0.6580
Epoch: 80, Loss: 0.9664, Acc: 0.6830
Epoch: 90, Loss: 0.9684, Acc: 0.6770
Epoch: 100, Loss: 0.9670, Acc: 0.6770
Best Acc: 0.6770
Perturbation Size:3
Epoch: 10, Loss: 1.7099, Acc: 0.2610
Epoch: 20, Loss: 1.0727, Acc: 0.5140
Epoch: 30, Loss: 1.0060, Acc: 0.6360
Epoch: 40, Loss: 0.9896, Acc: 0.6620
Epoch: 50, Loss: 0.9819, Acc: 0.6670
Epoch: 60, Loss: 0.9800, Acc: 0.6800
Epoch: 70, Loss: 0.9798, Acc: 0.6840
Epoch: 80, Loss: 0.9755, Acc: 0.6780
Epoch: 90, Loss: 0.9763, Acc: 0.6730
Epoch: 100, Loss: 0.9764, Acc: 0.6690
Best Acc: 0.6690
Perturbation Size:4
Epoch: 10, Loss: 1.7063, Acc: 0.2440
Epoch: 20, Loss: 1.0760, Acc: 0.4800
Epoch: 30, Loss: 1.0085, Acc: 0.6150
Epoch: 40, Loss: 0.9904, Acc: 0.6350
Epoch: 50, Loss: 0.9843, Acc: 0.6630
Epoch: 60, Loss: 0.9822, Acc: 0.6530
Epoch: 70, Loss: 0.9800, Acc: 0.6530
Epoch: 80, Loss: 0.9805, Acc: 0.6460
Epoch: 90, Loss: 0.9797, Acc: 0.6770
Epoch: 100, Loss: 0.9802, Acc: 0.6520
Best Acc: 0.6520
Perturbation Size:5
Epoch: 10, Loss: 1.6966, Acc: 0.2360
Epoch: 20, Loss: 1.0743, Acc: 0.4550
Epoch: 30, Loss: 1.0086, Acc: 0.5910
Epoch: 40, Loss: 0.9902, Acc: 0.6510
Epoch: 50, Loss: 0.9852, Acc: 0.6710
Epoch: 60, Loss: 0.9833, Acc: 0.6860
Epoch: 70, Loss: 0.9797, Acc: 0.6700
Epoch: 80, Loss: 0.9789, Acc: 0.6540
Epoch: 90, Loss: 0.9806, Acc: 0.6720
Epoch: 100, Loss: 0.9789, Acc: 0.6400
Best Acc: 0.6400
Perturbation Size:6
Epoch: 10, Loss: 1.6919, Acc: 0.2320
Epoch: 20, Loss: 1.0773, Acc: 0.4340
Epoch: 30, Loss: 1.0130, Acc: 0.5600
Epoch: 40, Loss: 0.9941, Acc: 0.6180
Epoch: 50, Loss: 0.9881, Acc: 0.6350
Epoch: 60, Loss: 0.9853, Acc: 0.6510
Epoch: 70, Loss: 0.9836, Acc: 0.6440
Epoch: 80, Loss: 0.9846, Acc: 0.6300
Epoch: 90, Loss: 0.9835, Acc: 0.6760
Epoch: 100, Loss: 0.9842, Acc: 0.6660
Best Acc: 0.6660
Perturbation Size:7
Epoch: 10, Loss: 1.6780, Acc: 0.2400
Epoch: 20, Loss: 1.0732, Acc: 0.3860
Epoch: 30, Loss: 1.0094, Acc: 0.5340
Epoch: 40, Loss: 0.9942, Acc: 0.6220
Epoch: 50, Loss: 0.9868, Acc: 0.6380
Epoch: 60, Loss: 0.9844, Acc: 0.6440
Epoch: 70, Loss: 0.9826, Acc: 0.6450
Epoch: 80, Loss: 0.9817, Acc: 0.6530
Epoch: 90, Loss: 0.9839, Acc: 0.6260
Epoch: 100, Loss: 0.9825, Acc: 0.6320
Best Acc: 0.6320
Perturbation Size:8
Epoch: 10, Loss: 1.6710, Acc: 0.2200
Epoch: 20, Loss: 1.0732, Acc: 0.4000
Epoch: 30, Loss: 1.0127, Acc: 0.5560
Epoch: 40, Loss: 0.9957, Acc: 0.6200
Epoch: 50, Loss: 0.9902, Acc: 0.6410
Epoch: 60, Loss: 0.9874, Acc: 0.6240
Epoch: 70, Loss: 0.9864, Acc: 0.6430
Epoch: 80, Loss: 0.9845, Acc: 0.6340
Epoch: 90, Loss: 0.9860, Acc: 0.6250
Epoch: 100, Loss: 0.9858, Acc: 0.6230
Best Acc: 0.6230
Perturbation Size:9
Epoch: 10, Loss: 1.6681, Acc: 0.2400
Epoch: 20, Loss: 1.0731, Acc: 0.3880
Epoch: 30, Loss: 1.0129, Acc: 0.5050
Epoch: 40, Loss: 0.9962, Acc: 0.5710
Epoch: 50, Loss: 0.9897, Acc: 0.5740
Epoch: 60, Loss: 0.9865, Acc: 0.6230
Epoch: 70, Loss: 0.9854, Acc: 0.6280
Epoch: 80, Loss: 0.9851, Acc: 0.6130
Epoch: 90, Loss: 0.9837, Acc: 0.6000
Epoch: 100, Loss: 0.9833, Acc: 0.5880
Best Acc: 0.5880
Perturbation Size:10
Epoch: 10, Loss: 1.6647, Acc: 0.2030
Epoch: 20, Loss: 1.0736, Acc: 0.3430
Epoch: 30, Loss: 1.0166, Acc: 0.4840
Epoch: 40, Loss: 1.0016, Acc: 0.5730
Epoch: 50, Loss: 0.9933, Acc: 0.5720
Epoch: 60, Loss: 0.9905, Acc: 0.5970
Epoch: 70, Loss: 0.9896, Acc: 0.5940
Epoch: 80, Loss: 0.9884, Acc: 0.6060
Epoch: 90, Loss: 0.9879, Acc: 0.5810
Epoch: 100, Loss: 0.9879, Acc: 0.6000
Best Acc: 0.6000
Perturbation Size:11
Epoch: 10, Loss: 1.6602, Acc: 0.1680
Epoch: 20, Loss: 1.0711, Acc: 0.3240
Epoch: 30, Loss: 1.0129, Acc: 0.5170
Epoch: 40, Loss: 0.9983, Acc: 0.5760
Epoch: 50, Loss: 0.9933, Acc: 0.5760
Epoch: 60, Loss: 0.9927, Acc: 0.6010
Epoch: 70, Loss: 0.9904, Acc: 0.5970
Epoch: 80, Loss: 0.9900, Acc: 0.5740
Epoch: 90, Loss: 0.9906, Acc: 0.5760
Epoch: 100, Loss: 0.9906, Acc: 0.5880
Best Acc: 0.5880
Perturbation Size:12
Epoch: 10, Loss: 1.6568, Acc: 0.1890
Epoch: 20, Loss: 1.0723, Acc: 0.3480
Epoch: 30, Loss: 1.0155, Acc: 0.4980
Epoch: 40, Loss: 1.0005, Acc: 0.5430
Epoch: 50, Loss: 0.9955, Acc: 0.5940
Epoch: 60, Loss: 0.9925, Acc: 0.6030
Epoch: 70, Loss: 0.9908, Acc: 0.6050
Epoch: 80, Loss: 0.9910, Acc: 0.6020
Epoch: 90, Loss: 0.9910, Acc: 0.6150
Epoch: 100, Loss: 0.9910, Acc: 0.5790
Best Acc: 0.5790
Perturbation Size:13
Epoch: 10, Loss: 1.6513, Acc: 0.1700
Epoch: 20, Loss: 1.0708, Acc: 0.3160
Epoch: 30, Loss: 1.0140, Acc: 0.4860
Epoch: 40, Loss: 1.0005, Acc: 0.5510
Epoch: 50, Loss: 0.9940, Acc: 0.5530
Epoch: 60, Loss: 0.9924, Acc: 0.5530
Epoch: 70, Loss: 0.9924, Acc: 0.5740
Epoch: 80, Loss: 0.9907, Acc: 0.5300
Epoch: 90, Loss: 0.9905, Acc: 0.5440
Epoch: 100, Loss: 0.9908, Acc: 0.5760
Best Acc: 0.5760
Perturbation Size:14
Epoch: 10, Loss: 1.6393, Acc: 0.1650
Epoch: 20, Loss: 1.0671, Acc: 0.3010
Epoch: 30, Loss: 1.0136, Acc: 0.4740
Epoch: 40, Loss: 0.9993, Acc: 0.5550
Epoch: 50, Loss: 0.9919, Acc: 0.5670
Epoch: 60, Loss: 0.9901, Acc: 0.6030
Epoch: 70, Loss: 0.9911, Acc: 0.5640
Epoch: 80, Loss: 0.9901, Acc: 0.5480
Epoch: 90, Loss: 0.9895, Acc: 0.5490
Epoch: 100, Loss: 0.9897, Acc: 0.5490
Best Acc: 0.5490
Perturbation Size:15
Epoch: 10, Loss: 1.6448, Acc: 0.1680
Epoch: 20, Loss: 1.0694, Acc: 0.2960
Epoch: 30, Loss: 1.0143, Acc: 0.4490
Epoch: 40, Loss: 0.9984, Acc: 0.5110
Epoch: 50, Loss: 0.9942, Acc: 0.5350
Epoch: 60, Loss: 0.9935, Acc: 0.5270
Epoch: 70, Loss: 0.9922, Acc: 0.5710
Epoch: 80, Loss: 0.9930, Acc: 0.5990
Epoch: 90, Loss: 0.9905, Acc: 0.5880
Epoch: 100, Loss: 0.9910, Acc: 0.5670
Best Acc: 0.5670
Perturbation Size:16
Epoch: 10, Loss: 1.6406, Acc: 0.2040
Epoch: 20, Loss: 1.0702, Acc: 0.3080
Epoch: 30, Loss: 1.0148, Acc: 0.4310
Epoch: 40, Loss: 0.9997, Acc: 0.5770
Epoch: 50, Loss: 0.9939, Acc: 0.5890
Epoch: 60, Loss: 0.9946, Acc: 0.5990
Epoch: 70, Loss: 0.9927, Acc: 0.5350
Epoch: 80, Loss: 0.9920, Acc: 0.5710
Epoch: 90, Loss: 0.9911, Acc: 0.5370
Epoch: 100, Loss: 0.9921, Acc: 0.5830
Best Acc: 0.5830
Perturbation Size:17
Epoch: 10, Loss: 1.6366, Acc: 0.1630
Epoch: 20, Loss: 1.0661, Acc: 0.2540
Epoch: 30, Loss: 1.0138, Acc: 0.4520
Epoch: 40, Loss: 0.9998, Acc: 0.5100
Epoch: 50, Loss: 0.9939, Acc: 0.5860
Epoch: 60, Loss: 0.9919, Acc: 0.5770
Epoch: 70, Loss: 0.9935, Acc: 0.5790
Epoch: 80, Loss: 0.9907, Acc: 0.5640
Epoch: 90, Loss: 0.9931, Acc: 0.5880
Epoch: 100, Loss: 0.9929, Acc: 0.5870
Best Acc: 0.5870
Perturbation Size:18
Epoch: 10, Loss: 1.6398, Acc: 0.1820
Epoch: 20, Loss: 1.0679, Acc: 0.2920
Epoch: 30, Loss: 1.0136, Acc: 0.3890
Epoch: 40, Loss: 1.0000, Acc: 0.4750
Epoch: 50, Loss: 0.9971, Acc: 0.5130
Epoch: 60, Loss: 0.9934, Acc: 0.5360
Epoch: 70, Loss: 0.9925, Acc: 0.5380
Epoch: 80, Loss: 0.9933, Acc: 0.5620
Epoch: 90, Loss: 0.9923, Acc: 0.5310
Epoch: 100, Loss: 0.9925, Acc: 0.5440
Best Acc: 0.5440
Perturbation Size:19
Epoch: 10, Loss: 1.6353, Acc: 0.1620
Epoch: 20, Loss: 1.0668, Acc: 0.2570
Epoch: 30, Loss: 1.0134, Acc: 0.4300
Epoch: 40, Loss: 1.0004, Acc: 0.5400
Epoch: 50, Loss: 0.9940, Acc: 0.5460
Epoch: 60, Loss: 0.9949, Acc: 0.5300
Epoch: 70, Loss: 0.9956, Acc: 0.5150
Epoch: 80, Loss: 0.9949, Acc: 0.5060
Epoch: 90, Loss: 0.9920, Acc: 0.5220
Epoch: 100, Loss: 0.9944, Acc: 0.5080
Best Acc: 0.5080
Perturbation Size:20
Epoch: 10, Loss: 1.6319, Acc: 0.1860
Epoch: 20, Loss: 1.0677, Acc: 0.2890
Epoch: 30, Loss: 1.0133, Acc: 0.4140
Epoch: 40, Loss: 1.0000, Acc: 0.5040
Epoch: 50, Loss: 0.9964, Acc: 0.5190
Epoch: 60, Loss: 0.9952, Acc: 0.4950
Epoch: 70, Loss: 0.9928, Acc: 0.5310
Epoch: 80, Loss: 0.9942, Acc: 0.4930
Epoch: 90, Loss: 0.9918, Acc: 0.5010
Epoch: 100, Loss: 0.9923, Acc: 0.5180
Best Acc: 0.5180
seed 996
Perturbation Size:0
Epoch: 10, Loss: 1.7471, Acc: 0.4590
Epoch: 20, Loss: 0.9731, Acc: 0.6400
Epoch: 30, Loss: 0.8706, Acc: 0.6890
Epoch: 40, Loss: 0.8448, Acc: 0.7070
Epoch: 50, Loss: 0.8349, Acc: 0.7100
Epoch: 60, Loss: 0.8309, Acc: 0.7060
Epoch: 70, Loss: 0.8277, Acc: 0.7070
Epoch: 80, Loss: 0.8257, Acc: 0.7070
Epoch: 90, Loss: 0.8251, Acc: 0.7100
Epoch: 100, Loss: 0.8245, Acc: 0.7110
Best Acc: 0.7110
Perturbation Size:1
Epoch: 10, Loss: 1.7528, Acc: 0.3890
Epoch: 20, Loss: 1.0515, Acc: 0.6080
Epoch: 30, Loss: 0.9713, Acc: 0.6720
Epoch: 40, Loss: 0.9523, Acc: 0.7040
Epoch: 50, Loss: 0.9456, Acc: 0.7010
Epoch: 60, Loss: 0.9408, Acc: 0.7160
Epoch: 70, Loss: 0.9389, Acc: 0.7070
Epoch: 80, Loss: 0.9374, Acc: 0.6980
Epoch: 90, Loss: 0.9371, Acc: 0.7150
Epoch: 100, Loss: 0.9390, Acc: 0.7150
Best Acc: 0.7150
Perturbation Size:2
Epoch: 10, Loss: 1.7297, Acc: 0.2700
Epoch: 20, Loss: 1.0700, Acc: 0.5490
Epoch: 30, Loss: 0.9972, Acc: 0.6460
Epoch: 40, Loss: 0.9793, Acc: 0.6900
Epoch: 50, Loss: 0.9734, Acc: 0.6990
Epoch: 60, Loss: 0.9714, Acc: 0.6780
Epoch: 70, Loss: 0.9682, Acc: 0.6720
Epoch: 80, Loss: 0.9661, Acc: 0.6810
Epoch: 90, Loss: 0.9647, Acc: 0.6790
Epoch: 100, Loss: 0.9650, Acc: 0.6770
Best Acc: 0.6770
Perturbation Size:3
Epoch: 10, Loss: 1.7207, Acc: 0.2920
Epoch: 20, Loss: 1.0775, Acc: 0.5370
Epoch: 30, Loss: 1.0073, Acc: 0.6400
Epoch: 40, Loss: 0.9893, Acc: 0.6640
Epoch: 50, Loss: 0.9825, Acc: 0.6880
Epoch: 60, Loss: 0.9805, Acc: 0.6840
Epoch: 70, Loss: 0.9781, Acc: 0.6850
Epoch: 80, Loss: 0.9785, Acc: 0.7050
Epoch: 90, Loss: 0.9777, Acc: 0.6720
Epoch: 100, Loss: 0.9766, Acc: 0.6550
Best Acc: 0.6550
Perturbation Size:4
Epoch: 10, Loss: 1.7124, Acc: 0.2870
Epoch: 20, Loss: 1.0758, Acc: 0.5280
Epoch: 30, Loss: 1.0071, Acc: 0.6640
Epoch: 40, Loss: 0.9912, Acc: 0.6910
Epoch: 50, Loss: 0.9835, Acc: 0.6970
Epoch: 60, Loss: 0.9821, Acc: 0.6920
Epoch: 70, Loss: 0.9820, Acc: 0.6860
Epoch: 80, Loss: 0.9783, Acc: 0.6730
Epoch: 90, Loss: 0.9800, Acc: 0.6810
Epoch: 100, Loss: 0.9794, Acc: 0.6650
Best Acc: 0.6650
Perturbation Size:5
Epoch: 10, Loss: 1.6991, Acc: 0.2320
Epoch: 20, Loss: 1.0778, Acc: 0.4590
Epoch: 30, Loss: 1.0115, Acc: 0.5850
Epoch: 40, Loss: 0.9932, Acc: 0.6450
Epoch: 50, Loss: 0.9869, Acc: 0.6610
Epoch: 60, Loss: 0.9819, Acc: 0.6850
Epoch: 70, Loss: 0.9815, Acc: 0.6650
Epoch: 80, Loss: 0.9804, Acc: 0.6710
Epoch: 90, Loss: 0.9796, Acc: 0.6770
Epoch: 100, Loss: 0.9796, Acc: 0.6760
Best Acc: 0.6760
Perturbation Size:6
Epoch: 10, Loss: 1.6877, Acc: 0.2040
Epoch: 20, Loss: 1.0772, Acc: 0.4530
Epoch: 30, Loss: 1.0119, Acc: 0.5950
Epoch: 40, Loss: 0.9936, Acc: 0.6410
Epoch: 50, Loss: 0.9878, Acc: 0.6220
Epoch: 60, Loss: 0.9862, Acc: 0.6440
Epoch: 70, Loss: 0.9862, Acc: 0.6410
Epoch: 80, Loss: 0.9819, Acc: 0.6570
Epoch: 90, Loss: 0.9836, Acc: 0.6540
Epoch: 100, Loss: 0.9797, Acc: 0.6600
Best Acc: 0.6600
Perturbation Size:7
Epoch: 10, Loss: 1.6805, Acc: 0.2080
Epoch: 20, Loss: 1.0755, Acc: 0.4020
Epoch: 30, Loss: 1.0107, Acc: 0.5080
Epoch: 40, Loss: 0.9934, Acc: 0.5880
Epoch: 50, Loss: 0.9893, Acc: 0.6080
Epoch: 60, Loss: 0.9858, Acc: 0.6110
Epoch: 70, Loss: 0.9830, Acc: 0.6110
Epoch: 80, Loss: 0.9830, Acc: 0.5980
Epoch: 90, Loss: 0.9805, Acc: 0.6210
Epoch: 100, Loss: 0.9802, Acc: 0.5920
Best Acc: 0.5920
Perturbation Size:8
Epoch: 10, Loss: 1.6794, Acc: 0.2040
Epoch: 20, Loss: 1.0757, Acc: 0.3980
Epoch: 30, Loss: 1.0119, Acc: 0.5430
Epoch: 40, Loss: 0.9957, Acc: 0.5800
Epoch: 50, Loss: 0.9888, Acc: 0.5960
Epoch: 60, Loss: 0.9865, Acc: 0.6170
Epoch: 70, Loss: 0.9858, Acc: 0.6360
Epoch: 80, Loss: 0.9841, Acc: 0.6300
Epoch: 90, Loss: 0.9843, Acc: 0.6410
Epoch: 100, Loss: 0.9844, Acc: 0.6020
Best Acc: 0.6020
Perturbation Size:9
Epoch: 10, Loss: 1.6711, Acc: 0.1930
Epoch: 20, Loss: 1.0717, Acc: 0.3500
Epoch: 30, Loss: 1.0098, Acc: 0.5470
Epoch: 40, Loss: 0.9967, Acc: 0.5990
Epoch: 50, Loss: 0.9883, Acc: 0.6140
Epoch: 60, Loss: 0.9845, Acc: 0.5980
Epoch: 70, Loss: 0.9857, Acc: 0.6320
Epoch: 80, Loss: 0.9845, Acc: 0.6040
Epoch: 90, Loss: 0.9853, Acc: 0.6040
Epoch: 100, Loss: 0.9838, Acc: 0.5910
Best Acc: 0.5910
Perturbation Size:10
Epoch: 10, Loss: 1.6635, Acc: 0.1760
Epoch: 20, Loss: 1.0719, Acc: 0.3090
Epoch: 30, Loss: 1.0132, Acc: 0.4760
Epoch: 40, Loss: 0.9995, Acc: 0.5680
Epoch: 50, Loss: 0.9936, Acc: 0.6020
Epoch: 60, Loss: 0.9901, Acc: 0.5960
Epoch: 70, Loss: 0.9902, Acc: 0.6140
Epoch: 80, Loss: 0.9866, Acc: 0.6120
Epoch: 90, Loss: 0.9863, Acc: 0.6060
Epoch: 100, Loss: 0.9881, Acc: 0.5960
Best Acc: 0.5960
Perturbation Size:11
Epoch: 10, Loss: 1.6551, Acc: 0.1920
Epoch: 20, Loss: 1.0730, Acc: 0.3320
Epoch: 30, Loss: 1.0152, Acc: 0.4870
Epoch: 40, Loss: 0.9990, Acc: 0.5670
Epoch: 50, Loss: 0.9953, Acc: 0.5870
Epoch: 60, Loss: 0.9915, Acc: 0.5950
Epoch: 70, Loss: 0.9903, Acc: 0.5880
Epoch: 80, Loss: 0.9883, Acc: 0.5940
Epoch: 90, Loss: 0.9915, Acc: 0.6180
Epoch: 100, Loss: 0.9894, Acc: 0.6010
Best Acc: 0.6010
Perturbation Size:12
Epoch: 10, Loss: 1.6495, Acc: 0.1860
Epoch: 20, Loss: 1.0709, Acc: 0.3260
Epoch: 30, Loss: 1.0149, Acc: 0.4790
Epoch: 40, Loss: 1.0007, Acc: 0.5730
Epoch: 50, Loss: 0.9968, Acc: 0.6060
Epoch: 60, Loss: 0.9921, Acc: 0.5850
Epoch: 70, Loss: 0.9904, Acc: 0.6040
Epoch: 80, Loss: 0.9906, Acc: 0.5610
Epoch: 90, Loss: 0.9903, Acc: 0.5580
Epoch: 100, Loss: 0.9912, Acc: 0.5910
Best Acc: 0.5910
Perturbation Size:13
Epoch: 10, Loss: 1.6522, Acc: 0.1700
Epoch: 20, Loss: 1.0712, Acc: 0.2980
Epoch: 30, Loss: 1.0134, Acc: 0.4520
Epoch: 40, Loss: 0.9995, Acc: 0.5040
Epoch: 50, Loss: 0.9947, Acc: 0.5360
Epoch: 60, Loss: 0.9913, Acc: 0.5660
Epoch: 70, Loss: 0.9907, Acc: 0.5830
Epoch: 80, Loss: 0.9910, Acc: 0.5760
Epoch: 90, Loss: 0.9898, Acc: 0.5740
Epoch: 100, Loss: 0.9903, Acc: 0.5760
Best Acc: 0.5760
Perturbation Size:14
Epoch: 10, Loss: 1.6474, Acc: 0.2110
Epoch: 20, Loss: 1.0665, Acc: 0.3170
Epoch: 30, Loss: 1.0118, Acc: 0.4560
Epoch: 40, Loss: 0.9997, Acc: 0.5330
Epoch: 50, Loss: 0.9931, Acc: 0.5370
Epoch: 60, Loss: 0.9924, Acc: 0.5180
Epoch: 70, Loss: 0.9911, Acc: 0.5540
Epoch: 80, Loss: 0.9899, Acc: 0.5590
Epoch: 90, Loss: 0.9896, Acc: 0.5710
Epoch: 100, Loss: 0.9920, Acc: 0.5520
Best Acc: 0.5520
Perturbation Size:15
Epoch: 10, Loss: 1.6509, Acc: 0.1830
Epoch: 20, Loss: 1.0701, Acc: 0.2940
Epoch: 30, Loss: 1.0129, Acc: 0.4400
Epoch: 40, Loss: 1.0009, Acc: 0.5220
Epoch: 50, Loss: 0.9957, Acc: 0.5500
Epoch: 60, Loss: 0.9927, Acc: 0.5680
Epoch: 70, Loss: 0.9907, Acc: 0.5710
Epoch: 80, Loss: 0.9916, Acc: 0.5810
Epoch: 90, Loss: 0.9923, Acc: 0.5910
Epoch: 100, Loss: 0.9908, Acc: 0.5590
Best Acc: 0.5590
Perturbation Size:16
Epoch: 10, Loss: 1.6331, Acc: 0.1730
Epoch: 20, Loss: 1.0682, Acc: 0.2890
Epoch: 30, Loss: 1.0150, Acc: 0.4620
Epoch: 40, Loss: 1.0008, Acc: 0.5410
Epoch: 50, Loss: 0.9951, Acc: 0.5550
Epoch: 60, Loss: 0.9930, Acc: 0.5410
Epoch: 70, Loss: 0.9917, Acc: 0.5700
Epoch: 80, Loss: 0.9923, Acc: 0.5400
Epoch: 90, Loss: 0.9913, Acc: 0.5550
Epoch: 100, Loss: 0.9910, Acc: 0.5440
Best Acc: 0.5440
Perturbation Size:17
Epoch: 10, Loss: 1.6318, Acc: 0.1630
Epoch: 20, Loss: 1.0683, Acc: 0.2880
Epoch: 30, Loss: 1.0148, Acc: 0.4140
Epoch: 40, Loss: 1.0021, Acc: 0.5270
Epoch: 50, Loss: 0.9961, Acc: 0.5780
Epoch: 60, Loss: 0.9920, Acc: 0.5700
Epoch: 70, Loss: 0.9928, Acc: 0.5810
Epoch: 80, Loss: 0.9908, Acc: 0.5780
Epoch: 90, Loss: 0.9903, Acc: 0.5750
Epoch: 100, Loss: 0.9914, Acc: 0.5420
Best Acc: 0.5420
Perturbation Size:18
Epoch: 10, Loss: 1.6397, Acc: 0.1590
Epoch: 20, Loss: 1.0666, Acc: 0.2680
Epoch: 30, Loss: 1.0137, Acc: 0.4130
Epoch: 40, Loss: 1.0007, Acc: 0.4710
Epoch: 50, Loss: 0.9963, Acc: 0.5150
Epoch: 60, Loss: 0.9936, Acc: 0.5240
Epoch: 70, Loss: 0.9950, Acc: 0.5060
Epoch: 80, Loss: 0.9923, Acc: 0.5620
Epoch: 90, Loss: 0.9922, Acc: 0.5340
Epoch: 100, Loss: 0.9915, Acc: 0.5280
Best Acc: 0.5280
Perturbation Size:19
Epoch: 10, Loss: 1.6332, Acc: 0.1660
Epoch: 20, Loss: 1.0662, Acc: 0.2590
Epoch: 30, Loss: 1.0108, Acc: 0.4390
Epoch: 40, Loss: 1.0001, Acc: 0.5220
Epoch: 50, Loss: 0.9941, Acc: 0.5570
Epoch: 60, Loss: 0.9931, Acc: 0.4690
Epoch: 70, Loss: 0.9925, Acc: 0.5400
Epoch: 80, Loss: 0.9908, Acc: 0.5330
Epoch: 90, Loss: 0.9927, Acc: 0.5080
Epoch: 100, Loss: 0.9906, Acc: 0.5270
Best Acc: 0.5270
Perturbation Size:20
Epoch: 10, Loss: 1.6377, Acc: 0.1860
Epoch: 20, Loss: 1.0664, Acc: 0.2660
Epoch: 30, Loss: 1.0140, Acc: 0.4330
Epoch: 40, Loss: 1.0008, Acc: 0.4680
Epoch: 50, Loss: 0.9949, Acc: 0.5240
Epoch: 60, Loss: 0.9949, Acc: 0.5500
Epoch: 70, Loss: 0.9942, Acc: 0.5160
Epoch: 80, Loss: 0.9948, Acc: 0.4930
Epoch: 90, Loss: 0.9916, Acc: 0.5270
Epoch: 100, Loss: 0.9931, Acc: 0.5160
Best Acc: 0.5160
seed 527
Perturbation Size:0
Epoch: 10, Loss: 1.7275, Acc: 0.4190
Epoch: 20, Loss: 0.9703, Acc: 0.6180
Epoch: 30, Loss: 0.8684, Acc: 0.6740
Epoch: 40, Loss: 0.8439, Acc: 0.6840
Epoch: 50, Loss: 0.8329, Acc: 0.7040
Epoch: 60, Loss: 0.8300, Acc: 0.7040
Epoch: 70, Loss: 0.8264, Acc: 0.7040
Epoch: 80, Loss: 0.8255, Acc: 0.7150
Epoch: 90, Loss: 0.8241, Acc: 0.6970
Epoch: 100, Loss: 0.8243, Acc: 0.7060
Best Acc: 0.7060
Perturbation Size:1
Epoch: 10, Loss: 1.7511, Acc: 0.3220
Epoch: 20, Loss: 1.0485, Acc: 0.5540
Epoch: 30, Loss: 0.9710, Acc: 0.6460
Epoch: 40, Loss: 0.9531, Acc: 0.6870
Epoch: 50, Loss: 0.9446, Acc: 0.6740
Epoch: 60, Loss: 0.9411, Acc: 0.6840
Epoch: 70, Loss: 0.9405, Acc: 0.6940
Epoch: 80, Loss: 0.9389, Acc: 0.7070
Epoch: 90, Loss: 0.9383, Acc: 0.7240
Epoch: 100, Loss: 0.9387, Acc: 0.7020
Best Acc: 0.7020
Perturbation Size:2
Epoch: 10, Loss: 1.7401, Acc: 0.2630
Epoch: 20, Loss: 1.0693, Acc: 0.5160
Epoch: 30, Loss: 0.9955, Acc: 0.6350
Epoch: 40, Loss: 0.9784, Acc: 0.6590
Epoch: 50, Loss: 0.9730, Acc: 0.6650
Epoch: 60, Loss: 0.9691, Acc: 0.6960
Epoch: 70, Loss: 0.9678, Acc: 0.6870
Epoch: 80, Loss: 0.9666, Acc: 0.6740
Epoch: 90, Loss: 0.9659, Acc: 0.6970
Epoch: 100, Loss: 0.9666, Acc: 0.6880
Best Acc: 0.6880
Perturbation Size:3
Epoch: 10, Loss: 1.7301, Acc: 0.2720
Epoch: 20, Loss: 1.0772, Acc: 0.5540
Epoch: 30, Loss: 1.0069, Acc: 0.6390
Epoch: 40, Loss: 0.9891, Acc: 0.6500
Epoch: 50, Loss: 0.9809, Acc: 0.6630
Epoch: 60, Loss: 0.9791, Acc: 0.6610
Epoch: 70, Loss: 0.9784, Acc: 0.6620
Epoch: 80, Loss: 0.9786, Acc: 0.6710
Epoch: 90, Loss: 0.9777, Acc: 0.6670
Epoch: 100, Loss: 0.9775, Acc: 0.6740
Best Acc: 0.6740
Perturbation Size:4
Epoch: 10, Loss: 1.7227, Acc: 0.2360
Epoch: 20, Loss: 1.0798, Acc: 0.4850
Epoch: 30, Loss: 1.0102, Acc: 0.6280
Epoch: 40, Loss: 0.9913, Acc: 0.6640
Epoch: 50, Loss: 0.9841, Acc: 0.6640
Epoch: 60, Loss: 0.9808, Acc: 0.6730
Epoch: 70, Loss: 0.9821, Acc: 0.6840
Epoch: 80, Loss: 0.9800, Acc: 0.6800
Epoch: 90, Loss: 0.9779, Acc: 0.6820
Epoch: 100, Loss: 0.9800, Acc: 0.6620
Best Acc: 0.6620
Perturbation Size:5
Epoch: 10, Loss: 1.6905, Acc: 0.2110
Epoch: 20, Loss: 1.0743, Acc: 0.4540
Epoch: 30, Loss: 1.0090, Acc: 0.5860
Epoch: 40, Loss: 0.9921, Acc: 0.6480
Epoch: 50, Loss: 0.9853, Acc: 0.6650
Epoch: 60, Loss: 0.9834, Acc: 0.6670
Epoch: 70, Loss: 0.9818, Acc: 0.6420
Epoch: 80, Loss: 0.9804, Acc: 0.6600
Epoch: 90, Loss: 0.9785, Acc: 0.6710
Epoch: 100, Loss: 0.9798, Acc: 0.6660
Best Acc: 0.6660
Perturbation Size:6
Epoch: 10, Loss: 1.6788, Acc: 0.2170
Epoch: 20, Loss: 1.0741, Acc: 0.4530
Epoch: 30, Loss: 1.0107, Acc: 0.5910
Epoch: 40, Loss: 0.9934, Acc: 0.6240
Epoch: 50, Loss: 0.9879, Acc: 0.6480
Epoch: 60, Loss: 0.9855, Acc: 0.6700
Epoch: 70, Loss: 0.9858, Acc: 0.6410
Epoch: 80, Loss: 0.9834, Acc: 0.6480
Epoch: 90, Loss: 0.9843, Acc: 0.6590
Epoch: 100, Loss: 0.9843, Acc: 0.6620
Best Acc: 0.6620
Perturbation Size:7
Epoch: 10, Loss: 1.6730, Acc: 0.2050
Epoch: 20, Loss: 1.0718, Acc: 0.4290
Epoch: 30, Loss: 1.0099, Acc: 0.5740
Epoch: 40, Loss: 0.9929, Acc: 0.6410
Epoch: 50, Loss: 0.9872, Acc: 0.6620
Epoch: 60, Loss: 0.9854, Acc: 0.6430
Epoch: 70, Loss: 0.9826, Acc: 0.6430
Epoch: 80, Loss: 0.9817, Acc: 0.6390
Epoch: 90, Loss: 0.9818, Acc: 0.6450
Epoch: 100, Loss: 0.9810, Acc: 0.6450
Best Acc: 0.6450
Perturbation Size:8
Epoch: 10, Loss: 1.6670, Acc: 0.2040
Epoch: 20, Loss: 1.0700, Acc: 0.3820
Epoch: 30, Loss: 1.0111, Acc: 0.5440
Epoch: 40, Loss: 0.9964, Acc: 0.6040
Epoch: 50, Loss: 0.9892, Acc: 0.6200
Epoch: 60, Loss: 0.9859, Acc: 0.6210
Epoch: 70, Loss: 0.9846, Acc: 0.6200
Epoch: 80, Loss: 0.9847, Acc: 0.6350
Epoch: 90, Loss: 0.9860, Acc: 0.6270
Epoch: 100, Loss: 0.9833, Acc: 0.6200
Best Acc: 0.6200
Perturbation Size:9
Epoch: 10, Loss: 1.6638, Acc: 0.1760
Epoch: 20, Loss: 1.0701, Acc: 0.3480
Epoch: 30, Loss: 1.0095, Acc: 0.5120
Epoch: 40, Loss: 0.9948, Acc: 0.5680
Epoch: 50, Loss: 0.9879, Acc: 0.6090
Epoch: 60, Loss: 0.9866, Acc: 0.6230
Epoch: 70, Loss: 0.9845, Acc: 0.6200
Epoch: 80, Loss: 0.9845, Acc: 0.6050
Epoch: 90, Loss: 0.9838, Acc: 0.5930
Epoch: 100, Loss: 0.9849, Acc: 0.6020
Best Acc: 0.6020
Perturbation Size:10
Epoch: 10, Loss: 1.6622, Acc: 0.2140
Epoch: 20, Loss: 1.0733, Acc: 0.3510
Epoch: 30, Loss: 1.0153, Acc: 0.5130
Epoch: 40, Loss: 0.9988, Acc: 0.5550
Epoch: 50, Loss: 0.9928, Acc: 0.6440
Epoch: 60, Loss: 0.9898, Acc: 0.6330
Epoch: 70, Loss: 0.9894, Acc: 0.6060
Epoch: 80, Loss: 0.9886, Acc: 0.6110
Epoch: 90, Loss: 0.9887, Acc: 0.6130
Epoch: 100, Loss: 0.9882, Acc: 0.6200
Best Acc: 0.6200
Perturbation Size:11
Epoch: 10, Loss: 1.6595, Acc: 0.1900
Epoch: 20, Loss: 1.0703, Acc: 0.3420
Epoch: 30, Loss: 1.0154, Acc: 0.4700
Epoch: 40, Loss: 1.0003, Acc: 0.5620
Epoch: 50, Loss: 0.9931, Acc: 0.5840
Epoch: 60, Loss: 0.9902, Acc: 0.5720
Epoch: 70, Loss: 0.9895, Acc: 0.5540
Epoch: 80, Loss: 0.9892, Acc: 0.5780
Epoch: 90, Loss: 0.9908, Acc: 0.5770
Epoch: 100, Loss: 0.9894, Acc: 0.5570
Best Acc: 0.5570
Perturbation Size:12
Epoch: 10, Loss: 1.6453, Acc: 0.1780
Epoch: 20, Loss: 1.0700, Acc: 0.3260
Epoch: 30, Loss: 1.0147, Acc: 0.5140
Epoch: 40, Loss: 1.0007, Acc: 0.5700
Epoch: 50, Loss: 0.9931, Acc: 0.5400
Epoch: 60, Loss: 0.9919, Acc: 0.5920
Epoch: 70, Loss: 0.9908, Acc: 0.6180
Epoch: 80, Loss: 0.9916, Acc: 0.6230
Epoch: 90, Loss: 0.9897, Acc: 0.5640
Epoch: 100, Loss: 0.9903, Acc: 0.5790
Best Acc: 0.5790
Perturbation Size:13
Epoch: 10, Loss: 1.6519, Acc: 0.1810
Epoch: 20, Loss: 1.0715, Acc: 0.2880
Epoch: 30, Loss: 1.0135, Acc: 0.4430
Epoch: 40, Loss: 1.0009, Acc: 0.5130
Epoch: 50, Loss: 0.9957, Acc: 0.5680
Epoch: 60, Loss: 0.9922, Acc: 0.5640
Epoch: 70, Loss: 0.9923, Acc: 0.5700
Epoch: 80, Loss: 0.9906, Acc: 0.5470
Epoch: 90, Loss: 0.9903, Acc: 0.5860
Epoch: 100, Loss: 0.9903, Acc: 0.5430
Best Acc: 0.5430
Perturbation Size:14
Epoch: 10, Loss: 1.6504, Acc: 0.1870
Epoch: 20, Loss: 1.0699, Acc: 0.3230
Epoch: 30, Loss: 1.0143, Acc: 0.4530
Epoch: 40, Loss: 0.9987, Acc: 0.5180
Epoch: 50, Loss: 0.9932, Acc: 0.5670
Epoch: 60, Loss: 0.9910, Acc: 0.5830
Epoch: 70, Loss: 0.9899, Acc: 0.5630
Epoch: 80, Loss: 0.9913, Acc: 0.5650
Epoch: 90, Loss: 0.9909, Acc: 0.5500
Epoch: 100, Loss: 0.9885, Acc: 0.5520
Best Acc: 0.5520
Perturbation Size:15
Epoch: 10, Loss: 1.6516, Acc: 0.1680
Epoch: 20, Loss: 1.0701, Acc: 0.3100
Epoch: 30, Loss: 1.0129, Acc: 0.4790
Epoch: 40, Loss: 1.0010, Acc: 0.5290
Epoch: 50, Loss: 0.9972, Acc: 0.5670
Epoch: 60, Loss: 0.9932, Acc: 0.5770
Epoch: 70, Loss: 0.9919, Acc: 0.5630
Epoch: 80, Loss: 0.9936, Acc: 0.5730
Epoch: 90, Loss: 0.9923, Acc: 0.5710
Epoch: 100, Loss: 0.9910, Acc: 0.5930
Best Acc: 0.5930
Perturbation Size:16
Epoch: 10, Loss: 1.6440, Acc: 0.1970
Epoch: 20, Loss: 1.0704, Acc: 0.3110
Epoch: 30, Loss: 1.0130, Acc: 0.4540
Epoch: 40, Loss: 0.9998, Acc: 0.5420
Epoch: 50, Loss: 0.9959, Acc: 0.5790
Epoch: 60, Loss: 0.9926, Acc: 0.5660
Epoch: 70, Loss: 0.9930, Acc: 0.5860
Epoch: 80, Loss: 0.9919, Acc: 0.5730
Epoch: 90, Loss: 0.9922, Acc: 0.5620
Epoch: 100, Loss: 0.9923, Acc: 0.5670
Best Acc: 0.5670
Perturbation Size:17
Epoch: 10, Loss: 1.6502, Acc: 0.1680
Epoch: 20, Loss: 1.0655, Acc: 0.2710
Epoch: 30, Loss: 1.0137, Acc: 0.4440
Epoch: 40, Loss: 0.9998, Acc: 0.5440
Epoch: 50, Loss: 0.9953, Acc: 0.5830
Epoch: 60, Loss: 0.9917, Acc: 0.5810
Epoch: 70, Loss: 0.9924, Acc: 0.5590
Epoch: 80, Loss: 0.9903, Acc: 0.5350
Epoch: 90, Loss: 0.9912, Acc: 0.5700
Epoch: 100, Loss: 0.9915, Acc: 0.5500
Best Acc: 0.5500
Perturbation Size:18
Epoch: 10, Loss: 1.6407, Acc: 0.1680
Epoch: 20, Loss: 1.0673, Acc: 0.2450
Epoch: 30, Loss: 1.0127, Acc: 0.3770
Epoch: 40, Loss: 1.0013, Acc: 0.4760
Epoch: 50, Loss: 0.9955, Acc: 0.5390
Epoch: 60, Loss: 0.9947, Acc: 0.5270
Epoch: 70, Loss: 0.9928, Acc: 0.5250
Epoch: 80, Loss: 0.9928, Acc: 0.5650
Epoch: 90, Loss: 0.9922, Acc: 0.5410
Epoch: 100, Loss: 0.9929, Acc: 0.5200
Best Acc: 0.5200
Perturbation Size:19
Epoch: 10, Loss: 1.6455, Acc: 0.2040
Epoch: 20, Loss: 1.0675, Acc: 0.2530
Epoch: 30, Loss: 1.0144, Acc: 0.3950
Epoch: 40, Loss: 1.0008, Acc: 0.4780
Epoch: 50, Loss: 0.9939, Acc: 0.5170
Epoch: 60, Loss: 0.9935, Acc: 0.5110
Epoch: 70, Loss: 0.9908, Acc: 0.5290
Epoch: 80, Loss: 0.9930, Acc: 0.5370
Epoch: 90, Loss: 0.9931, Acc: 0.5290
Epoch: 100, Loss: 0.9908, Acc: 0.5310
Best Acc: 0.5310
Perturbation Size:20
Epoch: 10, Loss: 1.6352, Acc: 0.1660
Epoch: 20, Loss: 1.0690, Acc: 0.2550
Epoch: 30, Loss: 1.0139, Acc: 0.3770
Epoch: 40, Loss: 1.0019, Acc: 0.4830
Epoch: 50, Loss: 0.9964, Acc: 0.4860
Epoch: 60, Loss: 0.9934, Acc: 0.4850
Epoch: 70, Loss: 0.9921, Acc: 0.5270
Epoch: 80, Loss: 0.9937, Acc: 0.5240
Epoch: 90, Loss: 0.9934, Acc: 0.5300
Epoch: 100, Loss: 0.9932, Acc: 0.4930
Best Acc: 0.4930
seed 320
Perturbation Size:0
Epoch: 10, Loss: 1.7309, Acc: 0.4570
Epoch: 20, Loss: 0.9666, Acc: 0.6360
Epoch: 30, Loss: 0.8687, Acc: 0.6760
Epoch: 40, Loss: 0.8438, Acc: 0.6890
Epoch: 50, Loss: 0.8336, Acc: 0.7030
Epoch: 60, Loss: 0.8288, Acc: 0.7030
Epoch: 70, Loss: 0.8259, Acc: 0.7130
Epoch: 80, Loss: 0.8255, Acc: 0.7130
Epoch: 90, Loss: 0.8247, Acc: 0.7180
Epoch: 100, Loss: 0.8253, Acc: 0.7040
Best Acc: 0.7040
Perturbation Size:1
Epoch: 10, Loss: 1.7620, Acc: 0.3490
Epoch: 20, Loss: 1.0518, Acc: 0.5850
Epoch: 30, Loss: 0.9738, Acc: 0.6840
Epoch: 40, Loss: 0.9520, Acc: 0.7040
Epoch: 50, Loss: 0.9451, Acc: 0.7020
Epoch: 60, Loss: 0.9430, Acc: 0.7000
Epoch: 70, Loss: 0.9390, Acc: 0.6970
Epoch: 80, Loss: 0.9408, Acc: 0.6900
Epoch: 90, Loss: 0.9422, Acc: 0.7060
Epoch: 100, Loss: 0.9397, Acc: 0.7070
Best Acc: 0.7070
Perturbation Size:2
Epoch: 10, Loss: 1.7314, Acc: 0.3050
Epoch: 20, Loss: 1.0707, Acc: 0.5490
Epoch: 30, Loss: 0.9974, Acc: 0.6190
Epoch: 40, Loss: 0.9783, Acc: 0.6670
Epoch: 50, Loss: 0.9718, Acc: 0.6820
Epoch: 60, Loss: 0.9667, Acc: 0.6750
Epoch: 70, Loss: 0.9671, Acc: 0.6810
Epoch: 80, Loss: 0.9683, Acc: 0.6910
Epoch: 90, Loss: 0.9684, Acc: 0.6820
Epoch: 100, Loss: 0.9657, Acc: 0.7000
Best Acc: 0.7000
Perturbation Size:3
Epoch: 10, Loss: 1.7146, Acc: 0.2810
Epoch: 20, Loss: 1.0748, Acc: 0.5160
Epoch: 30, Loss: 1.0063, Acc: 0.6210
Epoch: 40, Loss: 0.9890, Acc: 0.6680
Epoch: 50, Loss: 0.9819, Acc: 0.6640
Epoch: 60, Loss: 0.9797, Acc: 0.6790
Epoch: 70, Loss: 0.9775, Acc: 0.6760
Epoch: 80, Loss: 0.9775, Acc: 0.6600
Epoch: 90, Loss: 0.9772, Acc: 0.6580
Epoch: 100, Loss: 0.9771, Acc: 0.6720
Best Acc: 0.6720
Perturbation Size:4
Epoch: 10, Loss: 1.7058, Acc: 0.2270
Epoch: 20, Loss: 1.0781, Acc: 0.4740
Epoch: 30, Loss: 1.0095, Acc: 0.6200
Epoch: 40, Loss: 0.9918, Acc: 0.6560
Epoch: 50, Loss: 0.9838, Acc: 0.6800
Epoch: 60, Loss: 0.9830, Acc: 0.6810
Epoch: 70, Loss: 0.9809, Acc: 0.6860
Epoch: 80, Loss: 0.9795, Acc: 0.6880
Epoch: 90, Loss: 0.9805, Acc: 0.6690
Epoch: 100, Loss: 0.9800, Acc: 0.6620
Best Acc: 0.6620
Perturbation Size:5
Epoch: 10, Loss: 1.6979, Acc: 0.2440
Epoch: 20, Loss: 1.0777, Acc: 0.5040
Epoch: 30, Loss: 1.0103, Acc: 0.6250
Epoch: 40, Loss: 0.9935, Acc: 0.6570
Epoch: 50, Loss: 0.9860, Acc: 0.6750
Epoch: 60, Loss: 0.9822, Acc: 0.6780
Epoch: 70, Loss: 0.9822, Acc: 0.6730
Epoch: 80, Loss: 0.9805, Acc: 0.6870
Epoch: 90, Loss: 0.9801, Acc: 0.6810
Epoch: 100, Loss: 0.9799, Acc: 0.6820
Best Acc: 0.6820
Perturbation Size:6
Epoch: 10, Loss: 1.6835, Acc: 0.2340
Epoch: 20, Loss: 1.0757, Acc: 0.4390
Epoch: 30, Loss: 1.0111, Acc: 0.5950
Epoch: 40, Loss: 0.9950, Acc: 0.6390
Epoch: 50, Loss: 0.9881, Acc: 0.6400
Epoch: 60, Loss: 0.9847, Acc: 0.6550
Epoch: 70, Loss: 0.9836, Acc: 0.6490
Epoch: 80, Loss: 0.9846, Acc: 0.6500
Epoch: 90, Loss: 0.9829, Acc: 0.6490
Epoch: 100, Loss: 0.9839, Acc: 0.6480
Best Acc: 0.6480
Perturbation Size:7
Epoch: 10, Loss: 1.6843, Acc: 0.1860
Epoch: 20, Loss: 1.0767, Acc: 0.3850
Epoch: 30, Loss: 1.0132, Acc: 0.5340
Epoch: 40, Loss: 0.9944, Acc: 0.6230
Epoch: 50, Loss: 0.9885, Acc: 0.6330
Epoch: 60, Loss: 0.9834, Acc: 0.6350
Epoch: 70, Loss: 0.9843, Acc: 0.6450
Epoch: 80, Loss: 0.9826, Acc: 0.6620
Epoch: 90, Loss: 0.9832, Acc: 0.6500
Epoch: 100, Loss: 0.9832, Acc: 0.6320
Best Acc: 0.6320
Perturbation Size:8
Epoch: 10, Loss: 1.6837, Acc: 0.2240
Epoch: 20, Loss: 1.0758, Acc: 0.4390
Epoch: 30, Loss: 1.0131, Acc: 0.5810
Epoch: 40, Loss: 0.9945, Acc: 0.6250
Epoch: 50, Loss: 0.9897, Acc: 0.6540
Epoch: 60, Loss: 0.9872, Acc: 0.6440
Epoch: 70, Loss: 0.9868, Acc: 0.6230
Epoch: 80, Loss: 0.9867, Acc: 0.6180
Epoch: 90, Loss: 0.9852, Acc: 0.6200
Epoch: 100, Loss: 0.9858, Acc: 0.6180
Best Acc: 0.6180
Perturbation Size:9
Epoch: 10, Loss: 1.6664, Acc: 0.2010
Epoch: 20, Loss: 1.0728, Acc: 0.3890
Epoch: 30, Loss: 1.0107, Acc: 0.5560
Epoch: 40, Loss: 0.9937, Acc: 0.6090
Epoch: 50, Loss: 0.9883, Acc: 0.6260
Epoch: 60, Loss: 0.9881, Acc: 0.6330
Epoch: 70, Loss: 0.9846, Acc: 0.6370
Epoch: 80, Loss: 0.9844, Acc: 0.6360
Epoch: 90, Loss: 0.9851, Acc: 0.6330
Epoch: 100, Loss: 0.9860, Acc: 0.6050
Best Acc: 0.6050
Perturbation Size:10
Epoch: 10, Loss: 1.6725, Acc: 0.1560
Epoch: 20, Loss: 1.0727, Acc: 0.3230
Epoch: 30, Loss: 1.0146, Acc: 0.5180
Epoch: 40, Loss: 0.9978, Acc: 0.5860
Epoch: 50, Loss: 0.9935, Acc: 0.5950
Epoch: 60, Loss: 0.9898, Acc: 0.6030
Epoch: 70, Loss: 0.9899, Acc: 0.6170
Epoch: 80, Loss: 0.9879, Acc: 0.6090
Epoch: 90, Loss: 0.9895, Acc: 0.6140
Epoch: 100, Loss: 0.9884, Acc: 0.6070
Best Acc: 0.6070
Perturbation Size:11
Epoch: 10, Loss: 1.6706, Acc: 0.2080
Epoch: 20, Loss: 1.0764, Acc: 0.3480
Epoch: 30, Loss: 1.0133, Acc: 0.4840
Epoch: 40, Loss: 0.9983, Acc: 0.5670
Epoch: 50, Loss: 0.9937, Acc: 0.5890
Epoch: 60, Loss: 0.9896, Acc: 0.5980
Epoch: 70, Loss: 0.9914, Acc: 0.5850
Epoch: 80, Loss: 0.9899, Acc: 0.5930
Epoch: 90, Loss: 0.9888, Acc: 0.6160
Epoch: 100, Loss: 0.9886, Acc: 0.5860
Best Acc: 0.5860
Perturbation Size:12
Epoch: 10, Loss: 1.6650, Acc: 0.1760
Epoch: 20, Loss: 1.0760, Acc: 0.3300
Epoch: 30, Loss: 1.0174, Acc: 0.5130
Epoch: 40, Loss: 1.0027, Acc: 0.5720
Epoch: 50, Loss: 0.9929, Acc: 0.6120
Epoch: 60, Loss: 0.9949, Acc: 0.6060
Epoch: 70, Loss: 0.9926, Acc: 0.6170
Epoch: 80, Loss: 0.9929, Acc: 0.5920
Epoch: 90, Loss: 0.9934, Acc: 0.6020
Epoch: 100, Loss: 0.9922, Acc: 0.5840
Best Acc: 0.5840
Perturbation Size:13
Epoch: 10, Loss: 1.6539, Acc: 0.1590
Epoch: 20, Loss: 1.0709, Acc: 0.3000
Epoch: 30, Loss: 1.0128, Acc: 0.4700
Epoch: 40, Loss: 1.0009, Acc: 0.5510
Epoch: 50, Loss: 0.9953, Acc: 0.5430
Epoch: 60, Loss: 0.9905, Acc: 0.5700
Epoch: 70, Loss: 0.9916, Acc: 0.5490
Epoch: 80, Loss: 0.9899, Acc: 0.5410
Epoch: 90, Loss: 0.9884, Acc: 0.5380
Epoch: 100, Loss: 0.9901, Acc: 0.5590
Best Acc: 0.5590
Perturbation Size:14
Epoch: 10, Loss: 1.6498, Acc: 0.1590
Epoch: 20, Loss: 1.0700, Acc: 0.2700
Epoch: 30, Loss: 1.0113, Acc: 0.4010
Epoch: 40, Loss: 0.9987, Acc: 0.5020
Epoch: 50, Loss: 0.9951, Acc: 0.5740
Epoch: 60, Loss: 0.9918, Acc: 0.5600
Epoch: 70, Loss: 0.9911, Acc: 0.5430
Epoch: 80, Loss: 0.9913, Acc: 0.5620
Epoch: 90, Loss: 0.9886, Acc: 0.5730
Epoch: 100, Loss: 0.9903, Acc: 0.5790
Best Acc: 0.5790
Perturbation Size:15
Epoch: 10, Loss: 1.6455, Acc: 0.1610
Epoch: 20, Loss: 1.0682, Acc: 0.3140
Epoch: 30, Loss: 1.0139, Acc: 0.4370
Epoch: 40, Loss: 0.9999, Acc: 0.5080
Epoch: 50, Loss: 0.9947, Acc: 0.5410
Epoch: 60, Loss: 0.9939, Acc: 0.5580
Epoch: 70, Loss: 0.9920, Acc: 0.5710
Epoch: 80, Loss: 0.9906, Acc: 0.5600
Epoch: 90, Loss: 0.9918, Acc: 0.5370
Epoch: 100, Loss: 0.9909, Acc: 0.5580
Best Acc: 0.5580
Perturbation Size:16
Epoch: 10, Loss: 1.6466, Acc: 0.1860
Epoch: 20, Loss: 1.0671, Acc: 0.2660
Epoch: 30, Loss: 1.0134, Acc: 0.4240
Epoch: 40, Loss: 1.0002, Acc: 0.5370
Epoch: 50, Loss: 0.9950, Acc: 0.5290
Epoch: 60, Loss: 0.9930, Acc: 0.5470
Epoch: 70, Loss: 0.9929, Acc: 0.5500
Epoch: 80, Loss: 0.9919, Acc: 0.5690
Epoch: 90, Loss: 0.9928, Acc: 0.5500
Epoch: 100, Loss: 0.9929, Acc: 0.5560
Best Acc: 0.5560
Perturbation Size:17
Epoch: 10, Loss: 1.6475, Acc: 0.1650
Epoch: 20, Loss: 1.0682, Acc: 0.2780
Epoch: 30, Loss: 1.0121, Acc: 0.4390
Epoch: 40, Loss: 0.9986, Acc: 0.5020
Epoch: 50, Loss: 0.9950, Acc: 0.5580
Epoch: 60, Loss: 0.9909, Acc: 0.5710
Epoch: 70, Loss: 0.9925, Acc: 0.5650
Epoch: 80, Loss: 0.9910, Acc: 0.5300
Epoch: 90, Loss: 0.9922, Acc: 0.5780
Epoch: 100, Loss: 0.9909, Acc: 0.5380
Best Acc: 0.5380
Perturbation Size:18
Epoch: 10, Loss: 1.6325, Acc: 0.1510
Epoch: 20, Loss: 1.0664, Acc: 0.2380
Epoch: 30, Loss: 1.0132, Acc: 0.3700
Epoch: 40, Loss: 0.9983, Acc: 0.4910
Epoch: 50, Loss: 0.9957, Acc: 0.5250
Epoch: 60, Loss: 0.9938, Acc: 0.5150
Epoch: 70, Loss: 0.9919, Acc: 0.5250
Epoch: 80, Loss: 0.9925, Acc: 0.5270
Epoch: 90, Loss: 0.9942, Acc: 0.5040
Epoch: 100, Loss: 0.9920, Acc: 0.5240
Best Acc: 0.5240
Perturbation Size:19
Epoch: 10, Loss: 1.6282, Acc: 0.1880
Epoch: 20, Loss: 1.0650, Acc: 0.2930
Epoch: 30, Loss: 1.0131, Acc: 0.4230
Epoch: 40, Loss: 1.0003, Acc: 0.5060
Epoch: 50, Loss: 0.9948, Acc: 0.5100
Epoch: 60, Loss: 0.9946, Acc: 0.5190
Epoch: 70, Loss: 0.9924, Acc: 0.5310
Epoch: 80, Loss: 0.9939, Acc: 0.5330
Epoch: 90, Loss: 0.9924, Acc: 0.5200
Epoch: 100, Loss: 0.9920, Acc: 0.5330
Best Acc: 0.5330
Perturbation Size:20
Epoch: 10, Loss: 1.6332, Acc: 0.1900
Epoch: 20, Loss: 1.0665, Acc: 0.2640
Epoch: 30, Loss: 1.0146, Acc: 0.3980
Epoch: 40, Loss: 1.0011, Acc: 0.4860
Epoch: 50, Loss: 0.9953, Acc: 0.5220
Epoch: 60, Loss: 0.9946, Acc: 0.5630
Epoch: 70, Loss: 0.9932, Acc: 0.5420
Epoch: 80, Loss: 0.9912, Acc: 0.5440
Epoch: 90, Loss: 0.9939, Acc: 0.5240
Epoch: 100, Loss: 0.9960, Acc: 0.5070
Best Acc: 0.5070
Ptb size:0 Accuracy:0.7054+-0.004841487374764086
Ptb size:1 Accuracy:0.7045999999999999+-0.007172168430816448
Ptb size:2 Accuracy:0.6856+-0.008499411744350276
Ptb size:3 Accuracy:0.6686000000000001+-0.007002856560004645
Ptb size:4 Accuracy:0.662+-0.0056213877290220825
Ptb size:5 Accuracy:0.666+-0.01436662799685439
Ptb size:6 Accuracy:0.6612+-0.007440430095095317
Ptb size:7 Accuracy:0.6298+-0.020003999600079998
Ptb size:8 Accuracy:0.6157999999999999+-0.007277362159464108
Ptb size:9 Accuracy:0.6064+-0.02080961316315132
Ptb size:10 Accuracy:0.6076+-0.008957678270623484
Ptb size:11 Accuracy:0.5793999999999999+-0.016082288394379685
Ptb size:12 Accuracy:0.5738000000000001+-0.01940515395455545
Ptb size:13 Accuracy:0.5638000000000001+-0.0122865780427261
Ptb size:14 Accuracy:0.5628+-0.014524462124292202
Ptb size:15 Accuracy:0.5650000000000001+-0.015244671200127574
Ptb size:16 Accuracy:0.5608000000000001+-0.013287588193498436
Ptb size:17 Accuracy:0.5640000000000001+-0.026099808428415687
Ptb size:18 Accuracy:0.5242+-0.012592060990957768
Ptb size:19 Accuracy:0.525+-0.008876936408468867
Ptb size:20 Accuracy:0.5134000000000001+-0.01318483977907962
