nohup: ignoring input
run_graphcl.py:14: DeprecationWarning: the imp module is deprecated in favour of importlib; see the module's documentation for alternative uses
  import imp
Namespace(add_edge_rate_1=0, add_edge_rate_2=0, attack='random', base_model='GCN', batch_size=128, cl_activation='relu', cl_base_model='GCNConv', cl_lr=0.01, cl_num_epochs=100, cl_num_layers=2, cl_weight_decay=1e-05, config='config.yaml', cont_weight=1, cuda=True, dataset='PROTEINS', debug=True, device_id=2, drop_edge_rate_1=0.1, drop_edge_rate_2=0.1, drop_feat_rate_1=0.1, drop_feat_rate_2=0.1, drop_node_rate_1=0.1, drop_node_rate_2=0.1, dropout=0.5, encoder_model='GraphCL', hidden=32, if_smoothed=False, no_cuda=False, num_hidden=32, num_proj_hidden=32, prob=0.8, seed=10, select_target_ratio=0.1, tau=0.2, test_model='GCN', train_lr=0.01, walk_length=10, weight_decay=0.0005)

(T):   0%|          | 0/100 [00:00<?, ?it/s]
(T):   0%|          | 0/100 [00:01<?, ?it/s, loss=32.1]
(T):   1%|          | 1/100 [00:01<02:02,  1.24s/it, loss=32.1]
(T):   1%|          | 1/100 [00:01<02:02,  1.24s/it, loss=29.9]
(T):   2%|▏         | 2/100 [00:01<00:55,  1.76it/s, loss=29.9]
(T):   2%|▏         | 2/100 [00:01<00:55,  1.76it/s, loss=30.2]
(T):   3%|▎         | 3/100 [00:01<00:35,  2.77it/s, loss=30.2]
(T):   3%|▎         | 3/100 [00:01<00:35,  2.77it/s, loss=27.2]
(T):   4%|▍         | 4/100 [00:01<00:25,  3.82it/s, loss=27.2]
(T):   4%|▍         | 4/100 [00:01<00:25,  3.82it/s, loss=27.4]
(T):   5%|▌         | 5/100 [00:01<00:19,  4.85it/s, loss=27.4]
(T):   5%|▌         | 5/100 [00:01<00:19,  4.85it/s, loss=25.2]
(T):   6%|▌         | 6/100 [00:01<00:19,  4.85it/s, loss=21.6]
(T):   7%|▋         | 7/100 [00:01<00:14,  6.57it/s, loss=21.6]
(T):   7%|▋         | 7/100 [00:01<00:14,  6.57it/s, loss=21.9]
(T):   8%|▊         | 8/100 [00:01<00:12,  7.19it/s, loss=21.9]
(T):   8%|▊         | 8/100 [00:02<00:12,  7.19it/s, loss=24]  
(T):   9%|▉         | 9/100 [00:02<00:11,  7.61it/s, loss=24]
(T):   9%|▉         | 9/100 [00:02<00:11,  7.61it/s, loss=21.8]
(T):  10%|█         | 10/100 [00:02<00:11,  7.61it/s, loss=26.3]
(T):  11%|█         | 11/100 [00:02<00:10,  8.33it/s, loss=26.3]
(T):  11%|█         | 11/100 [00:02<00:10,  8.33it/s, loss=27.3]
(T):  12%|█▏        | 12/100 [00:02<00:10,  8.50it/s, loss=27.3]
(T):  12%|█▏        | 12/100 [00:02<00:10,  8.50it/s, loss=23.5]
(T):  13%|█▎        | 13/100 [00:02<00:09,  8.77it/s, loss=23.5]
(T):  13%|█▎        | 13/100 [00:02<00:09,  8.77it/s, loss=21.1]
(T):  14%|█▍        | 14/100 [00:02<00:09,  8.77it/s, loss=20.9]
(T):  15%|█▌        | 15/100 [00:02<00:09,  9.18it/s, loss=20.9]
(T):  15%|█▌        | 15/100 [00:02<00:09,  9.18it/s, loss=19.8]
(T):  16%|█▌        | 16/100 [00:02<00:09,  8.91it/s, loss=19.8]
(T):  16%|█▌        | 16/100 [00:02<00:09,  8.91it/s, loss=24.4]
(T):  17%|█▋        | 17/100 [00:02<00:09,  8.85it/s, loss=24.4]
(T):  17%|█▋        | 17/100 [00:03<00:09,  8.85it/s, loss=19.1]
(T):  18%|█▊        | 18/100 [00:03<00:09,  8.68it/s, loss=19.1]
(T):  18%|█▊        | 18/100 [00:03<00:09,  8.68it/s, loss=19.3]
(T):  19%|█▉        | 19/100 [00:03<00:09,  8.55it/s, loss=19.3]
(T):  19%|█▉        | 19/100 [00:03<00:09,  8.55it/s, loss=17]  
(T):  20%|██        | 20/100 [00:03<00:09,  8.47it/s, loss=17]
(T):  20%|██        | 20/100 [00:03<00:09,  8.47it/s, loss=16.2]
(T):  21%|██        | 21/100 [00:03<00:09,  8.33it/s, loss=16.2]
(T):  21%|██        | 21/100 [00:03<00:09,  8.33it/s, loss=16]  
(T):  22%|██▏       | 22/100 [00:03<00:09,  8.19it/s, loss=16]
(T):  22%|██▏       | 22/100 [00:03<00:09,  8.19it/s, loss=17.6]
(T):  23%|██▎       | 23/100 [00:03<00:09,  8.20it/s, loss=17.6]
(T):  23%|██▎       | 23/100 [00:03<00:09,  8.20it/s, loss=23.6]
(T):  24%|██▍       | 24/100 [00:03<00:09,  8.15it/s, loss=23.6]
(T):  24%|██▍       | 24/100 [00:03<00:09,  8.15it/s, loss=17.8]
(T):  25%|██▌       | 25/100 [00:03<00:09,  8.30it/s, loss=17.8]
(T):  25%|██▌       | 25/100 [00:04<00:09,  8.30it/s, loss=17.3]
(T):  26%|██▌       | 26/100 [00:04<00:09,  8.14it/s, loss=17.3]
(T):  26%|██▌       | 26/100 [00:04<00:09,  8.14it/s, loss=16.8]
(T):  27%|██▋       | 27/100 [00:04<00:09,  8.09it/s, loss=16.8]
(T):  27%|██▋       | 27/100 [00:04<00:09,  8.09it/s, loss=18.3]
(T):  28%|██▊       | 28/100 [00:04<00:08,  8.07it/s, loss=18.3]
(T):  28%|██▊       | 28/100 [00:04<00:08,  8.07it/s, loss=16.5]
(T):  29%|██▉       | 29/100 [00:04<00:08,  8.12it/s, loss=16.5]
(T):  29%|██▉       | 29/100 [00:04<00:08,  8.12it/s, loss=18.6]
(T):  30%|███       | 30/100 [00:04<00:08,  8.38it/s, loss=18.6]
(T):  30%|███       | 30/100 [00:04<00:08,  8.38it/s, loss=16.7]
(T):  31%|███       | 31/100 [00:04<00:08,  8.22it/s, loss=16.7]
(T):  31%|███       | 31/100 [00:04<00:08,  8.22it/s, loss=14.4]
(T):  32%|███▏      | 32/100 [00:04<00:08,  8.33it/s, loss=14.4]
(T):  32%|███▏      | 32/100 [00:04<00:08,  8.33it/s, loss=19.2]
(T):  33%|███▎      | 33/100 [00:04<00:08,  8.35it/s, loss=19.2]
(T):  33%|███▎      | 33/100 [00:05<00:08,  8.35it/s, loss=15.7]
(T):  34%|███▍      | 34/100 [00:05<00:07,  8.37it/s, loss=15.7]
(T):  34%|███▍      | 34/100 [00:05<00:07,  8.37it/s, loss=17.9]
(T):  35%|███▌      | 35/100 [00:05<00:07,  8.56it/s, loss=17.9]
(T):  35%|███▌      | 35/100 [00:05<00:07,  8.56it/s, loss=21]  
(T):  36%|███▌      | 36/100 [00:05<00:07,  8.26it/s, loss=21]
(T):  36%|███▌      | 36/100 [00:05<00:07,  8.26it/s, loss=16.9]
(T):  37%|███▋      | 37/100 [00:05<00:07,  8.07it/s, loss=16.9]
(T):  37%|███▋      | 37/100 [00:05<00:07,  8.07it/s, loss=17.2]
(T):  38%|███▊      | 38/100 [00:05<00:07,  8.00it/s, loss=17.2]
(T):  38%|███▊      | 38/100 [00:05<00:07,  8.00it/s, loss=14.8]
(T):  39%|███▉      | 39/100 [00:05<00:07,  8.31it/s, loss=14.8]
(T):  39%|███▉      | 39/100 [00:05<00:07,  8.31it/s, loss=21.4]
(T):  40%|████      | 40/100 [00:05<00:07,  8.31it/s, loss=21.4]
(T):  40%|████      | 40/100 [00:05<00:07,  8.31it/s, loss=16.3]
(T):  41%|████      | 41/100 [00:05<00:07,  8.21it/s, loss=16.3]
(T):  41%|████      | 41/100 [00:05<00:07,  8.21it/s, loss=15.8]
(T):  42%|████▏     | 42/100 [00:05<00:07,  8.20it/s, loss=15.8]
(T):  42%|████▏     | 42/100 [00:06<00:07,  8.20it/s, loss=17]  
(T):  43%|████▎     | 43/100 [00:06<00:06,  8.16it/s, loss=17]
(T):  43%|████▎     | 43/100 [00:06<00:06,  8.16it/s, loss=14.3]
(T):  44%|████▍     | 44/100 [00:06<00:06,  8.01it/s, loss=14.3]
(T):  44%|████▍     | 44/100 [00:06<00:06,  8.01it/s, loss=16.5]
(T):  45%|████▌     | 45/100 [00:06<00:06,  7.97it/s, loss=16.5]
(T):  45%|████▌     | 45/100 [00:06<00:06,  7.97it/s, loss=16.6]
(T):  46%|████▌     | 46/100 [00:06<00:06,  8.01it/s, loss=16.6]
(T):  46%|████▌     | 46/100 [00:06<00:06,  8.01it/s, loss=15.1]
(T):  47%|████▋     | 47/100 [00:06<00:06,  8.03it/s, loss=15.1]
(T):  47%|████▋     | 47/100 [00:06<00:06,  8.03it/s, loss=12]  
(T):  48%|████▊     | 48/100 [00:06<00:06,  8.12it/s, loss=12]
(T):  48%|████▊     | 48/100 [00:06<00:06,  8.12it/s, loss=15]
(T):  49%|████▉     | 49/100 [00:06<00:06,  8.20it/s, loss=15]
(T):  49%|████▉     | 49/100 [00:06<00:06,  8.20it/s, loss=14.5]
(T):  50%|█████     | 50/100 [00:06<00:06,  8.06it/s, loss=14.5]
(T):  50%|█████     | 50/100 [00:07<00:06,  8.06it/s, loss=15.7]
(T):  51%|█████     | 51/100 [00:07<00:06,  8.02it/s, loss=15.7]
(T):  51%|█████     | 51/100 [00:07<00:06,  8.02it/s, loss=13.1]
(T):  52%|█████▏    | 52/100 [00:07<00:05,  8.10it/s, loss=13.1]
(T):  52%|█████▏    | 52/100 [00:07<00:05,  8.10it/s, loss=19.2]
(T):  53%|█████▎    | 53/100 [00:07<00:06,  7.36it/s, loss=19.2]
(T):  53%|█████▎    | 53/100 [00:07<00:06,  7.36it/s, loss=17]  
(T):  54%|█████▍    | 54/100 [00:07<00:06,  7.57it/s, loss=17]
(T):  54%|█████▍    | 54/100 [00:07<00:06,  7.57it/s, loss=14]
(T):  55%|█████▌    | 55/100 [00:07<00:05,  7.62it/s, loss=14]
(T):  55%|█████▌    | 55/100 [00:07<00:05,  7.62it/s, loss=15.4]
(T):  56%|█████▌    | 56/100 [00:07<00:05,  7.84it/s, loss=15.4]
(T):  56%|█████▌    | 56/100 [00:07<00:05,  7.84it/s, loss=14.2]
(T):  57%|█████▋    | 57/100 [00:07<00:05,  7.84it/s, loss=14.2]
(T):  57%|█████▋    | 57/100 [00:08<00:05,  7.84it/s, loss=14]  
(T):  58%|█████▊    | 58/100 [00:08<00:05,  8.06it/s, loss=14]
(T):  58%|█████▊    | 58/100 [00:08<00:05,  8.06it/s, loss=14]
(T):  59%|█████▉    | 59/100 [00:08<00:05,  8.16it/s, loss=14]
(T):  59%|█████▉    | 59/100 [00:08<00:05,  8.16it/s, loss=16.6]
(T):  60%|██████    | 60/100 [00:08<00:04,  8.17it/s, loss=16.6]
(T):  60%|██████    | 60/100 [00:08<00:04,  8.17it/s, loss=13.8]
(T):  61%|██████    | 61/100 [00:08<00:04,  8.01it/s, loss=13.8]
(T):  61%|██████    | 61/100 [00:08<00:04,  8.01it/s, loss=14]  
(T):  62%|██████▏   | 62/100 [00:08<00:04,  8.14it/s, loss=14]
(T):  62%|██████▏   | 62/100 [00:08<00:04,  8.14it/s, loss=13.3]
(T):  63%|██████▎   | 63/100 [00:08<00:04,  8.18it/s, loss=13.3]
(T):  63%|██████▎   | 63/100 [00:08<00:04,  8.18it/s, loss=13.3]
(T):  64%|██████▍   | 64/100 [00:08<00:04,  8.16it/s, loss=13.3]
(T):  64%|██████▍   | 64/100 [00:08<00:04,  8.16it/s, loss=18.6]
(T):  65%|██████▌   | 65/100 [00:08<00:04,  8.41it/s, loss=18.6]
(T):  65%|██████▌   | 65/100 [00:08<00:04,  8.41it/s, loss=12.8]
(T):  66%|██████▌   | 66/100 [00:08<00:03,  8.67it/s, loss=12.8]
(T):  66%|██████▌   | 66/100 [00:09<00:03,  8.67it/s, loss=18.8]
(T):  67%|██████▋   | 67/100 [00:09<00:03,  8.30it/s, loss=18.8]
(T):  67%|██████▋   | 67/100 [00:09<00:03,  8.30it/s, loss=13.6]
(T):  68%|██████▊   | 68/100 [00:09<00:03,  8.33it/s, loss=13.6]
(T):  68%|██████▊   | 68/100 [00:09<00:03,  8.33it/s, loss=16.5]
(T):  69%|██████▉   | 69/100 [00:09<00:03,  8.32it/s, loss=16.5]
(T):  69%|██████▉   | 69/100 [00:09<00:03,  8.32it/s, loss=15.4]
(T):  70%|███████   | 70/100 [00:09<00:03,  8.44it/s, loss=15.4]
(T):  70%|███████   | 70/100 [00:09<00:03,  8.44it/s, loss=16]  
(T):  71%|███████   | 71/100 [00:09<00:03,  8.23it/s, loss=16]
(T):  71%|███████   | 71/100 [00:09<00:03,  8.23it/s, loss=16.3]
(T):  72%|███████▏  | 72/100 [00:09<00:03,  8.23it/s, loss=16.3]
(T):  72%|███████▏  | 72/100 [00:09<00:03,  8.23it/s, loss=15]  
(T):  73%|███████▎  | 73/100 [00:09<00:03,  8.31it/s, loss=15]
(T):  73%|███████▎  | 73/100 [00:09<00:03,  8.31it/s, loss=14.3]
(T):  74%|███████▍  | 74/100 [00:09<00:03,  8.16it/s, loss=14.3]
(T):  74%|███████▍  | 74/100 [00:10<00:03,  8.16it/s, loss=15.9]
(T):  75%|███████▌  | 75/100 [00:10<00:03,  8.17it/s, loss=15.9]
(T):  75%|███████▌  | 75/100 [00:10<00:03,  8.17it/s, loss=14.6]
(T):  76%|███████▌  | 76/100 [00:10<00:02,  8.18it/s, loss=14.6]
(T):  76%|███████▌  | 76/100 [00:10<00:02,  8.18it/s, loss=15.8]
(T):  77%|███████▋  | 77/100 [00:10<00:02,  8.14it/s, loss=15.8]
(T):  77%|███████▋  | 77/100 [00:10<00:02,  8.14it/s, loss=14.5]
(T):  78%|███████▊  | 78/100 [00:10<00:02,  8.12it/s, loss=14.5]
(T):  78%|███████▊  | 78/100 [00:10<00:02,  8.12it/s, loss=14.6]
(T):  79%|███████▉  | 79/100 [00:10<00:02,  8.00it/s, loss=14.6]
(T):  79%|███████▉  | 79/100 [00:10<00:02,  8.00it/s, loss=12.7]
(T):  80%|████████  | 80/100 [00:10<00:02,  8.19it/s, loss=12.7]
(T):  80%|████████  | 80/100 [00:10<00:02,  8.19it/s, loss=9.95]
(T):  81%|████████  | 81/100 [00:10<00:02,  8.26it/s, loss=9.95]
(T):  81%|████████  | 81/100 [00:10<00:02,  8.26it/s, loss=12.3]
(T):  82%|████████▏ | 82/100 [00:10<00:02,  8.28it/s, loss=12.3]
(T):  82%|████████▏ | 82/100 [00:11<00:02,  8.28it/s, loss=11.7]
(T):  83%|████████▎ | 83/100 [00:11<00:02,  8.25it/s, loss=11.7]
(T):  83%|████████▎ | 83/100 [00:11<00:02,  8.25it/s, loss=15.3]
(T):  84%|████████▍ | 84/100 [00:11<00:01,  8.18it/s, loss=15.3]
(T):  84%|████████▍ | 84/100 [00:11<00:01,  8.18it/s, loss=14.7]
(T):  85%|████████▌ | 85/100 [00:11<00:01,  8.54it/s, loss=14.7]
(T):  85%|████████▌ | 85/100 [00:11<00:01,  8.54it/s, loss=14.2]
(T):  86%|████████▌ | 86/100 [00:11<00:01,  8.45it/s, loss=14.2]
(T):  86%|████████▌ | 86/100 [00:11<00:01,  8.45it/s, loss=14.8]
(T):  87%|████████▋ | 87/100 [00:11<00:01,  8.47it/s, loss=14.8]
(T):  87%|████████▋ | 87/100 [00:11<00:01,  8.47it/s, loss=11.4]
(T):  88%|████████▊ | 88/100 [00:11<00:01,  8.58it/s, loss=11.4]
(T):  88%|████████▊ | 88/100 [00:11<00:01,  8.58it/s, loss=13.4]
(T):  89%|████████▉ | 89/100 [00:11<00:01,  8.26it/s, loss=13.4]
(T):  89%|████████▉ | 89/100 [00:11<00:01,  8.26it/s, loss=14.9]
(T):  90%|█████████ | 90/100 [00:11<00:01,  8.36it/s, loss=14.9]
(T):  90%|█████████ | 90/100 [00:11<00:01,  8.36it/s, loss=14.6]
(T):  91%|█████████ | 91/100 [00:11<00:01,  8.45it/s, loss=14.6]
(T):  91%|█████████ | 91/100 [00:12<00:01,  8.45it/s, loss=14.1]
(T):  92%|█████████▏| 92/100 [00:12<00:00,  8.30it/s, loss=14.1]
(T):  92%|█████████▏| 92/100 [00:12<00:00,  8.30it/s, loss=12.4]
(T):  93%|█████████▎| 93/100 [00:12<00:00,  8.33it/s, loss=12.4]
(T):  93%|█████████▎| 93/100 [00:12<00:00,  8.33it/s, loss=10.8]
(T):  94%|█████████▍| 94/100 [00:12<00:00,  8.38it/s, loss=10.8]
(T):  94%|█████████▍| 94/100 [00:12<00:00,  8.38it/s, loss=15.3]
(T):  95%|█████████▌| 95/100 [00:12<00:00,  8.28it/s, loss=15.3]
(T):  95%|█████████▌| 95/100 [00:12<00:00,  8.28it/s, loss=15.8]
(T):  96%|█████████▌| 96/100 [00:12<00:00,  8.28it/s, loss=15.8]
(T):  96%|█████████▌| 96/100 [00:12<00:00,  8.28it/s, loss=12.1]
(T):  97%|█████████▋| 97/100 [00:12<00:00,  8.32it/s, loss=12.1]
(T):  97%|█████████▋| 97/100 [00:12<00:00,  8.32it/s, loss=13.8]
(T):  98%|█████████▊| 98/100 [00:12<00:00,  8.13it/s, loss=13.8]
(T):  98%|█████████▊| 98/100 [00:12<00:00,  8.13it/s, loss=11.5]
(T):  99%|█████████▉| 99/100 [00:12<00:00,  8.20it/s, loss=11.5]
(T):  99%|█████████▉| 99/100 [00:13<00:00,  8.20it/s, loss=13.5]
(T): 100%|██████████| 100/100 [00:13<00:00,  8.30it/s, loss=13.5]
(T): 100%|██████████| 100/100 [00:13<00:00,  7.64it/s, loss=13.5]
Accuracy: 0.7297297297297297
random
Perturbation Size:0
Accuracy: 0.7117117117117117
Perturbation Size:1
Accuracy: 0.7117117117117117
Perturbation Size:2
Accuracy: 0.7297297297297297
Perturbation Size:3
Accuracy: 0.7117117117117117
Perturbation Size:4
Accuracy: 0.7297297297297297
Perturbation Size:5
Accuracy: 0.7207207207207207
Perturbation Size:6
Accuracy: 0.7117117117117117
Perturbation Size:7
Accuracy: 0.7117117117117117
Perturbation Size:8
Accuracy: 0.7387387387387387
Perturbation Size:9
Accuracy: 0.7297297297297297
Perturbation Size:10
Accuracy: 0.7387387387387387

(T):   0%|          | 0/100 [00:00<?, ?it/s]
(T):   0%|          | 0/100 [00:00<?, ?it/s, loss=33.4]
(T):   1%|          | 1/100 [00:00<00:14,  6.98it/s, loss=33.4]
(T):   1%|          | 1/100 [00:00<00:14,  6.98it/s, loss=30.2]
(T):   2%|▏         | 2/100 [00:00<00:14,  6.79it/s, loss=30.2]
(T):   2%|▏         | 2/100 [00:00<00:14,  6.79it/s, loss=29.2]
(T):   3%|▎         | 3/100 [00:00<00:14,  6.79it/s, loss=29.2]
(T):   3%|▎         | 3/100 [00:00<00:14,  6.79it/s, loss=26.9]
(T):   4%|▍         | 4/100 [00:00<00:13,  6.86it/s, loss=26.9]
(T):   4%|▍         | 4/100 [00:00<00:13,  6.86it/s, loss=25.5]
(T):   5%|▌         | 5/100 [00:00<00:13,  6.88it/s, loss=25.5]
(T):   5%|▌         | 5/100 [00:00<00:13,  6.88it/s, loss=27.7]
(T):   6%|▌         | 6/100 [00:00<00:13,  6.93it/s, loss=27.7]
(T):   6%|▌         | 6/100 [00:01<00:13,  6.93it/s, loss=19.9]
(T):   7%|▋         | 7/100 [00:01<00:13,  6.98it/s, loss=19.9]
(T):   7%|▋         | 7/100 [00:01<00:13,  6.98it/s, loss=21]  
(T):   8%|▊         | 8/100 [00:01<00:13,  6.96it/s, loss=21]
(T):   8%|▊         | 8/100 [00:01<00:13,  6.96it/s, loss=16.5]
(T):   9%|▉         | 9/100 [00:01<00:13,  6.92it/s, loss=16.5]
(T):   9%|▉         | 9/100 [00:01<00:13,  6.92it/s, loss=18.5]
(T):  10%|█         | 10/100 [00:01<00:12,  7.00it/s, loss=18.5]
(T):  10%|█         | 10/100 [00:01<00:12,  7.00it/s, loss=18.5]
(T):  11%|█         | 11/100 [00:01<00:12,  6.96it/s, loss=18.5]
(T):  11%|█         | 11/100 [00:01<00:12,  6.96it/s, loss=21]  
(T):  12%|█▏        | 12/100 [00:01<00:12,  6.95it/s, loss=21]
(T):  12%|█▏        | 12/100 [00:01<00:12,  6.95it/s, loss=21.5]
(T):  13%|█▎        | 13/100 [00:01<00:12,  6.91it/s, loss=21.5]
(T):  13%|█▎        | 13/100 [00:02<00:12,  6.91it/s, loss=22.8]
(T):  14%|█▍        | 14/100 [00:02<00:12,  6.99it/s, loss=22.8]
(T):  14%|█▍        | 14/100 [00:02<00:12,  6.99it/s, loss=21.5]
(T):  15%|█▌        | 15/100 [00:02<00:12,  7.06it/s, loss=21.5]
(T):  15%|█▌        | 15/100 [00:02<00:12,  7.06it/s, loss=17.7]
(T):  16%|█▌        | 16/100 [00:02<00:11,  7.09it/s, loss=17.7]
(T):  16%|█▌        | 16/100 [00:02<00:11,  7.09it/s, loss=19.1]
(T):  17%|█▋        | 17/100 [00:02<00:11,  7.10it/s, loss=19.1]
(T):  17%|█▋        | 17/100 [00:02<00:11,  7.10it/s, loss=22.3]
(T):  18%|█▊        | 18/100 [00:02<00:11,  7.07it/s, loss=22.3]
(T):  18%|█▊        | 18/100 [00:02<00:11,  7.07it/s, loss=18]  
(T):  19%|█▉        | 19/100 [00:02<00:10,  7.54it/s, loss=18]
(T):  19%|█▉        | 19/100 [00:02<00:10,  7.54it/s, loss=15.6]
(T):  20%|██        | 20/100 [00:02<00:10,  7.67it/s, loss=15.6]
(T):  20%|██        | 20/100 [00:02<00:10,  7.67it/s, loss=15.5]
(T):  21%|██        | 21/100 [00:02<00:10,  7.81it/s, loss=15.5]
(T):  21%|██        | 21/100 [00:03<00:10,  7.81it/s, loss=17.3]
(T):  22%|██▏       | 22/100 [00:03<00:10,  7.70it/s, loss=17.3]
(T):  22%|██▏       | 22/100 [00:03<00:10,  7.70it/s, loss=18.4]
(T):  23%|██▎       | 23/100 [00:03<00:09,  7.98it/s, loss=18.4]
(T):  23%|██▎       | 23/100 [00:03<00:09,  7.98it/s, loss=17.8]
(T):  24%|██▍       | 24/100 [00:03<00:09,  8.06it/s, loss=17.8]
(T):  24%|██▍       | 24/100 [00:03<00:09,  8.06it/s, loss=19.2]
(T):  25%|██▌       | 25/100 [00:03<00:09,  8.16it/s, loss=19.2]
(T):  25%|██▌       | 25/100 [00:03<00:09,  8.16it/s, loss=14.7]
(T):  26%|██▌       | 26/100 [00:03<00:09,  8.19it/s, loss=14.7]
(T):  26%|██▌       | 26/100 [00:03<00:09,  8.19it/s, loss=16.6]
(T):  27%|██▋       | 27/100 [00:03<00:09,  7.94it/s, loss=16.6]
(T):  27%|██▋       | 27/100 [00:03<00:09,  7.94it/s, loss=17.1]
(T):  28%|██▊       | 28/100 [00:03<00:08,  8.15it/s, loss=17.1]
(T):  28%|██▊       | 28/100 [00:03<00:08,  8.15it/s, loss=14.7]
(T):  29%|██▉       | 29/100 [00:03<00:08,  8.43it/s, loss=14.7]
(T):  29%|██▉       | 29/100 [00:04<00:08,  8.43it/s, loss=12.8]
(T):  30%|███       | 30/100 [00:04<00:08,  8.32it/s, loss=12.8]
(T):  30%|███       | 30/100 [00:04<00:08,  8.32it/s, loss=24.2]
(T):  31%|███       | 31/100 [00:04<00:08,  8.13it/s, loss=24.2]
(T):  31%|███       | 31/100 [00:04<00:08,  8.13it/s, loss=15.6]
(T):  32%|███▏      | 32/100 [00:04<00:08,  8.20it/s, loss=15.6]
(T):  32%|███▏      | 32/100 [00:04<00:08,  8.20it/s, loss=17.3]
(T):  33%|███▎      | 33/100 [00:04<00:08,  8.32it/s, loss=17.3]
(T):  33%|███▎      | 33/100 [00:04<00:08,  8.32it/s, loss=16.9]
(T):  34%|███▍      | 34/100 [00:04<00:08,  7.96it/s, loss=16.9]
(T):  34%|███▍      | 34/100 [00:04<00:08,  7.96it/s, loss=16.7]
(T):  35%|███▌      | 35/100 [00:04<00:08,  7.97it/s, loss=16.7]
(T):  35%|███▌      | 35/100 [00:04<00:08,  7.97it/s, loss=17.1]
(T):  36%|███▌      | 36/100 [00:04<00:08,  7.92it/s, loss=17.1]
(T):  36%|███▌      | 36/100 [00:04<00:08,  7.92it/s, loss=16.8]
(T):  37%|███▋      | 37/100 [00:04<00:07,  7.98it/s, loss=16.8]
(T):  37%|███▋      | 37/100 [00:05<00:07,  7.98it/s, loss=15.6]
(T):  38%|███▊      | 38/100 [00:05<00:07,  8.08it/s, loss=15.6]
(T):  38%|███▊      | 38/100 [00:05<00:07,  8.08it/s, loss=16.2]
(T):  39%|███▉      | 39/100 [00:05<00:07,  8.14it/s, loss=16.2]
(T):  39%|███▉      | 39/100 [00:05<00:07,  8.14it/s, loss=14.1]
(T):  40%|████      | 40/100 [00:05<00:07,  8.09it/s, loss=14.1]
(T):  40%|████      | 40/100 [00:05<00:07,  8.09it/s, loss=16.4]
(T):  41%|████      | 41/100 [00:05<00:07,  7.98it/s, loss=16.4]
(T):  41%|████      | 41/100 [00:05<00:07,  7.98it/s, loss=16.3]
(T):  42%|████▏     | 42/100 [00:05<00:07,  8.05it/s, loss=16.3]
(T):  42%|████▏     | 42/100 [00:05<00:07,  8.05it/s, loss=14.4]
(T):  43%|████▎     | 43/100 [00:05<00:07,  8.11it/s, loss=14.4]
(T):  43%|████▎     | 43/100 [00:05<00:07,  8.11it/s, loss=15.5]
(T):  44%|████▍     | 44/100 [00:05<00:06,  8.00it/s, loss=15.5]
(T):  44%|████▍     | 44/100 [00:05<00:06,  8.00it/s, loss=18.3]
(T):  45%|████▌     | 45/100 [00:05<00:06,  8.05it/s, loss=18.3]
(T):  45%|████▌     | 45/100 [00:06<00:06,  8.05it/s, loss=19.5]
(T):  46%|████▌     | 46/100 [00:06<00:06,  8.08it/s, loss=19.5]
(T):  46%|████▌     | 46/100 [00:06<00:06,  8.08it/s, loss=20.2]
(T):  47%|████▋     | 47/100 [00:06<00:06,  8.30it/s, loss=20.2]
(T):  47%|████▋     | 47/100 [00:06<00:06,  8.30it/s, loss=15]  
(T):  48%|████▊     | 48/100 [00:06<00:06,  7.98it/s, loss=15]
(T):  48%|████▊     | 48/100 [00:06<00:06,  7.98it/s, loss=16.2]
(T):  49%|████▉     | 49/100 [00:06<00:06,  7.79it/s, loss=16.2]
(T):  49%|████▉     | 49/100 [00:06<00:06,  7.79it/s, loss=17.2]
(T):  50%|█████     | 50/100 [00:06<00:06,  7.77it/s, loss=17.2]
(T):  50%|█████     | 50/100 [00:06<00:06,  7.77it/s, loss=16.8]
(T):  51%|█████     | 51/100 [00:06<00:06,  7.84it/s, loss=16.8]
(T):  51%|█████     | 51/100 [00:06<00:06,  7.84it/s, loss=17.5]
(T):  52%|█████▏    | 52/100 [00:06<00:06,  7.87it/s, loss=17.5]
(T):  52%|█████▏    | 52/100 [00:06<00:06,  7.87it/s, loss=15.1]
(T):  53%|█████▎    | 53/100 [00:06<00:05,  7.90it/s, loss=15.1]
(T):  53%|█████▎    | 53/100 [00:07<00:05,  7.90it/s, loss=14.1]
(T):  54%|█████▍    | 54/100 [00:07<00:05,  7.85it/s, loss=14.1]
(T):  54%|█████▍    | 54/100 [00:07<00:05,  7.85it/s, loss=13.1]
(T):  55%|█████▌    | 55/100 [00:07<00:05,  7.98it/s, loss=13.1]
(T):  55%|█████▌    | 55/100 [00:07<00:05,  7.98it/s, loss=12.8]
(T):  56%|█████▌    | 56/100 [00:07<00:05,  7.96it/s, loss=12.8]
(T):  56%|█████▌    | 56/100 [00:07<00:05,  7.96it/s, loss=15.3]
(T):  57%|█████▋    | 57/100 [00:07<00:05,  8.10it/s, loss=15.3]
(T):  57%|█████▋    | 57/100 [00:07<00:05,  8.10it/s, loss=15.5]
(T):  58%|█████▊    | 58/100 [00:07<00:05,  8.09it/s, loss=15.5]
(T):  58%|█████▊    | 58/100 [00:07<00:05,  8.09it/s, loss=14]  
(T):  59%|█████▉    | 59/100 [00:07<00:05,  8.12it/s, loss=14]
(T):  59%|█████▉    | 59/100 [00:07<00:05,  8.12it/s, loss=17.5]
(T):  60%|██████    | 60/100 [00:07<00:04,  8.27it/s, loss=17.5]
(T):  60%|██████    | 60/100 [00:07<00:04,  8.27it/s, loss=12]  
(T):  61%|██████    | 61/100 [00:07<00:04,  8.16it/s, loss=12]
(T):  61%|██████    | 61/100 [00:08<00:04,  8.16it/s, loss=15.4]
(T):  62%|██████▏   | 62/100 [00:08<00:04,  7.94it/s, loss=15.4]
(T):  62%|██████▏   | 62/100 [00:08<00:04,  7.94it/s, loss=12.7]
(T):  63%|██████▎   | 63/100 [00:08<00:04,  7.94it/s, loss=12.7]
(T):  63%|██████▎   | 63/100 [00:08<00:04,  7.94it/s, loss=15.4]
(T):  64%|██████▍   | 64/100 [00:08<00:04,  7.76it/s, loss=15.4]
(T):  64%|██████▍   | 64/100 [00:08<00:04,  7.76it/s, loss=18]  
(T):  65%|██████▌   | 65/100 [00:08<00:04,  7.92it/s, loss=18]
(T):  65%|██████▌   | 65/100 [00:08<00:04,  7.92it/s, loss=15]
(T):  66%|██████▌   | 66/100 [00:08<00:04,  7.83it/s, loss=15]
(T):  66%|██████▌   | 66/100 [00:08<00:04,  7.83it/s, loss=14.6]
(T):  67%|██████▋   | 67/100 [00:08<00:04,  8.15it/s, loss=14.6]
(T):  67%|██████▋   | 67/100 [00:08<00:04,  8.15it/s, loss=16.6]
(T):  68%|██████▊   | 68/100 [00:08<00:04,  7.95it/s, loss=16.6]
(T):  68%|██████▊   | 68/100 [00:08<00:04,  7.95it/s, loss=16.2]
(T):  69%|██████▉   | 69/100 [00:08<00:03,  7.81it/s, loss=16.2]
(T):  69%|██████▉   | 69/100 [00:09<00:03,  7.81it/s, loss=14.8]
(T):  70%|███████   | 70/100 [00:09<00:03,  7.68it/s, loss=14.8]
(T):  70%|███████   | 70/100 [00:09<00:03,  7.68it/s, loss=11.3]
(T):  71%|███████   | 71/100 [00:09<00:03,  7.92it/s, loss=11.3]
(T):  71%|███████   | 71/100 [00:09<00:03,  7.92it/s, loss=15.7]
(T):  72%|███████▏  | 72/100 [00:09<00:03,  7.81it/s, loss=15.7]
(T):  72%|███████▏  | 72/100 [00:09<00:03,  7.81it/s, loss=12.6]
(T):  73%|███████▎  | 73/100 [00:09<00:03,  8.08it/s, loss=12.6]
(T):  73%|███████▎  | 73/100 [00:09<00:03,  8.08it/s, loss=13.5]
(T):  74%|███████▍  | 74/100 [00:09<00:03,  8.08it/s, loss=13.5]
(T):  74%|███████▍  | 74/100 [00:09<00:03,  8.08it/s, loss=16.6]
(T):  75%|███████▌  | 75/100 [00:09<00:03,  8.32it/s, loss=16.6]
(T):  75%|███████▌  | 75/100 [00:09<00:03,  8.32it/s, loss=14.4]
(T):  76%|███████▌  | 76/100 [00:09<00:02,  8.25it/s, loss=14.4]
(T):  76%|███████▌  | 76/100 [00:09<00:02,  8.25it/s, loss=12.1]
(T):  77%|███████▋  | 77/100 [00:09<00:02,  8.27it/s, loss=12.1]
(T):  77%|███████▋  | 77/100 [00:10<00:02,  8.27it/s, loss=12.8]
(T):  78%|███████▊  | 78/100 [00:10<00:02,  8.42it/s, loss=12.8]
(T):  78%|███████▊  | 78/100 [00:10<00:02,  8.42it/s, loss=16]  
(T):  79%|███████▉  | 79/100 [00:10<00:02,  8.05it/s, loss=16]
(T):  79%|███████▉  | 79/100 [00:10<00:02,  8.05it/s, loss=15.5]
(T):  80%|████████  | 80/100 [00:10<00:02,  7.91it/s, loss=15.5]
(T):  80%|████████  | 80/100 [00:10<00:02,  7.91it/s, loss=13.7]
(T):  81%|████████  | 81/100 [00:10<00:02,  7.88it/s, loss=13.7]
(T):  81%|████████  | 81/100 [00:10<00:02,  7.88it/s, loss=13.4]
(T):  82%|████████▏ | 82/100 [00:10<00:02,  7.97it/s, loss=13.4]
(T):  82%|████████▏ | 82/100 [00:10<00:02,  7.97it/s, loss=12]  
(T):  83%|████████▎ | 83/100 [00:10<00:02,  8.23it/s, loss=12]
(T):  83%|████████▎ | 83/100 [00:10<00:02,  8.23it/s, loss=15.6]
(T):  84%|████████▍ | 84/100 [00:10<00:01,  8.06it/s, loss=15.6]
(T):  84%|████████▍ | 84/100 [00:10<00:01,  8.06it/s, loss=10.3]
(T):  85%|████████▌ | 85/100 [00:10<00:01,  8.01it/s, loss=10.3]
(T):  85%|████████▌ | 85/100 [00:11<00:01,  8.01it/s, loss=13.5]
(T):  86%|████████▌ | 86/100 [00:11<00:01,  8.09it/s, loss=13.5]
(T):  86%|████████▌ | 86/100 [00:11<00:01,  8.09it/s, loss=16.5]
(T):  87%|████████▋ | 87/100 [00:11<00:01,  8.09it/s, loss=16.5]
(T):  87%|████████▋ | 87/100 [00:11<00:01,  8.09it/s, loss=12.4]
(T):  88%|████████▊ | 88/100 [00:11<00:01,  8.26it/s, loss=12.4]
(T):  88%|████████▊ | 88/100 [00:11<00:01,  8.26it/s, loss=12.6]
(T):  89%|████████▉ | 89/100 [00:11<00:01,  8.32it/s, loss=12.6]
(T):  89%|████████▉ | 89/100 [00:11<00:01,  8.32it/s, loss=13.7]
(T):  90%|█████████ | 90/100 [00:11<00:01,  8.30it/s, loss=13.7]
(T):  90%|█████████ | 90/100 [00:11<00:01,  8.30it/s, loss=12.6]
(T):  91%|█████████ | 91/100 [00:11<00:01,  8.37it/s, loss=12.6]
(T):  91%|█████████ | 91/100 [00:11<00:01,  8.37it/s, loss=11.8]
(T):  92%|█████████▏| 92/100 [00:11<00:00,  8.43it/s, loss=11.8]
(T):  92%|█████████▏| 92/100 [00:11<00:00,  8.43it/s, loss=12.6]
(T):  93%|█████████▎| 93/100 [00:11<00:00,  8.05it/s, loss=12.6]
(T):  93%|█████████▎| 93/100 [00:11<00:00,  8.05it/s, loss=14.4]
(T):  94%|█████████▍| 94/100 [00:11<00:00,  7.98it/s, loss=14.4]
(T):  94%|█████████▍| 94/100 [00:12<00:00,  7.98it/s, loss=11.9]
(T):  95%|█████████▌| 95/100 [00:12<00:00,  8.00it/s, loss=11.9]
(T):  95%|█████████▌| 95/100 [00:12<00:00,  8.00it/s, loss=15.1]
(T):  96%|█████████▌| 96/100 [00:12<00:00,  8.14it/s, loss=15.1]
(T):  96%|█████████▌| 96/100 [00:12<00:00,  8.14it/s, loss=13.3]
(T):  97%|█████████▋| 97/100 [00:12<00:00,  7.95it/s, loss=13.3]
(T):  97%|█████████▋| 97/100 [00:12<00:00,  7.95it/s, loss=15.1]
(T):  98%|█████████▊| 98/100 [00:12<00:00,  7.94it/s, loss=15.1]
(T):  98%|█████████▊| 98/100 [00:12<00:00,  7.94it/s, loss=14.8]
(T):  99%|█████████▉| 99/100 [00:12<00:00,  7.84it/s, loss=14.8]
(T):  99%|█████████▉| 99/100 [00:12<00:00,  7.84it/s, loss=14.9]
(T): 100%|██████████| 100/100 [00:12<00:00,  8.07it/s, loss=14.9]
(T): 100%|██████████| 100/100 [00:12<00:00,  7.85it/s, loss=14.9]
Accuracy: 0.7207207207207207
random
Perturbation Size:0
Accuracy: 0.7657657657657657
Perturbation Size:1
Accuracy: 0.7027027027027027
Perturbation Size:2
Accuracy: 0.7117117117117117
Perturbation Size:3
Accuracy: 0.7297297297297297
Perturbation Size:4
Accuracy: 0.7117117117117117
Perturbation Size:5
Accuracy: 0.6936936936936937
Perturbation Size:6
Accuracy: 0.6936936936936937
Perturbation Size:7
Accuracy: 0.7027027027027027
Perturbation Size:8
Accuracy: 0.7207207207207207
Perturbation Size:9
Accuracy: 0.7027027027027027
Perturbation Size:10
Accuracy: 0.7117117117117117

(T):   0%|          | 0/100 [00:00<?, ?it/s]
(T):   0%|          | 0/100 [00:00<?, ?it/s, loss=27.8]
(T):   1%|          | 1/100 [00:00<00:11,  8.40it/s, loss=27.8]
(T):   1%|          | 1/100 [00:00<00:11,  8.40it/s, loss=20.7]
(T):   2%|▏         | 2/100 [00:00<00:11,  8.60it/s, loss=20.7]
(T):   2%|▏         | 2/100 [00:00<00:11,  8.60it/s, loss=19.6]
(T):   3%|▎         | 3/100 [00:00<00:10,  8.91it/s, loss=19.6]
(T):   3%|▎         | 3/100 [00:00<00:10,  8.91it/s, loss=18.3]
(T):   4%|▍         | 4/100 [00:00<00:10,  9.06it/s, loss=18.3]
(T):   4%|▍         | 4/100 [00:00<00:10,  9.06it/s, loss=20]  
(T):   5%|▌         | 5/100 [00:00<00:10,  9.14it/s, loss=20]
(T):   5%|▌         | 5/100 [00:00<00:10,  9.14it/s, loss=19.3]
(T):   6%|▌         | 6/100 [00:00<00:10,  9.19it/s, loss=19.3]
(T):   6%|▌         | 6/100 [00:00<00:10,  9.19it/s, loss=17.9]
(T):   7%|▋         | 7/100 [00:00<00:10,  9.21it/s, loss=17.9]
(T):   7%|▋         | 7/100 [00:00<00:10,  9.21it/s, loss=20.3]
(T):   8%|▊         | 8/100 [00:00<00:10,  9.19it/s, loss=20.3]
(T):   8%|▊         | 8/100 [00:00<00:10,  9.19it/s, loss=15.4]
(T):   9%|▉         | 9/100 [00:00<00:10,  9.01it/s, loss=15.4]
(T):   9%|▉         | 9/100 [00:01<00:10,  9.01it/s, loss=15.5]
(T):  10%|█         | 10/100 [00:01<00:10,  8.23it/s, loss=15.5]
(T):  10%|█         | 10/100 [00:01<00:10,  8.23it/s, loss=17.2]
(T):  11%|█         | 11/100 [00:01<00:11,  7.86it/s, loss=17.2]
(T):  11%|█         | 11/100 [00:01<00:11,  7.86it/s, loss=14.8]
(T):  12%|█▏        | 12/100 [00:01<00:11,  7.58it/s, loss=14.8]
(T):  12%|█▏        | 12/100 [00:01<00:11,  7.58it/s, loss=19.6]
(T):  13%|█▎        | 13/100 [00:01<00:11,  7.38it/s, loss=19.6]
(T):  13%|█▎        | 13/100 [00:01<00:11,  7.38it/s, loss=20.2]
(T):  14%|█▍        | 14/100 [00:01<00:11,  7.31it/s, loss=20.2]
(T):  14%|█▍        | 14/100 [00:01<00:11,  7.31it/s, loss=17.6]
(T):  15%|█▌        | 15/100 [00:01<00:11,  7.16it/s, loss=17.6]
(T):  15%|█▌        | 15/100 [00:01<00:11,  7.16it/s, loss=18.1]
(T):  16%|█▌        | 16/100 [00:01<00:11,  7.15it/s, loss=18.1]
(T):  16%|█▌        | 16/100 [00:02<00:11,  7.15it/s, loss=16.6]
(T):  17%|█▋        | 17/100 [00:02<00:11,  7.22it/s, loss=16.6]
(T):  17%|█▋        | 17/100 [00:02<00:11,  7.22it/s, loss=14]  
(T):  18%|█▊        | 18/100 [00:02<00:11,  7.19it/s, loss=14]
(T):  18%|█▊        | 18/100 [00:02<00:11,  7.19it/s, loss=14.6]
(T):  19%|█▉        | 19/100 [00:02<00:11,  7.15it/s, loss=14.6]
(T):  19%|█▉        | 19/100 [00:02<00:11,  7.15it/s, loss=16.5]
(T):  20%|██        | 20/100 [00:02<00:11,  7.15it/s, loss=16.5]
(T):  20%|██        | 20/100 [00:02<00:11,  7.15it/s, loss=15.4]
(T):  21%|██        | 21/100 [00:02<00:11,  7.16it/s, loss=15.4]
(T):  21%|██        | 21/100 [00:02<00:11,  7.16it/s, loss=14.6]
(T):  22%|██▏       | 22/100 [00:02<00:10,  7.10it/s, loss=14.6]
(T):  22%|██▏       | 22/100 [00:02<00:10,  7.10it/s, loss=17.4]
(T):  23%|██▎       | 23/100 [00:02<00:10,  7.07it/s, loss=17.4]
(T):  23%|██▎       | 23/100 [00:03<00:10,  7.07it/s, loss=16.6]
(T):  24%|██▍       | 24/100 [00:03<00:10,  7.07it/s, loss=16.6]
(T):  24%|██▍       | 24/100 [00:03<00:10,  7.07it/s, loss=15.9]
(T):  25%|██▌       | 25/100 [00:03<00:10,  7.09it/s, loss=15.9]
(T):  25%|██▌       | 25/100 [00:03<00:10,  7.09it/s, loss=14.1]
(T):  26%|██▌       | 26/100 [00:03<00:10,  7.15it/s, loss=14.1]
(T):  26%|██▌       | 26/100 [00:03<00:10,  7.15it/s, loss=12.8]
(T):  27%|██▋       | 27/100 [00:03<00:10,  7.26it/s, loss=12.8]
(T):  27%|██▋       | 27/100 [00:03<00:10,  7.26it/s, loss=13.5]
(T):  28%|██▊       | 28/100 [00:03<00:09,  7.58it/s, loss=13.5]
(T):  28%|██▊       | 28/100 [00:03<00:09,  7.58it/s, loss=14.5]
(T):  29%|██▉       | 29/100 [00:03<00:08,  8.07it/s, loss=14.5]
(T):  29%|██▉       | 29/100 [00:03<00:08,  8.07it/s, loss=14.2]
(T):  30%|███       | 30/100 [00:03<00:08,  8.31it/s, loss=14.2]
(T):  30%|███       | 30/100 [00:03<00:08,  8.31it/s, loss=15.4]
(T):  31%|███       | 31/100 [00:03<00:08,  8.62it/s, loss=15.4]
(T):  31%|███       | 31/100 [00:04<00:08,  8.62it/s, loss=13.7]
(T):  32%|███▏      | 32/100 [00:04<00:07,  8.85it/s, loss=13.7]
(T):  32%|███▏      | 32/100 [00:04<00:07,  8.85it/s, loss=17.4]
(T):  33%|███▎      | 33/100 [00:04<00:07,  9.01it/s, loss=17.4]
(T):  33%|███▎      | 33/100 [00:04<00:07,  9.01it/s, loss=13.4]
(T):  34%|███▍      | 34/100 [00:04<00:07,  9.19it/s, loss=13.4]
(T):  34%|███▍      | 34/100 [00:04<00:07,  9.19it/s, loss=12.7]
(T):  35%|███▌      | 35/100 [00:04<00:07,  9.19it/s, loss=12.7]
(T):  35%|███▌      | 35/100 [00:04<00:07,  9.19it/s, loss=11.7]
(T):  36%|███▌      | 36/100 [00:04<00:06,  9.15it/s, loss=11.7]
(T):  36%|███▌      | 36/100 [00:04<00:06,  9.15it/s, loss=13.6]
(T):  37%|███▋      | 37/100 [00:04<00:06,  9.20it/s, loss=13.6]
(T):  37%|███▋      | 37/100 [00:04<00:06,  9.20it/s, loss=14.7]
(T):  38%|███▊      | 38/100 [00:04<00:06,  9.22it/s, loss=14.7]
(T):  38%|███▊      | 38/100 [00:04<00:06,  9.22it/s, loss=12.7]
(T):  39%|███▉      | 39/100 [00:04<00:06,  9.25it/s, loss=12.7]
(T):  39%|███▉      | 39/100 [00:04<00:06,  9.25it/s, loss=11]  
(T):  40%|████      | 40/100 [00:04<00:06,  9.30it/s, loss=11]
(T):  40%|████      | 40/100 [00:05<00:06,  9.30it/s, loss=11.2]
(T):  41%|████      | 41/100 [00:05<00:06,  9.03it/s, loss=11.2]
(T):  41%|████      | 41/100 [00:05<00:06,  9.03it/s, loss=14.8]
(T):  42%|████▏     | 42/100 [00:05<00:06,  8.85it/s, loss=14.8]
(T):  42%|████▏     | 42/100 [00:05<00:06,  8.85it/s, loss=13.8]
(T):  43%|████▎     | 43/100 [00:05<00:06,  8.71it/s, loss=13.8]
(T):  43%|████▎     | 43/100 [00:05<00:06,  8.71it/s, loss=13.7]
(T):  44%|████▍     | 44/100 [00:05<00:06,  8.63it/s, loss=13.7]
(T):  44%|████▍     | 44/100 [00:05<00:06,  8.63it/s, loss=11.5]
(T):  45%|████▌     | 45/100 [00:05<00:06,  8.60it/s, loss=11.5]
(T):  45%|████▌     | 45/100 [00:05<00:06,  8.60it/s, loss=15.1]
(T):  46%|████▌     | 46/100 [00:05<00:06,  8.69it/s, loss=15.1]
(T):  46%|████▌     | 46/100 [00:05<00:06,  8.69it/s, loss=14.9]
(T):  47%|████▋     | 47/100 [00:05<00:06,  8.78it/s, loss=14.9]
(T):  47%|████▋     | 47/100 [00:05<00:06,  8.78it/s, loss=13.4]
(T):  48%|████▊     | 48/100 [00:05<00:05,  8.77it/s, loss=13.4]
(T):  48%|████▊     | 48/100 [00:06<00:05,  8.77it/s, loss=14.3]
(T):  49%|████▉     | 49/100 [00:06<00:06,  7.46it/s, loss=14.3]
(T):  49%|████▉     | 49/100 [00:06<00:06,  7.46it/s, loss=15.4]
(T):  50%|█████     | 50/100 [00:06<00:06,  7.79it/s, loss=15.4]
(T):  50%|█████     | 50/100 [00:06<00:06,  7.79it/s, loss=13.4]
(T):  51%|█████     | 51/100 [00:06<00:06,  8.10it/s, loss=13.4]
(T):  51%|█████     | 51/100 [00:06<00:06,  8.10it/s, loss=14.6]
(T):  52%|█████▏    | 52/100 [00:06<00:05,  8.35it/s, loss=14.6]
(T):  52%|█████▏    | 52/100 [00:06<00:05,  8.35it/s, loss=14.4]
(T):  53%|█████▎    | 53/100 [00:06<00:05,  8.52it/s, loss=14.4]
(T):  53%|█████▎    | 53/100 [00:06<00:05,  8.52it/s, loss=16.2]
(T):  54%|█████▍    | 54/100 [00:06<00:05,  8.69it/s, loss=16.2]
(T):  54%|█████▍    | 54/100 [00:06<00:05,  8.69it/s, loss=14.1]
(T):  55%|█████▌    | 55/100 [00:06<00:05,  8.64it/s, loss=14.1]
(T):  55%|█████▌    | 55/100 [00:06<00:05,  8.64it/s, loss=13.1]
(T):  56%|█████▌    | 56/100 [00:06<00:05,  8.63it/s, loss=13.1]
(T):  56%|█████▌    | 56/100 [00:06<00:05,  8.63it/s, loss=11.9]
(T):  57%|█████▋    | 57/100 [00:06<00:04,  8.78it/s, loss=11.9]
(T):  57%|█████▋    | 57/100 [00:07<00:04,  8.78it/s, loss=10.9]
(T):  58%|█████▊    | 58/100 [00:07<00:04,  8.45it/s, loss=10.9]
(T):  58%|█████▊    | 58/100 [00:07<00:04,  8.45it/s, loss=12.2]
(T):  59%|█████▉    | 59/100 [00:07<00:04,  8.25it/s, loss=12.2]
(T):  59%|█████▉    | 59/100 [00:07<00:04,  8.25it/s, loss=12.6]
(T):  60%|██████    | 60/100 [00:07<00:04,  8.10it/s, loss=12.6]
(T):  60%|██████    | 60/100 [00:07<00:04,  8.10it/s, loss=16.4]
(T):  61%|██████    | 61/100 [00:07<00:04,  8.14it/s, loss=16.4]
(T):  61%|██████    | 61/100 [00:07<00:04,  8.14it/s, loss=15.6]
(T):  62%|██████▏   | 62/100 [00:07<00:04,  8.01it/s, loss=15.6]
(T):  62%|██████▏   | 62/100 [00:07<00:04,  8.01it/s, loss=15.2]
(T):  63%|██████▎   | 63/100 [00:07<00:04,  7.88it/s, loss=15.2]
(T):  63%|██████▎   | 63/100 [00:07<00:04,  7.88it/s, loss=11.8]
(T):  64%|██████▍   | 64/100 [00:07<00:04,  7.68it/s, loss=11.8]
(T):  64%|██████▍   | 64/100 [00:07<00:04,  7.68it/s, loss=12.6]
(T):  65%|██████▌   | 65/100 [00:07<00:04,  7.75it/s, loss=12.6]
(T):  65%|██████▌   | 65/100 [00:08<00:04,  7.75it/s, loss=11.5]
(T):  66%|██████▌   | 66/100 [00:08<00:04,  7.66it/s, loss=11.5]
(T):  66%|██████▌   | 66/100 [00:08<00:04,  7.66it/s, loss=13.7]
(T):  67%|██████▋   | 67/100 [00:08<00:04,  7.61it/s, loss=13.7]
(T):  67%|██████▋   | 67/100 [00:08<00:04,  7.61it/s, loss=11]  
(T):  68%|██████▊   | 68/100 [00:08<00:04,  7.57it/s, loss=11]
(T):  68%|██████▊   | 68/100 [00:08<00:04,  7.57it/s, loss=12.4]
(T):  69%|██████▉   | 69/100 [00:08<00:04,  7.49it/s, loss=12.4]
(T):  69%|██████▉   | 69/100 [00:08<00:04,  7.49it/s, loss=10.6]
(T):  70%|███████   | 70/100 [00:08<00:03,  7.63it/s, loss=10.6]
(T):  70%|███████   | 70/100 [00:08<00:03,  7.63it/s, loss=9.7] 
(T):  71%|███████   | 71/100 [00:08<00:03,  7.52it/s, loss=9.7]
(T):  71%|███████   | 71/100 [00:08<00:03,  7.52it/s, loss=12] 
(T):  72%|███████▏  | 72/100 [00:08<00:03,  7.50it/s, loss=12]
(T):  72%|███████▏  | 72/100 [00:09<00:03,  7.50it/s, loss=11.7]
(T):  73%|███████▎  | 73/100 [00:09<00:03,  7.45it/s, loss=11.7]
(T):  73%|███████▎  | 73/100 [00:09<00:03,  7.45it/s, loss=15.8]
(T):  74%|███████▍  | 74/100 [00:09<00:03,  7.57it/s, loss=15.8]
(T):  74%|███████▍  | 74/100 [00:09<00:03,  7.57it/s, loss=13.5]
(T):  75%|███████▌  | 75/100 [00:09<00:03,  7.69it/s, loss=13.5]
(T):  75%|███████▌  | 75/100 [00:09<00:03,  7.69it/s, loss=11.6]
(T):  76%|███████▌  | 76/100 [00:09<00:03,  7.56it/s, loss=11.6]
(T):  76%|███████▌  | 76/100 [00:09<00:03,  7.56it/s, loss=13.4]
(T):  77%|███████▋  | 77/100 [00:09<00:03,  7.23it/s, loss=13.4]
(T):  77%|███████▋  | 77/100 [00:09<00:03,  7.23it/s, loss=12.2]
(T):  78%|███████▊  | 78/100 [00:09<00:03,  7.04it/s, loss=12.2]
(T):  78%|███████▊  | 78/100 [00:09<00:03,  7.04it/s, loss=12.6]
(T):  79%|███████▉  | 79/100 [00:09<00:03,  6.83it/s, loss=12.6]
(T):  79%|███████▉  | 79/100 [00:10<00:03,  6.83it/s, loss=13.2]
(T):  80%|████████  | 80/100 [00:10<00:02,  6.71it/s, loss=13.2]
(T):  80%|████████  | 80/100 [00:10<00:02,  6.71it/s, loss=12.1]
(T):  81%|████████  | 81/100 [00:10<00:02,  6.64it/s, loss=12.1]
(T):  81%|████████  | 81/100 [00:10<00:02,  6.64it/s, loss=14.6]
(T):  82%|████████▏ | 82/100 [00:10<00:02,  6.49it/s, loss=14.6]
(T):  82%|████████▏ | 82/100 [00:10<00:02,  6.49it/s, loss=11.9]
(T):  83%|████████▎ | 83/100 [00:10<00:02,  6.48it/s, loss=11.9]
(T):  83%|████████▎ | 83/100 [00:10<00:02,  6.48it/s, loss=15]  
(T):  84%|████████▍ | 84/100 [00:10<00:02,  6.51it/s, loss=15]
(T):  84%|████████▍ | 84/100 [00:10<00:02,  6.51it/s, loss=13.3]
(T):  85%|████████▌ | 85/100 [00:10<00:02,  6.54it/s, loss=13.3]
(T):  85%|████████▌ | 85/100 [00:10<00:02,  6.54it/s, loss=14.5]
(T):  86%|████████▌ | 86/100 [00:10<00:02,  6.47it/s, loss=14.5]
(T):  86%|████████▌ | 86/100 [00:11<00:02,  6.47it/s, loss=10.5]
(T):  87%|████████▋ | 87/100 [00:11<00:01,  6.61it/s, loss=10.5]
(T):  87%|████████▋ | 87/100 [00:11<00:01,  6.61it/s, loss=13]  
(T):  88%|████████▊ | 88/100 [00:11<00:01,  6.50it/s, loss=13]
(T):  88%|████████▊ | 88/100 [00:11<00:01,  6.50it/s, loss=12.1]
(T):  89%|████████▉ | 89/100 [00:11<00:01,  6.48it/s, loss=12.1]
(T):  89%|████████▉ | 89/100 [00:11<00:01,  6.48it/s, loss=11.2]
(T):  90%|█████████ | 90/100 [00:11<00:01,  6.60it/s, loss=11.2]
(T):  90%|█████████ | 90/100 [00:11<00:01,  6.60it/s, loss=9.89]
(T):  91%|█████████ | 91/100 [00:11<00:01,  6.56it/s, loss=9.89]
(T):  91%|█████████ | 91/100 [00:11<00:01,  6.56it/s, loss=9.89]
(T):  92%|█████████▏| 92/100 [00:11<00:01,  6.70it/s, loss=9.89]
(T):  92%|█████████▏| 92/100 [00:12<00:01,  6.70it/s, loss=13.3]
(T):  93%|█████████▎| 93/100 [00:12<00:01,  6.68it/s, loss=13.3]
(T):  93%|█████████▎| 93/100 [00:12<00:01,  6.68it/s, loss=14.3]
(T):  94%|█████████▍| 94/100 [00:12<00:00,  6.63it/s, loss=14.3]
(T):  94%|█████████▍| 94/100 [00:12<00:00,  6.63it/s, loss=11.3]
(T):  95%|█████████▌| 95/100 [00:12<00:00,  6.66it/s, loss=11.3]
(T):  95%|█████████▌| 95/100 [00:12<00:00,  6.66it/s, loss=12.5]
(T):  96%|█████████▌| 96/100 [00:12<00:00,  6.52it/s, loss=12.5]
(T):  96%|█████████▌| 96/100 [00:12<00:00,  6.52it/s, loss=11.5]
(T):  97%|█████████▋| 97/100 [00:12<00:00,  6.51it/s, loss=11.5]
(T):  97%|█████████▋| 97/100 [00:12<00:00,  6.51it/s, loss=13.6]
(T):  98%|█████████▊| 98/100 [00:12<00:00,  6.72it/s, loss=13.6]
(T):  98%|█████████▊| 98/100 [00:12<00:00,  6.72it/s, loss=13.3]
(T):  99%|█████████▉| 99/100 [00:12<00:00,  7.01it/s, loss=13.3]
(T):  99%|█████████▉| 99/100 [00:13<00:00,  7.01it/s, loss=14.4]
(T): 100%|██████████| 100/100 [00:13<00:00,  7.18it/s, loss=14.4]
(T): 100%|██████████| 100/100 [00:13<00:00,  7.66it/s, loss=14.4]
Accuracy: 0.7387387387387387
random
Perturbation Size:0
Accuracy: 0.7297297297297297
Perturbation Size:1
Accuracy: 0.7477477477477478
Perturbation Size:2
Accuracy: 0.7657657657657657
Perturbation Size:3
Accuracy: 0.7657657657657657
Perturbation Size:4
Accuracy: 0.7387387387387387
Perturbation Size:5
Accuracy: 0.7207207207207207
Perturbation Size:6
Accuracy: 0.6936936936936937
Perturbation Size:7
Accuracy: 0.6936936936936937
Perturbation Size:8
Accuracy: 0.6846846846846847
Perturbation Size:9
Accuracy: 0.6756756756756757
Perturbation Size:10
Accuracy: 0.7027027027027027

(T):   0%|          | 0/100 [00:00<?, ?it/s]
(T):   0%|          | 0/100 [00:00<?, ?it/s, loss=29.8]
(T):   1%|          | 1/100 [00:00<00:12,  7.92it/s, loss=29.8]
(T):   1%|          | 1/100 [00:00<00:12,  7.92it/s, loss=25.5]
(T):   2%|▏         | 2/100 [00:00<00:12,  8.06it/s, loss=25.5]
(T):   2%|▏         | 2/100 [00:00<00:12,  8.06it/s, loss=22.4]
(T):   3%|▎         | 3/100 [00:00<00:11,  8.15it/s, loss=22.4]
(T):   3%|▎         | 3/100 [00:00<00:11,  8.15it/s, loss=20.1]
(T):   4%|▍         | 4/100 [00:00<00:11,  8.12it/s, loss=20.1]
(T):   4%|▍         | 4/100 [00:00<00:11,  8.12it/s, loss=20.9]
(T):   5%|▌         | 5/100 [00:00<00:11,  8.30it/s, loss=20.9]
(T):   5%|▌         | 5/100 [00:00<00:11,  8.30it/s, loss=25.3]
(T):   6%|▌         | 6/100 [00:00<00:11,  8.26it/s, loss=25.3]
(T):   6%|▌         | 6/100 [00:00<00:11,  8.26it/s, loss=20]  
(T):   7%|▋         | 7/100 [00:00<00:11,  8.33it/s, loss=20]
(T):   7%|▋         | 7/100 [00:00<00:11,  8.33it/s, loss=18.9]
(T):   8%|▊         | 8/100 [00:00<00:11,  8.24it/s, loss=18.9]
(T):   8%|▊         | 8/100 [00:01<00:11,  8.24it/s, loss=18.5]
(T):   9%|▉         | 9/100 [00:01<00:11,  8.21it/s, loss=18.5]
(T):   9%|▉         | 9/100 [00:01<00:11,  8.21it/s, loss=20]  
(T):  10%|█         | 10/100 [00:01<00:10,  8.25it/s, loss=20]
(T):  10%|█         | 10/100 [00:01<00:10,  8.25it/s, loss=18.5]
(T):  11%|█         | 11/100 [00:01<00:11,  8.09it/s, loss=18.5]
(T):  11%|█         | 11/100 [00:01<00:11,  8.09it/s, loss=21.2]
(T):  12%|█▏        | 12/100 [00:01<00:10,  8.26it/s, loss=21.2]
(T):  12%|█▏        | 12/100 [00:01<00:10,  8.26it/s, loss=19.6]
(T):  13%|█▎        | 13/100 [00:01<00:10,  8.24it/s, loss=19.6]
(T):  13%|█▎        | 13/100 [00:01<00:10,  8.24it/s, loss=20]  
(T):  14%|█▍        | 14/100 [00:01<00:12,  6.69it/s, loss=20]
(T):  14%|█▍        | 14/100 [00:01<00:12,  6.69it/s, loss=19.3]
(T):  15%|█▌        | 15/100 [00:01<00:11,  7.28it/s, loss=19.3]
(T):  15%|█▌        | 15/100 [00:02<00:11,  7.28it/s, loss=18.8]
(T):  16%|█▌        | 16/100 [00:02<00:10,  7.77it/s, loss=18.8]
(T):  16%|█▌        | 16/100 [00:02<00:10,  7.77it/s, loss=18.9]
(T):  17%|█▋        | 17/100 [00:02<00:10,  8.13it/s, loss=18.9]
(T):  17%|█▋        | 17/100 [00:02<00:10,  8.13it/s, loss=18.5]
(T):  18%|█▊        | 18/100 [00:02<00:10,  8.15it/s, loss=18.5]
(T):  18%|█▊        | 18/100 [00:02<00:10,  8.15it/s, loss=21.3]
(T):  19%|█▉        | 19/100 [00:02<00:09,  8.21it/s, loss=21.3]
(T):  19%|█▉        | 19/100 [00:02<00:09,  8.21it/s, loss=16.7]
(T):  20%|██        | 20/100 [00:02<00:09,  8.27it/s, loss=16.7]
(T):  20%|██        | 20/100 [00:02<00:09,  8.27it/s, loss=16.2]
(T):  21%|██        | 21/100 [00:02<00:09,  8.58it/s, loss=16.2]
(T):  21%|██        | 21/100 [00:02<00:09,  8.58it/s, loss=13]  
(T):  22%|██▏       | 22/100 [00:02<00:08,  8.85it/s, loss=13]
(T):  22%|██▏       | 22/100 [00:02<00:08,  8.85it/s, loss=18.4]
(T):  23%|██▎       | 23/100 [00:02<00:08,  9.01it/s, loss=18.4]
(T):  23%|██▎       | 23/100 [00:02<00:08,  9.01it/s, loss=17.1]
(T):  24%|██▍       | 24/100 [00:02<00:08,  9.12it/s, loss=17.1]
(T):  24%|██▍       | 24/100 [00:03<00:08,  9.12it/s, loss=14]  
(T):  25%|██▌       | 25/100 [00:03<00:08,  9.08it/s, loss=14]
(T):  25%|██▌       | 25/100 [00:03<00:08,  9.08it/s, loss=16.7]
(T):  26%|██▌       | 26/100 [00:03<00:08,  9.20it/s, loss=16.7]
(T):  26%|██▌       | 26/100 [00:03<00:08,  9.20it/s, loss=15]  
(T):  27%|██▋       | 27/100 [00:03<00:07,  9.20it/s, loss=16.6]
(T):  28%|██▊       | 28/100 [00:03<00:07,  9.52it/s, loss=16.6]
(T):  28%|██▊       | 28/100 [00:03<00:07,  9.52it/s, loss=20.9]
(T):  29%|██▉       | 29/100 [00:03<00:07,  9.45it/s, loss=20.9]
(T):  29%|██▉       | 29/100 [00:03<00:07,  9.45it/s, loss=17.6]
(T):  30%|███       | 30/100 [00:03<00:07,  9.38it/s, loss=17.6]
(T):  30%|███       | 30/100 [00:03<00:07,  9.38it/s, loss=17.7]
(T):  31%|███       | 31/100 [00:03<00:07,  9.42it/s, loss=17.7]
(T):  31%|███       | 31/100 [00:03<00:07,  9.42it/s, loss=16.4]
(T):  32%|███▏      | 32/100 [00:03<00:07,  9.37it/s, loss=16.4]
(T):  32%|███▏      | 32/100 [00:03<00:07,  9.37it/s, loss=16.2]
(T):  33%|███▎      | 33/100 [00:03<00:07,  9.26it/s, loss=16.2]
(T):  33%|███▎      | 33/100 [00:03<00:07,  9.26it/s, loss=16.3]
(T):  34%|███▍      | 34/100 [00:03<00:07,  9.31it/s, loss=16.3]
(T):  34%|███▍      | 34/100 [00:04<00:07,  9.31it/s, loss=14.9]
(T):  35%|███▌      | 35/100 [00:04<00:07,  9.26it/s, loss=14.9]
(T):  35%|███▌      | 35/100 [00:04<00:07,  9.26it/s, loss=16.7]
(T):  36%|███▌      | 36/100 [00:04<00:06,  9.38it/s, loss=16.7]
(T):  36%|███▌      | 36/100 [00:04<00:06,  9.38it/s, loss=17.2]
(T):  37%|███▋      | 37/100 [00:04<00:06,  9.34it/s, loss=17.2]
(T):  37%|███▋      | 37/100 [00:04<00:06,  9.34it/s, loss=15.1]
(T):  38%|███▊      | 38/100 [00:04<00:06,  9.38it/s, loss=15.1]
(T):  38%|███▊      | 38/100 [00:04<00:06,  9.38it/s, loss=15.1]
(T):  39%|███▉      | 39/100 [00:04<00:06,  9.31it/s, loss=15.1]
(T):  39%|███▉      | 39/100 [00:04<00:06,  9.31it/s, loss=12.9]
(T):  40%|████      | 40/100 [00:04<00:06,  9.26it/s, loss=12.9]
(T):  40%|████      | 40/100 [00:04<00:06,  9.26it/s, loss=14.2]
(T):  41%|████      | 41/100 [00:04<00:06,  8.66it/s, loss=14.2]
(T):  41%|████      | 41/100 [00:04<00:06,  8.66it/s, loss=16.2]
(T):  42%|████▏     | 42/100 [00:04<00:06,  8.91it/s, loss=16.2]
(T):  42%|████▏     | 42/100 [00:04<00:06,  8.91it/s, loss=14.3]
(T):  43%|████▎     | 43/100 [00:04<00:06,  8.82it/s, loss=14.3]
(T):  43%|████▎     | 43/100 [00:05<00:06,  8.82it/s, loss=12.6]
(T):  44%|████▍     | 44/100 [00:05<00:06,  8.81it/s, loss=12.6]
(T):  44%|████▍     | 44/100 [00:05<00:06,  8.81it/s, loss=18.2]
(T):  45%|████▌     | 45/100 [00:05<00:06,  8.81it/s, loss=18.2]
(T):  45%|████▌     | 45/100 [00:05<00:06,  8.81it/s, loss=16]  
(T):  46%|████▌     | 46/100 [00:05<00:06,  8.91it/s, loss=16]
(T):  46%|████▌     | 46/100 [00:05<00:06,  8.91it/s, loss=15.8]
(T):  47%|████▋     | 47/100 [00:05<00:05,  8.94it/s, loss=15.8]
(T):  47%|████▋     | 47/100 [00:05<00:05,  8.94it/s, loss=14.2]
(T):  48%|████▊     | 48/100 [00:05<00:06,  8.47it/s, loss=14.2]
(T):  48%|████▊     | 48/100 [00:05<00:06,  8.47it/s, loss=14.5]
(T):  49%|████▉     | 49/100 [00:05<00:06,  8.35it/s, loss=14.5]
(T):  49%|████▉     | 49/100 [00:05<00:06,  8.35it/s, loss=19.3]
(T):  50%|█████     | 50/100 [00:05<00:05,  8.42it/s, loss=19.3]
(T):  50%|█████     | 50/100 [00:05<00:05,  8.42it/s, loss=18]  
(T):  51%|█████     | 51/100 [00:05<00:05,  8.40it/s, loss=18]
(T):  51%|█████     | 51/100 [00:06<00:05,  8.40it/s, loss=14.8]
(T):  52%|█████▏    | 52/100 [00:06<00:05,  8.57it/s, loss=14.8]
(T):  52%|█████▏    | 52/100 [00:06<00:05,  8.57it/s, loss=16.9]
(T):  53%|█████▎    | 53/100 [00:06<00:05,  8.70it/s, loss=16.9]
(T):  53%|█████▎    | 53/100 [00:06<00:05,  8.70it/s, loss=16.1]
(T):  54%|█████▍    | 54/100 [00:06<00:05,  8.83it/s, loss=16.1]
(T):  54%|█████▍    | 54/100 [00:06<00:05,  8.83it/s, loss=17.3]
(T):  55%|█████▌    | 55/100 [00:06<00:05,  8.39it/s, loss=17.3]
(T):  55%|█████▌    | 55/100 [00:06<00:05,  8.39it/s, loss=13.9]
(T):  56%|█████▌    | 56/100 [00:06<00:05,  8.22it/s, loss=13.9]
(T):  56%|█████▌    | 56/100 [00:06<00:05,  8.22it/s, loss=15.2]
(T):  57%|█████▋    | 57/100 [00:06<00:05,  8.40it/s, loss=15.2]
(T):  57%|█████▋    | 57/100 [00:06<00:05,  8.40it/s, loss=15.6]
(T):  58%|█████▊    | 58/100 [00:06<00:05,  8.26it/s, loss=15.6]
(T):  58%|█████▊    | 58/100 [00:06<00:05,  8.26it/s, loss=13.9]
(T):  59%|█████▉    | 59/100 [00:06<00:04,  8.40it/s, loss=13.9]
(T):  59%|█████▉    | 59/100 [00:06<00:04,  8.40it/s, loss=12.8]
(T):  60%|██████    | 60/100 [00:06<00:04,  8.63it/s, loss=12.8]
(T):  60%|██████    | 60/100 [00:07<00:04,  8.63it/s, loss=16]  
(T):  61%|██████    | 61/100 [00:07<00:04,  8.68it/s, loss=16]
(T):  61%|██████    | 61/100 [00:07<00:04,  8.68it/s, loss=14.4]
(T):  62%|██████▏   | 62/100 [00:07<00:04,  8.79it/s, loss=14.4]
(T):  62%|██████▏   | 62/100 [00:07<00:04,  8.79it/s, loss=12.4]
(T):  63%|██████▎   | 63/100 [00:07<00:04,  8.77it/s, loss=12.4]
(T):  63%|██████▎   | 63/100 [00:07<00:04,  8.77it/s, loss=13.6]
(T):  64%|██████▍   | 64/100 [00:07<00:04,  8.85it/s, loss=13.6]
(T):  64%|██████▍   | 64/100 [00:07<00:04,  8.85it/s, loss=15.5]
(T):  65%|██████▌   | 65/100 [00:07<00:03,  8.85it/s, loss=15.5]
(T):  65%|██████▌   | 65/100 [00:07<00:03,  8.85it/s, loss=15]  
(T):  66%|██████▌   | 66/100 [00:07<00:03,  8.87it/s, loss=15]
(T):  66%|██████▌   | 66/100 [00:07<00:03,  8.87it/s, loss=17.9]
(T):  67%|██████▋   | 67/100 [00:07<00:03,  8.92it/s, loss=17.9]
(T):  67%|██████▋   | 67/100 [00:07<00:03,  8.92it/s, loss=15.5]
(T):  68%|██████▊   | 68/100 [00:07<00:03,  8.79it/s, loss=15.5]
(T):  68%|██████▊   | 68/100 [00:07<00:03,  8.79it/s, loss=13.4]
(T):  69%|██████▉   | 69/100 [00:07<00:03,  8.89it/s, loss=13.4]
(T):  69%|██████▉   | 69/100 [00:08<00:03,  8.89it/s, loss=14.9]
(T):  70%|███████   | 70/100 [00:08<00:03,  8.97it/s, loss=14.9]
(T):  70%|███████   | 70/100 [00:08<00:03,  8.97it/s, loss=13.9]
(T):  71%|███████   | 71/100 [00:08<00:03,  8.79it/s, loss=13.9]
(T):  71%|███████   | 71/100 [00:08<00:03,  8.79it/s, loss=12.2]
(T):  72%|███████▏  | 72/100 [00:08<00:03,  8.76it/s, loss=12.2]
(T):  72%|███████▏  | 72/100 [00:08<00:03,  8.76it/s, loss=14.2]
(T):  73%|███████▎  | 73/100 [00:08<00:03,  8.89it/s, loss=14.2]
(T):  73%|███████▎  | 73/100 [00:08<00:03,  8.89it/s, loss=13.2]
(T):  74%|███████▍  | 74/100 [00:08<00:02,  8.83it/s, loss=13.2]
(T):  74%|███████▍  | 74/100 [00:08<00:02,  8.83it/s, loss=15.7]
(T):  75%|███████▌  | 75/100 [00:08<00:02,  8.88it/s, loss=15.7]
(T):  75%|███████▌  | 75/100 [00:08<00:02,  8.88it/s, loss=15.6]
(T):  76%|███████▌  | 76/100 [00:08<00:02,  8.84it/s, loss=15.6]
(T):  76%|███████▌  | 76/100 [00:08<00:02,  8.84it/s, loss=12.9]
(T):  77%|███████▋  | 77/100 [00:08<00:02,  8.91it/s, loss=12.9]
(T):  77%|███████▋  | 77/100 [00:08<00:02,  8.91it/s, loss=14.4]
(T):  78%|███████▊  | 78/100 [00:08<00:02,  8.79it/s, loss=14.4]
(T):  78%|███████▊  | 78/100 [00:09<00:02,  8.79it/s, loss=15.5]
(T):  79%|███████▉  | 79/100 [00:09<00:02,  8.76it/s, loss=15.5]
(T):  79%|███████▉  | 79/100 [00:09<00:02,  8.76it/s, loss=17.4]
(T):  80%|████████  | 80/100 [00:09<00:02,  8.86it/s, loss=17.4]
(T):  80%|████████  | 80/100 [00:09<00:02,  8.86it/s, loss=14.1]
(T):  81%|████████  | 81/100 [00:09<00:02,  8.92it/s, loss=14.1]
(T):  81%|████████  | 81/100 [00:09<00:02,  8.92it/s, loss=14]  
(T):  82%|████████▏ | 82/100 [00:09<00:02,  8.96it/s, loss=14]
(T):  82%|████████▏ | 82/100 [00:09<00:02,  8.96it/s, loss=12.4]
(T):  83%|████████▎ | 83/100 [00:09<00:01,  8.96it/s, loss=12.4]
(T):  83%|████████▎ | 83/100 [00:09<00:01,  8.96it/s, loss=15.5]
(T):  84%|████████▍ | 84/100 [00:09<00:01,  8.99it/s, loss=15.5]
(T):  84%|████████▍ | 84/100 [00:09<00:01,  8.99it/s, loss=13.1]
(T):  85%|████████▌ | 85/100 [00:09<00:01,  8.99it/s, loss=13.1]
(T):  85%|████████▌ | 85/100 [00:09<00:01,  8.99it/s, loss=13.5]
(T):  86%|████████▌ | 86/100 [00:09<00:01,  8.83it/s, loss=13.5]
(T):  86%|████████▌ | 86/100 [00:10<00:01,  8.83it/s, loss=13.2]
(T):  87%|████████▋ | 87/100 [00:10<00:01,  8.78it/s, loss=13.2]
(T):  87%|████████▋ | 87/100 [00:10<00:01,  8.78it/s, loss=10.6]
(T):  88%|████████▊ | 88/100 [00:10<00:01,  8.75it/s, loss=10.6]
(T):  88%|████████▊ | 88/100 [00:10<00:01,  8.75it/s, loss=15]  
(T):  89%|████████▉ | 89/100 [00:10<00:01,  8.65it/s, loss=15]
(T):  89%|████████▉ | 89/100 [00:10<00:01,  8.65it/s, loss=12.8]
(T):  90%|█████████ | 90/100 [00:10<00:01,  8.81it/s, loss=12.8]
(T):  90%|█████████ | 90/100 [00:10<00:01,  8.81it/s, loss=10.4]
(T):  91%|█████████ | 91/100 [00:10<00:01,  8.89it/s, loss=10.4]
(T):  91%|█████████ | 91/100 [00:10<00:01,  8.89it/s, loss=12.9]
(T):  92%|█████████▏| 92/100 [00:10<00:00,  8.90it/s, loss=12.9]
(T):  92%|█████████▏| 92/100 [00:10<00:00,  8.90it/s, loss=13.9]
(T):  93%|█████████▎| 93/100 [00:10<00:00,  8.87it/s, loss=13.9]
(T):  93%|█████████▎| 93/100 [00:10<00:00,  8.87it/s, loss=12.6]
(T):  94%|█████████▍| 94/100 [00:10<00:00,  8.86it/s, loss=12.6]
(T):  94%|█████████▍| 94/100 [00:10<00:00,  8.86it/s, loss=14.3]
(T):  95%|█████████▌| 95/100 [00:10<00:00,  8.85it/s, loss=14.3]
(T):  95%|█████████▌| 95/100 [00:11<00:00,  8.85it/s, loss=12.8]
(T):  96%|█████████▌| 96/100 [00:11<00:00,  8.69it/s, loss=12.8]
(T):  96%|█████████▌| 96/100 [00:11<00:00,  8.69it/s, loss=14]  
(T):  97%|█████████▋| 97/100 [00:11<00:00,  8.70it/s, loss=14]
(T):  97%|█████████▋| 97/100 [00:11<00:00,  8.70it/s, loss=15.1]
(T):  98%|█████████▊| 98/100 [00:11<00:00,  8.85it/s, loss=15.1]
(T):  98%|█████████▊| 98/100 [00:11<00:00,  8.85it/s, loss=12.4]
(T):  99%|█████████▉| 99/100 [00:11<00:00,  8.86it/s, loss=12.4]
(T):  99%|█████████▉| 99/100 [00:11<00:00,  8.86it/s, loss=10.5]
(T): 100%|██████████| 100/100 [00:11<00:00,  8.90it/s, loss=10.5]
(T): 100%|██████████| 100/100 [00:11<00:00,  8.71it/s, loss=10.5]
Accuracy: 0.7477477477477478
random
Perturbation Size:0
Accuracy: 0.7477477477477478
Perturbation Size:1
Accuracy: 0.7567567567567568
Perturbation Size:2
Accuracy: 0.7567567567567568
Perturbation Size:3
Accuracy: 0.7567567567567568
Perturbation Size:4
Accuracy: 0.7567567567567568
Perturbation Size:5
Accuracy: 0.7567567567567568
Perturbation Size:6
Accuracy: 0.7567567567567568
Perturbation Size:7
Accuracy: 0.7567567567567568
Perturbation Size:8
Accuracy: 0.7387387387387387
Perturbation Size:9
Accuracy: 0.7567567567567568
Perturbation Size:10
Accuracy: 0.7387387387387387

(T):   0%|          | 0/100 [00:00<?, ?it/s]
(T):   0%|          | 0/100 [00:00<?, ?it/s, loss=24.8]
(T):   1%|          | 1/100 [00:00<00:13,  7.22it/s, loss=24.8]
(T):   1%|          | 1/100 [00:00<00:13,  7.22it/s, loss=26.2]
(T):   2%|▏         | 2/100 [00:00<00:12,  7.60it/s, loss=26.2]
(T):   2%|▏         | 2/100 [00:00<00:12,  7.60it/s, loss=22]  
(T):   3%|▎         | 3/100 [00:00<00:12,  7.62it/s, loss=22]
(T):   3%|▎         | 3/100 [00:00<00:12,  7.62it/s, loss=20.7]
(T):   4%|▍         | 4/100 [00:00<00:11,  8.16it/s, loss=20.7]
(T):   4%|▍         | 4/100 [00:00<00:11,  8.16it/s, loss=24.3]
(T):   5%|▌         | 5/100 [00:00<00:11,  8.46it/s, loss=24.3]
(T):   5%|▌         | 5/100 [00:00<00:11,  8.46it/s, loss=22.4]
(T):   6%|▌         | 6/100 [00:00<00:10,  8.72it/s, loss=22.4]
(T):   6%|▌         | 6/100 [00:00<00:10,  8.72it/s, loss=21.3]
(T):   7%|▋         | 7/100 [00:00<00:10,  8.91it/s, loss=21.3]
(T):   7%|▋         | 7/100 [00:00<00:10,  8.91it/s, loss=22.8]
(T):   8%|▊         | 8/100 [00:00<00:10,  8.87it/s, loss=22.8]
(T):   8%|▊         | 8/100 [00:01<00:10,  8.87it/s, loss=20.7]
(T):   9%|▉         | 9/100 [00:01<00:10,  8.99it/s, loss=20.7]
(T):   9%|▉         | 9/100 [00:01<00:10,  8.99it/s, loss=18]  
(T):  10%|█         | 10/100 [00:01<00:10,  8.59it/s, loss=18]
(T):  10%|█         | 10/100 [00:01<00:10,  8.59it/s, loss=25.3]
(T):  11%|█         | 11/100 [00:01<00:10,  8.68it/s, loss=25.3]
(T):  11%|█         | 11/100 [00:01<00:10,  8.68it/s, loss=21.6]
(T):  12%|█▏        | 12/100 [00:01<00:09,  8.87it/s, loss=21.6]
(T):  12%|█▏        | 12/100 [00:01<00:09,  8.87it/s, loss=16.6]
(T):  13%|█▎        | 13/100 [00:01<00:09,  9.03it/s, loss=16.6]
(T):  13%|█▎        | 13/100 [00:01<00:09,  9.03it/s, loss=20.1]
(T):  14%|█▍        | 14/100 [00:01<00:09,  9.14it/s, loss=20.1]
(T):  14%|█▍        | 14/100 [00:01<00:09,  9.14it/s, loss=18.7]
(T):  15%|█▌        | 15/100 [00:01<00:09,  9.16it/s, loss=18.7]
(T):  15%|█▌        | 15/100 [00:01<00:09,  9.16it/s, loss=20.9]
(T):  16%|█▌        | 16/100 [00:01<00:09,  9.14it/s, loss=20.9]
(T):  16%|█▌        | 16/100 [00:01<00:09,  9.14it/s, loss=15.6]
(T):  17%|█▋        | 17/100 [00:01<00:09,  8.76it/s, loss=15.6]
(T):  17%|█▋        | 17/100 [00:02<00:09,  8.76it/s, loss=16.9]
(T):  18%|█▊        | 18/100 [00:02<00:09,  8.72it/s, loss=16.9]
(T):  18%|█▊        | 18/100 [00:02<00:09,  8.72it/s, loss=19.4]
(T):  19%|█▉        | 19/100 [00:02<00:09,  8.93it/s, loss=19.4]
(T):  19%|█▉        | 19/100 [00:02<00:09,  8.93it/s, loss=18.7]
(T):  20%|██        | 20/100 [00:02<00:08,  8.98it/s, loss=18.7]
(T):  20%|██        | 20/100 [00:02<00:08,  8.98it/s, loss=16.5]
(T):  21%|██        | 21/100 [00:02<00:08,  9.13it/s, loss=16.5]
(T):  21%|██        | 21/100 [00:02<00:08,  9.13it/s, loss=20.3]
(T):  22%|██▏       | 22/100 [00:02<00:08,  9.05it/s, loss=20.3]
(T):  22%|██▏       | 22/100 [00:02<00:08,  9.05it/s, loss=18.3]
(T):  23%|██▎       | 23/100 [00:02<00:08,  9.06it/s, loss=18.3]
(T):  23%|██▎       | 23/100 [00:02<00:08,  9.06it/s, loss=15.5]
(T):  24%|██▍       | 24/100 [00:02<00:08,  8.84it/s, loss=15.5]
(T):  24%|██▍       | 24/100 [00:02<00:08,  8.84it/s, loss=14.9]
(T):  25%|██▌       | 25/100 [00:02<00:08,  8.77it/s, loss=14.9]
(T):  25%|██▌       | 25/100 [00:02<00:08,  8.77it/s, loss=20.8]
(T):  26%|██▌       | 26/100 [00:02<00:08,  9.03it/s, loss=20.8]
(T):  26%|██▌       | 26/100 [00:03<00:08,  9.03it/s, loss=14.1]
(T):  27%|██▋       | 27/100 [00:03<00:07,  9.24it/s, loss=14.1]
(T):  27%|██▋       | 27/100 [00:03<00:07,  9.24it/s, loss=18.2]
(T):  28%|██▊       | 28/100 [00:03<00:07,  9.36it/s, loss=18.2]
(T):  28%|██▊       | 28/100 [00:03<00:07,  9.36it/s, loss=19.8]
(T):  29%|██▉       | 29/100 [00:03<00:07,  9.32it/s, loss=19.8]
(T):  29%|██▉       | 29/100 [00:03<00:07,  9.32it/s, loss=13.8]
(T):  30%|███       | 30/100 [00:03<00:07,  8.99it/s, loss=13.8]
(T):  30%|███       | 30/100 [00:03<00:07,  8.99it/s, loss=15.3]
(T):  31%|███       | 31/100 [00:03<00:07,  9.01it/s, loss=15.3]
(T):  31%|███       | 31/100 [00:03<00:07,  9.01it/s, loss=13.3]
(T):  32%|███▏      | 32/100 [00:03<00:07,  8.71it/s, loss=13.3]
(T):  32%|███▏      | 32/100 [00:03<00:07,  8.71it/s, loss=17.2]
(T):  33%|███▎      | 33/100 [00:03<00:07,  8.44it/s, loss=17.2]
(T):  33%|███▎      | 33/100 [00:03<00:07,  8.44it/s, loss=16.2]
(T):  34%|███▍      | 34/100 [00:03<00:07,  8.50it/s, loss=16.2]
(T):  34%|███▍      | 34/100 [00:03<00:07,  8.50it/s, loss=15.6]
(T):  35%|███▌      | 35/100 [00:03<00:07,  8.61it/s, loss=15.6]
(T):  35%|███▌      | 35/100 [00:04<00:07,  8.61it/s, loss=15.3]
(T):  36%|███▌      | 36/100 [00:04<00:07,  8.66it/s, loss=15.3]
(T):  36%|███▌      | 36/100 [00:04<00:07,  8.66it/s, loss=16.9]
(T):  37%|███▋      | 37/100 [00:04<00:07,  8.79it/s, loss=16.9]
(T):  37%|███▋      | 37/100 [00:04<00:07,  8.79it/s, loss=14.5]
(T):  38%|███▊      | 38/100 [00:04<00:07,  8.56it/s, loss=14.5]
(T):  38%|███▊      | 38/100 [00:04<00:07,  8.56it/s, loss=17.8]
(T):  39%|███▉      | 39/100 [00:04<00:07,  8.39it/s, loss=17.8]
(T):  39%|███▉      | 39/100 [00:04<00:07,  8.39it/s, loss=17.9]
(T):  40%|████      | 40/100 [00:04<00:07,  8.55it/s, loss=17.9]
(T):  40%|████      | 40/100 [00:04<00:07,  8.55it/s, loss=16.8]
(T):  41%|████      | 41/100 [00:04<00:06,  8.72it/s, loss=16.8]
(T):  41%|████      | 41/100 [00:04<00:06,  8.72it/s, loss=17.5]
(T):  42%|████▏     | 42/100 [00:04<00:06,  8.88it/s, loss=17.5]
(T):  42%|████▏     | 42/100 [00:04<00:06,  8.88it/s, loss=17.1]
(T):  43%|████▎     | 43/100 [00:04<00:06,  8.56it/s, loss=17.1]
(T):  43%|████▎     | 43/100 [00:05<00:06,  8.56it/s, loss=16]  
(T):  44%|████▍     | 44/100 [00:05<00:06,  8.72it/s, loss=16]
(T):  44%|████▍     | 44/100 [00:05<00:06,  8.72it/s, loss=15.2]
(T):  45%|████▌     | 45/100 [00:05<00:06,  8.61it/s, loss=15.2]
(T):  45%|████▌     | 45/100 [00:05<00:06,  8.61it/s, loss=19.6]
(T):  46%|████▌     | 46/100 [00:05<00:06,  8.47it/s, loss=19.6]
(T):  46%|████▌     | 46/100 [00:05<00:06,  8.47it/s, loss=20]  
(T):  47%|████▋     | 47/100 [00:05<00:06,  8.65it/s, loss=20]
(T):  47%|████▋     | 47/100 [00:05<00:06,  8.65it/s, loss=15.7]
(T):  48%|████▊     | 48/100 [00:05<00:05,  8.83it/s, loss=15.7]
(T):  48%|████▊     | 48/100 [00:05<00:05,  8.83it/s, loss=17.4]
(T):  49%|████▉     | 49/100 [00:05<00:05,  8.88it/s, loss=17.4]
(T):  49%|████▉     | 49/100 [00:05<00:05,  8.88it/s, loss=16.2]
(T):  50%|█████     | 50/100 [00:05<00:05,  8.90it/s, loss=16.2]
(T):  50%|█████     | 50/100 [00:05<00:05,  8.90it/s, loss=13.8]
(T):  51%|█████     | 51/100 [00:05<00:05,  8.76it/s, loss=13.8]
(T):  51%|█████     | 51/100 [00:05<00:05,  8.76it/s, loss=13.3]
(T):  52%|█████▏    | 52/100 [00:05<00:05,  8.86it/s, loss=13.3]
(T):  52%|█████▏    | 52/100 [00:06<00:05,  8.86it/s, loss=15.8]
(T):  53%|█████▎    | 53/100 [00:06<00:05,  8.87it/s, loss=15.8]
(T):  53%|█████▎    | 53/100 [00:06<00:05,  8.87it/s, loss=15.7]
(T):  54%|█████▍    | 54/100 [00:06<00:05,  9.00it/s, loss=15.7]
(T):  54%|█████▍    | 54/100 [00:06<00:05,  9.00it/s, loss=14.9]
(T):  55%|█████▌    | 55/100 [00:06<00:05,  8.64it/s, loss=14.9]
(T):  55%|█████▌    | 55/100 [00:06<00:05,  8.64it/s, loss=15.2]
(T):  56%|█████▌    | 56/100 [00:06<00:05,  8.66it/s, loss=15.2]
(T):  56%|█████▌    | 56/100 [00:06<00:05,  8.66it/s, loss=15.9]
(T):  57%|█████▋    | 57/100 [00:06<00:04,  8.73it/s, loss=15.9]
(T):  57%|█████▋    | 57/100 [00:06<00:04,  8.73it/s, loss=15.1]
(T):  58%|█████▊    | 58/100 [00:06<00:04,  8.60it/s, loss=15.1]
(T):  58%|█████▊    | 58/100 [00:06<00:04,  8.60it/s, loss=16.3]
(T):  59%|█████▉    | 59/100 [00:06<00:04,  8.95it/s, loss=16.3]
(T):  59%|█████▉    | 59/100 [00:06<00:04,  8.95it/s, loss=15.7]
(T):  60%|██████    | 60/100 [00:06<00:04,  9.08it/s, loss=15.7]
(T):  60%|██████    | 60/100 [00:06<00:04,  9.08it/s, loss=15.6]
(T):  61%|██████    | 61/100 [00:06<00:04,  9.03it/s, loss=15.6]
(T):  61%|██████    | 61/100 [00:07<00:04,  9.03it/s, loss=15.9]
(T):  62%|██████▏   | 62/100 [00:07<00:04,  9.11it/s, loss=15.9]
(T):  62%|██████▏   | 62/100 [00:07<00:04,  9.11it/s, loss=12.7]
(T):  63%|██████▎   | 63/100 [00:07<00:04,  9.19it/s, loss=12.7]
(T):  63%|██████▎   | 63/100 [00:07<00:04,  9.19it/s, loss=17.9]
(T):  64%|██████▍   | 64/100 [00:07<00:03,  9.24it/s, loss=17.9]
(T):  64%|██████▍   | 64/100 [00:07<00:03,  9.24it/s, loss=15.3]
(T):  65%|██████▌   | 65/100 [00:07<00:03,  9.25it/s, loss=15.3]
(T):  65%|██████▌   | 65/100 [00:07<00:03,  9.25it/s, loss=14.5]
(T):  66%|██████▌   | 66/100 [00:07<00:03,  9.29it/s, loss=14.5]
(T):  66%|██████▌   | 66/100 [00:07<00:03,  9.29it/s, loss=13.5]
(T):  67%|██████▋   | 67/100 [00:07<00:03,  9.37it/s, loss=13.5]
(T):  67%|██████▋   | 67/100 [00:07<00:03,  9.37it/s, loss=15.4]
(T):  68%|██████▊   | 68/100 [00:07<00:03,  9.38it/s, loss=15.4]
(T):  68%|██████▊   | 68/100 [00:07<00:03,  9.38it/s, loss=17.1]
(T):  69%|██████▉   | 69/100 [00:07<00:03,  9.34it/s, loss=17.1]
(T):  69%|██████▉   | 69/100 [00:07<00:03,  9.34it/s, loss=13.4]
(T):  70%|███████   | 70/100 [00:07<00:03,  9.34it/s, loss=13.4]
(T):  70%|███████   | 70/100 [00:08<00:03,  9.34it/s, loss=17.3]
(T):  71%|███████   | 71/100 [00:08<00:03,  9.34it/s, loss=17.3]
(T):  71%|███████   | 71/100 [00:08<00:03,  9.34it/s, loss=13.3]
(T):  72%|███████▏  | 72/100 [00:08<00:02,  9.40it/s, loss=13.3]
(T):  72%|███████▏  | 72/100 [00:08<00:02,  9.40it/s, loss=15.2]
(T):  73%|███████▎  | 73/100 [00:08<00:02,  9.39it/s, loss=15.2]
(T):  73%|███████▎  | 73/100 [00:08<00:02,  9.39it/s, loss=15.3]
(T):  74%|███████▍  | 74/100 [00:08<00:02,  9.33it/s, loss=15.3]
(T):  74%|███████▍  | 74/100 [00:08<00:02,  9.33it/s, loss=14]  
(T):  75%|███████▌  | 75/100 [00:08<00:02,  9.18it/s, loss=14]
(T):  75%|███████▌  | 75/100 [00:08<00:02,  9.18it/s, loss=14.5]
(T):  76%|███████▌  | 76/100 [00:08<00:02,  9.06it/s, loss=14.5]
(T):  76%|███████▌  | 76/100 [00:08<00:02,  9.06it/s, loss=15.5]
(T):  77%|███████▋  | 77/100 [00:08<00:02,  9.06it/s, loss=15.5]
(T):  77%|███████▋  | 77/100 [00:08<00:02,  9.06it/s, loss=16.1]
(T):  78%|███████▊  | 78/100 [00:08<00:02,  8.90it/s, loss=16.1]
(T):  78%|███████▊  | 78/100 [00:08<00:02,  8.90it/s, loss=12.4]
(T):  79%|███████▉  | 79/100 [00:08<00:02,  8.84it/s, loss=12.4]
(T):  79%|███████▉  | 79/100 [00:09<00:02,  8.84it/s, loss=12.7]
(T):  80%|████████  | 80/100 [00:09<00:02,  8.92it/s, loss=12.7]
(T):  80%|████████  | 80/100 [00:09<00:02,  8.92it/s, loss=13.7]
(T):  81%|████████  | 81/100 [00:09<00:02,  8.93it/s, loss=13.7]
(T):  81%|████████  | 81/100 [00:09<00:02,  8.93it/s, loss=14.8]
(T):  82%|████████▏ | 82/100 [00:09<00:02,  8.96it/s, loss=14.8]
(T):  82%|████████▏ | 82/100 [00:09<00:02,  8.96it/s, loss=13.9]
(T):  83%|████████▎ | 83/100 [00:09<00:01,  8.93it/s, loss=13.9]
(T):  83%|████████▎ | 83/100 [00:09<00:01,  8.93it/s, loss=16.2]
(T):  84%|████████▍ | 84/100 [00:09<00:01,  8.99it/s, loss=16.2]
(T):  84%|████████▍ | 84/100 [00:09<00:01,  8.99it/s, loss=13]  
(T):  85%|████████▌ | 85/100 [00:09<00:01,  8.98it/s, loss=13]
(T):  85%|████████▌ | 85/100 [00:09<00:01,  8.98it/s, loss=13.4]
(T):  86%|████████▌ | 86/100 [00:09<00:01,  9.00it/s, loss=13.4]
(T):  86%|████████▌ | 86/100 [00:09<00:01,  9.00it/s, loss=15.8]
(T):  87%|████████▋ | 87/100 [00:09<00:01,  8.98it/s, loss=15.8]
(T):  87%|████████▋ | 87/100 [00:09<00:01,  8.98it/s, loss=14.9]
(T):  88%|████████▊ | 88/100 [00:09<00:01,  8.95it/s, loss=14.9]
(T):  88%|████████▊ | 88/100 [00:10<00:01,  8.95it/s, loss=17.7]
(T):  89%|████████▉ | 89/100 [00:10<00:01,  8.97it/s, loss=17.7]
(T):  89%|████████▉ | 89/100 [00:10<00:01,  8.97it/s, loss=13.4]
(T):  90%|█████████ | 90/100 [00:10<00:01,  8.95it/s, loss=13.4]
(T):  90%|█████████ | 90/100 [00:10<00:01,  8.95it/s, loss=15.3]
(T):  91%|█████████ | 91/100 [00:10<00:01,  8.99it/s, loss=15.3]
(T):  91%|█████████ | 91/100 [00:10<00:01,  8.99it/s, loss=12.5]
(T):  92%|█████████▏| 92/100 [00:10<00:00,  9.04it/s, loss=12.5]
(T):  92%|█████████▏| 92/100 [00:10<00:00,  9.04it/s, loss=15.7]
(T):  93%|█████████▎| 93/100 [00:10<00:00,  9.03it/s, loss=15.7]
(T):  93%|█████████▎| 93/100 [00:10<00:00,  9.03it/s, loss=11.5]
(T):  94%|█████████▍| 94/100 [00:10<00:00,  9.01it/s, loss=11.5]
(T):  94%|█████████▍| 94/100 [00:10<00:00,  9.01it/s, loss=13.7]
(T):  95%|█████████▌| 95/100 [00:10<00:00,  8.90it/s, loss=13.7]
(T):  95%|█████████▌| 95/100 [00:10<00:00,  8.90it/s, loss=13.3]
(T):  96%|█████████▌| 96/100 [00:10<00:00,  8.91it/s, loss=13.3]
(T):  96%|█████████▌| 96/100 [00:10<00:00,  8.91it/s, loss=12.3]
(T):  97%|█████████▋| 97/100 [00:10<00:00,  8.89it/s, loss=12.3]
(T):  97%|█████████▋| 97/100 [00:11<00:00,  8.89it/s, loss=15.9]
(T):  98%|█████████▊| 98/100 [00:11<00:00,  8.92it/s, loss=15.9]
(T):  98%|█████████▊| 98/100 [00:11<00:00,  8.92it/s, loss=12.3]
(T):  99%|█████████▉| 99/100 [00:11<00:00,  8.94it/s, loss=12.3]
(T):  99%|█████████▉| 99/100 [00:11<00:00,  8.94it/s, loss=15.8]
(T): 100%|██████████| 100/100 [00:11<00:00,  8.96it/s, loss=15.8]
(T): 100%|██████████| 100/100 [00:11<00:00,  8.90it/s, loss=15.8]
Accuracy: 0.7027027027027027
random
Perturbation Size:0
Accuracy: 0.6846846846846847
Perturbation Size:1
Accuracy: 0.6846846846846847
Perturbation Size:2
Accuracy: 0.6756756756756757
Perturbation Size:3
Accuracy: 0.6756756756756757
Perturbation Size:4
Accuracy: 0.6936936936936937
Perturbation Size:5
Accuracy: 0.7027027027027027
Perturbation Size:6
Accuracy: 0.6846846846846847
Perturbation Size:7
Accuracy: 0.7117117117117117
Perturbation Size:8
Accuracy: 0.7207207207207207
Perturbation Size:9
Accuracy: 0.6666666666666666
Perturbation Size:10
