nohup: ignoring input
Namespace(add_edge_rate_1=0, add_edge_rate_2=0, attack='random', base_model='GCN', cl_activation='relu', cl_base_model='GCNConv', cl_lr=0.0005, cl_num_epochs=200, cl_num_layers=2, cl_num_proj_hidden=128, cl_weight_decay=1e-05, clf_weight=1, config='config.yaml', cont_batch_size=0, cont_weight=1, cuda=True, dataset='Pubmed', debug=True, device_id=3, drop_edge_rate_1=0.2, drop_edge_rate_2=0, drop_feat_rate_1=0.3, drop_feat_rate_2=0.2, dropout=0.5, encoder_model='Grace', hidden=128, if_smoothed=True, inv_weight=1, no_cuda=False, noisy_level=0.3, num_hidden=128, num_proj_hidden=128, prob=0.8, seed=10, select_target_ratio=0.1, tau=0.1, test_model='GCN', train_lr=0.01, weight_decay=0.0005)
Not implement Grace
=== training gcn model ===
Epoch 0, training loss: 10.582267761230469
Epoch 10, training loss: 9.836633682250977
Epoch 20, training loss: 9.26044750213623
Epoch 30, training loss: 8.768942832946777
Epoch 40, training loss: 8.461223602294922
Epoch 50, training loss: 8.193045616149902
Epoch 60, training loss: 8.029349327087402
Epoch 70, training loss: 7.796621322631836
Epoch 80, training loss: 7.6805548667907715
Epoch 90, training loss: 7.644952774047852
Epoch 100, training loss: 7.53205680847168
Epoch 110, training loss: 7.491329193115234
Epoch 120, training loss: 7.365354061126709
Epoch 130, training loss: 7.38001012802124
Epoch 140, training loss: 7.292903900146484
Epoch 150, training loss: 7.273959636688232
Epoch 160, training loss: 7.2015275955200195
Epoch 170, training loss: 7.182527542114258
Epoch 180, training loss: 7.1669721603393555
Epoch 190, training loss: 7.075956344604492
Epoch 200, training loss: 7.105068683624268
Epoch 210, training loss: 7.090055465698242
Epoch 220, training loss: 7.031434059143066
Epoch 230, training loss: 7.047060489654541
Epoch 240, training loss: 7.00230073928833
Epoch 250, training loss: 7.002429962158203
Epoch 260, training loss: 6.933631896972656
Epoch 270, training loss: 6.960450649261475
Epoch 280, training loss: 6.944695472717285
Epoch 290, training loss: 6.906871318817139
Epoch 300, training loss: 6.943785190582275
Epoch 310, training loss: 6.946718215942383
Epoch 320, training loss: 6.895317077636719
Epoch 330, training loss: 6.834335803985596
Epoch 340, training loss: 6.930819034576416
Epoch 350, training loss: 6.876519203186035
Epoch 360, training loss: 6.904124736785889
Epoch 370, training loss: 6.96963357925415
Epoch 380, training loss: 6.826043128967285
Epoch 390, training loss: 6.862790584564209
Epoch 400, training loss: 6.768126964569092
Epoch 410, training loss: 6.790517330169678
Epoch 420, training loss: 6.819498538970947
Epoch 430, training loss: 6.795718669891357
Epoch 440, training loss: 6.793552398681641
Epoch 450, training loss: 6.763952255249023
Epoch 460, training loss: 6.755762100219727
Epoch 470, training loss: 6.767485618591309
Epoch 480, training loss: 6.7035017013549805
Epoch 490, training loss: 6.705212593078613
random
Perturbation Size:1
1
run_robust_acc.py:14: DeprecationWarning: the imp module is deprecated in favour of importlib; see the module's documentation for alternative uses
  import imp
Accuracy: 0.767
Perturbation Size:2
2
Accuracy: 0.767
Perturbation Size:3
3
Accuracy: 0.767
Perturbation Size:4
4
Accuracy: 0.767
Perturbation Size:5
5
Accuracy: 0.767
