nohup: ignoring input
run_robust_acc.py:14: DeprecationWarning: the imp module is deprecated in favour of importlib; see the module's documentation for alternative uses
  import imp
Namespace(add_edge_rate_1=0, add_edge_rate_2=0, attack='random', base_model='GCN', cl_activation='relu', cl_base_model='GCNConv', cl_lr=0.0005, cl_num_epochs=200, cl_num_layers=2, cl_num_proj_hidden=128, cl_weight_decay=1e-05, clf_weight=1, config='config.yaml', cont_batch_size=0, cont_weight=1, cuda=True, dataset='Pubmed', debug=True, device_id=3, drop_edge_rate_1=0.2, drop_edge_rate_2=0, drop_feat_rate_1=0.3, drop_feat_rate_2=0.2, dropout=0.5, encoder_model='Grace', hidden=128, if_smoothed=False, inv_weight=1, no_cuda=False, noisy_level=0.3, num_hidden=128, num_proj_hidden=128, num_repeat=5, prob=0.8, seed=10, select_target_ratio=0.1, tau=0.1, test_model='GCN', train_lr=0.01, weight_decay=0.0005)
beta 0.5
seed 265
=== training gcn model ===
Epoch 0, training loss: 10.581439971923828
Epoch 10, training loss: 10.092031478881836
Epoch 20, training loss: 8.956437110900879
Epoch 30, training loss: 8.601076126098633
Epoch 40, training loss: 8.3539400100708
Epoch 50, training loss: 8.123729705810547
Epoch 60, training loss: 7.970940589904785
Epoch 70, training loss: 7.846107482910156
Epoch 80, training loss: 7.7802863121032715
Epoch 90, training loss: 7.626872539520264
Epoch 100, training loss: 7.665555953979492
Epoch 110, training loss: 7.471958160400391
Epoch 120, training loss: 7.354569435119629
Epoch 130, training loss: 7.321064472198486
Epoch 140, training loss: 7.280406951904297
Epoch 150, training loss: 7.225586891174316
Epoch 160, training loss: 7.137178897857666
Epoch 170, training loss: 7.009678363800049
Epoch 180, training loss: 7.016983509063721
Epoch 190, training loss: 6.954728126525879
Epoch 200, training loss: 6.864287376403809
Epoch 210, training loss: 6.847451686859131
Epoch 220, training loss: 6.845541954040527
Epoch 230, training loss: 6.866335391998291
Epoch 240, training loss: 6.843628883361816
Epoch 250, training loss: 6.794000625610352
Epoch 260, training loss: 6.841694355010986
Epoch 270, training loss: 6.756734371185303
Epoch 280, training loss: 6.7845025062561035
Epoch 290, training loss: 6.743083477020264
Epoch 300, training loss: 6.666560649871826
Epoch 310, training loss: 6.719872951507568
Epoch 320, training loss: 6.6210527420043945
Epoch 330, training loss: 6.629417896270752
Epoch 340, training loss: 6.631643295288086
Epoch 350, training loss: 6.640779495239258
Epoch 360, training loss: 6.658961296081543
Epoch 370, training loss: 6.578920841217041
Epoch 380, training loss: 6.517316818237305
Epoch 390, training loss: 6.489511966705322
Epoch 400, training loss: 6.505918025970459
Epoch 410, training loss: 6.427762985229492
Epoch 420, training loss: 6.456849098205566
Epoch 430, training loss: 6.481802940368652
Epoch 440, training loss: 6.4191741943359375
Epoch 450, training loss: 6.410053730010986
Epoch 460, training loss: 6.371100902557373
Epoch 470, training loss: 6.412159442901611
Epoch 480, training loss: 6.364520072937012
Epoch 490, training loss: 6.39663028717041
random
Perturbation Size:0
Accuracy: 0.756
Perturbation Size:1
Accuracy: 0.755
Perturbation Size:2
Accuracy: 0.724
Perturbation Size:3
Accuracy: 0.719
Perturbation Size:4
Accuracy: 0.697
Perturbation Size:5
Accuracy: 0.668
Perturbation Size:6
Accuracy: 0.638
Perturbation Size:7
Accuracy: 0.62
Perturbation Size:8
Accuracy: 0.607
Perturbation Size:9
Accuracy: 0.596
Perturbation Size:10
Accuracy: 0.576
Perturbation Size:11
Accuracy: 0.56
Perturbation Size:12
Accuracy: 0.558
Perturbation Size:13
Accuracy: 0.555
Perturbation Size:14
Accuracy: 0.551
Perturbation Size:15
Accuracy: 0.532
Perturbation Size:16
Accuracy: 0.534
Perturbation Size:17
Accuracy: 0.528
Perturbation Size:18
Accuracy: 0.523
Perturbation Size:19
Accuracy: 0.52
Perturbation Size:20
Accuracy: 0.515
seed 125
=== training gcn model ===
Epoch 0, training loss: 10.581524848937988
Epoch 10, training loss: 9.872014999389648
Epoch 20, training loss: 9.065298080444336
Epoch 30, training loss: 8.7374906539917
Epoch 40, training loss: 8.440418243408203
Epoch 50, training loss: 8.16502857208252
Epoch 60, training loss: 7.962015628814697
Epoch 70, training loss: 7.888803005218506
Epoch 80, training loss: 7.766419887542725
Epoch 90, training loss: 7.6142988204956055
Epoch 100, training loss: 7.503124713897705
Epoch 110, training loss: 7.348345756530762
Epoch 120, training loss: 7.238900661468506
Epoch 130, training loss: 7.100555896759033
Epoch 140, training loss: 7.061893939971924
Epoch 150, training loss: 7.037106990814209
Epoch 160, training loss: 7.046684741973877
Epoch 170, training loss: 6.8683180809021
Epoch 180, training loss: 6.846689224243164
Epoch 190, training loss: 6.87235164642334
Epoch 200, training loss: 6.809715270996094
Epoch 210, training loss: 6.81454610824585
Epoch 220, training loss: 6.658487796783447
Epoch 230, training loss: 6.71622371673584
Epoch 240, training loss: 6.6971025466918945
Epoch 250, training loss: 6.6424689292907715
Epoch 260, training loss: 6.591238975524902
Epoch 270, training loss: 6.517966270446777
Epoch 280, training loss: 6.543121814727783
Epoch 290, training loss: 6.5541205406188965
Epoch 300, training loss: 6.44220495223999
Epoch 310, training loss: 6.505625247955322
Epoch 320, training loss: 6.423675537109375
Epoch 330, training loss: 6.316911697387695
Epoch 340, training loss: 6.340971946716309
Epoch 350, training loss: 6.355957984924316
Epoch 360, training loss: 6.327762603759766
Epoch 370, training loss: 6.342066764831543
Epoch 380, training loss: 6.351966857910156
Epoch 390, training loss: 6.291264533996582
Epoch 400, training loss: 6.278680324554443
Epoch 410, training loss: 6.346366882324219
Epoch 420, training loss: 6.314389705657959
Epoch 430, training loss: 6.197810173034668
Epoch 440, training loss: 6.202367305755615
Epoch 450, training loss: 6.167313575744629
Epoch 460, training loss: 6.2149152755737305
Epoch 470, training loss: 6.141382217407227
Epoch 480, training loss: 6.229722499847412
Epoch 490, training loss: 6.158821105957031
random
Perturbation Size:0
Accuracy: 0.742
Perturbation Size:1
Accuracy: 0.727
Perturbation Size:2
Accuracy: 0.71
Perturbation Size:3
Accuracy: 0.703
Perturbation Size:4
Accuracy: 0.673
Perturbation Size:5
Accuracy: 0.647
Perturbation Size:6
Accuracy: 0.601
Perturbation Size:7
Accuracy: 0.563
Perturbation Size:8
Accuracy: 0.562
Perturbation Size:9
Accuracy: 0.549
Perturbation Size:10
Accuracy: 0.528
Perturbation Size:11
Accuracy: 0.506
Perturbation Size:12
Accuracy: 0.5
Perturbation Size:13
Accuracy: 0.497
Perturbation Size:14
Accuracy: 0.495
Perturbation Size:15
Accuracy: 0.47
Perturbation Size:16
Accuracy: 0.464
Perturbation Size:17
Accuracy: 0.459
Perturbation Size:18
Accuracy: 0.45
Perturbation Size:19
Accuracy: 0.455
Perturbation Size:20
Accuracy: 0.444
seed 996
=== training gcn model ===
Epoch 0, training loss: 10.581339836120605
Epoch 10, training loss: 10.010574340820312
Epoch 20, training loss: 8.908681869506836
Epoch 30, training loss: 8.620534896850586
Epoch 40, training loss: 8.257490158081055
Epoch 50, training loss: 8.003302574157715
Epoch 60, training loss: 7.6651153564453125
Epoch 70, training loss: 7.509343147277832
Epoch 80, training loss: 7.414915084838867
Epoch 90, training loss: 7.307577133178711
Epoch 100, training loss: 7.21229887008667
Epoch 110, training loss: 7.086270809173584
Epoch 120, training loss: 7.112052917480469
Epoch 130, training loss: 6.950528144836426
Epoch 140, training loss: 6.903954982757568
Epoch 150, training loss: 6.908468246459961
Epoch 160, training loss: 6.8129167556762695
Epoch 170, training loss: 6.810420513153076
Epoch 180, training loss: 6.715400218963623
Epoch 190, training loss: 6.720223426818848
Epoch 200, training loss: 6.642899513244629
Epoch 210, training loss: 6.6051859855651855
Epoch 220, training loss: 6.611500263214111
Epoch 230, training loss: 6.607882499694824
Epoch 240, training loss: 6.566240310668945
Epoch 250, training loss: 6.508504867553711
Epoch 260, training loss: 6.53839111328125
Epoch 270, training loss: 6.478226184844971
Epoch 280, training loss: 6.4987568855285645
Epoch 290, training loss: 6.438109397888184
Epoch 300, training loss: 6.415671348571777
Epoch 310, training loss: 6.397443771362305
Epoch 320, training loss: 6.330969333648682
Epoch 330, training loss: 6.374728202819824
Epoch 340, training loss: 6.459009170532227
Epoch 350, training loss: 6.358817100524902
Epoch 360, training loss: 6.392307281494141
Epoch 370, training loss: 6.408262729644775
Epoch 380, training loss: 6.292651176452637
Epoch 390, training loss: 6.324050426483154
Epoch 400, training loss: 6.282801151275635
Epoch 410, training loss: 6.27933931350708
Epoch 420, training loss: 6.2988715171813965
Epoch 430, training loss: 6.287137508392334
Epoch 440, training loss: 6.259407997131348
Epoch 450, training loss: 6.271396636962891
Epoch 460, training loss: 6.270991325378418
Epoch 470, training loss: 6.268697738647461
Epoch 480, training loss: 6.3138251304626465
Epoch 490, training loss: 6.202103137969971
random
Perturbation Size:0
Accuracy: 0.74
Perturbation Size:1
Accuracy: 0.723
Perturbation Size:2
Accuracy: 0.692
Perturbation Size:3
Accuracy: 0.672
Perturbation Size:4
Accuracy: 0.654
Perturbation Size:5
Accuracy: 0.624
Perturbation Size:6
Accuracy: 0.61
Perturbation Size:7
Accuracy: 0.594
Perturbation Size:8
Accuracy: 0.591
Perturbation Size:9
Accuracy: 0.589
Perturbation Size:10
Accuracy: 0.585
Perturbation Size:11
Accuracy: 0.581
Perturbation Size:12
Accuracy: 0.578
Perturbation Size:13
Accuracy: 0.573
Perturbation Size:14
Accuracy: 0.574
Perturbation Size:15
Accuracy: 0.573
Perturbation Size:16
Accuracy: 0.573
Perturbation Size:17
Accuracy: 0.567
Perturbation Size:18
Accuracy: 0.568
Perturbation Size:19
Accuracy: 0.574
Perturbation Size:20
Accuracy: 0.566
seed 527
=== training gcn model ===
Epoch 0, training loss: 10.581482887268066
Epoch 10, training loss: 10.087864875793457
Epoch 20, training loss: 8.917427062988281
Epoch 30, training loss: 8.643425941467285
Epoch 40, training loss: 8.194388389587402
Epoch 50, training loss: 7.911666393280029
Epoch 60, training loss: 7.686934947967529
Epoch 70, training loss: 7.534098148345947
Epoch 80, training loss: 7.4652299880981445
Epoch 90, training loss: 7.36630916595459
Epoch 100, training loss: 7.349339962005615
Epoch 110, training loss: 7.31643533706665
Epoch 120, training loss: 7.265071868896484
Epoch 130, training loss: 7.207348823547363
Epoch 140, training loss: 7.212121963500977
Epoch 150, training loss: 7.1379523277282715
Epoch 160, training loss: 7.094228744506836
Epoch 170, training loss: 7.024229049682617
Epoch 180, training loss: 7.060580730438232
Epoch 190, training loss: 6.95453405380249
Epoch 200, training loss: 6.989268779754639
Epoch 210, training loss: 6.919619083404541
Epoch 220, training loss: 6.916203498840332
Epoch 230, training loss: 6.813310146331787
Epoch 240, training loss: 6.780075550079346
Epoch 250, training loss: 6.807130336761475
Epoch 260, training loss: 6.7086405754089355
Epoch 270, training loss: 6.740289211273193
Epoch 280, training loss: 6.634919166564941
Epoch 290, training loss: 6.667037010192871
Epoch 300, training loss: 6.631506443023682
Epoch 310, training loss: 6.533777236938477
Epoch 320, training loss: 6.567724227905273
Epoch 330, training loss: 6.496002674102783
Epoch 340, training loss: 6.479463577270508
Epoch 350, training loss: 6.538748264312744
Epoch 360, training loss: 6.509062767028809
Epoch 370, training loss: 6.416479587554932
Epoch 380, training loss: 6.507528305053711
Epoch 390, training loss: 6.421798229217529
Epoch 400, training loss: 6.515733242034912
Epoch 410, training loss: 6.3648905754089355
Epoch 420, training loss: 6.396071434020996
Epoch 430, training loss: 6.279008388519287
Epoch 440, training loss: 6.326119422912598
Epoch 450, training loss: 6.29502010345459
Epoch 460, training loss: 6.319688320159912
Epoch 470, training loss: 6.39487886428833
Epoch 480, training loss: 6.311563968658447
Epoch 490, training loss: 6.2760539054870605
random
Perturbation Size:0
Accuracy: 0.762
Perturbation Size:1
Accuracy: 0.764
Perturbation Size:2
Accuracy: 0.748
Perturbation Size:3
Accuracy: 0.735
Perturbation Size:4
Accuracy: 0.716
Perturbation Size:5
Accuracy: 0.699
Perturbation Size:6
Accuracy: 0.681
Perturbation Size:7
Accuracy: 0.644
Perturbation Size:8
Accuracy: 0.613
Perturbation Size:9
Accuracy: 0.594
Perturbation Size:10
Accuracy: 0.572
Perturbation Size:11
Accuracy: 0.553
Perturbation Size:12
Accuracy: 0.541
Perturbation Size:13
Accuracy: 0.531
Perturbation Size:14
Accuracy: 0.525
Perturbation Size:15
Accuracy: 0.51
Perturbation Size:16
Accuracy: 0.495
Perturbation Size:17
Accuracy: 0.491
Perturbation Size:18
Accuracy: 0.481
Perturbation Size:19
Accuracy: 0.471
Perturbation Size:20
Accuracy: 0.459
seed 320
=== training gcn model ===
Epoch 0, training loss: 10.581546783447266
Epoch 10, training loss: 10.09753131866455
Epoch 20, training loss: 9.017642974853516
Epoch 30, training loss: 8.606329917907715
Epoch 40, training loss: 8.226400375366211
Epoch 50, training loss: 7.814878940582275
Epoch 60, training loss: 7.541897773742676
Epoch 70, training loss: 7.365043640136719
Epoch 80, training loss: 7.409534931182861
Epoch 90, training loss: 7.162521839141846
Epoch 100, training loss: 7.1060919761657715
Epoch 110, training loss: 7.152368545532227
Epoch 120, training loss: 7.059401512145996
Epoch 130, training loss: 6.980451583862305
Epoch 140, training loss: 6.91486120223999
Epoch 150, training loss: 6.907345294952393
Epoch 160, training loss: 6.823204517364502
Epoch 170, training loss: 6.727048873901367
Epoch 180, training loss: 6.753697872161865
Epoch 190, training loss: 6.7615461349487305
Epoch 200, training loss: 6.69863748550415
Epoch 210, training loss: 6.576881408691406
Epoch 220, training loss: 6.612235069274902
Epoch 230, training loss: 6.49455451965332
Epoch 240, training loss: 6.587509632110596
Epoch 250, training loss: 6.580503463745117
Epoch 260, training loss: 6.601845741271973
Epoch 270, training loss: 6.5290374755859375
Epoch 280, training loss: 6.606549263000488
Epoch 290, training loss: 6.568349838256836
Epoch 300, training loss: 6.615718841552734
Epoch 310, training loss: 6.56721305847168
Epoch 320, training loss: 6.511623859405518
Epoch 330, training loss: 6.555995464324951
Epoch 340, training loss: 6.514406204223633
Epoch 350, training loss: 6.478271007537842
Epoch 360, training loss: 6.4876933097839355
Epoch 370, training loss: 6.463649749755859
Epoch 380, training loss: 6.502549648284912
Epoch 390, training loss: 6.455789566040039
Epoch 400, training loss: 6.464514255523682
Epoch 410, training loss: 6.440260410308838
Epoch 420, training loss: 6.427645206451416
Epoch 430, training loss: 6.4372358322143555
Epoch 440, training loss: 6.460779666900635
Epoch 450, training loss: 6.426564693450928
Epoch 460, training loss: 6.411906719207764
Epoch 470, training loss: 6.396735191345215
Epoch 480, training loss: 6.384893894195557
Epoch 490, training loss: 6.357312202453613
random
Perturbation Size:0
Accuracy: 0.739
Perturbation Size:1
Accuracy: 0.733
Perturbation Size:2
Accuracy: 0.7
Perturbation Size:3
Accuracy: 0.693
Perturbation Size:4
Accuracy: 0.678
Perturbation Size:5
Accuracy: 0.677
Perturbation Size:6
Accuracy: 0.641
Perturbation Size:7
Accuracy: 0.623
Perturbation Size:8
Accuracy: 0.608
Perturbation Size:9
Accuracy: 0.601
Perturbation Size:10
Accuracy: 0.582
Perturbation Size:11
Accuracy: 0.563
Perturbation Size:12
Accuracy: 0.549
Perturbation Size:13
Accuracy: 0.548
Perturbation Size:14
Accuracy: 0.548
Perturbation Size:15
Accuracy: 0.526
Perturbation Size:16
Accuracy: 0.529
Perturbation Size:17
Accuracy: 0.528
Perturbation Size:18
Accuracy: 0.523
Perturbation Size:19
Accuracy: 0.519
Perturbation Size:20
Accuracy: 0.514
Beta:0.5 Ptb size:0 Accuracy:0.7478+-0.00938935567544441
Beta:0.5 Ptb size:1 Accuracy:0.7404000000000001+-0.016169106345126204
Beta:0.5 Ptb size:2 Accuracy:0.7148+-0.019742340286804924
Beta:0.5 Ptb size:3 Accuracy:0.7043999999999999+-0.021592591322025234
Beta:0.5 Ptb size:4 Accuracy:0.6836+-0.021209431864149468
Beta:0.5 Ptb size:5 Accuracy:0.663+-0.025667099563448915
Beta:0.5 Ptb size:6 Accuracy:0.6342+-0.028067062546693434
Beta:0.5 Ptb size:7 Accuracy:0.6087999999999999+-0.027866826155843464
Beta:0.5 Ptb size:8 Accuracy:0.5962000000000001+-0.018626862323000058
Beta:0.5 Ptb size:9 Accuracy:0.5858+-0.018797872220014663
Beta:0.5 Ptb size:10 Accuracy:0.5686+-0.020799999999999975
Beta:0.5 Ptb size:11 Accuracy:0.5526+-0.025064716236175493
Beta:0.5 Ptb size:12 Accuracy:0.5452+-0.025748009631814256
Beta:0.5 Ptb size:13 Accuracy:0.5408000000000001+-0.025709142342754253
Beta:0.5 Ptb size:14 Accuracy:0.5386+-0.026762660555333426
Beta:0.5 Ptb size:15 Accuracy:0.5222+-0.03336105513918887
Beta:0.5 Ptb size:16 Accuracy:0.5189999999999999+-0.03699189100329961
Beta:0.5 Ptb size:17 Accuracy:0.5146+-0.036751054406642523
Beta:0.5 Ptb size:18 Accuracy:0.509+-0.040343524883182914
Beta:0.5 Ptb size:19 Accuracy:0.5078+-0.04194949344151844
Beta:0.5 Ptb size:20 Accuracy:0.49960000000000004+-0.0438022830455217
beta 0.6
seed 265
=== training gcn model ===
Epoch 0, training loss: 10.581439971923828
Epoch 10, training loss: 10.092039108276367
Epoch 20, training loss: 8.956473350524902
Epoch 30, training loss: 8.60108470916748
Epoch 40, training loss: 8.353882789611816
Epoch 50, training loss: 8.123591423034668
Epoch 60, training loss: 7.970729827880859
Epoch 70, training loss: 7.846117973327637
Epoch 80, training loss: 7.780157089233398
Epoch 90, training loss: 7.626756191253662
Epoch 100, training loss: 7.6651716232299805
Epoch 110, training loss: 7.471978664398193
Epoch 120, training loss: 7.3543548583984375
Epoch 130, training loss: 7.320820331573486
Epoch 140, training loss: 7.280544757843018
Epoch 150, training loss: 7.226221561431885
Epoch 160, training loss: 7.137973308563232
Epoch 170, training loss: 7.009684085845947
Epoch 180, training loss: 7.015720844268799
Epoch 190, training loss: 6.954278945922852
Epoch 200, training loss: 6.864564895629883
Epoch 210, training loss: 6.846078395843506
Epoch 220, training loss: 6.844644069671631
Epoch 230, training loss: 6.866511821746826
Epoch 240, training loss: 6.8441972732543945
Epoch 250, training loss: 6.7936577796936035
Epoch 260, training loss: 6.841748237609863
Epoch 270, training loss: 6.756365776062012
Epoch 280, training loss: 6.784224987030029
Epoch 290, training loss: 6.743011474609375
Epoch 300, training loss: 6.666335105895996
Epoch 310, training loss: 6.719119548797607
Epoch 320, training loss: 6.620538711547852
Epoch 330, training loss: 6.628984451293945
Epoch 340, training loss: 6.630892276763916
Epoch 350, training loss: 6.639870643615723
Epoch 360, training loss: 6.658741474151611
Epoch 370, training loss: 6.578586101531982
Epoch 380, training loss: 6.517544269561768
Epoch 390, training loss: 6.48895788192749
Epoch 400, training loss: 6.505854606628418
Epoch 410, training loss: 6.427765369415283
Epoch 420, training loss: 6.456870079040527
Epoch 430, training loss: 6.481774806976318
Epoch 440, training loss: 6.4195146560668945
Epoch 450, training loss: 6.410421371459961
Epoch 460, training loss: 6.370902061462402
Epoch 470, training loss: 6.411793231964111
Epoch 480, training loss: 6.364884853363037
Epoch 490, training loss: 6.397274494171143
random
Perturbation Size:0
Accuracy: 0.754
Perturbation Size:1
Accuracy: 0.754
Perturbation Size:2
Accuracy: 0.722
Perturbation Size:3
Accuracy: 0.711
Perturbation Size:4
Accuracy: 0.696
Perturbation Size:5
Accuracy: 0.665
Perturbation Size:6
Accuracy: 0.635
Perturbation Size:7
Accuracy: 0.611
Perturbation Size:8
Accuracy: 0.603
Perturbation Size:9
Accuracy: 0.596
Perturbation Size:10
Accuracy: 0.576
Perturbation Size:11
Accuracy: 0.56
Perturbation Size:12
Accuracy: 0.56
Perturbation Size:13
Accuracy: 0.557
Perturbation Size:14
Accuracy: 0.553
Perturbation Size:15
Accuracy: 0.533
Perturbation Size:16
Accuracy: 0.535
Perturbation Size:17
Accuracy: 0.533
Perturbation Size:18
Accuracy: 0.52
Perturbation Size:19
Accuracy: 0.518
Perturbation Size:20
Accuracy: 0.521
seed 125
=== training gcn model ===
Epoch 0, training loss: 10.581524848937988
Epoch 10, training loss: 9.872016906738281
Epoch 20, training loss: 9.06531047821045
Epoch 30, training loss: 8.73745346069336
Epoch 40, training loss: 8.440530776977539
Epoch 50, training loss: 8.16504192352295
Epoch 60, training loss: 7.961953163146973
Epoch 70, training loss: 7.888487815856934
Epoch 80, training loss: 7.766406536102295
Epoch 90, training loss: 7.614442348480225
Epoch 100, training loss: 7.503345966339111
Epoch 110, training loss: 7.3487982749938965
Epoch 120, training loss: 7.239285945892334
Epoch 130, training loss: 7.100858688354492
Epoch 140, training loss: 7.0620880126953125
Epoch 150, training loss: 7.037410736083984
Epoch 160, training loss: 7.046879291534424
Epoch 170, training loss: 6.868205547332764
Epoch 180, training loss: 6.846503257751465
Epoch 190, training loss: 6.872527599334717
Epoch 200, training loss: 6.809700965881348
Epoch 210, training loss: 6.814399719238281
Epoch 220, training loss: 6.658328533172607
Epoch 230, training loss: 6.71634578704834
Epoch 240, training loss: 6.696691036224365
Epoch 250, training loss: 6.641976833343506
Epoch 260, training loss: 6.590836048126221
Epoch 270, training loss: 6.517865180969238
Epoch 280, training loss: 6.542988300323486
Epoch 290, training loss: 6.5535969734191895
Epoch 300, training loss: 6.442126750946045
Epoch 310, training loss: 6.505115509033203
Epoch 320, training loss: 6.423696994781494
Epoch 330, training loss: 6.316601276397705
Epoch 340, training loss: 6.3409552574157715
Epoch 350, training loss: 6.35610294342041
Epoch 360, training loss: 6.3278913497924805
Epoch 370, training loss: 6.342012882232666
Epoch 380, training loss: 6.351733207702637
Epoch 390, training loss: 6.290981769561768
Epoch 400, training loss: 6.278459548950195
Epoch 410, training loss: 6.346349239349365
Epoch 420, training loss: 6.314636707305908
Epoch 430, training loss: 6.197519779205322
Epoch 440, training loss: 6.202034950256348
Epoch 450, training loss: 6.16736364364624
Epoch 460, training loss: 6.21489953994751
Epoch 470, training loss: 6.141306400299072
Epoch 480, training loss: 6.229608535766602
Epoch 490, training loss: 6.158982276916504
random
Perturbation Size:0
Accuracy: 0.743
Perturbation Size:1
Accuracy: 0.728
Perturbation Size:2
Accuracy: 0.714
Perturbation Size:3
Accuracy: 0.704
Perturbation Size:4
Accuracy: 0.674
Perturbation Size:5
Accuracy: 0.644
Perturbation Size:6
Accuracy: 0.603
Perturbation Size:7
Accuracy: 0.566
Perturbation Size:8
Accuracy: 0.556
Perturbation Size:9
Accuracy: 0.545
Perturbation Size:10
Accuracy: 0.529
Perturbation Size:11
Accuracy: 0.507
Perturbation Size:12
Accuracy: 0.499
Perturbation Size:13
Accuracy: 0.499
Perturbation Size:14
Accuracy: 0.478
Perturbation Size:15
Accuracy: 0.467
Perturbation Size:16
Accuracy: 0.461
Perturbation Size:17
Accuracy: 0.462
Perturbation Size:18
Accuracy: 0.455
Perturbation Size:19
Accuracy: 0.458
Perturbation Size:20
Accuracy: 0.446
seed 996
=== training gcn model ===
Epoch 0, training loss: 10.581339836120605
Epoch 10, training loss: 10.010570526123047
Epoch 20, training loss: 8.90867805480957
Epoch 30, training loss: 8.620548248291016
Epoch 40, training loss: 8.2573881149292
Epoch 50, training loss: 8.003175735473633
Epoch 60, training loss: 7.665063858032227
Epoch 70, training loss: 7.509369373321533
Epoch 80, training loss: 7.414855480194092
Epoch 90, training loss: 7.307485580444336
Epoch 100, training loss: 7.2122979164123535
Epoch 110, training loss: 7.086194038391113
Epoch 120, training loss: 7.114156246185303
Epoch 130, training loss: 6.951174259185791
Epoch 140, training loss: 6.903284549713135
Epoch 150, training loss: 6.908359527587891
Epoch 160, training loss: 6.813615798950195
Epoch 170, training loss: 6.811817646026611
Epoch 180, training loss: 6.7156548500061035
Epoch 190, training loss: 6.720696449279785
Epoch 200, training loss: 6.64287805557251
Epoch 210, training loss: 6.605839729309082
Epoch 220, training loss: 6.611985683441162
Epoch 230, training loss: 6.60786771774292
Epoch 240, training loss: 6.567038536071777
Epoch 250, training loss: 6.509646892547607
Epoch 260, training loss: 6.539416313171387
Epoch 270, training loss: 6.47883415222168
Epoch 280, training loss: 6.498867511749268
Epoch 290, training loss: 6.439241886138916
Epoch 300, training loss: 6.416755199432373
Epoch 310, training loss: 6.398223400115967
Epoch 320, training loss: 6.330810546875
Epoch 330, training loss: 6.375142574310303
Epoch 340, training loss: 6.459249019622803
Epoch 350, training loss: 6.358863830566406
Epoch 360, training loss: 6.3922882080078125
Epoch 370, training loss: 6.408438682556152
Epoch 380, training loss: 6.292291641235352
Epoch 390, training loss: 6.323179244995117
Epoch 400, training loss: 6.282222747802734
Epoch 410, training loss: 6.278765678405762
Epoch 420, training loss: 6.298996448516846
Epoch 430, training loss: 6.2878217697143555
Epoch 440, training loss: 6.258357524871826
Epoch 450, training loss: 6.270251274108887
Epoch 460, training loss: 6.269041061401367
Epoch 470, training loss: 6.2682671546936035
Epoch 480, training loss: 6.31143045425415
Epoch 490, training loss: 6.199757099151611
random
Perturbation Size:0
Accuracy: 0.734
Perturbation Size:1
Accuracy: 0.718
Perturbation Size:2
Accuracy: 0.686
Perturbation Size:3
Accuracy: 0.677
Perturbation Size:4
Accuracy: 0.651
Perturbation Size:5
Accuracy: 0.625
Perturbation Size:6
Accuracy: 0.609
Perturbation Size:7
Accuracy: 0.59
Perturbation Size:8
Accuracy: 0.592
Perturbation Size:9
Accuracy: 0.59
Perturbation Size:10
Accuracy: 0.585
Perturbation Size:11
Accuracy: 0.582
Perturbation Size:12
Accuracy: 0.577
Perturbation Size:13
Accuracy: 0.575
Perturbation Size:14
Accuracy: 0.577
Perturbation Size:15
Accuracy: 0.574
Perturbation Size:16
Accuracy: 0.572
Perturbation Size:17
Accuracy: 0.57
Perturbation Size:18
Accuracy: 0.57
Perturbation Size:19
Accuracy: 0.576
Perturbation Size:20
Accuracy: 0.566
seed 527
=== training gcn model ===
Epoch 0, training loss: 10.581482887268066
Epoch 10, training loss: 10.087869644165039
Epoch 20, training loss: 8.917431831359863
Epoch 30, training loss: 8.643386840820312
Epoch 40, training loss: 8.194450378417969
Epoch 50, training loss: 7.91163969039917
Epoch 60, training loss: 7.6868414878845215
Epoch 70, training loss: 7.534066677093506
Epoch 80, training loss: 7.465306282043457
Epoch 90, training loss: 7.366355895996094
Epoch 100, training loss: 7.349357604980469
Epoch 110, training loss: 7.316528797149658
Epoch 120, training loss: 7.2655110359191895
Epoch 130, training loss: 7.207949638366699
Epoch 140, training loss: 7.21247673034668
Epoch 150, training loss: 7.138809680938721
Epoch 160, training loss: 7.095789909362793
Epoch 170, training loss: 7.025541305541992
Epoch 180, training loss: 7.061866760253906
Epoch 190, training loss: 6.955568313598633
Epoch 200, training loss: 6.990145683288574
Epoch 210, training loss: 6.920418739318848
Epoch 220, training loss: 6.9174089431762695
Epoch 230, training loss: 6.8138861656188965
Epoch 240, training loss: 6.780888557434082
Epoch 250, training loss: 6.807452201843262
Epoch 260, training loss: 6.708907127380371
Epoch 270, training loss: 6.740237712860107
Epoch 280, training loss: 6.634743690490723
Epoch 290, training loss: 6.66693115234375
Epoch 300, training loss: 6.630743026733398
Epoch 310, training loss: 6.5336384773254395
Epoch 320, training loss: 6.567770957946777
Epoch 330, training loss: 6.495633602142334
Epoch 340, training loss: 6.479438781738281
Epoch 350, training loss: 6.538665294647217
Epoch 360, training loss: 6.509072780609131
Epoch 370, training loss: 6.4167914390563965
Epoch 380, training loss: 6.507514953613281
Epoch 390, training loss: 6.422085285186768
Epoch 400, training loss: 6.515446186065674
Epoch 410, training loss: 6.365128517150879
Epoch 420, training loss: 6.396324157714844
Epoch 430, training loss: 6.2790303230285645
Epoch 440, training loss: 6.326007843017578
Epoch 450, training loss: 6.29506778717041
Epoch 460, training loss: 6.319673538208008
Epoch 470, training loss: 6.3957414627075195
Epoch 480, training loss: 6.311736583709717
Epoch 490, training loss: 6.276531219482422
random
Perturbation Size:0
Accuracy: 0.759
Perturbation Size:1
Accuracy: 0.757
Perturbation Size:2
Accuracy: 0.743
Perturbation Size:3
Accuracy: 0.739
Perturbation Size:4
Accuracy: 0.715
Perturbation Size:5
Accuracy: 0.696
Perturbation Size:6
Accuracy: 0.672
Perturbation Size:7
Accuracy: 0.637
Perturbation Size:8
Accuracy: 0.612
Perturbation Size:9
Accuracy: 0.593
Perturbation Size:10
Accuracy: 0.574
Perturbation Size:11
Accuracy: 0.552
Perturbation Size:12
Accuracy: 0.542
Perturbation Size:13
Accuracy: 0.53
Perturbation Size:14
Accuracy: 0.521
Perturbation Size:15
Accuracy: 0.502
Perturbation Size:16
Accuracy: 0.493
Perturbation Size:17
Accuracy: 0.487
Perturbation Size:18
Accuracy: 0.478
Perturbation Size:19
Accuracy: 0.466
Perturbation Size:20
Accuracy: 0.458
seed 320
=== training gcn model ===
Epoch 0, training loss: 10.58154582977295
Epoch 10, training loss: 10.097537994384766
Epoch 20, training loss: 9.017643928527832
Epoch 30, training loss: 8.606298446655273
Epoch 40, training loss: 8.22653579711914
Epoch 50, training loss: 7.815207004547119
Epoch 60, training loss: 7.542063236236572
Epoch 70, training loss: 7.365179061889648
Epoch 80, training loss: 7.409852504730225
Epoch 90, training loss: 7.162676811218262
Epoch 100, training loss: 7.106245517730713
Epoch 110, training loss: 7.152315616607666
Epoch 120, training loss: 7.0590291023254395
Epoch 130, training loss: 6.9797797203063965
Epoch 140, training loss: 6.913750171661377
Epoch 150, training loss: 6.905792236328125
Epoch 160, training loss: 6.822139739990234
Epoch 170, training loss: 6.7261199951171875
Epoch 180, training loss: 6.752662658691406
Epoch 190, training loss: 6.760802745819092
Epoch 200, training loss: 6.698173999786377
Epoch 210, training loss: 6.576423645019531
Epoch 220, training loss: 6.611996650695801
Epoch 230, training loss: 6.494299411773682
Epoch 240, training loss: 6.587316989898682
Epoch 250, training loss: 6.580426216125488
Epoch 260, training loss: 6.601893901824951
Epoch 270, training loss: 6.529102802276611
Epoch 280, training loss: 6.6064453125
Epoch 290, training loss: 6.567961692810059
Epoch 300, training loss: 6.615730285644531
Epoch 310, training loss: 6.567142486572266
Epoch 320, training loss: 6.511398792266846
Epoch 330, training loss: 6.556264400482178
Epoch 340, training loss: 6.51462459564209
Epoch 350, training loss: 6.4784111976623535
Epoch 360, training loss: 6.4876813888549805
Epoch 370, training loss: 6.463767051696777
Epoch 380, training loss: 6.502861499786377
Epoch 390, training loss: 6.45573616027832
Epoch 400, training loss: 6.46470832824707
Epoch 410, training loss: 6.440585613250732
Epoch 420, training loss: 6.428177356719971
Epoch 430, training loss: 6.437333106994629
Epoch 440, training loss: 6.461060047149658
Epoch 450, training loss: 6.426941871643066
Epoch 460, training loss: 6.411984920501709
Epoch 470, training loss: 6.397071838378906
Epoch 480, training loss: 6.385399341583252
Epoch 490, training loss: 6.357968330383301
random
Perturbation Size:0
Accuracy: 0.739
Perturbation Size:1
Accuracy: 0.732
Perturbation Size:2
Accuracy: 0.7
Perturbation Size:3
Accuracy: 0.71
Perturbation Size:4
Accuracy: 0.693
Perturbation Size:5
Accuracy: 0.665
Perturbation Size:6
Accuracy: 0.643
Perturbation Size:7
Accuracy: 0.623
Perturbation Size:8
Accuracy: 0.617
Perturbation Size:9
Accuracy: 0.605
Perturbation Size:10
Accuracy: 0.592
Perturbation Size:11
Accuracy: 0.555
Perturbation Size:12
Accuracy: 0.55
Perturbation Size:13
Accuracy: 0.542
Perturbation Size:14
Accuracy: 0.541
Perturbation Size:15
Accuracy: 0.527
Perturbation Size:16
Accuracy: 0.528
Perturbation Size:17
Accuracy: 0.527
Perturbation Size:18
Accuracy: 0.524
Perturbation Size:19
Accuracy: 0.519
Perturbation Size:20
Accuracy: 0.514
Beta:0.6 Ptb size:0 Accuracy:0.7457999999999999+-0.009325234581499822
Beta:0.6 Ptb size:1 Accuracy:0.7378+-0.015184202316881858
Beta:0.6 Ptb size:2 Accuracy:0.7129999999999999+-0.019390719429665304
Beta:0.6 Ptb size:3 Accuracy:0.7081999999999999+-0.019752468200202204
Beta:0.6 Ptb size:4 Accuracy:0.6858+-0.021720036832381263
Beta:0.6 Ptb size:5 Accuracy:0.659+-0.023757104200638583
Beta:0.6 Ptb size:6 Accuracy:0.6324+-0.024896586111352717
Beta:0.6 Ptb size:7 Accuracy:0.6054+-0.025016794358990145
Beta:0.6 Ptb size:8 Accuracy:0.596+-0.02173476477903543
Beta:0.6 Ptb size:9 Accuracy:0.5858+-0.02100856968001389
Beta:0.6 Ptb size:10 Accuracy:0.5711999999999999+-0.022067170185594686
Beta:0.6 Ptb size:11 Accuracy:0.5512+-0.02447365930955156
Beta:0.6 Ptb size:12 Accuracy:0.5456+-0.026066069899392193
Beta:0.6 Ptb size:13 Accuracy:0.5406000000000001+-0.025679563859224704
Beta:0.6 Ptb size:14 Accuracy:0.534+-0.03335865704730932
Beta:0.6 Ptb size:15 Accuracy:0.5206+-0.03539830504416841
Beta:0.6 Ptb size:16 Accuracy:0.5178+-0.03789142383178546
Beta:0.6 Ptb size:17 Accuracy:0.5158+-0.037637215624963534
Beta:0.6 Ptb size:18 Accuracy:0.5094+-0.03985774705123207
Beta:0.6 Ptb size:19 Accuracy:0.5074000000000001+-0.042678331738717226
Beta:0.6 Ptb size:20 Accuracy:0.501+-0.04397271881519266
beta 0.7
seed 265
=== training gcn model ===
Epoch 0, training loss: 10.581439971923828
Epoch 10, training loss: 10.092025756835938
Epoch 20, training loss: 8.956442832946777
Epoch 30, training loss: 8.60106372833252
Epoch 40, training loss: 8.353939056396484
Epoch 50, training loss: 8.123604774475098
Epoch 60, training loss: 7.970824718475342
Epoch 70, training loss: 7.84607458114624
Epoch 80, training loss: 7.780163764953613
Epoch 90, training loss: 7.626623153686523
Epoch 100, training loss: 7.66483736038208
Epoch 110, training loss: 7.471903324127197
Epoch 120, training loss: 7.354468822479248
Epoch 130, training loss: 7.321434497833252
Epoch 140, training loss: 7.281635284423828
Epoch 150, training loss: 7.226963043212891
Epoch 160, training loss: 7.13852596282959
Epoch 170, training loss: 7.011053562164307
Epoch 180, training loss: 7.018521785736084
Epoch 190, training loss: 6.955438137054443
Epoch 200, training loss: 6.864802837371826
Epoch 210, training loss: 6.847485542297363
Epoch 220, training loss: 6.845567226409912
Epoch 230, training loss: 6.866592884063721
Epoch 240, training loss: 6.843753337860107
Epoch 250, training loss: 6.7945380210876465
Epoch 260, training loss: 6.841858386993408
Epoch 270, training loss: 6.756807327270508
Epoch 280, training loss: 6.784754276275635
Epoch 290, training loss: 6.74328088760376
Epoch 300, training loss: 6.6666107177734375
Epoch 310, training loss: 6.719715118408203
Epoch 320, training loss: 6.621153354644775
Epoch 330, training loss: 6.6294989585876465
Epoch 340, training loss: 6.631405353546143
Epoch 350, training loss: 6.640504360198975
Epoch 360, training loss: 6.659201145172119
Epoch 370, training loss: 6.578940391540527
Epoch 380, training loss: 6.517258167266846
Epoch 390, training loss: 6.489154815673828
Epoch 400, training loss: 6.505690097808838
Epoch 410, training loss: 6.4274444580078125
Epoch 420, training loss: 6.456820964813232
Epoch 430, training loss: 6.481600284576416
Epoch 440, training loss: 6.4192633628845215
Epoch 450, training loss: 6.409512042999268
Epoch 460, training loss: 6.370865821838379
Epoch 470, training loss: 6.411955833435059
Epoch 480, training loss: 6.3647966384887695
Epoch 490, training loss: 6.397124290466309
random
Perturbation Size:0
Accuracy: 0.754
Perturbation Size:1
Accuracy: 0.755
Perturbation Size:2
Accuracy: 0.724
Perturbation Size:3
Accuracy: 0.719
Perturbation Size:4
Accuracy: 0.695
Perturbation Size:5
Accuracy: 0.666
Perturbation Size:6
Accuracy: 0.64
Perturbation Size:7
Accuracy: 0.619
Perturbation Size:8
Accuracy: 0.606
Perturbation Size:9
Accuracy: 0.595
Perturbation Size:10
Accuracy: 0.575
Perturbation Size:11
Accuracy: 0.558
Perturbation Size:12
Accuracy: 0.558
Perturbation Size:13
Accuracy: 0.555
Perturbation Size:14
Accuracy: 0.549
Perturbation Size:15
Accuracy: 0.527
Perturbation Size:16
Accuracy: 0.526
Perturbation Size:17
Accuracy: 0.528
Perturbation Size:18
Accuracy: 0.523
Perturbation Size:19
Accuracy: 0.518
Perturbation Size:20
Accuracy: 0.513
seed 125
=== training gcn model ===
Epoch 0, training loss: 10.581524848937988
Epoch 10, training loss: 9.872016906738281
Epoch 20, training loss: 9.065309524536133
Epoch 30, training loss: 8.737472534179688
Epoch 40, training loss: 8.440513610839844
Epoch 50, training loss: 8.165056228637695
Epoch 60, training loss: 7.962000846862793
Epoch 70, training loss: 7.888726234436035
Epoch 80, training loss: 7.766335964202881
Epoch 90, training loss: 7.61447286605835
Epoch 100, training loss: 7.503299236297607
Epoch 110, training loss: 7.348634243011475
Epoch 120, training loss: 7.239259719848633
Epoch 130, training loss: 7.1007609367370605
Epoch 140, training loss: 7.0621490478515625
Epoch 150, training loss: 7.037352085113525
Epoch 160, training loss: 7.046602725982666
Epoch 170, training loss: 6.86806583404541
Epoch 180, training loss: 6.846527099609375
Epoch 190, training loss: 6.8722991943359375
Epoch 200, training loss: 6.809254169464111
Epoch 210, training loss: 6.814638137817383
Epoch 220, training loss: 6.658168792724609
Epoch 230, training loss: 6.71641731262207
Epoch 240, training loss: 6.696805000305176
Epoch 250, training loss: 6.642077922821045
Epoch 260, training loss: 6.59075403213501
Epoch 270, training loss: 6.517665863037109
Epoch 280, training loss: 6.542962074279785
Epoch 290, training loss: 6.553969383239746
Epoch 300, training loss: 6.442183494567871
Epoch 310, training loss: 6.505116939544678
Epoch 320, training loss: 6.423426628112793
Epoch 330, training loss: 6.316716194152832
Epoch 340, training loss: 6.340881824493408
Epoch 350, training loss: 6.355957508087158
Epoch 360, training loss: 6.3275465965271
Epoch 370, training loss: 6.341978073120117
Epoch 380, training loss: 6.351583003997803
Epoch 390, training loss: 6.290820598602295
Epoch 400, training loss: 6.2782440185546875
Epoch 410, training loss: 6.346267223358154
Epoch 420, training loss: 6.313953399658203
Epoch 430, training loss: 6.197532653808594
Epoch 440, training loss: 6.202366828918457
Epoch 450, training loss: 6.166937828063965
Epoch 460, training loss: 6.21461820602417
Epoch 470, training loss: 6.140725135803223
Epoch 480, training loss: 6.229389667510986
Epoch 490, training loss: 6.158926963806152
random
Perturbation Size:0
Accuracy: 0.742
Perturbation Size:1
Accuracy: 0.728
Perturbation Size:2
Accuracy: 0.716
Perturbation Size:3
Accuracy: 0.701
Perturbation Size:4
Accuracy: 0.675
Perturbation Size:5
Accuracy: 0.646
Perturbation Size:6
Accuracy: 0.612
Perturbation Size:7
Accuracy: 0.569
Perturbation Size:8
Accuracy: 0.562
Perturbation Size:9
Accuracy: 0.548
Perturbation Size:10
Accuracy: 0.529
Perturbation Size:11
Accuracy: 0.505
Perturbation Size:12
Accuracy: 0.497
Perturbation Size:13
Accuracy: 0.496
Perturbation Size:14
Accuracy: 0.476
Perturbation Size:15
Accuracy: 0.467
Perturbation Size:16
Accuracy: 0.461
Perturbation Size:17
Accuracy: 0.458
Perturbation Size:18
Accuracy: 0.45
Perturbation Size:19
Accuracy: 0.455
Perturbation Size:20
Accuracy: 0.444
seed 996
=== training gcn model ===
Epoch 0, training loss: 10.581339836120605
Epoch 10, training loss: 10.010570526123047
Epoch 20, training loss: 8.908675193786621
Epoch 30, training loss: 8.62055778503418
Epoch 40, training loss: 8.257425308227539
Epoch 50, training loss: 8.003064155578613
Epoch 60, training loss: 7.665071964263916
Epoch 70, training loss: 7.5093488693237305
Epoch 80, training loss: 7.415313720703125
Epoch 90, training loss: 7.307898044586182
Epoch 100, training loss: 7.212565898895264
Epoch 110, training loss: 7.086399078369141
Epoch 120, training loss: 7.112579822540283
Epoch 130, training loss: 6.951423645019531
Epoch 140, training loss: 6.90408182144165
Epoch 150, training loss: 6.909308433532715
Epoch 160, training loss: 6.814295768737793
Epoch 170, training loss: 6.812133312225342
Epoch 180, training loss: 6.71541166305542
Epoch 190, training loss: 6.720524311065674
Epoch 200, training loss: 6.643020153045654
Epoch 210, training loss: 6.6067962646484375
Epoch 220, training loss: 6.612493515014648
Epoch 230, training loss: 6.608094692230225
Epoch 240, training loss: 6.566787242889404
Epoch 250, training loss: 6.509451389312744
Epoch 260, training loss: 6.538828372955322
Epoch 270, training loss: 6.478216171264648
Epoch 280, training loss: 6.499120235443115
Epoch 290, training loss: 6.439061164855957
Epoch 300, training loss: 6.4164137840271
Epoch 310, training loss: 6.397894382476807
Epoch 320, training loss: 6.330443859100342
Epoch 330, training loss: 6.37531852722168
Epoch 340, training loss: 6.458889484405518
Epoch 350, training loss: 6.358548641204834
Epoch 360, training loss: 6.392113208770752
Epoch 370, training loss: 6.408250331878662
Epoch 380, training loss: 6.291839122772217
Epoch 390, training loss: 6.323205947875977
Epoch 400, training loss: 6.282393932342529
Epoch 410, training loss: 6.278340816497803
Epoch 420, training loss: 6.298529148101807
Epoch 430, training loss: 6.2868146896362305
Epoch 440, training loss: 6.257722854614258
Epoch 450, training loss: 6.2700042724609375
Epoch 460, training loss: 6.269556522369385
Epoch 470, training loss: 6.26807165145874
Epoch 480, training loss: 6.311591148376465
Epoch 490, training loss: 6.199615478515625
random
Perturbation Size:0
Accuracy: 0.734
Perturbation Size:1
Accuracy: 0.719
Perturbation Size:2
Accuracy: 0.687
Perturbation Size:3
Accuracy: 0.677
Perturbation Size:4
Accuracy: 0.651
Perturbation Size:5
Accuracy: 0.625
Perturbation Size:6
Accuracy: 0.609
Perturbation Size:7
Accuracy: 0.593
Perturbation Size:8
Accuracy: 0.589
Perturbation Size:9
Accuracy: 0.59
Perturbation Size:10
Accuracy: 0.585
Perturbation Size:11
Accuracy: 0.582
Perturbation Size:12
Accuracy: 0.58
Perturbation Size:13
Accuracy: 0.575
Perturbation Size:14
Accuracy: 0.575
Perturbation Size:15
Accuracy: 0.577
Perturbation Size:16
Accuracy: 0.573
Perturbation Size:17
Accuracy: 0.57
Perturbation Size:18
Accuracy: 0.57
Perturbation Size:19
Accuracy: 0.572
Perturbation Size:20
Accuracy: 0.566
seed 527
=== training gcn model ===
Epoch 0, training loss: 10.581482887268066
Epoch 10, training loss: 10.08786678314209
Epoch 20, training loss: 8.917415618896484
Epoch 30, training loss: 8.643400192260742
Epoch 40, training loss: 8.194328308105469
Epoch 50, training loss: 7.91172981262207
Epoch 60, training loss: 7.686910629272461
Epoch 70, training loss: 7.534111022949219
Epoch 80, training loss: 7.465377330780029
Epoch 90, training loss: 7.3663859367370605
Epoch 100, training loss: 7.349466800689697
Epoch 110, training loss: 7.316414833068848
Epoch 120, training loss: 7.265153408050537
Epoch 130, training loss: 7.207528591156006
Epoch 140, training loss: 7.211986541748047
Epoch 150, training loss: 7.137691974639893
Epoch 160, training loss: 7.0939812660217285
Epoch 170, training loss: 7.023732662200928
Epoch 180, training loss: 7.060208320617676
Epoch 190, training loss: 6.954136848449707
Epoch 200, training loss: 6.988828182220459
Epoch 210, training loss: 6.918984889984131
Epoch 220, training loss: 6.915827751159668
Epoch 230, training loss: 6.8129563331604
Epoch 240, training loss: 6.779704570770264
Epoch 250, training loss: 6.806612014770508
Epoch 260, training loss: 6.708125591278076
Epoch 270, training loss: 6.739373207092285
Epoch 280, training loss: 6.6344194412231445
Epoch 290, training loss: 6.666234970092773
Epoch 300, training loss: 6.631042003631592
Epoch 310, training loss: 6.533096790313721
Epoch 320, training loss: 6.567318439483643
Epoch 330, training loss: 6.495372772216797
Epoch 340, training loss: 6.479414463043213
Epoch 350, training loss: 6.538435935974121
Epoch 360, training loss: 6.508957862854004
Epoch 370, training loss: 6.41625452041626
Epoch 380, training loss: 6.50720739364624
Epoch 390, training loss: 6.421667575836182
Epoch 400, training loss: 6.516091823577881
Epoch 410, training loss: 6.364842891693115
Epoch 420, training loss: 6.396398544311523
Epoch 430, training loss: 6.279104709625244
Epoch 440, training loss: 6.326211452484131
Epoch 450, training loss: 6.294891357421875
Epoch 460, training loss: 6.319809913635254
Epoch 470, training loss: 6.395130634307861
Epoch 480, training loss: 6.31168794631958
Epoch 490, training loss: 6.276071071624756
random
Perturbation Size:0
Accuracy: 0.758
Perturbation Size:1
Accuracy: 0.757
Perturbation Size:2
Accuracy: 0.744
Perturbation Size:3
Accuracy: 0.736
Perturbation Size:4
Accuracy: 0.715
Perturbation Size:5
Accuracy: 0.697
Perturbation Size:6
Accuracy: 0.68
Perturbation Size:7
Accuracy: 0.643
Perturbation Size:8
Accuracy: 0.613
Perturbation Size:9
Accuracy: 0.592
Perturbation Size:10
Accuracy: 0.571
Perturbation Size:11
Accuracy: 0.562
Perturbation Size:12
Accuracy: 0.549
Perturbation Size:13
Accuracy: 0.535
Perturbation Size:14
Accuracy: 0.521
Perturbation Size:15
Accuracy: 0.515
Perturbation Size:16
Accuracy: 0.498
Perturbation Size:17
Accuracy: 0.494
Perturbation Size:18
Accuracy: 0.484
Perturbation Size:19
Accuracy: 0.472
Perturbation Size:20
Accuracy: 0.457
seed 320
=== training gcn model ===
Epoch 0, training loss: 10.581546783447266
Epoch 10, training loss: 10.09753131866455
Epoch 20, training loss: 9.017651557922363
Epoch 30, training loss: 8.60630989074707
Epoch 40, training loss: 8.226472854614258
Epoch 50, training loss: 7.815000534057617
Epoch 60, training loss: 7.541888236999512
Epoch 70, training loss: 7.364950180053711
Epoch 80, training loss: 7.40977668762207
Epoch 90, training loss: 7.162578582763672
Epoch 100, training loss: 7.1060333251953125
Epoch 110, training loss: 7.152311325073242
Epoch 120, training loss: 7.059487342834473
Epoch 130, training loss: 6.9807209968566895
Epoch 140, training loss: 6.915092468261719
Epoch 150, training loss: 6.907473564147949
Epoch 160, training loss: 6.823489189147949
Epoch 170, training loss: 6.727222442626953
Epoch 180, training loss: 6.754024028778076
Epoch 190, training loss: 6.761826038360596
Epoch 200, training loss: 6.698877334594727
Epoch 210, training loss: 6.576920986175537
Epoch 220, training loss: 6.612205982208252
Epoch 230, training loss: 6.494540691375732
Epoch 240, training loss: 6.587566375732422
Epoch 250, training loss: 6.580611228942871
Epoch 260, training loss: 6.601876258850098
Epoch 270, training loss: 6.529073238372803
Epoch 280, training loss: 6.606629371643066
Epoch 290, training loss: 6.568271636962891
Epoch 300, training loss: 6.615624904632568
Epoch 310, training loss: 6.567164897918701
Epoch 320, training loss: 6.511589527130127
Epoch 330, training loss: 6.556024074554443
Epoch 340, training loss: 6.514491081237793
Epoch 350, training loss: 6.478257179260254
Epoch 360, training loss: 6.487727642059326
Epoch 370, training loss: 6.463455677032471
Epoch 380, training loss: 6.502377986907959
Epoch 390, training loss: 6.455634117126465
Epoch 400, training loss: 6.464369773864746
Epoch 410, training loss: 6.440081596374512
Epoch 420, training loss: 6.427560806274414
Epoch 430, training loss: 6.436920642852783
Epoch 440, training loss: 6.460434436798096
Epoch 450, training loss: 6.42604923248291
Epoch 460, training loss: 6.411532878875732
Epoch 470, training loss: 6.39614200592041
Epoch 480, training loss: 6.384405612945557
Epoch 490, training loss: 6.357019901275635
random
Perturbation Size:0
Accuracy: 0.739
Perturbation Size:1
Accuracy: 0.733
Perturbation Size:2
Accuracy: 0.701
Perturbation Size:3
Accuracy: 0.695
Perturbation Size:4
Accuracy: 0.679
Perturbation Size:5
Accuracy: 0.677
Perturbation Size:6
Accuracy: 0.642
Perturbation Size:7
Accuracy: 0.622
Perturbation Size:8
Accuracy: 0.609
Perturbation Size:9
Accuracy: 0.6
Perturbation Size:10
Accuracy: 0.582
Perturbation Size:11
Accuracy: 0.563
Perturbation Size:12
Accuracy: 0.548
Perturbation Size:13
Accuracy: 0.546
Perturbation Size:14
Accuracy: 0.549
Perturbation Size:15
Accuracy: 0.531
Perturbation Size:16
Accuracy: 0.534
Perturbation Size:17
Accuracy: 0.529
Perturbation Size:18
Accuracy: 0.521
Perturbation Size:19
Accuracy: 0.519
Perturbation Size:20
Accuracy: 0.514
Beta:0.7 Ptb size:0 Accuracy:0.7454+-0.009112628599915622
Beta:0.7 Ptb size:1 Accuracy:0.7384000000000001+-0.015067846561469903
Beta:0.7 Ptb size:2 Accuracy:0.7143999999999999+-0.019499743588057752
Beta:0.7 Ptb size:3 Accuracy:0.7056+-0.020274121435958685
Beta:0.7 Ptb size:4 Accuracy:0.683+-0.021316660151158736
Beta:0.7 Ptb size:5 Accuracy:0.6622+-0.024862823652996448
Beta:0.7 Ptb size:6 Accuracy:0.6365999999999999+-0.025656188337319343
Beta:0.7 Ptb size:7 Accuracy:0.6092+-0.025615620234536604
Beta:0.7 Ptb size:8 Accuracy:0.5958+-0.018776581158453716
Beta:0.7 Ptb size:9 Accuracy:0.5850000000000001+-0.018804254837669024
Beta:0.7 Ptb size:10 Accuracy:0.5683999999999999+-0.02031354228095137
Beta:0.7 Ptb size:11 Accuracy:0.5539999999999999+-0.02586890024720803
Beta:0.7 Ptb size:12 Accuracy:0.5464+-0.02725142198124714
Beta:0.7 Ptb size:13 Accuracy:0.5414+-0.026219077024182216
Beta:0.7 Ptb size:14 Accuracy:0.534+-0.03365709434874021
Beta:0.7 Ptb size:15 Accuracy:0.5234+-0.035199999999999974
Beta:0.7 Ptb size:16 Accuracy:0.5184+-0.037398395687515774
Beta:0.7 Ptb size:17 Accuracy:0.5157999999999999+-0.03762127057928797
Beta:0.7 Ptb size:18 Accuracy:0.5096+-0.040410889621486916
Beta:0.7 Ptb size:19 Accuracy:0.5072+-0.04103364473209757
Beta:0.7 Ptb size:20 Accuracy:0.4988+-0.04404270654716849
beta 0.8
seed 265
=== training gcn model ===
Epoch 0, training loss: 10.581439971923828
Epoch 10, training loss: 10.092034339904785
Epoch 20, training loss: 8.956422805786133
Epoch 30, training loss: 8.601030349731445
Epoch 40, training loss: 8.353904724121094
Epoch 50, training loss: 8.123756408691406
Epoch 60, training loss: 7.970722675323486
Epoch 70, training loss: 7.84614896774292
Epoch 80, training loss: 7.780318260192871
Epoch 90, training loss: 7.626843452453613
Epoch 100, training loss: 7.665130615234375
Epoch 110, training loss: 7.471685409545898
Epoch 120, training loss: 7.354116439819336
Epoch 130, training loss: 7.320919990539551
Epoch 140, training loss: 7.280641555786133
Epoch 150, training loss: 7.226352214813232
Epoch 160, training loss: 7.138640880584717
Epoch 170, training loss: 7.010788917541504
Epoch 180, training loss: 7.017316818237305
Epoch 190, training loss: 6.954629898071289
Epoch 200, training loss: 6.864504814147949
Epoch 210, training loss: 6.8470940589904785
Epoch 220, training loss: 6.845040321350098
Epoch 230, training loss: 6.866466999053955
Epoch 240, training loss: 6.843714237213135
Epoch 250, training loss: 6.794034004211426
Epoch 260, training loss: 6.8417768478393555
Epoch 270, training loss: 6.756343841552734
Epoch 280, training loss: 6.784145832061768
Epoch 290, training loss: 6.742615222930908
Epoch 300, training loss: 6.6661906242370605
Epoch 310, training loss: 6.719550609588623
Epoch 320, training loss: 6.6204609870910645
Epoch 330, training loss: 6.629064083099365
Epoch 340, training loss: 6.630778789520264
Epoch 350, training loss: 6.640089511871338
Epoch 360, training loss: 6.658869743347168
Epoch 370, training loss: 6.578507900238037
Epoch 380, training loss: 6.516933917999268
Epoch 390, training loss: 6.488863945007324
Epoch 400, training loss: 6.505489826202393
Epoch 410, training loss: 6.427243709564209
Epoch 420, training loss: 6.45626974105835
Epoch 430, training loss: 6.481437683105469
Epoch 440, training loss: 6.419032096862793
Epoch 450, training loss: 6.409427642822266
Epoch 460, training loss: 6.37022590637207
Epoch 470, training loss: 6.411668300628662
Epoch 480, training loss: 6.364377021789551
Epoch 490, training loss: 6.396143436431885
random
Perturbation Size:0
Accuracy: 0.754
Perturbation Size:1
Accuracy: 0.756
Perturbation Size:2
Accuracy: 0.72
Perturbation Size:3
Accuracy: 0.718
Perturbation Size:4
Accuracy: 0.698
Perturbation Size:5
Accuracy: 0.671
Perturbation Size:6
Accuracy: 0.644
Perturbation Size:7
Accuracy: 0.622
Perturbation Size:8
Accuracy: 0.608
Perturbation Size:9
Accuracy: 0.599
Perturbation Size:10
Accuracy: 0.576
Perturbation Size:11
Accuracy: 0.559
Perturbation Size:12
Accuracy: 0.559
Perturbation Size:13
Accuracy: 0.558
Perturbation Size:14
Accuracy: 0.555
Perturbation Size:15
Accuracy: 0.531
Perturbation Size:16
Accuracy: 0.537
Perturbation Size:17
Accuracy: 0.531
Perturbation Size:18
Accuracy: 0.523
Perturbation Size:19
Accuracy: 0.52
Perturbation Size:20
Accuracy: 0.514
seed 125
=== training gcn model ===
Epoch 0, training loss: 10.581524848937988
Epoch 10, training loss: 9.872015953063965
Epoch 20, training loss: 9.065306663513184
Epoch 30, training loss: 8.737390518188477
Epoch 40, training loss: 8.440459251403809
Epoch 50, training loss: 8.165094375610352
Epoch 60, training loss: 7.962069511413574
Epoch 70, training loss: 7.888671875
Epoch 80, training loss: 7.766092777252197
Epoch 90, training loss: 7.613897800445557
Epoch 100, training loss: 7.502714157104492
Epoch 110, training loss: 7.34806489944458
Epoch 120, training loss: 7.238882541656494
Epoch 130, training loss: 7.100671291351318
Epoch 140, training loss: 7.061976909637451
Epoch 150, training loss: 7.037181854248047
Epoch 160, training loss: 7.046469211578369
Epoch 170, training loss: 6.868198394775391
Epoch 180, training loss: 6.8465166091918945
Epoch 190, training loss: 6.872714042663574
Epoch 200, training loss: 6.8097968101501465
Epoch 210, training loss: 6.814801216125488
Epoch 220, training loss: 6.658276557922363
Epoch 230, training loss: 6.716380596160889
Epoch 240, training loss: 6.696735382080078
Epoch 250, training loss: 6.642139434814453
Epoch 260, training loss: 6.590982437133789
Epoch 270, training loss: 6.518044471740723
Epoch 280, training loss: 6.543031692504883
Epoch 290, training loss: 6.5539398193359375
Epoch 300, training loss: 6.442210674285889
Epoch 310, training loss: 6.505325794219971
Epoch 320, training loss: 6.4233012199401855
Epoch 330, training loss: 6.3163909912109375
Epoch 340, training loss: 6.341029644012451
Epoch 350, training loss: 6.355587005615234
Epoch 360, training loss: 6.327657222747803
Epoch 370, training loss: 6.342052459716797
Epoch 380, training loss: 6.351460933685303
Epoch 390, training loss: 6.290428638458252
Epoch 400, training loss: 6.278102874755859
Epoch 410, training loss: 6.346044063568115
Epoch 420, training loss: 6.313809871673584
Epoch 430, training loss: 6.197253227233887
Epoch 440, training loss: 6.201752185821533
Epoch 450, training loss: 6.167211532592773
Epoch 460, training loss: 6.2148613929748535
Epoch 470, training loss: 6.141082286834717
Epoch 480, training loss: 6.229524612426758
Epoch 490, training loss: 6.158573627471924
random
Perturbation Size:0
Accuracy: 0.742
Perturbation Size:1
Accuracy: 0.725
Perturbation Size:2
Accuracy: 0.716
Perturbation Size:3
Accuracy: 0.705
Perturbation Size:4
Accuracy: 0.676
Perturbation Size:5
Accuracy: 0.647
Perturbation Size:6
Accuracy: 0.613
Perturbation Size:7
Accuracy: 0.57
Perturbation Size:8
Accuracy: 0.565
Perturbation Size:9
Accuracy: 0.551
Perturbation Size:10
Accuracy: 0.532
Perturbation Size:11
Accuracy: 0.513
Perturbation Size:12
Accuracy: 0.503
Perturbation Size:13
Accuracy: 0.496
Perturbation Size:14
Accuracy: 0.493
Perturbation Size:15
Accuracy: 0.481
Perturbation Size:16
Accuracy: 0.465
Perturbation Size:17
Accuracy: 0.459
Perturbation Size:18
Accuracy: 0.451
Perturbation Size:19
Accuracy: 0.456
Perturbation Size:20
Accuracy: 0.445
seed 996
=== training gcn model ===
Epoch 0, training loss: 10.581339836120605
Epoch 10, training loss: 10.010573387145996
Epoch 20, training loss: 8.908685684204102
Epoch 30, training loss: 8.620570182800293
Epoch 40, training loss: 8.257532119750977
Epoch 50, training loss: 8.003519058227539
Epoch 60, training loss: 7.6652984619140625
Epoch 70, training loss: 7.509459972381592
Epoch 80, training loss: 7.41494083404541
Epoch 90, training loss: 7.307666301727295
Epoch 100, training loss: 7.212200164794922
Epoch 110, training loss: 7.086236000061035
Epoch 120, training loss: 7.114309787750244
Epoch 130, training loss: 6.9524102210998535
Epoch 140, training loss: 6.905157089233398
Epoch 150, training loss: 6.910101413726807
Epoch 160, training loss: 6.816455841064453
Epoch 170, training loss: 6.813596725463867
Epoch 180, training loss: 6.717660427093506
Epoch 190, training loss: 6.72363805770874
Epoch 200, training loss: 6.644940376281738
Epoch 210, training loss: 6.608276844024658
Epoch 220, training loss: 6.613974571228027
Epoch 230, training loss: 6.610018730163574
Epoch 240, training loss: 6.568814277648926
Epoch 250, training loss: 6.510350227355957
Epoch 260, training loss: 6.541524410247803
Epoch 270, training loss: 6.48049783706665
Epoch 280, training loss: 6.501476287841797
Epoch 290, training loss: 6.440865516662598
Epoch 300, training loss: 6.417755126953125
Epoch 310, training loss: 6.399096488952637
Epoch 320, training loss: 6.332317352294922
Epoch 330, training loss: 6.376609802246094
Epoch 340, training loss: 6.461132526397705
Epoch 350, training loss: 6.360599517822266
Epoch 360, training loss: 6.393988132476807
Epoch 370, training loss: 6.409808158874512
Epoch 380, training loss: 6.293601989746094
Epoch 390, training loss: 6.325040340423584
Epoch 400, training loss: 6.284090518951416
Epoch 410, training loss: 6.280754089355469
Epoch 420, training loss: 6.3002729415893555
Epoch 430, training loss: 6.288820266723633
Epoch 440, training loss: 6.260704517364502
Epoch 450, training loss: 6.27220344543457
Epoch 460, training loss: 6.271883010864258
Epoch 470, training loss: 6.270170211791992
Epoch 480, training loss: 6.313234806060791
Epoch 490, training loss: 6.202367305755615
random
Perturbation Size:0
Accuracy: 0.734
Perturbation Size:1
Accuracy: 0.717
Perturbation Size:2
Accuracy: 0.688
Perturbation Size:3
Accuracy: 0.675
Perturbation Size:4
Accuracy: 0.65
Perturbation Size:5
Accuracy: 0.626
Perturbation Size:6
Accuracy: 0.611
Perturbation Size:7
Accuracy: 0.591
Perturbation Size:8
Accuracy: 0.592
Perturbation Size:9
Accuracy: 0.59
Perturbation Size:10
Accuracy: 0.586
Perturbation Size:11
Accuracy: 0.583
Perturbation Size:12
Accuracy: 0.58
Perturbation Size:13
Accuracy: 0.575
Perturbation Size:14
Accuracy: 0.573
Perturbation Size:15
Accuracy: 0.574
Perturbation Size:16
Accuracy: 0.574
Perturbation Size:17
Accuracy: 0.569
Perturbation Size:18
Accuracy: 0.57
Perturbation Size:19
Accuracy: 0.572
Perturbation Size:20
Accuracy: 0.567
seed 527
=== training gcn model ===
Epoch 0, training loss: 10.581482887268066
Epoch 10, training loss: 10.08786678314209
Epoch 20, training loss: 8.91741943359375
Epoch 30, training loss: 8.64342975616455
Epoch 40, training loss: 8.194320678710938
Epoch 50, training loss: 7.911692142486572
Epoch 60, training loss: 7.6867852210998535
Epoch 70, training loss: 7.534037113189697
Epoch 80, training loss: 7.46522855758667
Epoch 90, training loss: 7.3663105964660645
Epoch 100, training loss: 7.349206924438477
Epoch 110, training loss: 7.316238880157471
Epoch 120, training loss: 7.265304088592529
Epoch 130, training loss: 7.207634925842285
Epoch 140, training loss: 7.212221145629883
Epoch 150, training loss: 7.1381120681762695
Epoch 160, training loss: 7.094574451446533
Epoch 170, training loss: 7.024473190307617
Epoch 180, training loss: 7.060804843902588
Epoch 190, training loss: 6.954674243927002
Epoch 200, training loss: 6.989613056182861
Epoch 210, training loss: 6.919666290283203
Epoch 220, training loss: 6.916962623596191
Epoch 230, training loss: 6.813730716705322
Epoch 240, training loss: 6.780311107635498
Epoch 250, training loss: 6.806962490081787
Epoch 260, training loss: 6.708661079406738
Epoch 270, training loss: 6.740230560302734
Epoch 280, training loss: 6.6348700523376465
Epoch 290, training loss: 6.666580677032471
Epoch 300, training loss: 6.631209850311279
Epoch 310, training loss: 6.533679008483887
Epoch 320, training loss: 6.56773567199707
Epoch 330, training loss: 6.495855331420898
Epoch 340, training loss: 6.479623317718506
Epoch 350, training loss: 6.5386176109313965
Epoch 360, training loss: 6.5090179443359375
Epoch 370, training loss: 6.416567802429199
Epoch 380, training loss: 6.50745153427124
Epoch 390, training loss: 6.421996116638184
Epoch 400, training loss: 6.515741348266602
Epoch 410, training loss: 6.364957809448242
Epoch 420, training loss: 6.396486759185791
Epoch 430, training loss: 6.279177665710449
Epoch 440, training loss: 6.32609224319458
Epoch 450, training loss: 6.295125484466553
Epoch 460, training loss: 6.319614887237549
Epoch 470, training loss: 6.395416259765625
Epoch 480, training loss: 6.311638832092285
Epoch 490, training loss: 6.275951862335205
random
Perturbation Size:0
Accuracy: 0.76
Perturbation Size:1
Accuracy: 0.764
Perturbation Size:2
Accuracy: 0.743
Perturbation Size:3
Accuracy: 0.735
Perturbation Size:4
Accuracy: 0.714
Perturbation Size:5
Accuracy: 0.699
Perturbation Size:6
Accuracy: 0.678
Perturbation Size:7
Accuracy: 0.643
Perturbation Size:8
Accuracy: 0.609
Perturbation Size:9
Accuracy: 0.592
Perturbation Size:10
Accuracy: 0.572
Perturbation Size:11
Accuracy: 0.552
Perturbation Size:12
Accuracy: 0.539
Perturbation Size:13
Accuracy: 0.528
Perturbation Size:14
Accuracy: 0.522
Perturbation Size:15
Accuracy: 0.507
Perturbation Size:16
Accuracy: 0.497
Perturbation Size:17
Accuracy: 0.488
Perturbation Size:18
Accuracy: 0.478
Perturbation Size:19
Accuracy: 0.466
Perturbation Size:20
Accuracy: 0.458
seed 320
=== training gcn model ===
Epoch 0, training loss: 10.58154582977295
Epoch 10, training loss: 10.097530364990234
Epoch 20, training loss: 9.017658233642578
Epoch 30, training loss: 8.606334686279297
Epoch 40, training loss: 8.226424217224121
Epoch 50, training loss: 7.814966201782227
Epoch 60, training loss: 7.541792392730713
Epoch 70, training loss: 7.365255832672119
Epoch 80, training loss: 7.410012722015381
Epoch 90, training loss: 7.162761211395264
Epoch 100, training loss: 7.106381893157959
Epoch 110, training loss: 7.1526570320129395
Epoch 120, training loss: 7.059246063232422
Epoch 130, training loss: 6.980391979217529
Epoch 140, training loss: 6.9146881103515625
Epoch 150, training loss: 6.907021999359131
Epoch 160, training loss: 6.822936058044434
Epoch 170, training loss: 6.726887226104736
Epoch 180, training loss: 6.753632545471191
Epoch 190, training loss: 6.761316299438477
Epoch 200, training loss: 6.698626518249512
Epoch 210, training loss: 6.576819896697998
Epoch 220, training loss: 6.612119197845459
Epoch 230, training loss: 6.494479656219482
Epoch 240, training loss: 6.587514400482178
Epoch 250, training loss: 6.580631732940674
Epoch 260, training loss: 6.601872444152832
Epoch 270, training loss: 6.529170989990234
Epoch 280, training loss: 6.6065144538879395
Epoch 290, training loss: 6.568158149719238
Epoch 300, training loss: 6.615614891052246
Epoch 310, training loss: 6.567235946655273
Epoch 320, training loss: 6.511595249176025
Epoch 330, training loss: 6.5561442375183105
Epoch 340, training loss: 6.5146894454956055
Epoch 350, training loss: 6.478332996368408
Epoch 360, training loss: 6.487898349761963
Epoch 370, training loss: 6.463738441467285
Epoch 380, training loss: 6.502875328063965
Epoch 390, training loss: 6.455821990966797
Epoch 400, training loss: 6.464686393737793
Epoch 410, training loss: 6.4404778480529785
Epoch 420, training loss: 6.428196430206299
Epoch 430, training loss: 6.437431812286377
Epoch 440, training loss: 6.461316108703613
Epoch 450, training loss: 6.426950931549072
Epoch 460, training loss: 6.412242889404297
Epoch 470, training loss: 6.397342681884766
Epoch 480, training loss: 6.385811805725098
Epoch 490, training loss: 6.358371734619141
random
Perturbation Size:0
Accuracy: 0.739
Perturbation Size:1
Accuracy: 0.732
Perturbation Size:2
Accuracy: 0.7
Perturbation Size:3
Accuracy: 0.695
Perturbation Size:4
Accuracy: 0.68
Perturbation Size:5
Accuracy: 0.677
Perturbation Size:6
Accuracy: 0.657
Perturbation Size:7
Accuracy: 0.621
Perturbation Size:8
Accuracy: 0.609
Perturbation Size:9
Accuracy: 0.601
Perturbation Size:10
Accuracy: 0.583
Perturbation Size:11
Accuracy: 0.564
Perturbation Size:12
Accuracy: 0.559
Perturbation Size:13
Accuracy: 0.548
Perturbation Size:14
Accuracy: 0.549
Perturbation Size:15
Accuracy: 0.527
Perturbation Size:16
Accuracy: 0.529
Perturbation Size:17
Accuracy: 0.529
Perturbation Size:18
Accuracy: 0.523
Perturbation Size:19
Accuracy: 0.519
Perturbation Size:20
Accuracy: 0.514
Beta:0.8 Ptb size:0 Accuracy:0.7458+-0.009682974749528171
Beta:0.8 Ptb size:1 Accuracy:0.7388+-0.018126224096595533
Beta:0.8 Ptb size:2 Accuracy:0.7133999999999998+-0.018714700104463352
Beta:0.8 Ptb size:3 Accuracy:0.7055999999999999+-0.02033322404342212
Beta:0.8 Ptb size:4 Accuracy:0.6836+-0.02159259132202522
Beta:0.8 Ptb size:5 Accuracy:0.6639999999999999+-0.025203174403237376
Beta:0.8 Ptb size:6 Accuracy:0.6406000000000001+-0.025757329054077037
Beta:0.8 Ptb size:7 Accuracy:0.6094+-0.0257417948092203
Beta:0.8 Ptb size:8 Accuracy:0.5966+-0.017071613866298657
Beta:0.8 Ptb size:9 Accuracy:0.5866+-0.01827128895288997
Beta:0.8 Ptb size:10 Accuracy:0.5698000000000001+-0.019538679586911675
Beta:0.8 Ptb size:11 Accuracy:0.5542+-0.02302520358216186
Beta:0.8 Ptb size:12 Accuracy:0.548+-0.025969212541007085
Beta:0.8 Ptb size:13 Accuracy:0.541+-0.027158792314828727
Beta:0.8 Ptb size:14 Accuracy:0.5384+-0.027982851891828323
Beta:0.8 Ptb size:15 Accuracy:0.524+-0.030646370095004715
Beta:0.8 Ptb size:16 Accuracy:0.5204+-0.03698432100228418
Beta:0.8 Ptb size:17 Accuracy:0.5151999999999999+-0.0380336692944554
Beta:0.8 Ptb size:18 Accuracy:0.5090000000000001+-0.04108040895609486
Beta:0.8 Ptb size:19 Accuracy:0.5066+-0.04199809519490138
Beta:0.8 Ptb size:20 Accuracy:0.49960000000000004+-0.04397544769527649
beta 0.9
seed 265
=== training gcn model ===
Epoch 0, training loss: 10.581439971923828
Epoch 10, training loss: 10.092040061950684
Epoch 20, training loss: 8.95644760131836
Epoch 30, training loss: 8.601021766662598
Epoch 40, training loss: 8.353902816772461
Epoch 50, training loss: 8.12359619140625
Epoch 60, training loss: 7.9707560539245605
Epoch 70, training loss: 7.846212863922119
Epoch 80, training loss: 7.780362606048584
Epoch 90, training loss: 7.627104759216309
Epoch 100, training loss: 7.664854049682617
Epoch 110, training loss: 7.471412658691406
Epoch 120, training loss: 7.353835105895996
Epoch 130, training loss: 7.320167064666748
Epoch 140, training loss: 7.277554035186768
Epoch 150, training loss: 7.2221999168396
Epoch 160, training loss: 7.135234832763672
Epoch 170, training loss: 7.00863790512085
Epoch 180, training loss: 7.016975402832031
Epoch 190, training loss: 6.9537835121154785
Epoch 200, training loss: 6.863775730133057
Epoch 210, training loss: 6.847305774688721
Epoch 220, training loss: 6.84572172164917
Epoch 230, training loss: 6.866252899169922
Epoch 240, training loss: 6.8440070152282715
Epoch 250, training loss: 6.7942094802856445
Epoch 260, training loss: 6.841489791870117
Epoch 270, training loss: 6.756438255310059
Epoch 280, training loss: 6.784467697143555
Epoch 290, training loss: 6.743041515350342
Epoch 300, training loss: 6.6666107177734375
Epoch 310, training loss: 6.720224857330322
Epoch 320, training loss: 6.620818614959717
Epoch 330, training loss: 6.629296779632568
Epoch 340, training loss: 6.632007122039795
Epoch 350, training loss: 6.6409101486206055
Epoch 360, training loss: 6.6591362953186035
Epoch 370, training loss: 6.5787858963012695
Epoch 380, training loss: 6.51701021194458
Epoch 390, training loss: 6.4890522956848145
Epoch 400, training loss: 6.5053229331970215
Epoch 410, training loss: 6.427203178405762
Epoch 420, training loss: 6.456636428833008
Epoch 430, training loss: 6.481411457061768
Epoch 440, training loss: 6.417723178863525
Epoch 450, training loss: 6.409513473510742
Epoch 460, training loss: 6.370545864105225
Epoch 470, training loss: 6.411462306976318
Epoch 480, training loss: 6.363501071929932
Epoch 490, training loss: 6.396357536315918
random
Perturbation Size:0
Accuracy: 0.757
Perturbation Size:1
Accuracy: 0.756
Perturbation Size:2
Accuracy: 0.722
Perturbation Size:3
Accuracy: 0.716
Perturbation Size:4
Accuracy: 0.695
Perturbation Size:5
Accuracy: 0.667
Perturbation Size:6
Accuracy: 0.638
Perturbation Size:7
Accuracy: 0.622
Perturbation Size:8
Accuracy: 0.605
Perturbation Size:9
Accuracy: 0.597
Perturbation Size:10
Accuracy: 0.577
Perturbation Size:11
Accuracy: 0.56
Perturbation Size:12
Accuracy: 0.558
Perturbation Size:13
Accuracy: 0.556
Perturbation Size:14
Accuracy: 0.552
Perturbation Size:15
Accuracy: 0.532
Perturbation Size:16
Accuracy: 0.534
Perturbation Size:17
Accuracy: 0.535
Perturbation Size:18
Accuracy: 0.524
Perturbation Size:19
Accuracy: 0.524
Perturbation Size:20
Accuracy: 0.52
seed 125
=== training gcn model ===
Epoch 0, training loss: 10.581525802612305
Epoch 10, training loss: 9.872016906738281
Epoch 20, training loss: 9.065308570861816
Epoch 30, training loss: 8.7374849319458
Epoch 40, training loss: 8.44041633605957
Epoch 50, training loss: 8.165168762207031
Epoch 60, training loss: 7.961876392364502
Epoch 70, training loss: 7.888735771179199
Epoch 80, training loss: 7.766144275665283
Epoch 90, training loss: 7.613718509674072
Epoch 100, training loss: 7.502559185028076
Epoch 110, training loss: 7.347897052764893
Epoch 120, training loss: 7.238797664642334
Epoch 130, training loss: 7.100395679473877
Epoch 140, training loss: 7.061796188354492
Epoch 150, training loss: 7.03676700592041
Epoch 160, training loss: 7.046667575836182
Epoch 170, training loss: 6.86815881729126
Epoch 180, training loss: 6.846425533294678
Epoch 190, training loss: 6.872503757476807
Epoch 200, training loss: 6.809782028198242
Epoch 210, training loss: 6.814745903015137
Epoch 220, training loss: 6.658452987670898
Epoch 230, training loss: 6.716405868530273
Epoch 240, training loss: 6.696638107299805
Epoch 250, training loss: 6.642518997192383
Epoch 260, training loss: 6.590869426727295
Epoch 270, training loss: 6.517852306365967
Epoch 280, training loss: 6.543298721313477
Epoch 290, training loss: 6.554224967956543
Epoch 300, training loss: 6.442129611968994
Epoch 310, training loss: 6.505231857299805
Epoch 320, training loss: 6.423383712768555
Epoch 330, training loss: 6.316442966461182
Epoch 340, training loss: 6.340556621551514
Epoch 350, training loss: 6.35567045211792
Epoch 360, training loss: 6.327462196350098
Epoch 370, training loss: 6.341482162475586
Epoch 380, training loss: 6.351615905761719
Epoch 390, training loss: 6.290866374969482
Epoch 400, training loss: 6.278076171875
Epoch 410, training loss: 6.3461222648620605
Epoch 420, training loss: 6.313920021057129
Epoch 430, training loss: 6.1971659660339355
Epoch 440, training loss: 6.202097415924072
Epoch 450, training loss: 6.167024612426758
Epoch 460, training loss: 6.21436071395874
Epoch 470, training loss: 6.140899181365967
Epoch 480, training loss: 6.229437351226807
Epoch 490, training loss: 6.158286094665527
random
Perturbation Size:0
Accuracy: 0.743
Perturbation Size:1
Accuracy: 0.727
Perturbation Size:2
Accuracy: 0.717
Perturbation Size:3
Accuracy: 0.705
Perturbation Size:4
Accuracy: 0.676
Perturbation Size:5
Accuracy: 0.647
Perturbation Size:6
Accuracy: 0.611
Perturbation Size:7
Accuracy: 0.57
Perturbation Size:8
Accuracy: 0.564
Perturbation Size:9
Accuracy: 0.551
Perturbation Size:10
Accuracy: 0.53
Perturbation Size:11
Accuracy: 0.511
Perturbation Size:12
Accuracy: 0.5
Perturbation Size:13
Accuracy: 0.497
Perturbation Size:14
Accuracy: 0.493
Perturbation Size:15
Accuracy: 0.477
Perturbation Size:16
Accuracy: 0.46
Perturbation Size:17
Accuracy: 0.458
Perturbation Size:18
Accuracy: 0.451
Perturbation Size:19
Accuracy: 0.453
Perturbation Size:20
Accuracy: 0.443
seed 996
=== training gcn model ===
Epoch 0, training loss: 10.581339836120605
Epoch 10, training loss: 10.01056957244873
Epoch 20, training loss: 8.908687591552734
Epoch 30, training loss: 8.62057113647461
Epoch 40, training loss: 8.257481575012207
Epoch 50, training loss: 8.003458023071289
Epoch 60, training loss: 7.665170192718506
Epoch 70, training loss: 7.509255886077881
Epoch 80, training loss: 7.415104866027832
Epoch 90, training loss: 7.307958602905273
Epoch 100, training loss: 7.212526798248291
Epoch 110, training loss: 7.08648157119751
Epoch 120, training loss: 7.114414215087891
Epoch 130, training loss: 6.952395439147949
Epoch 140, training loss: 6.9054131507873535
Epoch 150, training loss: 6.910592079162598
Epoch 160, training loss: 6.816582679748535
Epoch 170, training loss: 6.813868522644043
Epoch 180, training loss: 6.717705726623535
Epoch 190, training loss: 6.723453521728516
Epoch 200, training loss: 6.644827842712402
Epoch 210, training loss: 6.608469009399414
Epoch 220, training loss: 6.614125728607178
Epoch 230, training loss: 6.610315322875977
Epoch 240, training loss: 6.568655967712402
Epoch 250, training loss: 6.510307312011719
Epoch 260, training loss: 6.541991233825684
Epoch 270, training loss: 6.480806827545166
Epoch 280, training loss: 6.5018463134765625
Epoch 290, training loss: 6.44083833694458
Epoch 300, training loss: 6.418015956878662
Epoch 310, training loss: 6.399547576904297
Epoch 320, training loss: 6.332333087921143
Epoch 330, training loss: 6.376908779144287
Epoch 340, training loss: 6.461147785186768
Epoch 350, training loss: 6.360537528991699
Epoch 360, training loss: 6.394197463989258
Epoch 370, training loss: 6.409998893737793
Epoch 380, training loss: 6.293543338775635
Epoch 390, training loss: 6.3250932693481445
Epoch 400, training loss: 6.284343242645264
Epoch 410, training loss: 6.28068733215332
Epoch 420, training loss: 6.300608158111572
Epoch 430, training loss: 6.289122581481934
Epoch 440, training loss: 6.260901927947998
Epoch 450, training loss: 6.272705554962158
Epoch 460, training loss: 6.2723917961120605
Epoch 470, training loss: 6.27024507522583
Epoch 480, training loss: 6.313652992248535
Epoch 490, training loss: 6.202837944030762
random
Perturbation Size:0
Accuracy: 0.732
Perturbation Size:1
Accuracy: 0.717
Perturbation Size:2
Accuracy: 0.688
Perturbation Size:3
Accuracy: 0.675
Perturbation Size:4
Accuracy: 0.651
Perturbation Size:5
Accuracy: 0.625
Perturbation Size:6
Accuracy: 0.611
Perturbation Size:7
Accuracy: 0.591
Perturbation Size:8
Accuracy: 0.593
Perturbation Size:9
Accuracy: 0.59
Perturbation Size:10
Accuracy: 0.584
Perturbation Size:11
Accuracy: 0.583
Perturbation Size:12
Accuracy: 0.581
Perturbation Size:13
Accuracy: 0.575
Perturbation Size:14
Accuracy: 0.573
Perturbation Size:15
Accuracy: 0.573
Perturbation Size:16
Accuracy: 0.574
Perturbation Size:17
Accuracy: 0.568
Perturbation Size:18
Accuracy: 0.57
Perturbation Size:19
Accuracy: 0.578
Perturbation Size:20
Accuracy: 0.567
seed 527
=== training gcn model ===
Epoch 0, training loss: 10.581482887268066
Epoch 10, training loss: 10.08786678314209
Epoch 20, training loss: 8.917425155639648
Epoch 30, training loss: 8.643437385559082
Epoch 40, training loss: 8.194360733032227
Epoch 50, training loss: 7.911722660064697
Epoch 60, training loss: 7.686825752258301
Epoch 70, training loss: 7.53411865234375
Epoch 80, training loss: 7.465190410614014
Epoch 90, training loss: 7.366279125213623
Epoch 100, training loss: 7.349205493927002
Epoch 110, training loss: 7.316226482391357
Epoch 120, training loss: 7.2653279304504395
Epoch 130, training loss: 7.2079758644104
Epoch 140, training loss: 7.212435722351074
Epoch 150, training loss: 7.138540744781494
Epoch 160, training loss: 7.095352649688721
Epoch 170, training loss: 7.025113105773926
Epoch 180, training loss: 7.0614399909973145
Epoch 190, training loss: 6.955254554748535
Epoch 200, training loss: 6.989896297454834
Epoch 210, training loss: 6.919971466064453
Epoch 220, training loss: 6.917006969451904
Epoch 230, training loss: 6.813780784606934
Epoch 240, training loss: 6.780375003814697
Epoch 250, training loss: 6.807319641113281
Epoch 260, training loss: 6.708693504333496
Epoch 270, training loss: 6.739964485168457
Epoch 280, training loss: 6.634820461273193
Epoch 290, training loss: 6.66685152053833
Epoch 300, training loss: 6.631052494049072
Epoch 310, training loss: 6.533803939819336
Epoch 320, training loss: 6.567930221557617
Epoch 330, training loss: 6.495715618133545
Epoch 340, training loss: 6.479698657989502
Epoch 350, training loss: 6.538675308227539
Epoch 360, training loss: 6.509028434753418
Epoch 370, training loss: 6.416494369506836
Epoch 380, training loss: 6.507378101348877
Epoch 390, training loss: 6.421835899353027
Epoch 400, training loss: 6.515417098999023
Epoch 410, training loss: 6.364931106567383
Epoch 420, training loss: 6.396310329437256
Epoch 430, training loss: 6.279182434082031
Epoch 440, training loss: 6.326064586639404
Epoch 450, training loss: 6.2954230308532715
Epoch 460, training loss: 6.319814682006836
Epoch 470, training loss: 6.39552116394043
Epoch 480, training loss: 6.31173038482666
Epoch 490, training loss: 6.2762770652771
random
Perturbation Size:0
Accuracy: 0.758
Perturbation Size:1
Accuracy: 0.754
Perturbation Size:2
Accuracy: 0.742
Perturbation Size:3
Accuracy: 0.741
Perturbation Size:4
Accuracy: 0.713
Perturbation Size:5
Accuracy: 0.696
Perturbation Size:6
Accuracy: 0.676
Perturbation Size:7
Accuracy: 0.635
Perturbation Size:8
Accuracy: 0.626
Perturbation Size:9
Accuracy: 0.592
Perturbation Size:10
Accuracy: 0.574
Perturbation Size:11
Accuracy: 0.553
Perturbation Size:12
Accuracy: 0.54
Perturbation Size:13
Accuracy: 0.531
Perturbation Size:14
Accuracy: 0.52
Perturbation Size:15
Accuracy: 0.508
Perturbation Size:16
Accuracy: 0.493
Perturbation Size:17
Accuracy: 0.488
Perturbation Size:18
Accuracy: 0.478
Perturbation Size:19
Accuracy: 0.466
Perturbation Size:20
Accuracy: 0.458
seed 320
=== training gcn model ===
Epoch 0, training loss: 10.581546783447266
Epoch 10, training loss: 10.097528457641602
Epoch 20, training loss: 9.017663955688477
Epoch 30, training loss: 8.606315612792969
Epoch 40, training loss: 8.226495742797852
Epoch 50, training loss: 7.8150787353515625
Epoch 60, training loss: 7.542020320892334
Epoch 70, training loss: 7.36513614654541
Epoch 80, training loss: 7.410183906555176
Epoch 90, training loss: 7.1628851890563965
Epoch 100, training loss: 7.1063923835754395
Epoch 110, training loss: 7.152351379394531
Epoch 120, training loss: 7.0596818923950195
Epoch 130, training loss: 6.980589389801025
Epoch 140, training loss: 6.914973735809326
Epoch 150, training loss: 6.907200336456299
Epoch 160, training loss: 6.823108673095703
Epoch 170, training loss: 6.727113723754883
Epoch 180, training loss: 6.75333309173584
Epoch 190, training loss: 6.761387825012207
Epoch 200, training loss: 6.698649883270264
Epoch 210, training loss: 6.576682090759277
Epoch 220, training loss: 6.611992359161377
Epoch 230, training loss: 6.494441032409668
Epoch 240, training loss: 6.587438106536865
Epoch 250, training loss: 6.580516815185547
Epoch 260, training loss: 6.601902961730957
Epoch 270, training loss: 6.529320240020752
Epoch 280, training loss: 6.606415271759033
Epoch 290, training loss: 6.568048000335693
Epoch 300, training loss: 6.615705490112305
Epoch 310, training loss: 6.567294597625732
Epoch 320, training loss: 6.511460781097412
Epoch 330, training loss: 6.556129455566406
Epoch 340, training loss: 6.514499187469482
Epoch 350, training loss: 6.478339672088623
Epoch 360, training loss: 6.487762451171875
Epoch 370, training loss: 6.463602066040039
Epoch 380, training loss: 6.502718448638916
Epoch 390, training loss: 6.455549716949463
Epoch 400, training loss: 6.464566707611084
Epoch 410, training loss: 6.4403204917907715
Epoch 420, training loss: 6.427984714508057
Epoch 430, training loss: 6.436901569366455
Epoch 440, training loss: 6.460938930511475
Epoch 450, training loss: 6.426594257354736
Epoch 460, training loss: 6.412053108215332
Epoch 470, training loss: 6.396667003631592
Epoch 480, training loss: 6.3852715492248535
Epoch 490, training loss: 6.357639789581299
random
Perturbation Size:0
Accuracy: 0.74
Perturbation Size:1
Accuracy: 0.732
Perturbation Size:2
Accuracy: 0.7
Perturbation Size:3
Accuracy: 0.696
Perturbation Size:4
Accuracy: 0.679
Perturbation Size:5
Accuracy: 0.663
Perturbation Size:6
Accuracy: 0.641
Perturbation Size:7
Accuracy: 0.622
Perturbation Size:8
Accuracy: 0.607
Perturbation Size:9
Accuracy: 0.598
Perturbation Size:10
Accuracy: 0.581
Perturbation Size:11
Accuracy: 0.564
Perturbation Size:12
Accuracy: 0.547
Perturbation Size:13
Accuracy: 0.548
Perturbation Size:14
Accuracy: 0.54
Perturbation Size:15
Accuracy: 0.525
Perturbation Size:16
Accuracy: 0.527
Perturbation Size:17
Accuracy: 0.527
Perturbation Size:18
Accuracy: 0.521
Perturbation Size:19
Accuracy: 0.515
Perturbation Size:20
Accuracy: 0.513
Beta:0.9 Ptb size:0 Accuracy:0.7460000000000001+-0.010059821071967442
Beta:0.9 Ptb size:1 Accuracy:0.7372+-0.015328405005087791
Beta:0.9 Ptb size:2 Accuracy:0.7138+-0.01859462287867115
Beta:0.9 Ptb size:3 Accuracy:0.7066000000000001+-0.021841245385737496
Beta:0.9 Ptb size:4 Accuracy:0.6828000000000001+-0.020653329029480912
Beta:0.9 Ptb size:5 Accuracy:0.6596+-0.023440136518373764
Beta:0.9 Ptb size:6 Accuracy:0.6354+-0.02398833049630593
Beta:0.9 Ptb size:7 Accuracy:0.608+-0.023891421054428746
Beta:0.9 Ptb size:8 Accuracy:0.599+-0.02044504830026089
Beta:0.9 Ptb size:9 Accuracy:0.5856+-0.017556765077883767
Beta:0.9 Ptb size:10 Accuracy:0.5691999999999999+-0.019893717601293104
Beta:0.9 Ptb size:11 Accuracy:0.5542+-0.02377730009904403
Beta:0.9 Ptb size:12 Accuracy:0.5452000000000001+-0.026528475267153965
Beta:0.9 Ptb size:13 Accuracy:0.5414+-0.026325652888390057
Beta:0.9 Ptb size:14 Accuracy:0.5356+-0.02736859514114672
Beta:0.9 Ptb size:15 Accuracy:0.5229999999999999+-0.03138789575616689
Beta:0.9 Ptb size:16 Accuracy:0.5176000000000001+-0.038629522388970834
Beta:0.9 Ptb size:17 Accuracy:0.5152+-0.03829046878793728
Beta:0.9 Ptb size:18 Accuracy:0.5087999999999999+-0.04102389547568586
Beta:0.9 Ptb size:19 Accuracy:0.5072000000000001+-0.04470078299090518
Beta:0.9 Ptb size:20 Accuracy:0.5002+-0.044879393935301735
