nohup: ignoring input
Namespace(add_edge_rate_1=0, add_edge_rate_2=0, attack='random', base_model='GCN', cl_activation='relu', cl_base_model='GCNConv', cl_lr=0.0005, cl_num_epochs=200, cl_num_layers=2, cl_num_proj_hidden=128, cl_weight_decay=1e-05, clf_weight=1, config='config.yaml', cont_batch_size=0, cont_weight=1, cuda=True, dataset='Pubmed', debug=True, device_id=3, drop_edge_rate_1=0.2, drop_edge_rate_2=0, drop_feat_rate_1=0.3, drop_feat_rate_2=0.2, dropout=0.5, encoder_model='Grace', hidden=128, if_smoothed=False, inv_weight=1, no_cuda=False, noisy_level=0.3, num_hidden=128, num_proj_hidden=128, prob=0.8, seed=10, select_target_ratio=0.1, tau=0.1, test_model='GCN', train_lr=0.01, weight_decay=0.0005)
Not implement Grace
=== training gcn model ===
Epoch 0, training loss: 10.581438064575195
Epoch 10, training loss: 10.098071098327637
Epoch 20, training loss: 9.065462112426758
Epoch 30, training loss: 8.669583320617676
Epoch 40, training loss: 8.360982894897461
Epoch 50, training loss: 8.144686698913574
Epoch 60, training loss: 8.010695457458496
Epoch 70, training loss: 7.855171203613281
Epoch 80, training loss: 7.785138130187988
Epoch 90, training loss: 7.716248989105225
Epoch 100, training loss: 7.527841091156006
Epoch 110, training loss: 7.434328556060791
Epoch 120, training loss: 7.352885723114014
Epoch 130, training loss: 7.306276321411133
Epoch 140, training loss: 7.299497127532959
Epoch 150, training loss: 7.26250696182251
Epoch 160, training loss: 7.162214279174805
Epoch 170, training loss: 7.10378885269165
Epoch 180, training loss: 7.179414749145508
Epoch 190, training loss: 7.010309219360352
Epoch 200, training loss: 6.935415744781494
Epoch 210, training loss: 6.928008556365967
Epoch 220, training loss: 6.8988189697265625
Epoch 230, training loss: 6.8234124183654785
Epoch 240, training loss: 6.763129711151123
Epoch 250, training loss: 6.753417015075684
Epoch 260, training loss: 6.715643405914307
Epoch 270, training loss: 6.705906867980957
Epoch 280, training loss: 6.711900234222412
Epoch 290, training loss: 6.728448390960693
Epoch 300, training loss: 6.637635231018066
Epoch 310, training loss: 6.607698440551758
Epoch 320, training loss: 6.571332931518555
Epoch 330, training loss: 6.6830339431762695
Epoch 340, training loss: 6.5692219734191895
Epoch 350, training loss: 6.617785930633545
Epoch 360, training loss: 6.49047327041626
Epoch 370, training loss: 6.571423053741455
Epoch 380, training loss: 6.4563398361206055
Epoch 390, training loss: 6.520650386810303
Epoch 400, training loss: 6.429872035980225
Epoch 410, training loss: 6.433182239532471
Epoch 420, training loss: 6.441293239593506
Epoch 430, training loss: 6.449621200561523
Epoch 440, training loss: 6.386558532714844
Epoch 450, training loss: 6.399777889251709
Epoch 460, training loss: 6.354879856109619
Epoch 470, training loss: 6.3818440437316895
Epoch 480, training loss: 6.270676612854004
Epoch 490, training loss: 6.361298084259033
random
Perturbation Size:1
1
run_robust_acc.py:14: DeprecationWarning: the imp module is deprecated in favour of importlib; see the module's documentation for alternative uses
  import imp
Accuracy: 0.776
Perturbation Size:2
2
Accuracy: 0.762
Perturbation Size:3
3
Accuracy: 0.755
Perturbation Size:4
4
Accuracy: 0.699
Perturbation Size:5
5
Accuracy: 0.67
