nohup: ignoring input
run_gnn.py:14: DeprecationWarning: the imp module is deprecated in favour of importlib; see the module's documentation for alternative uses
  import imp
Namespace(attack='random', cuda=True, dataset='Pubmed', debug=True, device_id=1, dropout=0.5, hidden=32, model='GCN', no_cuda=False, num_hidden=32, num_proj_hidden=32, num_repeat=5, seed=10, select_target_ratio=0.1, test_model='GCN', train_lr=0.01, train_num_epochs=200, weight_decay=0.0005)
=== training gcn model ===
Epoch 0, training loss: 1.0981974601745605
acc_val: 0.6220
Epoch 10, training loss: 0.9633379578590393
acc_val: 0.7380
Epoch 20, training loss: 0.7636879682540894
acc_val: 0.7540
Epoch 30, training loss: 0.5621713995933533
acc_val: 0.7740
Epoch 40, training loss: 0.4558902382850647
acc_val: 0.7760
Epoch 50, training loss: 0.3152695298194885
acc_val: 0.7900
Epoch 60, training loss: 0.2791455388069153
acc_val: 0.7920
Epoch 70, training loss: 0.23717181384563446
acc_val: 0.8000
Epoch 80, training loss: 0.19750380516052246
acc_val: 0.7960
Epoch 90, training loss: 0.1683502197265625
acc_val: 0.8040
Epoch 100, training loss: 0.15856660902500153
acc_val: 0.8000
Epoch 110, training loss: 0.18638303875923157
acc_val: 0.8000
Epoch 120, training loss: 0.16304907202720642
acc_val: 0.7960
Epoch 130, training loss: 0.14851821959018707
acc_val: 0.8020
Epoch 140, training loss: 0.13282014429569244
acc_val: 0.8000
Epoch 150, training loss: 0.14132066071033478
acc_val: 0.7940
Epoch 160, training loss: 0.12700693309307098
acc_val: 0.7940
Epoch 170, training loss: 0.10351722687482834
acc_val: 0.7960
Epoch 180, training loss: 0.1151653379201889
acc_val: 0.8020
Epoch 190, training loss: 0.12629196047782898
acc_val: 0.7880
=== picking the best model according to the performance on validation ===
random
Perturbation Size:0
Accuracy: 0.787
Perturbation Size:1
Accuracy: 0.787
Perturbation Size:2
Accuracy: 0.78
Perturbation Size:3
Accuracy: 0.775
Perturbation Size:4
Accuracy: 0.766
Perturbation Size:5
Accuracy: 0.758
Perturbation Size:6
Accuracy: 0.75
Perturbation Size:7
Accuracy: 0.748
Perturbation Size:8
Accuracy: 0.74
Perturbation Size:9
Accuracy: 0.73
Perturbation Size:10
Accuracy: 0.716
=== training gcn model ===
Epoch 0, training loss: 1.0984667539596558
acc_val: 0.5620
Epoch 10, training loss: 0.9607894420623779
acc_val: 0.7280
Epoch 20, training loss: 0.765720784664154
acc_val: 0.7480
Epoch 30, training loss: 0.5662580728530884
acc_val: 0.7620
Epoch 40, training loss: 0.4263598322868347
acc_val: 0.7840
Epoch 50, training loss: 0.3495352566242218
acc_val: 0.7800
Epoch 60, training loss: 0.2593939006328583
acc_val: 0.7900
Epoch 70, training loss: 0.23665350675582886
acc_val: 0.8000
Epoch 80, training loss: 0.1953829675912857
acc_val: 0.8020
Epoch 90, training loss: 0.20408029854297638
acc_val: 0.8000
Epoch 100, training loss: 0.15721364319324493
acc_val: 0.8000
Epoch 110, training loss: 0.1555880904197693
acc_val: 0.7980
Epoch 120, training loss: 0.12376295775175095
acc_val: 0.8020
Epoch 130, training loss: 0.14759349822998047
acc_val: 0.8020
Epoch 140, training loss: 0.12696534395217896
acc_val: 0.8040
Epoch 150, training loss: 0.12639713287353516
acc_val: 0.7980
Epoch 160, training loss: 0.1314147263765335
acc_val: 0.7960
Epoch 170, training loss: 0.1289730817079544
acc_val: 0.7960
Epoch 180, training loss: 0.11849358677864075
acc_val: 0.7940
Epoch 190, training loss: 0.08979887515306473
acc_val: 0.7880
=== picking the best model according to the performance on validation ===
random
Perturbation Size:0
Accuracy: 0.787
Perturbation Size:1
Accuracy: 0.778
Perturbation Size:2
Accuracy: 0.777
Perturbation Size:3
Accuracy: 0.768
Perturbation Size:4
Accuracy: 0.761
Perturbation Size:5
Accuracy: 0.752
Perturbation Size:6
Accuracy: 0.753
Perturbation Size:7
Accuracy: 0.75
Perturbation Size:8
Accuracy: 0.743
Perturbation Size:9
Accuracy: 0.73
Perturbation Size:10
Accuracy: 0.722
=== training gcn model ===
Epoch 0, training loss: 1.0970219373703003
acc_val: 0.2420
Epoch 10, training loss: 0.9603106379508972
acc_val: 0.7420
Epoch 20, training loss: 0.7556312084197998
acc_val: 0.7600
Epoch 30, training loss: 0.5466857552528381
acc_val: 0.7740
Epoch 40, training loss: 0.4161665737628937
acc_val: 0.7780
Epoch 50, training loss: 0.32087135314941406
acc_val: 0.7900
Epoch 60, training loss: 0.2783709764480591
acc_val: 0.8000
Epoch 70, training loss: 0.24864020943641663
acc_val: 0.8000
Epoch 80, training loss: 0.2261083573102951
acc_val: 0.7960
Epoch 90, training loss: 0.18695670366287231
acc_val: 0.7940
Epoch 100, training loss: 0.18201890587806702
acc_val: 0.7940
Epoch 110, training loss: 0.1703341156244278
acc_val: 0.7960
Epoch 120, training loss: 0.15447524189949036
acc_val: 0.7960
Epoch 130, training loss: 0.1386222541332245
acc_val: 0.7980
Epoch 140, training loss: 0.13932417333126068
acc_val: 0.7940
Epoch 150, training loss: 0.14071132242679596
acc_val: 0.7940
Epoch 160, training loss: 0.13848210871219635
acc_val: 0.7900
Epoch 170, training loss: 0.10725180804729462
acc_val: 0.7920
Epoch 180, training loss: 0.11573614180088043
acc_val: 0.7940
Epoch 190, training loss: 0.10154913365840912
acc_val: 0.7920
=== picking the best model according to the performance on validation ===
random
Perturbation Size:0
Accuracy: 0.778
Perturbation Size:1
Accuracy: 0.772
Perturbation Size:2
Accuracy: 0.767
Perturbation Size:3
Accuracy: 0.756
Perturbation Size:4
Accuracy: 0.743
Perturbation Size:5
Accuracy: 0.734
Perturbation Size:6
Accuracy: 0.721
Perturbation Size:7
Accuracy: 0.7020000000000001
Perturbation Size:8
Accuracy: 0.679
Perturbation Size:9
Accuracy: 0.667
Perturbation Size:10
Accuracy: 0.655
=== training gcn model ===
Epoch 0, training loss: 1.0971633195877075
acc_val: 0.6060
Epoch 10, training loss: 0.954075038433075
acc_val: 0.7300
Epoch 20, training loss: 0.7444009184837341
acc_val: 0.7540
Epoch 30, training loss: 0.5761187076568604
acc_val: 0.7660
Epoch 40, training loss: 0.41954270005226135
acc_val: 0.7840
Epoch 50, training loss: 0.3286727964878082
acc_val: 0.7980
Epoch 60, training loss: 0.24930714070796967
acc_val: 0.8020
Epoch 70, training loss: 0.21571731567382812
acc_val: 0.8040
Epoch 80, training loss: 0.18239350616931915
acc_val: 0.8000
Epoch 90, training loss: 0.1903858184814453
acc_val: 0.7960
Epoch 100, training loss: 0.15815456211566925
acc_val: 0.8000
Epoch 110, training loss: 0.14084503054618835
acc_val: 0.8000
Epoch 120, training loss: 0.15301714837551117
acc_val: 0.7980
Epoch 130, training loss: 0.1404675990343094
acc_val: 0.7960
Epoch 140, training loss: 0.11906196177005768
acc_val: 0.7940
Epoch 150, training loss: 0.1263255476951599
acc_val: 0.7980
Epoch 160, training loss: 0.12776106595993042
acc_val: 0.7900
Epoch 170, training loss: 0.13863340020179749
acc_val: 0.7880
Epoch 180, training loss: 0.09986954182386398
acc_val: 0.7940
Epoch 190, training loss: 0.11253702640533447
acc_val: 0.7820
=== picking the best model according to the performance on validation ===
random
Perturbation Size:0
Accuracy: 0.789
Perturbation Size:1
Accuracy: 0.788
Perturbation Size:2
Accuracy: 0.779
Perturbation Size:3
Accuracy: 0.775
Perturbation Size:4
Accuracy: 0.771
Perturbation Size:5
Accuracy: 0.766
Perturbation Size:6
Accuracy: 0.756
Perturbation Size:7
Accuracy: 0.749
Perturbation Size:8
Accuracy: 0.74
Perturbation Size:9
Accuracy: 0.74
Perturbation Size:10
Accuracy: 0.73
=== training gcn model ===
Epoch 0, training loss: 1.0986145734786987
acc_val: 0.3800
Epoch 10, training loss: 0.9669044017791748
acc_val: 0.7480
Epoch 20, training loss: 0.774217963218689
acc_val: 0.7580
Epoch 30, training loss: 0.5670191049575806
acc_val: 0.7600
Epoch 40, training loss: 0.39806097745895386
acc_val: 0.7820
Epoch 50, training loss: 0.3257884383201599
acc_val: 0.7900
Epoch 60, training loss: 0.3009287118911743
acc_val: 0.7980
Epoch 70, training loss: 0.21746370196342468
acc_val: 0.7960
Epoch 80, training loss: 0.19747750461101532
acc_val: 0.7980
Epoch 90, training loss: 0.16531427204608917
acc_val: 0.8000
Epoch 100, training loss: 0.16891737282276154
acc_val: 0.7940
Epoch 110, training loss: 0.16783103346824646
acc_val: 0.8020
Epoch 120, training loss: 0.16669915616512299
acc_val: 0.7960
Epoch 130, training loss: 0.125406414270401
acc_val: 0.7900
Epoch 140, training loss: 0.1481831818819046
acc_val: 0.8020
Epoch 150, training loss: 0.1305953711271286
acc_val: 0.7940
Epoch 160, training loss: 0.12288837134838104
acc_val: 0.7960
Epoch 170, training loss: 0.10754065960645676
acc_val: 0.7920
Epoch 180, training loss: 0.11754360795021057
acc_val: 0.7900
Epoch 190, training loss: 0.13320966064929962
acc_val: 0.7900
=== picking the best model according to the performance on validation ===
random
Perturbation Size:0
Accuracy: 0.787
Perturbation Size:1
Accuracy: 0.789
Perturbation Size:2
Accuracy: 0.782
Perturbation Size:3
Accuracy: 0.771
Perturbation Size:4
Accuracy: 0.751
Perturbation Size:5
Accuracy: 0.736
Perturbation Size:6
Accuracy: 0.728
Perturbation Size:7
Accuracy: 0.708
Perturbation Size:8
Accuracy: 0.7000000000000001
Perturbation Size:9
Accuracy: 0.686
Perturbation Size:10
Accuracy: 0.682
