nohup: ignoring input
run_robust_acc.py:14: DeprecationWarning: the imp module is deprecated in favour of importlib; see the module's documentation for alternative uses
  import imp
Namespace(add_edge_rate_1=0, add_edge_rate_2=0, attack='random', base_model='GCN', cl_activation='relu', cl_base_model='GCNConv', cl_lr=0.0005, cl_num_epochs=200, cl_num_layers=2, cl_num_proj_hidden=128, cl_weight_decay=1e-05, clf_weight=1, config='config.yaml', cont_batch_size=0, cont_weight=1, cuda=True, dataset='Pubmed', debug=True, device_id=3, drop_edge_rate_1=0.2, drop_edge_rate_2=0, drop_feat_rate_1=0.3, drop_feat_rate_2=0.2, dropout=0.5, encoder_model='Grace', hidden=128, if_smoothed=True, inv_weight=1, no_cuda=False, noisy_level=0.3, num_hidden=128, num_proj_hidden=128, num_repeat=5, prob=0.8, seed=10, select_target_ratio=0.1, tau=0.1, test_model='GCN', train_lr=0.01, weight_decay=0.0005)
beta 0.5
seed 265
=== training gcn model ===
Epoch 0, training loss: 10.582493782043457
Epoch 10, training loss: 9.976811408996582
Epoch 20, training loss: 9.250121116638184
Epoch 30, training loss: 9.05836009979248
Epoch 40, training loss: 8.585625648498535
Epoch 50, training loss: 8.381385803222656
Epoch 60, training loss: 8.128458023071289
Epoch 70, training loss: 7.941254615783691
Epoch 80, training loss: 7.808663845062256
Epoch 90, training loss: 7.735683441162109
Epoch 100, training loss: 7.594834804534912
Epoch 110, training loss: 7.559086322784424
Epoch 120, training loss: 7.542233467102051
Epoch 130, training loss: 7.476021766662598
Epoch 140, training loss: 7.419264793395996
Epoch 150, training loss: 7.330573081970215
Epoch 160, training loss: 7.264583110809326
Epoch 170, training loss: 7.241600036621094
Epoch 180, training loss: 7.205534934997559
Epoch 190, training loss: 7.116817951202393
Epoch 200, training loss: 7.106527805328369
Epoch 210, training loss: 7.077418804168701
Epoch 220, training loss: 7.070206165313721
Epoch 230, training loss: 7.062048435211182
Epoch 240, training loss: 6.977245330810547
Epoch 250, training loss: 6.929442405700684
Epoch 260, training loss: 6.9244561195373535
Epoch 270, training loss: 6.955240249633789
Epoch 280, training loss: 6.940246105194092
Epoch 290, training loss: 6.917124271392822
Epoch 300, training loss: 6.871744632720947
Epoch 310, training loss: 6.8206706047058105
Epoch 320, training loss: 6.78791618347168
Epoch 330, training loss: 6.804722785949707
Epoch 340, training loss: 6.799025058746338
Epoch 350, training loss: 6.744872093200684
Epoch 360, training loss: 6.717990875244141
Epoch 370, training loss: 6.755392074584961
Epoch 380, training loss: 6.737771034240723
Epoch 390, training loss: 6.648956298828125
Epoch 400, training loss: 6.748564720153809
Epoch 410, training loss: 6.663463115692139
Epoch 420, training loss: 6.6691975593566895
Epoch 430, training loss: 6.632833003997803
Epoch 440, training loss: 6.618748188018799
Epoch 450, training loss: 6.715197563171387
Epoch 460, training loss: 6.611481666564941
Epoch 470, training loss: 6.589666366577148
Epoch 480, training loss: 6.569597244262695
Epoch 490, training loss: 6.572937488555908
random
Perturbation Size:0
Accuracy: 0.765
Perturbation Size:1
Accuracy: 0.765
Perturbation Size:2
Accuracy: 0.765
Perturbation Size:3
Accuracy: 0.765
Perturbation Size:4
Accuracy: 0.765
Perturbation Size:5
Accuracy: 0.765
Perturbation Size:6
Accuracy: 0.765
Perturbation Size:7
Accuracy: 0.765
Perturbation Size:8
Accuracy: 0.765
Perturbation Size:9
Accuracy: 0.765
Perturbation Size:10
Accuracy: 0.765
Perturbation Size:11
Accuracy: 0.765
Perturbation Size:12
Accuracy: 0.765
Perturbation Size:13
Accuracy: 0.765
Perturbation Size:14
Accuracy: 0.765
Perturbation Size:15
Accuracy: 0.765
Perturbation Size:16
Accuracy: 0.765
Perturbation Size:17
Accuracy: 0.765
Perturbation Size:18
Accuracy: 0.765
Perturbation Size:19
Accuracy: 0.765
Perturbation Size:20
Accuracy: 0.765
seed 125
=== training gcn model ===
Epoch 0, training loss: 10.582347869873047
Epoch 10, training loss: 10.01347827911377
Epoch 20, training loss: 9.387112617492676
Epoch 30, training loss: 8.977561950683594
Epoch 40, training loss: 8.616458892822266
Epoch 50, training loss: 8.33095932006836
Epoch 60, training loss: 8.184328079223633
Epoch 70, training loss: 7.937801361083984
Epoch 80, training loss: 7.80755615234375
Epoch 90, training loss: 7.692251682281494
Epoch 100, training loss: 7.587281227111816
Epoch 110, training loss: 7.478298664093018
Epoch 120, training loss: 7.369003772735596
Epoch 130, training loss: 7.361902236938477
Epoch 140, training loss: 7.360060691833496
Epoch 150, training loss: 7.239567279815674
Epoch 160, training loss: 7.220029830932617
Epoch 170, training loss: 7.264335632324219
Epoch 180, training loss: 7.132272720336914
Epoch 190, training loss: 7.108803749084473
Epoch 200, training loss: 7.046332359313965
Epoch 210, training loss: 6.958582878112793
Epoch 220, training loss: 6.916138648986816
Epoch 230, training loss: 7.024631500244141
Epoch 240, training loss: 6.896886348724365
Epoch 250, training loss: 6.911492347717285
Epoch 260, training loss: 6.851377487182617
Epoch 270, training loss: 6.875109672546387
Epoch 280, training loss: 6.78533935546875
Epoch 290, training loss: 6.901387691497803
Epoch 300, training loss: 6.8452653884887695
Epoch 310, training loss: 6.711614608764648
Epoch 320, training loss: 6.755462646484375
Epoch 330, training loss: 6.733949661254883
Epoch 340, training loss: 6.678096771240234
Epoch 350, training loss: 6.752542495727539
Epoch 360, training loss: 6.771791458129883
Epoch 370, training loss: 6.720262050628662
Epoch 380, training loss: 6.650851249694824
Epoch 390, training loss: 6.70355224609375
Epoch 400, training loss: 6.647731781005859
Epoch 410, training loss: 6.5757341384887695
Epoch 420, training loss: 6.5615739822387695
Epoch 430, training loss: 6.664696216583252
Epoch 440, training loss: 6.591737270355225
Epoch 450, training loss: 6.612152576446533
Epoch 460, training loss: 6.598134517669678
Epoch 470, training loss: 6.596684455871582
Epoch 480, training loss: 6.480529308319092
Epoch 490, training loss: 6.529427528381348
random
Perturbation Size:0
Accuracy: 0.761
Perturbation Size:1
Accuracy: 0.761
Perturbation Size:2
Accuracy: 0.761
Perturbation Size:3
Accuracy: 0.761
Perturbation Size:4
Accuracy: 0.761
Perturbation Size:5
Accuracy: 0.761
Perturbation Size:6
Accuracy: 0.761
Perturbation Size:7
Accuracy: 0.761
Perturbation Size:8
Accuracy: 0.761
Perturbation Size:9
Accuracy: 0.761
Perturbation Size:10
Accuracy: 0.761
Perturbation Size:11
Accuracy: 0.761
Perturbation Size:12
Accuracy: 0.761
Perturbation Size:13
Accuracy: 0.761
Perturbation Size:14
Accuracy: 0.761
Perturbation Size:15
Accuracy: 0.761
Perturbation Size:16
Accuracy: 0.761
Perturbation Size:17
Accuracy: 0.761
Perturbation Size:18
Accuracy: 0.761
Perturbation Size:19
Accuracy: 0.761
Perturbation Size:20
Accuracy: 0.761
seed 996
=== training gcn model ===
Epoch 0, training loss: 10.582201957702637
Epoch 10, training loss: 9.89901351928711
Epoch 20, training loss: 9.27994441986084
Epoch 30, training loss: 9.012235641479492
Epoch 40, training loss: 8.576689720153809
Epoch 50, training loss: 8.256097793579102
Epoch 60, training loss: 8.044596672058105
Epoch 70, training loss: 7.889256477355957
Epoch 80, training loss: 7.721728324890137
Epoch 90, training loss: 7.671229362487793
Epoch 100, training loss: 7.552949905395508
Epoch 110, training loss: 7.525989055633545
Epoch 120, training loss: 7.434840679168701
Epoch 130, training loss: 7.402352809906006
Epoch 140, training loss: 7.307119369506836
Epoch 150, training loss: 7.311538219451904
Epoch 160, training loss: 7.217377662658691
Epoch 170, training loss: 7.254087448120117
Epoch 180, training loss: 7.06469202041626
Epoch 190, training loss: 7.068267822265625
Epoch 200, training loss: 6.987057685852051
Epoch 210, training loss: 7.009159564971924
Epoch 220, training loss: 6.974347114562988
Epoch 230, training loss: 6.944673538208008
Epoch 240, training loss: 6.897566318511963
Epoch 250, training loss: 6.891934871673584
Epoch 260, training loss: 6.7434868812561035
Epoch 270, training loss: 6.797407627105713
Epoch 280, training loss: 6.802708625793457
Epoch 290, training loss: 6.780338764190674
Epoch 300, training loss: 6.7963480949401855
Epoch 310, training loss: 6.755011558532715
Epoch 320, training loss: 6.694695472717285
Epoch 330, training loss: 6.7299346923828125
Epoch 340, training loss: 6.675353050231934
Epoch 350, training loss: 6.672791004180908
Epoch 360, training loss: 6.658975601196289
Epoch 370, training loss: 6.640846252441406
Epoch 380, training loss: 6.577456474304199
Epoch 390, training loss: 6.6208014488220215
Epoch 400, training loss: 6.650760650634766
Epoch 410, training loss: 6.608429431915283
Epoch 420, training loss: 6.602799415588379
Epoch 430, training loss: 6.574430465698242
Epoch 440, training loss: 6.506472110748291
Epoch 450, training loss: 6.586614608764648
Epoch 460, training loss: 6.628942489624023
Epoch 470, training loss: 6.552201271057129
Epoch 480, training loss: 6.527487277984619
Epoch 490, training loss: 6.498628616333008
random
Perturbation Size:0
Accuracy: 0.786
Perturbation Size:1
Accuracy: 0.786
Perturbation Size:2
Accuracy: 0.786
Perturbation Size:3
Accuracy: 0.786
Perturbation Size:4
Accuracy: 0.786
Perturbation Size:5
Accuracy: 0.786
Perturbation Size:6
Accuracy: 0.786
Perturbation Size:7
Accuracy: 0.786
Perturbation Size:8
Accuracy: 0.786
Perturbation Size:9
Accuracy: 0.786
Perturbation Size:10
Accuracy: 0.786
Perturbation Size:11
Accuracy: 0.786
Perturbation Size:12
Accuracy: 0.786
Perturbation Size:13
Accuracy: 0.786
Perturbation Size:14
Accuracy: 0.786
Perturbation Size:15
Accuracy: 0.786
Perturbation Size:16
Accuracy: 0.786
Perturbation Size:17
Accuracy: 0.786
Perturbation Size:18
Accuracy: 0.786
Perturbation Size:19
Accuracy: 0.786
Perturbation Size:20
Accuracy: 0.786
seed 527
=== training gcn model ===
Epoch 0, training loss: 10.582326889038086
Epoch 10, training loss: 9.926650047302246
Epoch 20, training loss: 9.212701797485352
Epoch 30, training loss: 8.812132835388184
Epoch 40, training loss: 8.51406478881836
Epoch 50, training loss: 8.3428373336792
Epoch 60, training loss: 8.215943336486816
Epoch 70, training loss: 7.967223644256592
Epoch 80, training loss: 7.8643364906311035
Epoch 90, training loss: 7.642042636871338
Epoch 100, training loss: 7.477699279785156
Epoch 110, training loss: 7.394313812255859
Epoch 120, training loss: 7.3007683753967285
Epoch 130, training loss: 7.241287708282471
Epoch 140, training loss: 7.172107219696045
Epoch 150, training loss: 7.189362525939941
Epoch 160, training loss: 7.0461530685424805
Epoch 170, training loss: 6.941979885101318
Epoch 180, training loss: 6.964657783508301
Epoch 190, training loss: 7.000898838043213
Epoch 200, training loss: 7.002871990203857
Epoch 210, training loss: 6.911092281341553
Epoch 220, training loss: 6.898417949676514
Epoch 230, training loss: 6.879236698150635
Epoch 240, training loss: 6.813621997833252
Epoch 250, training loss: 6.851508140563965
Epoch 260, training loss: 6.915250778198242
Epoch 270, training loss: 6.767693996429443
Epoch 280, training loss: 6.717987537384033
Epoch 290, training loss: 6.706380367279053
Epoch 300, training loss: 6.716423511505127
Epoch 310, training loss: 6.70639181137085
Epoch 320, training loss: 6.662474155426025
Epoch 330, training loss: 6.718226909637451
Epoch 340, training loss: 6.654885292053223
Epoch 350, training loss: 6.69329309463501
Epoch 360, training loss: 6.667622089385986
Epoch 370, training loss: 6.660763263702393
Epoch 380, training loss: 6.687121868133545
Epoch 390, training loss: 6.6896538734436035
Epoch 400, training loss: 6.6247711181640625
Epoch 410, training loss: 6.737699508666992
Epoch 420, training loss: 6.614568710327148
Epoch 430, training loss: 6.643874168395996
Epoch 440, training loss: 6.579098224639893
Epoch 450, training loss: 6.606784343719482
Epoch 460, training loss: 6.580381393432617
Epoch 470, training loss: 6.569787502288818
Epoch 480, training loss: 6.624547481536865
Epoch 490, training loss: 6.503445148468018
random
Perturbation Size:0
Accuracy: 0.755
Perturbation Size:1
Accuracy: 0.755
Perturbation Size:2
Accuracy: 0.755
Perturbation Size:3
Accuracy: 0.755
Perturbation Size:4
Accuracy: 0.755
Perturbation Size:5
Accuracy: 0.755
Perturbation Size:6
Accuracy: 0.755
Perturbation Size:7
Accuracy: 0.755
Perturbation Size:8
Accuracy: 0.755
Perturbation Size:9
Accuracy: 0.755
Perturbation Size:10
Accuracy: 0.755
Perturbation Size:11
Accuracy: 0.755
Perturbation Size:12
Accuracy: 0.755
Perturbation Size:13
Accuracy: 0.755
Perturbation Size:14
Accuracy: 0.755
Perturbation Size:15
Accuracy: 0.755
Perturbation Size:16
Accuracy: 0.755
Perturbation Size:17
Accuracy: 0.755
Perturbation Size:18
Accuracy: 0.755
Perturbation Size:19
Accuracy: 0.755
Perturbation Size:20
Accuracy: 0.755
seed 320
=== training gcn model ===
Epoch 0, training loss: 10.582330703735352
Epoch 10, training loss: 10.015518188476562
Epoch 20, training loss: 9.212352752685547
Epoch 30, training loss: 8.65933609008789
Epoch 40, training loss: 8.352080345153809
Epoch 50, training loss: 8.1843900680542
Epoch 60, training loss: 7.979086875915527
Epoch 70, training loss: 7.8336334228515625
Epoch 80, training loss: 7.67448616027832
Epoch 90, training loss: 7.689511299133301
Epoch 100, training loss: 7.551589488983154
Epoch 110, training loss: 7.549441337585449
Epoch 120, training loss: 7.446074485778809
Epoch 130, training loss: 7.370391368865967
Epoch 140, training loss: 7.3660993576049805
Epoch 150, training loss: 7.254014492034912
Epoch 160, training loss: 7.2581706047058105
Epoch 170, training loss: 7.226743698120117
Epoch 180, training loss: 7.089746475219727
Epoch 190, training loss: 7.1493096351623535
Epoch 200, training loss: 7.087018966674805
Epoch 210, training loss: 7.003720760345459
Epoch 220, training loss: 7.04184627532959
Epoch 230, training loss: 7.00488805770874
Epoch 240, training loss: 7.012050151824951
Epoch 250, training loss: 6.912233352661133
Epoch 260, training loss: 6.94144344329834
Epoch 270, training loss: 6.86124849319458
Epoch 280, training loss: 6.803240776062012
Epoch 290, training loss: 6.824740409851074
Epoch 300, training loss: 6.8268818855285645
Epoch 310, training loss: 6.799248695373535
Epoch 320, training loss: 6.725757122039795
Epoch 330, training loss: 6.704715728759766
Epoch 340, training loss: 6.7310919761657715
Epoch 350, training loss: 6.7091755867004395
Epoch 360, training loss: 6.7985687255859375
Epoch 370, training loss: 6.6537981033325195
Epoch 380, training loss: 6.69309663772583
Epoch 390, training loss: 6.708792686462402
Epoch 400, training loss: 6.77520751953125
Epoch 410, training loss: 6.626376628875732
Epoch 420, training loss: 6.705625534057617
Epoch 430, training loss: 6.624075412750244
Epoch 440, training loss: 6.619896411895752
Epoch 450, training loss: 6.578876495361328
Epoch 460, training loss: 6.667872428894043
Epoch 470, training loss: 6.638335227966309
Epoch 480, training loss: 6.556278228759766
Epoch 490, training loss: 6.605850696563721
random
Perturbation Size:0
Accuracy: 0.791
Perturbation Size:1
Accuracy: 0.791
Perturbation Size:2
Accuracy: 0.791
Perturbation Size:3
Accuracy: 0.791
Perturbation Size:4
Accuracy: 0.791
Perturbation Size:5
Accuracy: 0.791
Perturbation Size:6
Accuracy: 0.791
Perturbation Size:7
Accuracy: 0.791
Perturbation Size:8
Accuracy: 0.791
Perturbation Size:9
Accuracy: 0.791
Perturbation Size:10
Accuracy: 0.791
Perturbation Size:11
Accuracy: 0.791
Perturbation Size:12
Accuracy: 0.791
Perturbation Size:13
Accuracy: 0.791
Perturbation Size:14
Accuracy: 0.791
Perturbation Size:15
Accuracy: 0.791
Perturbation Size:16
Accuracy: 0.791
Perturbation Size:17
Accuracy: 0.791
Perturbation Size:18
Accuracy: 0.791
Perturbation Size:19
Accuracy: 0.791
Perturbation Size:20
Accuracy: 0.791
Beta:0.5 Ptb size:0 Accuracy:0.7716000000000001+-0.014249210504445513
Beta:0.5 Ptb size:1 Accuracy:0.7716000000000001+-0.014249210504445513
Beta:0.5 Ptb size:2 Accuracy:0.7716000000000001+-0.014249210504445513
Beta:0.5 Ptb size:3 Accuracy:0.7716000000000001+-0.014249210504445513
Beta:0.5 Ptb size:4 Accuracy:0.7716000000000001+-0.014249210504445513
Beta:0.5 Ptb size:5 Accuracy:0.7716000000000001+-0.014249210504445513
Beta:0.5 Ptb size:6 Accuracy:0.7716000000000001+-0.014249210504445513
Beta:0.5 Ptb size:7 Accuracy:0.7716000000000001+-0.014249210504445513
Beta:0.5 Ptb size:8 Accuracy:0.7716000000000001+-0.014249210504445513
Beta:0.5 Ptb size:9 Accuracy:0.7716000000000001+-0.014249210504445513
Beta:0.5 Ptb size:10 Accuracy:0.7716000000000001+-0.014249210504445513
Beta:0.5 Ptb size:11 Accuracy:0.7716000000000001+-0.014249210504445513
Beta:0.5 Ptb size:12 Accuracy:0.7716000000000001+-0.014249210504445513
Beta:0.5 Ptb size:13 Accuracy:0.7716000000000001+-0.014249210504445513
Beta:0.5 Ptb size:14 Accuracy:0.7716000000000001+-0.014249210504445513
Beta:0.5 Ptb size:15 Accuracy:0.7716000000000001+-0.014249210504445513
Beta:0.5 Ptb size:16 Accuracy:0.7716000000000001+-0.014249210504445513
Beta:0.5 Ptb size:17 Accuracy:0.7716000000000001+-0.014249210504445513
Beta:0.5 Ptb size:18 Accuracy:0.7716000000000001+-0.014249210504445513
Beta:0.5 Ptb size:19 Accuracy:0.7716000000000001+-0.014249210504445513
Beta:0.5 Ptb size:20 Accuracy:0.7716000000000001+-0.014249210504445513
beta 0.6
seed 265
=== training gcn model ===
Epoch 0, training loss: 10.582489013671875
Epoch 10, training loss: 9.976949691772461
Epoch 20, training loss: 9.249937057495117
Epoch 30, training loss: 9.058079719543457
Epoch 40, training loss: 8.586020469665527
Epoch 50, training loss: 8.381186485290527
Epoch 60, training loss: 8.127628326416016
Epoch 70, training loss: 7.940653324127197
Epoch 80, training loss: 7.807919502258301
Epoch 90, training loss: 7.734171390533447
Epoch 100, training loss: 7.593911170959473
Epoch 110, training loss: 7.557070255279541
Epoch 120, training loss: 7.54085636138916
Epoch 130, training loss: 7.476565361022949
Epoch 140, training loss: 7.420250415802002
Epoch 150, training loss: 7.334543228149414
Epoch 160, training loss: 7.266254425048828
Epoch 170, training loss: 7.245421409606934
Epoch 180, training loss: 7.208479881286621
Epoch 190, training loss: 7.117271900177002
Epoch 200, training loss: 7.106606960296631
Epoch 210, training loss: 7.077486991882324
Epoch 220, training loss: 7.069364547729492
Epoch 230, training loss: 7.061394691467285
Epoch 240, training loss: 6.977685928344727
Epoch 250, training loss: 6.929035186767578
Epoch 260, training loss: 6.925259590148926
Epoch 270, training loss: 6.954540252685547
Epoch 280, training loss: 6.9382100105285645
Epoch 290, training loss: 6.915980815887451
Epoch 300, training loss: 6.8722991943359375
Epoch 310, training loss: 6.819960117340088
Epoch 320, training loss: 6.787176132202148
Epoch 330, training loss: 6.802682876586914
Epoch 340, training loss: 6.800426006317139
Epoch 350, training loss: 6.743153095245361
Epoch 360, training loss: 6.7177276611328125
Epoch 370, training loss: 6.754598617553711
Epoch 380, training loss: 6.73811149597168
Epoch 390, training loss: 6.649571418762207
Epoch 400, training loss: 6.748824119567871
Epoch 410, training loss: 6.663570880889893
Epoch 420, training loss: 6.669315338134766
Epoch 430, training loss: 6.633039951324463
Epoch 440, training loss: 6.617734909057617
Epoch 450, training loss: 6.715212345123291
Epoch 460, training loss: 6.610654354095459
Epoch 470, training loss: 6.590977668762207
Epoch 480, training loss: 6.569386005401611
Epoch 490, training loss: 6.573583602905273
random
Perturbation Size:0
Accuracy: 0.765
Perturbation Size:1
Accuracy: 0.765
Perturbation Size:2
Accuracy: 0.765
Perturbation Size:3
Accuracy: 0.765
Perturbation Size:4
Accuracy: 0.765
Perturbation Size:5
Accuracy: 0.765
Perturbation Size:6
Accuracy: 0.765
Perturbation Size:7
Accuracy: 0.765
Perturbation Size:8
Accuracy: 0.765
Perturbation Size:9
Accuracy: 0.765
Perturbation Size:10
Accuracy: 0.765
Perturbation Size:11
Accuracy: 0.765
Perturbation Size:12
Accuracy: 0.765
Perturbation Size:13
Accuracy: 0.765
Perturbation Size:14
Accuracy: 0.765
Perturbation Size:15
Accuracy: 0.765
Perturbation Size:16
Accuracy: 0.765
Perturbation Size:17
Accuracy: 0.765
Perturbation Size:18
Accuracy: 0.765
Perturbation Size:19
Accuracy: 0.765
Perturbation Size:20
Accuracy: 0.765
seed 125
=== training gcn model ===
Epoch 0, training loss: 10.582343101501465
Epoch 10, training loss: 10.013525009155273
Epoch 20, training loss: 9.387266159057617
Epoch 30, training loss: 8.978883743286133
Epoch 40, training loss: 8.617043495178223
Epoch 50, training loss: 8.329763412475586
Epoch 60, training loss: 8.182753562927246
Epoch 70, training loss: 7.936776638031006
Epoch 80, training loss: 7.806828498840332
Epoch 90, training loss: 7.692348957061768
Epoch 100, training loss: 7.587915420532227
Epoch 110, training loss: 7.479541778564453
Epoch 120, training loss: 7.368709564208984
Epoch 130, training loss: 7.362194538116455
Epoch 140, training loss: 7.360954284667969
Epoch 150, training loss: 7.240969181060791
Epoch 160, training loss: 7.221351146697998
Epoch 170, training loss: 7.26584529876709
Epoch 180, training loss: 7.133707523345947
Epoch 190, training loss: 7.1090874671936035
Epoch 200, training loss: 7.04698371887207
Epoch 210, training loss: 6.957746982574463
Epoch 220, training loss: 6.915334224700928
Epoch 230, training loss: 7.024085998535156
Epoch 240, training loss: 6.89525842666626
Epoch 250, training loss: 6.91107702255249
Epoch 260, training loss: 6.8505778312683105
Epoch 270, training loss: 6.873833656311035
Epoch 280, training loss: 6.785737037658691
Epoch 290, training loss: 6.902042865753174
Epoch 300, training loss: 6.844672679901123
Epoch 310, training loss: 6.711849212646484
Epoch 320, training loss: 6.7543110847473145
Epoch 330, training loss: 6.7318572998046875
Epoch 340, training loss: 6.679149150848389
Epoch 350, training loss: 6.752780914306641
Epoch 360, training loss: 6.770283222198486
Epoch 370, training loss: 6.72225284576416
Epoch 380, training loss: 6.648804187774658
Epoch 390, training loss: 6.7021684646606445
Epoch 400, training loss: 6.646444797515869
Epoch 410, training loss: 6.57510232925415
Epoch 420, training loss: 6.560990333557129
Epoch 430, training loss: 6.66361665725708
Epoch 440, training loss: 6.59181022644043
Epoch 450, training loss: 6.611342906951904
Epoch 460, training loss: 6.595830917358398
Epoch 470, training loss: 6.593605995178223
Epoch 480, training loss: 6.480681419372559
Epoch 490, training loss: 6.527657985687256
random
Perturbation Size:0
Accuracy: 0.76
Perturbation Size:1
Accuracy: 0.76
Perturbation Size:2
Accuracy: 0.76
Perturbation Size:3
Accuracy: 0.76
Perturbation Size:4
Accuracy: 0.76
Perturbation Size:5
Accuracy: 0.76
Perturbation Size:6
Accuracy: 0.76
Perturbation Size:7
Accuracy: 0.76
Perturbation Size:8
Accuracy: 0.76
Perturbation Size:9
Accuracy: 0.76
Perturbation Size:10
Accuracy: 0.76
Perturbation Size:11
Accuracy: 0.76
Perturbation Size:12
Accuracy: 0.76
Perturbation Size:13
Accuracy: 0.76
Perturbation Size:14
Accuracy: 0.76
Perturbation Size:15
Accuracy: 0.76
Perturbation Size:16
Accuracy: 0.76
Perturbation Size:17
Accuracy: 0.76
Perturbation Size:18
Accuracy: 0.76
Perturbation Size:19
Accuracy: 0.76
Perturbation Size:20
Accuracy: 0.76
seed 996
=== training gcn model ===
Epoch 0, training loss: 10.582197189331055
Epoch 10, training loss: 9.899003982543945
Epoch 20, training loss: 9.280012130737305
Epoch 30, training loss: 9.013325691223145
Epoch 40, training loss: 8.576595306396484
Epoch 50, training loss: 8.255702018737793
Epoch 60, training loss: 8.04450511932373
Epoch 70, training loss: 7.88920259475708
Epoch 80, training loss: 7.721286773681641
Epoch 90, training loss: 7.670912265777588
Epoch 100, training loss: 7.552493095397949
Epoch 110, training loss: 7.52514123916626
Epoch 120, training loss: 7.433962345123291
Epoch 130, training loss: 7.4022955894470215
Epoch 140, training loss: 7.306732654571533
Epoch 150, training loss: 7.310530185699463
Epoch 160, training loss: 7.216618537902832
Epoch 170, training loss: 7.252929210662842
Epoch 180, training loss: 7.06355094909668
Epoch 190, training loss: 7.066438674926758
Epoch 200, training loss: 6.9846320152282715
Epoch 210, training loss: 7.006311416625977
Epoch 220, training loss: 6.972569942474365
Epoch 230, training loss: 6.942135810852051
Epoch 240, training loss: 6.896082878112793
Epoch 250, training loss: 6.889811038970947
Epoch 260, training loss: 6.741415500640869
Epoch 270, training loss: 6.795663356781006
Epoch 280, training loss: 6.802127361297607
Epoch 290, training loss: 6.779447078704834
Epoch 300, training loss: 6.796955108642578
Epoch 310, training loss: 6.7556867599487305
Epoch 320, training loss: 6.69525671005249
Epoch 330, training loss: 6.7320237159729
Epoch 340, training loss: 6.6766037940979
Epoch 350, training loss: 6.674058437347412
Epoch 360, training loss: 6.6616950035095215
Epoch 370, training loss: 6.642443656921387
Epoch 380, training loss: 6.578953742980957
Epoch 390, training loss: 6.62361478805542
Epoch 400, training loss: 6.6529741287231445
Epoch 410, training loss: 6.610846042633057
Epoch 420, training loss: 6.604736804962158
Epoch 430, training loss: 6.577551364898682
Epoch 440, training loss: 6.509879112243652
Epoch 450, training loss: 6.5903401374816895
Epoch 460, training loss: 6.632462501525879
Epoch 470, training loss: 6.555624485015869
Epoch 480, training loss: 6.530956745147705
Epoch 490, training loss: 6.500770568847656
random
Perturbation Size:0
Accuracy: 0.787
Perturbation Size:1
Accuracy: 0.787
Perturbation Size:2
Accuracy: 0.787
Perturbation Size:3
Accuracy: 0.787
Perturbation Size:4
Accuracy: 0.787
Perturbation Size:5
Accuracy: 0.787
Perturbation Size:6
Accuracy: 0.787
Perturbation Size:7
Accuracy: 0.787
Perturbation Size:8
Accuracy: 0.787
Perturbation Size:9
Accuracy: 0.787
Perturbation Size:10
Accuracy: 0.787
Perturbation Size:11
Accuracy: 0.787
Perturbation Size:12
Accuracy: 0.787
Perturbation Size:13
Accuracy: 0.787
Perturbation Size:14
Accuracy: 0.787
Perturbation Size:15
Accuracy: 0.787
Perturbation Size:16
Accuracy: 0.787
Perturbation Size:17
Accuracy: 0.787
Perturbation Size:18
Accuracy: 0.787
Perturbation Size:19
Accuracy: 0.787
Perturbation Size:20
Accuracy: 0.787
seed 527
=== training gcn model ===
Epoch 0, training loss: 10.582321166992188
Epoch 10, training loss: 9.926817893981934
Epoch 20, training loss: 9.21337604522705
Epoch 30, training loss: 8.813124656677246
Epoch 40, training loss: 8.514835357666016
Epoch 50, training loss: 8.343523025512695
Epoch 60, training loss: 8.219705581665039
Epoch 70, training loss: 7.971930980682373
Epoch 80, training loss: 7.870505332946777
Epoch 90, training loss: 7.645387649536133
Epoch 100, training loss: 7.479546546936035
Epoch 110, training loss: 7.395120620727539
Epoch 120, training loss: 7.2970781326293945
Epoch 130, training loss: 7.24099063873291
Epoch 140, training loss: 7.1711578369140625
Epoch 150, training loss: 7.186926364898682
Epoch 160, training loss: 7.047207832336426
Epoch 170, training loss: 6.940340518951416
Epoch 180, training loss: 6.968122482299805
Epoch 190, training loss: 6.999752998352051
Epoch 200, training loss: 7.001819610595703
Epoch 210, training loss: 6.911144256591797
Epoch 220, training loss: 6.897924423217773
Epoch 230, training loss: 6.878182411193848
Epoch 240, training loss: 6.8133320808410645
Epoch 250, training loss: 6.849777698516846
Epoch 260, training loss: 6.909517288208008
Epoch 270, training loss: 6.763739109039307
Epoch 280, training loss: 6.719759464263916
Epoch 290, training loss: 6.70725679397583
Epoch 300, training loss: 6.715719699859619
Epoch 310, training loss: 6.703395366668701
Epoch 320, training loss: 6.662292003631592
Epoch 330, training loss: 6.719005107879639
Epoch 340, training loss: 6.655649185180664
Epoch 350, training loss: 6.693972110748291
Epoch 360, training loss: 6.670349597930908
Epoch 370, training loss: 6.661028861999512
Epoch 380, training loss: 6.68845796585083
Epoch 390, training loss: 6.691440105438232
Epoch 400, training loss: 6.626130104064941
Epoch 410, training loss: 6.739067077636719
Epoch 420, training loss: 6.6152544021606445
Epoch 430, training loss: 6.646489143371582
Epoch 440, training loss: 6.5807085037231445
Epoch 450, training loss: 6.6090006828308105
Epoch 460, training loss: 6.583086967468262
Epoch 470, training loss: 6.573629379272461
Epoch 480, training loss: 6.629563331604004
Epoch 490, training loss: 6.508180618286133
random
Perturbation Size:0
Accuracy: 0.756
Perturbation Size:1
Accuracy: 0.756
Perturbation Size:2
Accuracy: 0.756
Perturbation Size:3
Accuracy: 0.756
Perturbation Size:4
Accuracy: 0.756
Perturbation Size:5
Accuracy: 0.756
Perturbation Size:6
Accuracy: 0.756
Perturbation Size:7
Accuracy: 0.756
Perturbation Size:8
Accuracy: 0.756
Perturbation Size:9
Accuracy: 0.756
Perturbation Size:10
Accuracy: 0.756
Perturbation Size:11
Accuracy: 0.756
Perturbation Size:12
Accuracy: 0.756
Perturbation Size:13
Accuracy: 0.756
Perturbation Size:14
Accuracy: 0.756
Perturbation Size:15
Accuracy: 0.756
Perturbation Size:16
Accuracy: 0.756
Perturbation Size:17
Accuracy: 0.756
Perturbation Size:18
Accuracy: 0.756
Perturbation Size:19
Accuracy: 0.756
Perturbation Size:20
Accuracy: 0.756
seed 320
=== training gcn model ===
Epoch 0, training loss: 10.58232593536377
Epoch 10, training loss: 10.01539421081543
Epoch 20, training loss: 9.212130546569824
Epoch 30, training loss: 8.659236907958984
Epoch 40, training loss: 8.351841926574707
Epoch 50, training loss: 8.184552192687988
Epoch 60, training loss: 7.977447509765625
Epoch 70, training loss: 7.831087112426758
Epoch 80, training loss: 7.672541618347168
Epoch 90, training loss: 7.690485954284668
Epoch 100, training loss: 7.550868511199951
Epoch 110, training loss: 7.5471343994140625
Epoch 120, training loss: 7.443998336791992
Epoch 130, training loss: 7.369195938110352
Epoch 140, training loss: 7.364574432373047
Epoch 150, training loss: 7.254108905792236
Epoch 160, training loss: 7.258747100830078
Epoch 170, training loss: 7.225760459899902
Epoch 180, training loss: 7.090588092803955
Epoch 190, training loss: 7.150995254516602
Epoch 200, training loss: 7.086540222167969
Epoch 210, training loss: 7.005499839782715
Epoch 220, training loss: 7.042962551116943
Epoch 230, training loss: 7.007533073425293
Epoch 240, training loss: 7.015065670013428
Epoch 250, training loss: 6.915360450744629
Epoch 260, training loss: 6.946318626403809
Epoch 270, training loss: 6.864892959594727
Epoch 280, training loss: 6.807835578918457
Epoch 290, training loss: 6.830343246459961
Epoch 300, training loss: 6.828953266143799
Epoch 310, training loss: 6.804239273071289
Epoch 320, training loss: 6.728977680206299
Epoch 330, training loss: 6.7078142166137695
Epoch 340, training loss: 6.734650135040283
Epoch 350, training loss: 6.711900234222412
Epoch 360, training loss: 6.802158355712891
Epoch 370, training loss: 6.656223773956299
Epoch 380, training loss: 6.692941188812256
Epoch 390, training loss: 6.710244655609131
Epoch 400, training loss: 6.774891376495361
Epoch 410, training loss: 6.627214431762695
Epoch 420, training loss: 6.707923412322998
Epoch 430, training loss: 6.624861240386963
Epoch 440, training loss: 6.619810104370117
Epoch 450, training loss: 6.578857898712158
Epoch 460, training loss: 6.669378757476807
Epoch 470, training loss: 6.6385297775268555
Epoch 480, training loss: 6.556061267852783
Epoch 490, training loss: 6.605240345001221
random
Perturbation Size:0
Accuracy: 0.792
Perturbation Size:1
Accuracy: 0.792
Perturbation Size:2
Accuracy: 0.792
Perturbation Size:3
Accuracy: 0.792
Perturbation Size:4
Accuracy: 0.792
Perturbation Size:5
Accuracy: 0.792
Perturbation Size:6
Accuracy: 0.792
Perturbation Size:7
Accuracy: 0.792
Perturbation Size:8
Accuracy: 0.792
Perturbation Size:9
Accuracy: 0.792
Perturbation Size:10
Accuracy: 0.792
Perturbation Size:11
Accuracy: 0.792
Perturbation Size:12
Accuracy: 0.792
Perturbation Size:13
Accuracy: 0.792
Perturbation Size:14
Accuracy: 0.792
Perturbation Size:15
Accuracy: 0.792
Perturbation Size:16
Accuracy: 0.792
Perturbation Size:17
Accuracy: 0.792
Perturbation Size:18
Accuracy: 0.792
Perturbation Size:19
Accuracy: 0.792
Perturbation Size:20
Accuracy: 0.792
Beta:0.6 Ptb size:0 Accuracy:0.7719999999999999+-0.014656056768449022
Beta:0.6 Ptb size:1 Accuracy:0.7719999999999999+-0.014656056768449022
Beta:0.6 Ptb size:2 Accuracy:0.7719999999999999+-0.014656056768449022
Beta:0.6 Ptb size:3 Accuracy:0.7719999999999999+-0.014656056768449022
Beta:0.6 Ptb size:4 Accuracy:0.7719999999999999+-0.014656056768449022
Beta:0.6 Ptb size:5 Accuracy:0.7719999999999999+-0.014656056768449022
Beta:0.6 Ptb size:6 Accuracy:0.7719999999999999+-0.014656056768449022
Beta:0.6 Ptb size:7 Accuracy:0.7719999999999999+-0.014656056768449022
Beta:0.6 Ptb size:8 Accuracy:0.7719999999999999+-0.014656056768449022
Beta:0.6 Ptb size:9 Accuracy:0.7719999999999999+-0.014656056768449022
Beta:0.6 Ptb size:10 Accuracy:0.7719999999999999+-0.014656056768449022
Beta:0.6 Ptb size:11 Accuracy:0.7719999999999999+-0.014656056768449022
Beta:0.6 Ptb size:12 Accuracy:0.7719999999999999+-0.014656056768449022
Beta:0.6 Ptb size:13 Accuracy:0.7719999999999999+-0.014656056768449022
Beta:0.6 Ptb size:14 Accuracy:0.7719999999999999+-0.014656056768449022
Beta:0.6 Ptb size:15 Accuracy:0.7719999999999999+-0.014656056768449022
Beta:0.6 Ptb size:16 Accuracy:0.7719999999999999+-0.014656056768449022
Beta:0.6 Ptb size:17 Accuracy:0.7719999999999999+-0.014656056768449022
Beta:0.6 Ptb size:18 Accuracy:0.7719999999999999+-0.014656056768449022
Beta:0.6 Ptb size:19 Accuracy:0.7719999999999999+-0.014656056768449022
Beta:0.6 Ptb size:20 Accuracy:0.7719999999999999+-0.014656056768449022
beta 0.7
seed 265
=== training gcn model ===
Epoch 0, training loss: 10.582483291625977
Epoch 10, training loss: 9.977299690246582
Epoch 20, training loss: 9.250061988830566
Epoch 30, training loss: 9.056947708129883
Epoch 40, training loss: 8.585145950317383
Epoch 50, training loss: 8.382540702819824
Epoch 60, training loss: 8.130197525024414
Epoch 70, training loss: 7.941590785980225
Epoch 80, training loss: 7.808475971221924
Epoch 90, training loss: 7.735593318939209
Epoch 100, training loss: 7.593951225280762
Epoch 110, training loss: 7.556657314300537
Epoch 120, training loss: 7.539758205413818
Epoch 130, training loss: 7.475724697113037
Epoch 140, training loss: 7.421671390533447
Epoch 150, training loss: 7.332425594329834
Epoch 160, training loss: 7.26420259475708
Epoch 170, training loss: 7.242035865783691
Epoch 180, training loss: 7.208247661590576
Epoch 190, training loss: 7.115194320678711
Epoch 200, training loss: 7.106008052825928
Epoch 210, training loss: 7.075837135314941
Epoch 220, training loss: 7.0689697265625
Epoch 230, training loss: 7.0619001388549805
Epoch 240, training loss: 6.976559638977051
Epoch 250, training loss: 6.928873538970947
Epoch 260, training loss: 6.927029132843018
Epoch 270, training loss: 6.956650733947754
Epoch 280, training loss: 6.938924312591553
Epoch 290, training loss: 6.917935848236084
Epoch 300, training loss: 6.875917911529541
Epoch 310, training loss: 6.8208909034729
Epoch 320, training loss: 6.78867244720459
Epoch 330, training loss: 6.802978515625
Epoch 340, training loss: 6.799403190612793
Epoch 350, training loss: 6.741456508636475
Epoch 360, training loss: 6.717106342315674
Epoch 370, training loss: 6.754122257232666
Epoch 380, training loss: 6.737186908721924
Epoch 390, training loss: 6.647670269012451
Epoch 400, training loss: 6.747292995452881
Epoch 410, training loss: 6.663486003875732
Epoch 420, training loss: 6.668373107910156
Epoch 430, training loss: 6.630582332611084
Epoch 440, training loss: 6.615766525268555
Epoch 450, training loss: 6.715847969055176
Epoch 460, training loss: 6.60770320892334
Epoch 470, training loss: 6.5875043869018555
Epoch 480, training loss: 6.5690155029296875
Epoch 490, training loss: 6.573211669921875
random
Perturbation Size:0
Accuracy: 0.767
Perturbation Size:1
Accuracy: 0.767
Perturbation Size:2
Accuracy: 0.767
Perturbation Size:3
Accuracy: 0.767
Perturbation Size:4
Accuracy: 0.767
Perturbation Size:5
Accuracy: 0.767
Perturbation Size:6
Accuracy: 0.767
Perturbation Size:7
Accuracy: 0.767
Perturbation Size:8
Accuracy: 0.767
Perturbation Size:9
Accuracy: 0.767
Perturbation Size:10
Accuracy: 0.767
Perturbation Size:11
Accuracy: 0.767
Perturbation Size:12
Accuracy: 0.767
Perturbation Size:13
Accuracy: 0.767
Perturbation Size:14
Accuracy: 0.767
Perturbation Size:15
Accuracy: 0.767
Perturbation Size:16
Accuracy: 0.767
Perturbation Size:17
Accuracy: 0.767
Perturbation Size:18
Accuracy: 0.767
Perturbation Size:19
Accuracy: 0.767
Perturbation Size:20
Accuracy: 0.767
seed 125
=== training gcn model ===
Epoch 0, training loss: 10.58233642578125
Epoch 10, training loss: 10.013855934143066
Epoch 20, training loss: 9.386701583862305
Epoch 30, training loss: 8.97607707977295
Epoch 40, training loss: 8.612393379211426
Epoch 50, training loss: 8.323495864868164
Epoch 60, training loss: 8.17931079864502
Epoch 70, training loss: 7.93449592590332
Epoch 80, training loss: 7.805185794830322
Epoch 90, training loss: 7.691983699798584
Epoch 100, training loss: 7.588210582733154
Epoch 110, training loss: 7.481014251708984
Epoch 120, training loss: 7.368818759918213
Epoch 130, training loss: 7.363029956817627
Epoch 140, training loss: 7.360178470611572
Epoch 150, training loss: 7.240013599395752
Epoch 160, training loss: 7.221587181091309
Epoch 170, training loss: 7.267935276031494
Epoch 180, training loss: 7.133845806121826
Epoch 190, training loss: 7.109681606292725
Epoch 200, training loss: 7.048339366912842
Epoch 210, training loss: 6.957037448883057
Epoch 220, training loss: 6.916992664337158
Epoch 230, training loss: 7.025984764099121
Epoch 240, training loss: 6.895913124084473
Epoch 250, training loss: 6.911828994750977
Epoch 260, training loss: 6.851401329040527
Epoch 270, training loss: 6.8739190101623535
Epoch 280, training loss: 6.786511421203613
Epoch 290, training loss: 6.902896404266357
Epoch 300, training loss: 6.845618724822998
Epoch 310, training loss: 6.71064567565918
Epoch 320, training loss: 6.754661560058594
Epoch 330, training loss: 6.732057094573975
Epoch 340, training loss: 6.678386688232422
Epoch 350, training loss: 6.754035472869873
Epoch 360, training loss: 6.771727085113525
Epoch 370, training loss: 6.72286319732666
Epoch 380, training loss: 6.647125720977783
Epoch 390, training loss: 6.704222679138184
Epoch 400, training loss: 6.648537635803223
Epoch 410, training loss: 6.572771072387695
Epoch 420, training loss: 6.559540271759033
Epoch 430, training loss: 6.664534568786621
Epoch 440, training loss: 6.589515209197998
Epoch 450, training loss: 6.611005783081055
Epoch 460, training loss: 6.595834255218506
Epoch 470, training loss: 6.593686103820801
Epoch 480, training loss: 6.4798994064331055
Epoch 490, training loss: 6.526891708374023
random
Perturbation Size:0
Accuracy: 0.759
Perturbation Size:1
Accuracy: 0.759
Perturbation Size:2
Accuracy: 0.759
Perturbation Size:3
Accuracy: 0.759
Perturbation Size:4
Accuracy: 0.759
Perturbation Size:5
Accuracy: 0.759
Perturbation Size:6
Accuracy: 0.759
Perturbation Size:7
Accuracy: 0.759
Perturbation Size:8
Accuracy: 0.759
Perturbation Size:9
Accuracy: 0.759
Perturbation Size:10
Accuracy: 0.759
Perturbation Size:11
Accuracy: 0.759
Perturbation Size:12
Accuracy: 0.759
Perturbation Size:13
Accuracy: 0.759
Perturbation Size:14
Accuracy: 0.759
Perturbation Size:15
Accuracy: 0.759
Perturbation Size:16
Accuracy: 0.759
Perturbation Size:17
Accuracy: 0.759
Perturbation Size:18
Accuracy: 0.759
Perturbation Size:19
Accuracy: 0.759
Perturbation Size:20
Accuracy: 0.759
seed 996
=== training gcn model ===
Epoch 0, training loss: 10.58219051361084
Epoch 10, training loss: 9.89884090423584
Epoch 20, training loss: 9.27968978881836
Epoch 30, training loss: 9.00745677947998
Epoch 40, training loss: 8.574139595031738
Epoch 50, training loss: 8.25464916229248
Epoch 60, training loss: 8.043943405151367
Epoch 70, training loss: 7.888259410858154
Epoch 80, training loss: 7.721234321594238
Epoch 90, training loss: 7.672146797180176
Epoch 100, training loss: 7.554438591003418
Epoch 110, training loss: 7.528744220733643
Epoch 120, training loss: 7.439159393310547
Epoch 130, training loss: 7.405670642852783
Epoch 140, training loss: 7.312124252319336
Epoch 150, training loss: 7.316134452819824
Epoch 160, training loss: 7.2218708992004395
Epoch 170, training loss: 7.2602458000183105
Epoch 180, training loss: 7.068997383117676
Epoch 190, training loss: 7.074653148651123
Epoch 200, training loss: 6.9946675300598145
Epoch 210, training loss: 7.016361236572266
Epoch 220, training loss: 6.981367588043213
Epoch 230, training loss: 6.954143524169922
Epoch 240, training loss: 6.904010772705078
Epoch 250, training loss: 6.900269985198975
Epoch 260, training loss: 6.751040458679199
Epoch 270, training loss: 6.801659107208252
Epoch 280, training loss: 6.808654308319092
Epoch 290, training loss: 6.784651279449463
Epoch 300, training loss: 6.80009651184082
Epoch 310, training loss: 6.758669853210449
Epoch 320, training loss: 6.69620943069458
Epoch 330, training loss: 6.7338972091674805
Epoch 340, training loss: 6.677448272705078
Epoch 350, training loss: 6.676226615905762
Epoch 360, training loss: 6.664315700531006
Epoch 370, training loss: 6.6439738273620605
Epoch 380, training loss: 6.58007287979126
Epoch 390, training loss: 6.623733043670654
Epoch 400, training loss: 6.652620792388916
Epoch 410, training loss: 6.610898971557617
Epoch 420, training loss: 6.6042704582214355
Epoch 430, training loss: 6.575438022613525
Epoch 440, training loss: 6.509120941162109
Epoch 450, training loss: 6.589224338531494
Epoch 460, training loss: 6.632106781005859
Epoch 470, training loss: 6.55582857131958
Epoch 480, training loss: 6.530240535736084
Epoch 490, training loss: 6.4995646476745605
random
Perturbation Size:0
Accuracy: 0.789
Perturbation Size:1
Accuracy: 0.789
Perturbation Size:2
Accuracy: 0.789
Perturbation Size:3
Accuracy: 0.789
Perturbation Size:4
Accuracy: 0.789
Perturbation Size:5
Accuracy: 0.789
Perturbation Size:6
Accuracy: 0.789
Perturbation Size:7
Accuracy: 0.789
Perturbation Size:8
Accuracy: 0.789
Perturbation Size:9
Accuracy: 0.789
Perturbation Size:10
Accuracy: 0.789
Perturbation Size:11
Accuracy: 0.789
Perturbation Size:12
Accuracy: 0.789
Perturbation Size:13
Accuracy: 0.789
Perturbation Size:14
Accuracy: 0.789
Perturbation Size:15
Accuracy: 0.789
Perturbation Size:16
Accuracy: 0.789
Perturbation Size:17
Accuracy: 0.789
Perturbation Size:18
Accuracy: 0.789
Perturbation Size:19
Accuracy: 0.789
Perturbation Size:20
Accuracy: 0.789
seed 527
=== training gcn model ===
Epoch 0, training loss: 10.582314491271973
Epoch 10, training loss: 9.926962852478027
Epoch 20, training loss: 9.213476181030273
Epoch 30, training loss: 8.813455581665039
Epoch 40, training loss: 8.514941215515137
Epoch 50, training loss: 8.343077659606934
Epoch 60, training loss: 8.220407485961914
Epoch 70, training loss: 7.969864368438721
Epoch 80, training loss: 7.860131740570068
Epoch 90, training loss: 7.638339519500732
Epoch 100, training loss: 7.472809314727783
Epoch 110, training loss: 7.389986991882324
Epoch 120, training loss: 7.293123722076416
Epoch 130, training loss: 7.237794399261475
Epoch 140, training loss: 7.170163154602051
Epoch 150, training loss: 7.184291362762451
Epoch 160, training loss: 7.046552658081055
Epoch 170, training loss: 6.939966201782227
Epoch 180, training loss: 6.96453332901001
Epoch 190, training loss: 6.9990315437316895
Epoch 200, training loss: 7.001668453216553
Epoch 210, training loss: 6.909329414367676
Epoch 220, training loss: 6.896575927734375
Epoch 230, training loss: 6.877249240875244
Epoch 240, training loss: 6.8116774559021
Epoch 250, training loss: 6.847426414489746
Epoch 260, training loss: 6.905986785888672
Epoch 270, training loss: 6.761159420013428
Epoch 280, training loss: 6.718454360961914
Epoch 290, training loss: 6.707528591156006
Epoch 300, training loss: 6.7148613929748535
Epoch 310, training loss: 6.701945781707764
Epoch 320, training loss: 6.660633087158203
Epoch 330, training loss: 6.716878890991211
Epoch 340, training loss: 6.654411792755127
Epoch 350, training loss: 6.692627429962158
Epoch 360, training loss: 6.667757511138916
Epoch 370, training loss: 6.657522678375244
Epoch 380, training loss: 6.6855854988098145
Epoch 390, training loss: 6.689138889312744
Epoch 400, training loss: 6.623424530029297
Epoch 410, training loss: 6.736756324768066
Epoch 420, training loss: 6.6129326820373535
Epoch 430, training loss: 6.642392158508301
Epoch 440, training loss: 6.577670097351074
Epoch 450, training loss: 6.604576110839844
Epoch 460, training loss: 6.579482078552246
Epoch 470, training loss: 6.569581508636475
Epoch 480, training loss: 6.623122692108154
Epoch 490, training loss: 6.502011299133301
random
Perturbation Size:0
Accuracy: 0.759
Perturbation Size:1
Accuracy: 0.759
Perturbation Size:2
Accuracy: 0.759
Perturbation Size:3
Accuracy: 0.759
Perturbation Size:4
Accuracy: 0.759
Perturbation Size:5
Accuracy: 0.759
Perturbation Size:6
Accuracy: 0.759
Perturbation Size:7
Accuracy: 0.759
Perturbation Size:8
Accuracy: 0.759
Perturbation Size:9
Accuracy: 0.759
Perturbation Size:10
Accuracy: 0.759
Perturbation Size:11
Accuracy: 0.759
Perturbation Size:12
Accuracy: 0.759
Perturbation Size:13
Accuracy: 0.759
Perturbation Size:14
Accuracy: 0.759
Perturbation Size:15
Accuracy: 0.759
Perturbation Size:16
Accuracy: 0.759
Perturbation Size:17
Accuracy: 0.759
Perturbation Size:18
Accuracy: 0.759
Perturbation Size:19
Accuracy: 0.759
Perturbation Size:20
Accuracy: 0.759
seed 320
=== training gcn model ===
Epoch 0, training loss: 10.582319259643555
Epoch 10, training loss: 10.01539421081543
Epoch 20, training loss: 9.211722373962402
Epoch 30, training loss: 8.659066200256348
Epoch 40, training loss: 8.352104187011719
Epoch 50, training loss: 8.184891700744629
Epoch 60, training loss: 7.980020523071289
Epoch 70, training loss: 7.832425594329834
Epoch 80, training loss: 7.674299240112305
Epoch 90, training loss: 7.691579818725586
Epoch 100, training loss: 7.551701068878174
Epoch 110, training loss: 7.548627853393555
Epoch 120, training loss: 7.444358825683594
Epoch 130, training loss: 7.3695068359375
Epoch 140, training loss: 7.364796161651611
Epoch 150, training loss: 7.254120826721191
Epoch 160, training loss: 7.257102012634277
Epoch 170, training loss: 7.224785327911377
Epoch 180, training loss: 7.089569091796875
Epoch 190, training loss: 7.151524543762207
Epoch 200, training loss: 7.087032318115234
Epoch 210, training loss: 7.006200313568115
Epoch 220, training loss: 7.042697906494141
Epoch 230, training loss: 7.009122371673584
Epoch 240, training loss: 7.01535177230835
Epoch 250, training loss: 6.9145379066467285
Epoch 260, training loss: 6.946845531463623
Epoch 270, training loss: 6.865514278411865
Epoch 280, training loss: 6.808697700500488
Epoch 290, training loss: 6.830440044403076
Epoch 300, training loss: 6.829761505126953
Epoch 310, training loss: 6.804047107696533
Epoch 320, training loss: 6.730499267578125
Epoch 330, training loss: 6.709416389465332
Epoch 340, training loss: 6.734866619110107
Epoch 350, training loss: 6.7129316329956055
Epoch 360, training loss: 6.800181865692139
Epoch 370, training loss: 6.656067848205566
Epoch 380, training loss: 6.69581937789917
Epoch 390, training loss: 6.711851119995117
Epoch 400, training loss: 6.777493000030518
Epoch 410, training loss: 6.6285786628723145
Epoch 420, training loss: 6.70825719833374
Epoch 430, training loss: 6.626852989196777
Epoch 440, training loss: 6.621953010559082
Epoch 450, training loss: 6.580740451812744
Epoch 460, training loss: 6.6708083152771
Epoch 470, training loss: 6.638871669769287
Epoch 480, training loss: 6.558632850646973
Epoch 490, training loss: 6.606932163238525
random
Perturbation Size:0
Accuracy: 0.79
Perturbation Size:1
Accuracy: 0.79
Perturbation Size:2
Accuracy: 0.79
Perturbation Size:3
Accuracy: 0.79
Perturbation Size:4
Accuracy: 0.79
Perturbation Size:5
Accuracy: 0.79
Perturbation Size:6
Accuracy: 0.79
Perturbation Size:7
Accuracy: 0.79
Perturbation Size:8
Accuracy: 0.79
Perturbation Size:9
Accuracy: 0.79
Perturbation Size:10
Accuracy: 0.79
Perturbation Size:11
Accuracy: 0.79
Perturbation Size:12
Accuracy: 0.79
Perturbation Size:13
Accuracy: 0.79
Perturbation Size:14
Accuracy: 0.79
Perturbation Size:15
Accuracy: 0.79
Perturbation Size:16
Accuracy: 0.79
Perturbation Size:17
Accuracy: 0.79
Perturbation Size:18
Accuracy: 0.79
Perturbation Size:19
Accuracy: 0.79
Perturbation Size:20
Accuracy: 0.79
Beta:0.7 Ptb size:0 Accuracy:0.7727999999999999+-0.013948476619330168
Beta:0.7 Ptb size:1 Accuracy:0.7727999999999999+-0.013948476619330168
Beta:0.7 Ptb size:2 Accuracy:0.7727999999999999+-0.013948476619330168
Beta:0.7 Ptb size:3 Accuracy:0.7727999999999999+-0.013948476619330168
Beta:0.7 Ptb size:4 Accuracy:0.7727999999999999+-0.013948476619330168
Beta:0.7 Ptb size:5 Accuracy:0.7727999999999999+-0.013948476619330168
Beta:0.7 Ptb size:6 Accuracy:0.7727999999999999+-0.013948476619330168
Beta:0.7 Ptb size:7 Accuracy:0.7727999999999999+-0.013948476619330168
Beta:0.7 Ptb size:8 Accuracy:0.7727999999999999+-0.013948476619330168
Beta:0.7 Ptb size:9 Accuracy:0.7727999999999999+-0.013948476619330168
Beta:0.7 Ptb size:10 Accuracy:0.7727999999999999+-0.013948476619330168
Beta:0.7 Ptb size:11 Accuracy:0.7727999999999999+-0.013948476619330168
Beta:0.7 Ptb size:12 Accuracy:0.7727999999999999+-0.013948476619330168
Beta:0.7 Ptb size:13 Accuracy:0.7727999999999999+-0.013948476619330168
Beta:0.7 Ptb size:14 Accuracy:0.7727999999999999+-0.013948476619330168
Beta:0.7 Ptb size:15 Accuracy:0.7727999999999999+-0.013948476619330168
Beta:0.7 Ptb size:16 Accuracy:0.7727999999999999+-0.013948476619330168
Beta:0.7 Ptb size:17 Accuracy:0.7727999999999999+-0.013948476619330168
Beta:0.7 Ptb size:18 Accuracy:0.7727999999999999+-0.013948476619330168
Beta:0.7 Ptb size:19 Accuracy:0.7727999999999999+-0.013948476619330168
Beta:0.7 Ptb size:20 Accuracy:0.7727999999999999+-0.013948476619330168
beta 0.8
seed 265
=== training gcn model ===
Epoch 0, training loss: 10.58247184753418
Epoch 10, training loss: 9.97758960723877
Epoch 20, training loss: 9.250029563903809
Epoch 30, training loss: 9.056933403015137
Epoch 40, training loss: 8.585498809814453
Epoch 50, training loss: 8.385005950927734
Epoch 60, training loss: 8.1325044631958
Epoch 70, training loss: 7.943826198577881
Epoch 80, training loss: 7.810052871704102
Epoch 90, training loss: 7.736452102661133
Epoch 100, training loss: 7.594647407531738
Epoch 110, training loss: 7.556532859802246
Epoch 120, training loss: 7.540789604187012
Epoch 130, training loss: 7.476409912109375
Epoch 140, training loss: 7.420783996582031
Epoch 150, training loss: 7.331966876983643
Epoch 160, training loss: 7.2642107009887695
Epoch 170, training loss: 7.241256237030029
Epoch 180, training loss: 7.206409931182861
Epoch 190, training loss: 7.115686893463135
Epoch 200, training loss: 7.1052093505859375
Epoch 210, training loss: 7.076364040374756
Epoch 220, training loss: 7.067551136016846
Epoch 230, training loss: 7.062117576599121
Epoch 240, training loss: 6.976888656616211
Epoch 250, training loss: 6.928887844085693
Epoch 260, training loss: 6.924075603485107
Epoch 270, training loss: 6.954320907592773
Epoch 280, training loss: 6.938889980316162
Epoch 290, training loss: 6.91534423828125
Epoch 300, training loss: 6.871246337890625
Epoch 310, training loss: 6.81941032409668
Epoch 320, training loss: 6.786825656890869
Epoch 330, training loss: 6.803271293640137
Epoch 340, training loss: 6.7992262840271
Epoch 350, training loss: 6.741709232330322
Epoch 360, training loss: 6.716015338897705
Epoch 370, training loss: 6.753085136413574
Epoch 380, training loss: 6.7347331047058105
Epoch 390, training loss: 6.64619779586792
Epoch 400, training loss: 6.74509334564209
Epoch 410, training loss: 6.6619486808776855
Epoch 420, training loss: 6.666525840759277
Epoch 430, training loss: 6.631402969360352
Epoch 440, training loss: 6.615525245666504
Epoch 450, training loss: 6.713644981384277
Epoch 460, training loss: 6.607974052429199
Epoch 470, training loss: 6.586979866027832
Epoch 480, training loss: 6.56688117980957
Epoch 490, training loss: 6.570169925689697
random
Perturbation Size:0
Accuracy: 0.771
Perturbation Size:1
Accuracy: 0.771
Perturbation Size:2
Accuracy: 0.771
Perturbation Size:3
Accuracy: 0.771
Perturbation Size:4
Accuracy: 0.771
Perturbation Size:5
Accuracy: 0.771
Perturbation Size:6
Accuracy: 0.771
Perturbation Size:7
Accuracy: 0.771
Perturbation Size:8
Accuracy: 0.771
Perturbation Size:9
Accuracy: 0.771
Perturbation Size:10
Accuracy: 0.771
Perturbation Size:11
Accuracy: 0.771
Perturbation Size:12
Accuracy: 0.771
Perturbation Size:13
Accuracy: 0.771
Perturbation Size:14
Accuracy: 0.771
Perturbation Size:15
Accuracy: 0.771
Perturbation Size:16
Accuracy: 0.771
Perturbation Size:17
Accuracy: 0.771
Perturbation Size:18
Accuracy: 0.771
Perturbation Size:19
Accuracy: 0.771
Perturbation Size:20
Accuracy: 0.771
seed 125
=== training gcn model ===
Epoch 0, training loss: 10.582324028015137
Epoch 10, training loss: 10.013931274414062
Epoch 20, training loss: 9.38647174835205
Epoch 30, training loss: 8.976115226745605
Epoch 40, training loss: 8.612767219543457
Epoch 50, training loss: 8.325240135192871
Epoch 60, training loss: 8.179817199707031
Epoch 70, training loss: 7.9347662925720215
Epoch 80, training loss: 7.805753707885742
Epoch 90, training loss: 7.691093921661377
Epoch 100, training loss: 7.587007999420166
Epoch 110, training loss: 7.481088161468506
Epoch 120, training loss: 7.367915630340576
Epoch 130, training loss: 7.3611884117126465
Epoch 140, training loss: 7.361518859863281
Epoch 150, training loss: 7.2408928871154785
Epoch 160, training loss: 7.223918437957764
Epoch 170, training loss: 7.2738871574401855
Epoch 180, training loss: 7.1405720710754395
Epoch 190, training loss: 7.115850448608398
Epoch 200, training loss: 7.0553812980651855
Epoch 210, training loss: 6.967685222625732
Epoch 220, training loss: 6.925681114196777
Epoch 230, training loss: 7.033468246459961
Epoch 240, training loss: 6.905506610870361
Epoch 250, training loss: 6.918995380401611
Epoch 260, training loss: 6.85860538482666
Epoch 270, training loss: 6.882050037384033
Epoch 280, training loss: 6.790761947631836
Epoch 290, training loss: 6.90513277053833
Epoch 300, training loss: 6.851221561431885
Epoch 310, training loss: 6.716249942779541
Epoch 320, training loss: 6.757295608520508
Epoch 330, training loss: 6.733852863311768
Epoch 340, training loss: 6.677337646484375
Epoch 350, training loss: 6.747908592224121
Epoch 360, training loss: 6.766659259796143
Epoch 370, training loss: 6.719491958618164
Epoch 380, training loss: 6.647368431091309
Epoch 390, training loss: 6.7020978927612305
Epoch 400, training loss: 6.644346714019775
Epoch 410, training loss: 6.574533939361572
Epoch 420, training loss: 6.562716484069824
Epoch 430, training loss: 6.663372993469238
Epoch 440, training loss: 6.589072227478027
Epoch 450, training loss: 6.60845422744751
Epoch 460, training loss: 6.593662261962891
Epoch 470, training loss: 6.593878269195557
Epoch 480, training loss: 6.478946685791016
Epoch 490, training loss: 6.524118900299072
random
Perturbation Size:0
Accuracy: 0.761
Perturbation Size:1
Accuracy: 0.761
Perturbation Size:2
Accuracy: 0.761
Perturbation Size:3
Accuracy: 0.761
Perturbation Size:4
Accuracy: 0.761
Perturbation Size:5
Accuracy: 0.761
Perturbation Size:6
Accuracy: 0.761
Perturbation Size:7
Accuracy: 0.761
Perturbation Size:8
Accuracy: 0.761
Perturbation Size:9
Accuracy: 0.761
Perturbation Size:10
Accuracy: 0.761
Perturbation Size:11
Accuracy: 0.761
Perturbation Size:12
Accuracy: 0.761
Perturbation Size:13
Accuracy: 0.761
Perturbation Size:14
Accuracy: 0.761
Perturbation Size:15
Accuracy: 0.761
Perturbation Size:16
Accuracy: 0.761
Perturbation Size:17
Accuracy: 0.761
Perturbation Size:18
Accuracy: 0.761
Perturbation Size:19
Accuracy: 0.761
Perturbation Size:20
Accuracy: 0.761
seed 996
=== training gcn model ===
Epoch 0, training loss: 10.582179069519043
Epoch 10, training loss: 9.898508071899414
Epoch 20, training loss: 9.279808044433594
Epoch 30, training loss: 9.005936622619629
Epoch 40, training loss: 8.574106216430664
Epoch 50, training loss: 8.25480842590332
Epoch 60, training loss: 8.043631553649902
Epoch 70, training loss: 7.888145446777344
Epoch 80, training loss: 7.72154426574707
Epoch 90, training loss: 7.672290325164795
Epoch 100, training loss: 7.554698944091797
Epoch 110, training loss: 7.529679298400879
Epoch 120, training loss: 7.440771579742432
Epoch 130, training loss: 7.4065937995910645
Epoch 140, training loss: 7.313958168029785
Epoch 150, training loss: 7.316032886505127
Epoch 160, training loss: 7.223359107971191
Epoch 170, training loss: 7.261500358581543
Epoch 180, training loss: 7.069915294647217
Epoch 190, training loss: 7.076433181762695
Epoch 200, training loss: 6.995995044708252
Epoch 210, training loss: 7.019478797912598
Epoch 220, training loss: 6.983067512512207
Epoch 230, training loss: 6.956508159637451
Epoch 240, training loss: 6.904275894165039
Epoch 250, training loss: 6.901167869567871
Epoch 260, training loss: 6.753612995147705
Epoch 270, training loss: 6.800575256347656
Epoch 280, training loss: 6.809569358825684
Epoch 290, training loss: 6.783349990844727
Epoch 300, training loss: 6.798593997955322
Epoch 310, training loss: 6.7577948570251465
Epoch 320, training loss: 6.693661689758301
Epoch 330, training loss: 6.730729103088379
Epoch 340, training loss: 6.675426006317139
Epoch 350, training loss: 6.673403739929199
Epoch 360, training loss: 6.660402774810791
Epoch 370, training loss: 6.639785289764404
Epoch 380, training loss: 6.577276229858398
Epoch 390, training loss: 6.619617938995361
Epoch 400, training loss: 6.649417400360107
Epoch 410, training loss: 6.605302810668945
Epoch 420, training loss: 6.601278305053711
Epoch 430, training loss: 6.571197509765625
Epoch 440, training loss: 6.504894733428955
Epoch 450, training loss: 6.586184501647949
Epoch 460, training loss: 6.6252875328063965
Epoch 470, training loss: 6.551476955413818
Epoch 480, training loss: 6.526360034942627
Epoch 490, training loss: 6.498621940612793
random
Perturbation Size:0
Accuracy: 0.785
Perturbation Size:1
Accuracy: 0.785
Perturbation Size:2
Accuracy: 0.785
Perturbation Size:3
Accuracy: 0.785
Perturbation Size:4
Accuracy: 0.785
Perturbation Size:5
Accuracy: 0.785
Perturbation Size:6
Accuracy: 0.785
Perturbation Size:7
Accuracy: 0.785
Perturbation Size:8
Accuracy: 0.785
Perturbation Size:9
Accuracy: 0.785
Perturbation Size:10
Accuracy: 0.785
Perturbation Size:11
Accuracy: 0.785
Perturbation Size:12
Accuracy: 0.785
Perturbation Size:13
Accuracy: 0.785
Perturbation Size:14
Accuracy: 0.785
Perturbation Size:15
Accuracy: 0.785
Perturbation Size:16
Accuracy: 0.785
Perturbation Size:17
Accuracy: 0.785
Perturbation Size:18
Accuracy: 0.785
Perturbation Size:19
Accuracy: 0.785
Perturbation Size:20
Accuracy: 0.785
seed 527
=== training gcn model ===
Epoch 0, training loss: 10.58230209350586
Epoch 10, training loss: 9.92711067199707
Epoch 20, training loss: 9.21451473236084
Epoch 30, training loss: 8.815047264099121
Epoch 40, training loss: 8.515524864196777
Epoch 50, training loss: 8.343438148498535
Epoch 60, training loss: 8.221842765808105
Epoch 70, training loss: 7.97296667098999
Epoch 80, training loss: 7.862382411956787
Epoch 90, training loss: 7.639502048492432
Epoch 100, training loss: 7.472706317901611
Epoch 110, training loss: 7.39022159576416
Epoch 120, training loss: 7.293913841247559
Epoch 130, training loss: 7.239780426025391
Epoch 140, training loss: 7.169497489929199
Epoch 150, training loss: 7.183143138885498
Epoch 160, training loss: 7.047072410583496
Epoch 170, training loss: 6.9396162033081055
Epoch 180, training loss: 6.964015960693359
Epoch 190, training loss: 6.999326705932617
Epoch 200, training loss: 7.0015692710876465
Epoch 210, training loss: 6.910398006439209
Epoch 220, training loss: 6.896469593048096
Epoch 230, training loss: 6.878567695617676
Epoch 240, training loss: 6.810868263244629
Epoch 250, training loss: 6.847026348114014
Epoch 260, training loss: 6.90762186050415
Epoch 270, training loss: 6.761171340942383
Epoch 280, training loss: 6.717467784881592
Epoch 290, training loss: 6.706414699554443
Epoch 300, training loss: 6.7142014503479
Epoch 310, training loss: 6.701607704162598
Epoch 320, training loss: 6.659329414367676
Epoch 330, training loss: 6.715126991271973
Epoch 340, training loss: 6.652861595153809
Epoch 350, training loss: 6.690713405609131
Epoch 360, training loss: 6.666380882263184
Epoch 370, training loss: 6.656125068664551
Epoch 380, training loss: 6.684406280517578
Epoch 390, training loss: 6.68874979019165
Epoch 400, training loss: 6.620645523071289
Epoch 410, training loss: 6.731804370880127
Epoch 420, training loss: 6.611119270324707
Epoch 430, training loss: 6.640773296356201
Epoch 440, training loss: 6.574629783630371
Epoch 450, training loss: 6.601903915405273
Epoch 460, training loss: 6.577436447143555
Epoch 470, training loss: 6.567162036895752
Epoch 480, training loss: 6.619379997253418
Epoch 490, training loss: 6.4983930587768555
random
Perturbation Size:0
Accuracy: 0.754
Perturbation Size:1
Accuracy: 0.754
Perturbation Size:2
Accuracy: 0.754
Perturbation Size:3
Accuracy: 0.754
Perturbation Size:4
Accuracy: 0.754
Perturbation Size:5
Accuracy: 0.754
Perturbation Size:6
Accuracy: 0.754
Perturbation Size:7
Accuracy: 0.754
Perturbation Size:8
Accuracy: 0.754
Perturbation Size:9
Accuracy: 0.754
Perturbation Size:10
Accuracy: 0.754
Perturbation Size:11
Accuracy: 0.754
Perturbation Size:12
Accuracy: 0.754
Perturbation Size:13
Accuracy: 0.754
Perturbation Size:14
Accuracy: 0.754
Perturbation Size:15
Accuracy: 0.754
Perturbation Size:16
Accuracy: 0.754
Perturbation Size:17
Accuracy: 0.754
Perturbation Size:18
Accuracy: 0.754
Perturbation Size:19
Accuracy: 0.754
Perturbation Size:20
Accuracy: 0.754
seed 320
=== training gcn model ===
Epoch 0, training loss: 10.582308769226074
Epoch 10, training loss: 10.015201568603516
Epoch 20, training loss: 9.213994026184082
Epoch 30, training loss: 8.661553382873535
Epoch 40, training loss: 8.353663444519043
Epoch 50, training loss: 8.189162254333496
Epoch 60, training loss: 7.983774662017822
Epoch 70, training loss: 7.834523677825928
Epoch 80, training loss: 7.674438953399658
Epoch 90, training loss: 7.692117214202881
Epoch 100, training loss: 7.54878568649292
Epoch 110, training loss: 7.543203830718994
Epoch 120, training loss: 7.43798828125
Epoch 130, training loss: 7.360201835632324
Epoch 140, training loss: 7.358729362487793
Epoch 150, training loss: 7.246955394744873
Epoch 160, training loss: 7.254825592041016
Epoch 170, training loss: 7.219024181365967
Epoch 180, training loss: 7.08527135848999
Epoch 190, training loss: 7.148501396179199
Epoch 200, training loss: 7.08540153503418
Epoch 210, training loss: 7.005885601043701
Epoch 220, training loss: 7.042576789855957
Epoch 230, training loss: 7.009823322296143
Epoch 240, training loss: 7.016434192657471
Epoch 250, training loss: 6.917293071746826
Epoch 260, training loss: 6.949123859405518
Epoch 270, training loss: 6.870584487915039
Epoch 280, training loss: 6.810398578643799
Epoch 290, training loss: 6.832971572875977
Epoch 300, training loss: 6.829793453216553
Epoch 310, training loss: 6.805529594421387
Epoch 320, training loss: 6.731405735015869
Epoch 330, training loss: 6.709814071655273
Epoch 340, training loss: 6.736584663391113
Epoch 350, training loss: 6.713071346282959
Epoch 360, training loss: 6.799839496612549
Epoch 370, training loss: 6.656488418579102
Epoch 380, training loss: 6.69167947769165
Epoch 390, training loss: 6.70974063873291
Epoch 400, training loss: 6.774930000305176
Epoch 410, training loss: 6.626060485839844
Epoch 420, training loss: 6.708866596221924
Epoch 430, training loss: 6.625538349151611
Epoch 440, training loss: 6.619024753570557
Epoch 450, training loss: 6.577361583709717
Epoch 460, training loss: 6.666433334350586
Epoch 470, training loss: 6.635080814361572
Epoch 480, training loss: 6.555450916290283
Epoch 490, training loss: 6.603564739227295
random
Perturbation Size:0
Accuracy: 0.796
Perturbation Size:1
Accuracy: 0.796
Perturbation Size:2
Accuracy: 0.796
Perturbation Size:3
Accuracy: 0.796
Perturbation Size:4
Accuracy: 0.796
Perturbation Size:5
Accuracy: 0.796
Perturbation Size:6
Accuracy: 0.796
Perturbation Size:7
Accuracy: 0.796
Perturbation Size:8
Accuracy: 0.796
Perturbation Size:9
Accuracy: 0.796
Perturbation Size:10
Accuracy: 0.796
Perturbation Size:11
Accuracy: 0.796
Perturbation Size:12
Accuracy: 0.796
Perturbation Size:13
Accuracy: 0.796
Perturbation Size:14
Accuracy: 0.796
Perturbation Size:15
Accuracy: 0.796
Perturbation Size:16
Accuracy: 0.796
Perturbation Size:17
Accuracy: 0.796
Perturbation Size:18
Accuracy: 0.796
Perturbation Size:19
Accuracy: 0.796
Perturbation Size:20
Accuracy: 0.796
Beta:0.8 Ptb size:0 Accuracy:0.7734+-0.015370100845472693
Beta:0.8 Ptb size:1 Accuracy:0.7734+-0.015370100845472693
Beta:0.8 Ptb size:2 Accuracy:0.7734+-0.015370100845472693
Beta:0.8 Ptb size:3 Accuracy:0.7734+-0.015370100845472693
Beta:0.8 Ptb size:4 Accuracy:0.7734+-0.015370100845472693
Beta:0.8 Ptb size:5 Accuracy:0.7734+-0.015370100845472693
Beta:0.8 Ptb size:6 Accuracy:0.7734+-0.015370100845472693
Beta:0.8 Ptb size:7 Accuracy:0.7734+-0.015370100845472693
Beta:0.8 Ptb size:8 Accuracy:0.7734+-0.015370100845472693
Beta:0.8 Ptb size:9 Accuracy:0.7734+-0.015370100845472693
Beta:0.8 Ptb size:10 Accuracy:0.7734+-0.015370100845472693
Beta:0.8 Ptb size:11 Accuracy:0.7734+-0.015370100845472693
Beta:0.8 Ptb size:12 Accuracy:0.7734+-0.015370100845472693
Beta:0.8 Ptb size:13 Accuracy:0.7734+-0.015370100845472693
Beta:0.8 Ptb size:14 Accuracy:0.7734+-0.015370100845472693
Beta:0.8 Ptb size:15 Accuracy:0.7734+-0.015370100845472693
Beta:0.8 Ptb size:16 Accuracy:0.7734+-0.015370100845472693
Beta:0.8 Ptb size:17 Accuracy:0.7734+-0.015370100845472693
Beta:0.8 Ptb size:18 Accuracy:0.7734+-0.015370100845472693
Beta:0.8 Ptb size:19 Accuracy:0.7734+-0.015370100845472693
Beta:0.8 Ptb size:20 Accuracy:0.7734+-0.015370100845472693
beta 0.9
seed 265
=== training gcn model ===
Epoch 0, training loss: 10.58244800567627
Epoch 10, training loss: 9.978894233703613
Epoch 20, training loss: 9.249059677124023
Epoch 30, training loss: 9.054365158081055
Epoch 40, training loss: 8.583846092224121
Epoch 50, training loss: 8.38734245300293
Epoch 60, training loss: 8.136926651000977
Epoch 70, training loss: 7.945451736450195
Epoch 80, training loss: 7.809220790863037
Epoch 90, training loss: 7.736818313598633
Epoch 100, training loss: 7.594814300537109
Epoch 110, training loss: 7.555323600769043
Epoch 120, training loss: 7.539672374725342
Epoch 130, training loss: 7.476912498474121
Epoch 140, training loss: 7.421940803527832
Epoch 150, training loss: 7.333555221557617
Epoch 160, training loss: 7.264754295349121
Epoch 170, training loss: 7.242580890655518
Epoch 180, training loss: 7.2059326171875
Epoch 190, training loss: 7.115959644317627
Epoch 200, training loss: 7.104679107666016
Epoch 210, training loss: 7.076930046081543
Epoch 220, training loss: 7.067171096801758
Epoch 230, training loss: 7.0619072914123535
Epoch 240, training loss: 6.9767985343933105
Epoch 250, training loss: 6.928627014160156
Epoch 260, training loss: 6.924103736877441
Epoch 270, training loss: 6.954677581787109
Epoch 280, training loss: 6.939761638641357
Epoch 290, training loss: 6.915363311767578
Epoch 300, training loss: 6.871905326843262
Epoch 310, training loss: 6.820125102996826
Epoch 320, training loss: 6.786989212036133
Epoch 330, training loss: 6.803692817687988
Epoch 340, training loss: 6.800484657287598
Epoch 350, training loss: 6.743600368499756
Epoch 360, training loss: 6.717674732208252
Epoch 370, training loss: 6.7546257972717285
Epoch 380, training loss: 6.736827850341797
Epoch 390, training loss: 6.648843765258789
Epoch 400, training loss: 6.747636795043945
Epoch 410, training loss: 6.664097785949707
Epoch 420, training loss: 6.669338226318359
Epoch 430, training loss: 6.635348796844482
Epoch 440, training loss: 6.621327877044678
Epoch 450, training loss: 6.716523170471191
Epoch 460, training loss: 6.611837863922119
Epoch 470, training loss: 6.590689659118652
Epoch 480, training loss: 6.572081565856934
Epoch 490, training loss: 6.576604843139648
random
Perturbation Size:0
Accuracy: 0.772
Perturbation Size:1
Accuracy: 0.772
Perturbation Size:2
Accuracy: 0.772
Perturbation Size:3
Accuracy: 0.772
Perturbation Size:4
Accuracy: 0.772
Perturbation Size:5
Accuracy: 0.772
Perturbation Size:6
Accuracy: 0.772
Perturbation Size:7
Accuracy: 0.772
Perturbation Size:8
Accuracy: 0.772
Perturbation Size:9
Accuracy: 0.772
Perturbation Size:10
Accuracy: 0.772
Perturbation Size:11
Accuracy: 0.772
Perturbation Size:12
Accuracy: 0.772
Perturbation Size:13
Accuracy: 0.772
Perturbation Size:14
Accuracy: 0.772
Perturbation Size:15
Accuracy: 0.772
Perturbation Size:16
Accuracy: 0.772
Perturbation Size:17
Accuracy: 0.772
Perturbation Size:18
Accuracy: 0.772
Perturbation Size:19
Accuracy: 0.772
Perturbation Size:20
Accuracy: 0.772
seed 125
=== training gcn model ===
Epoch 0, training loss: 10.58229923248291
Epoch 10, training loss: 10.014668464660645
Epoch 20, training loss: 9.386232376098633
Epoch 30, training loss: 8.972585678100586
Epoch 40, training loss: 8.607922554016113
Epoch 50, training loss: 8.321672439575195
Epoch 60, training loss: 8.178175926208496
Epoch 70, training loss: 7.933826446533203
Epoch 80, training loss: 7.805608749389648
Epoch 90, training loss: 7.693995952606201
Epoch 100, training loss: 7.590879917144775
Epoch 110, training loss: 7.486696243286133
Epoch 120, training loss: 7.370077133178711
Epoch 130, training loss: 7.361910343170166
Epoch 140, training loss: 7.363266944885254
Epoch 150, training loss: 7.240792274475098
Epoch 160, training loss: 7.223160266876221
Epoch 170, training loss: 7.270033359527588
Epoch 180, training loss: 7.136723041534424
Epoch 190, training loss: 7.1137542724609375
Epoch 200, training loss: 7.052201271057129
Epoch 210, training loss: 6.9651079177856445
Epoch 220, training loss: 6.922412395477295
Epoch 230, training loss: 7.032534599304199
Epoch 240, training loss: 6.903346538543701
Epoch 250, training loss: 6.916841506958008
Epoch 260, training loss: 6.854135990142822
Epoch 270, training loss: 6.878948211669922
Epoch 280, training loss: 6.78898286819458
Epoch 290, training loss: 6.906910419464111
Epoch 300, training loss: 6.849713325500488
Epoch 310, training loss: 6.716211795806885
Epoch 320, training loss: 6.758951663970947
Epoch 330, training loss: 6.734504222869873
Epoch 340, training loss: 6.676738262176514
Epoch 350, training loss: 6.751737117767334
Epoch 360, training loss: 6.768632411956787
Epoch 370, training loss: 6.722290992736816
Epoch 380, training loss: 6.648397445678711
Epoch 390, training loss: 6.702841281890869
Epoch 400, training loss: 6.643983364105225
Epoch 410, training loss: 6.576671123504639
Epoch 420, training loss: 6.563571453094482
Epoch 430, training loss: 6.665964126586914
Epoch 440, training loss: 6.591914176940918
Epoch 450, training loss: 6.610246181488037
Epoch 460, training loss: 6.595377445220947
Epoch 470, training loss: 6.59174108505249
Epoch 480, training loss: 6.477452754974365
Epoch 490, training loss: 6.524596691131592
random
Perturbation Size:0
Accuracy: 0.766
Perturbation Size:1
Accuracy: 0.766
Perturbation Size:2
Accuracy: 0.766
Perturbation Size:3
Accuracy: 0.766
Perturbation Size:4
Accuracy: 0.766
Perturbation Size:5
Accuracy: 0.766
Perturbation Size:6
Accuracy: 0.766
Perturbation Size:7
Accuracy: 0.766
Perturbation Size:8
Accuracy: 0.766
Perturbation Size:9
Accuracy: 0.766
Perturbation Size:10
Accuracy: 0.766
Perturbation Size:11
Accuracy: 0.766
Perturbation Size:12
Accuracy: 0.766
Perturbation Size:13
Accuracy: 0.766
Perturbation Size:14
Accuracy: 0.766
Perturbation Size:15
Accuracy: 0.766
Perturbation Size:16
Accuracy: 0.766
Perturbation Size:17
Accuracy: 0.766
Perturbation Size:18
Accuracy: 0.766
Perturbation Size:19
Accuracy: 0.766
Perturbation Size:20
Accuracy: 0.766
seed 996
=== training gcn model ===
Epoch 0, training loss: 10.582155227661133
Epoch 10, training loss: 9.897529602050781
Epoch 20, training loss: 9.279806137084961
Epoch 30, training loss: 9.011676788330078
Epoch 40, training loss: 8.57660961151123
Epoch 50, training loss: 8.257246971130371
Epoch 60, training loss: 8.045921325683594
Epoch 70, training loss: 7.889798641204834
Epoch 80, training loss: 7.7220048904418945
Epoch 90, training loss: 7.6726975440979
Epoch 100, training loss: 7.5551042556762695
Epoch 110, training loss: 7.5287275314331055
Epoch 120, training loss: 7.439428806304932
Epoch 130, training loss: 7.406032085418701
Epoch 140, training loss: 7.313053131103516
Epoch 150, training loss: 7.312870025634766
Epoch 160, training loss: 7.221425533294678
Epoch 170, training loss: 7.260455131530762
Epoch 180, training loss: 7.068786144256592
Epoch 190, training loss: 7.075123310089111
Epoch 200, training loss: 6.995243549346924
Epoch 210, training loss: 7.019829750061035
Epoch 220, training loss: 6.984275817871094
Epoch 230, training loss: 6.954934120178223
Epoch 240, training loss: 6.9035868644714355
Epoch 250, training loss: 6.901750564575195
Epoch 260, training loss: 6.752935409545898
Epoch 270, training loss: 6.801527500152588
Epoch 280, training loss: 6.810642719268799
Epoch 290, training loss: 6.786241054534912
Epoch 300, training loss: 6.8017425537109375
Epoch 310, training loss: 6.76093864440918
Epoch 320, training loss: 6.695817947387695
Epoch 330, training loss: 6.73663854598999
Epoch 340, training loss: 6.679098606109619
Epoch 350, training loss: 6.677609920501709
Epoch 360, training loss: 6.663629531860352
Epoch 370, training loss: 6.645267486572266
Epoch 380, training loss: 6.582022190093994
Epoch 390, training loss: 6.625918388366699
Epoch 400, training loss: 6.6558918952941895
Epoch 410, training loss: 6.611964225769043
Epoch 420, training loss: 6.605142593383789
Epoch 430, training loss: 6.575902462005615
Epoch 440, training loss: 6.509138584136963
Epoch 450, training loss: 6.589888572692871
Epoch 460, training loss: 6.6314377784729
Epoch 470, training loss: 6.554905414581299
Epoch 480, training loss: 6.529689788818359
Epoch 490, training loss: 6.50177526473999
random
Perturbation Size:0
Accuracy: 0.788
Perturbation Size:1
Accuracy: 0.788
Perturbation Size:2
Accuracy: 0.788
Perturbation Size:3
Accuracy: 0.788
Perturbation Size:4
Accuracy: 0.788
Perturbation Size:5
Accuracy: 0.788
Perturbation Size:6
Accuracy: 0.788
Perturbation Size:7
Accuracy: 0.788
Perturbation Size:8
Accuracy: 0.788
Perturbation Size:9
Accuracy: 0.788
Perturbation Size:10
Accuracy: 0.788
Perturbation Size:11
Accuracy: 0.788
Perturbation Size:12
Accuracy: 0.788
Perturbation Size:13
Accuracy: 0.788
Perturbation Size:14
Accuracy: 0.788
Perturbation Size:15
Accuracy: 0.788
Perturbation Size:16
Accuracy: 0.788
Perturbation Size:17
Accuracy: 0.788
Perturbation Size:18
Accuracy: 0.788
Perturbation Size:19
Accuracy: 0.788
Perturbation Size:20
Accuracy: 0.788
seed 527
=== training gcn model ===
Epoch 0, training loss: 10.582277297973633
Epoch 10, training loss: 9.92710018157959
Epoch 20, training loss: 9.218615531921387
Epoch 30, training loss: 8.822587013244629
Epoch 40, training loss: 8.51767635345459
Epoch 50, training loss: 8.34330940246582
Epoch 60, training loss: 8.223567962646484
Epoch 70, training loss: 7.973990440368652
Epoch 80, training loss: 7.858002662658691
Epoch 90, training loss: 7.636364936828613
Epoch 100, training loss: 7.467458248138428
Epoch 110, training loss: 7.386606693267822
Epoch 120, training loss: 7.284985542297363
Epoch 130, training loss: 7.235483646392822
Epoch 140, training loss: 7.164721488952637
Epoch 150, training loss: 7.177591800689697
Epoch 160, training loss: 7.048556804656982
Epoch 170, training loss: 6.93926477432251
Epoch 180, training loss: 6.961113929748535
Epoch 190, training loss: 6.997063159942627
Epoch 200, training loss: 6.999547004699707
Epoch 210, training loss: 6.909646511077881
Epoch 220, training loss: 6.896275997161865
Epoch 230, training loss: 6.875797271728516
Epoch 240, training loss: 6.807058811187744
Epoch 250, training loss: 6.84611701965332
Epoch 260, training loss: 6.909816265106201
Epoch 270, training loss: 6.760037422180176
Epoch 280, training loss: 6.718013286590576
Epoch 290, training loss: 6.70670223236084
Epoch 300, training loss: 6.713914394378662
Epoch 310, training loss: 6.702922821044922
Epoch 320, training loss: 6.659815311431885
Epoch 330, training loss: 6.715805530548096
Epoch 340, training loss: 6.654038429260254
Epoch 350, training loss: 6.691227912902832
Epoch 360, training loss: 6.669354438781738
Epoch 370, training loss: 6.657515048980713
Epoch 380, training loss: 6.684285640716553
Epoch 390, training loss: 6.688779354095459
Epoch 400, training loss: 6.6197404861450195
Epoch 410, training loss: 6.7346320152282715
Epoch 420, training loss: 6.6126179695129395
Epoch 430, training loss: 6.642963409423828
Epoch 440, training loss: 6.57687520980835
Epoch 450, training loss: 6.606240272521973
Epoch 460, training loss: 6.581393241882324
Epoch 470, training loss: 6.571235656738281
Epoch 480, training loss: 6.624635219573975
Epoch 490, training loss: 6.5012922286987305
random
Perturbation Size:0
Accuracy: 0.761
Perturbation Size:1
Accuracy: 0.761
Perturbation Size:2
Accuracy: 0.761
Perturbation Size:3
Accuracy: 0.761
Perturbation Size:4
Accuracy: 0.761
Perturbation Size:5
Accuracy: 0.761
Perturbation Size:6
Accuracy: 0.761
Perturbation Size:7
Accuracy: 0.761
Perturbation Size:8
Accuracy: 0.761
Perturbation Size:9
Accuracy: 0.761
Perturbation Size:10
Accuracy: 0.761
Perturbation Size:11
Accuracy: 0.761
Perturbation Size:12
Accuracy: 0.761
Perturbation Size:13
Accuracy: 0.761
Perturbation Size:14
Accuracy: 0.761
Perturbation Size:15
Accuracy: 0.761
Perturbation Size:16
Accuracy: 0.761
Perturbation Size:17
Accuracy: 0.761
Perturbation Size:18
Accuracy: 0.761
Perturbation Size:19
Accuracy: 0.761
Perturbation Size:20
Accuracy: 0.761
seed 320
=== training gcn model ===
Epoch 0, training loss: 10.582284927368164
Epoch 10, training loss: 10.014500617980957
Epoch 20, training loss: 9.21422004699707
Epoch 30, training loss: 8.661874771118164
Epoch 40, training loss: 8.353771209716797
Epoch 50, training loss: 8.189291000366211
Epoch 60, training loss: 7.9819159507751465
Epoch 70, training loss: 7.835170745849609
Epoch 80, training loss: 7.675294399261475
Epoch 90, training loss: 7.692323207855225
Epoch 100, training loss: 7.551460266113281
Epoch 110, training loss: 7.548861980438232
Epoch 120, training loss: 7.445517539978027
Epoch 130, training loss: 7.3694305419921875
Epoch 140, training loss: 7.365398406982422
Epoch 150, training loss: 7.256979942321777
Epoch 160, training loss: 7.263858795166016
Epoch 170, training loss: 7.227591037750244
Epoch 180, training loss: 7.092613697052002
Epoch 190, training loss: 7.153659343719482
Epoch 200, training loss: 7.091047763824463
Epoch 210, training loss: 7.01062536239624
Epoch 220, training loss: 7.046309947967529
Epoch 230, training loss: 7.011837005615234
Epoch 240, training loss: 7.019474029541016
Epoch 250, training loss: 6.920292377471924
Epoch 260, training loss: 6.954550743103027
Epoch 270, training loss: 6.872472286224365
Epoch 280, training loss: 6.8129377365112305
Epoch 290, training loss: 6.838881969451904
Epoch 300, training loss: 6.830416202545166
Epoch 310, training loss: 6.808094024658203
Epoch 320, training loss: 6.733635902404785
Epoch 330, training loss: 6.711180686950684
Epoch 340, training loss: 6.73747444152832
Epoch 350, training loss: 6.713892936706543
Epoch 360, training loss: 6.799625873565674
Epoch 370, training loss: 6.657736778259277
Epoch 380, training loss: 6.689269065856934
Epoch 390, training loss: 6.705881118774414
Epoch 400, training loss: 6.771818161010742
Epoch 410, training loss: 6.626302242279053
Epoch 420, training loss: 6.710801124572754
Epoch 430, training loss: 6.62336540222168
Epoch 440, training loss: 6.619953632354736
Epoch 450, training loss: 6.5765700340271
Epoch 460, training loss: 6.6658854484558105
Epoch 470, training loss: 6.6307525634765625
Epoch 480, training loss: 6.553322792053223
Epoch 490, training loss: 6.602944850921631
random
Perturbation Size:0
Accuracy: 0.796
Perturbation Size:1
Accuracy: 0.796
Perturbation Size:2
Accuracy: 0.796
Perturbation Size:3
Accuracy: 0.796
Perturbation Size:4
Accuracy: 0.796
Perturbation Size:5
Accuracy: 0.796
Perturbation Size:6
Accuracy: 0.796
Perturbation Size:7
Accuracy: 0.796
Perturbation Size:8
Accuracy: 0.796
Perturbation Size:9
Accuracy: 0.796
Perturbation Size:10
Accuracy: 0.796
Perturbation Size:11
Accuracy: 0.796
Perturbation Size:12
Accuracy: 0.796
Perturbation Size:13
Accuracy: 0.796
Perturbation Size:14
Accuracy: 0.796
Perturbation Size:15
Accuracy: 0.796
Perturbation Size:16
Accuracy: 0.796
Perturbation Size:17
Accuracy: 0.796
Perturbation Size:18
Accuracy: 0.796
Perturbation Size:19
Accuracy: 0.796
Perturbation Size:20
Accuracy: 0.796
Beta:0.9 Ptb size:0 Accuracy:0.7766+-0.013290598180668932
Beta:0.9 Ptb size:1 Accuracy:0.7766+-0.013290598180668932
Beta:0.9 Ptb size:2 Accuracy:0.7766+-0.013290598180668932
Beta:0.9 Ptb size:3 Accuracy:0.7766+-0.013290598180668932
Beta:0.9 Ptb size:4 Accuracy:0.7766+-0.013290598180668932
Beta:0.9 Ptb size:5 Accuracy:0.7766+-0.013290598180668932
Beta:0.9 Ptb size:6 Accuracy:0.7766+-0.013290598180668932
Beta:0.9 Ptb size:7 Accuracy:0.7766+-0.013290598180668932
Beta:0.9 Ptb size:8 Accuracy:0.7766+-0.013290598180668932
Beta:0.9 Ptb size:9 Accuracy:0.7766+-0.013290598180668932
Beta:0.9 Ptb size:10 Accuracy:0.7766+-0.013290598180668932
Beta:0.9 Ptb size:11 Accuracy:0.7766+-0.013290598180668932
Beta:0.9 Ptb size:12 Accuracy:0.7766+-0.013290598180668932
Beta:0.9 Ptb size:13 Accuracy:0.7766+-0.013290598180668932
Beta:0.9 Ptb size:14 Accuracy:0.7766+-0.013290598180668932
Beta:0.9 Ptb size:15 Accuracy:0.7766+-0.013290598180668932
Beta:0.9 Ptb size:16 Accuracy:0.7766+-0.013290598180668932
Beta:0.9 Ptb size:17 Accuracy:0.7766+-0.013290598180668932
Beta:0.9 Ptb size:18 Accuracy:0.7766+-0.013290598180668932
Beta:0.9 Ptb size:19 Accuracy:0.7766+-0.013290598180668932
Beta:0.9 Ptb size:20 Accuracy:0.7766+-0.013290598180668932
