nohup: ignoring input
Namespace(add_edge_rate_1=0, add_edge_rate_2=0, attack='random', base_model='GCN', cl_activation='relu', cl_base_model='GCNConv', cl_lr=0.0005, cl_num_epochs=200, cl_num_layers=2, cl_num_proj_hidden=128, cl_weight_decay=1e-05, clf_weight=1, config='config.yaml', cont_batch_size=0, cont_weight=1, cuda=True, dataset='Pubmed', debug=True, device_id=1, drop_edge_rate_1=0.2, drop_edge_rate_2=0, drop_feat_rate_1=0.3, drop_feat_rate_2=0.2, dropout=0.5, encoder_model='Grace', hidden=128, if_smoothed=True, inv_weight=1, no_cuda=False, noisy_level=0.3, num_hidden=128, num_proj_hidden=128, prob=0.8, seed=10, select_target_ratio=0.1, tau=0.1, test_model='GCN', train_lr=0.01, weight_decay=0.0005)
Not implement Grace
=== training gcn model ===
Epoch 0, training loss: 10.582024574279785
Epoch 10, training loss: 9.927629470825195
Epoch 20, training loss: 9.204445838928223
Epoch 30, training loss: 8.824718475341797
Epoch 40, training loss: 8.472219467163086
Epoch 50, training loss: 8.307210922241211
Epoch 60, training loss: 8.011703491210938
Epoch 70, training loss: 7.800844669342041
Epoch 80, training loss: 7.655149936676025
Epoch 90, training loss: 7.556551933288574
Epoch 100, training loss: 7.478714466094971
Epoch 110, training loss: 7.405453681945801
Epoch 120, training loss: 7.331197261810303
Epoch 130, training loss: 7.273245334625244
Epoch 140, training loss: 7.2666015625
Epoch 150, training loss: 7.200023174285889
Epoch 160, training loss: 7.195094108581543
Epoch 170, training loss: 7.150318622589111
Epoch 180, training loss: 7.139461040496826
Epoch 190, training loss: 7.084490776062012
Epoch 200, training loss: 7.09155797958374
Epoch 210, training loss: 7.211602687835693
Epoch 220, training loss: 7.105570316314697
Epoch 230, training loss: 6.99350118637085
Epoch 240, training loss: 6.934258937835693
Epoch 250, training loss: 7.015430927276611
Epoch 260, training loss: 6.9629340171813965
Epoch 270, training loss: 6.93036413192749
Epoch 280, training loss: 6.9177961349487305
Epoch 290, training loss: 6.981562614440918
Epoch 300, training loss: 6.8174614906311035
Epoch 310, training loss: 6.826847076416016
Epoch 320, training loss: 6.85471773147583
Epoch 330, training loss: 6.797026634216309
Epoch 340, training loss: 6.810418128967285
Epoch 350, training loss: 6.755948543548584
Epoch 360, training loss: 6.734675407409668
Epoch 370, training loss: 6.766201019287109
Epoch 380, training loss: 6.695069789886475
Epoch 390, training loss: 6.6878252029418945
Epoch 400, training loss: 6.664637565612793
Epoch 410, training loss: 6.659700393676758
Epoch 420, training loss: 6.586636066436768
Epoch 430, training loss: 6.657205581665039
Epoch 440, training loss: 6.577530860900879
Epoch 450, training loss: 6.68628454208374
Epoch 460, training loss: 6.604321479797363
Epoch 470, training loss: 6.561916828155518
Epoch 480, training loss: 6.557507514953613
Epoch 490, training loss: 6.559159278869629
random
Perturbation Size:1
1
run_robust_acc.py:14: DeprecationWarning: the imp module is deprecated in favour of importlib; see the module's documentation for alternative uses
  import imp
Accuracy: 0.773
Perturbation Size:2
2
Accuracy: 0.782
Perturbation Size:3
3
Accuracy: 0.773
Perturbation Size:4
4
Accuracy: 0.772
Perturbation Size:5
5
Accuracy: 0.766
